[0.051s] Invoking command in '/home/romeperl/ssl_robot_challenge/build/robot': CMAKE_PREFIX_PATH=${CMAKE_PREFIX_PATH}:/home/romeperl/ssl_robot_challenge/install/launcher:/opt/ros/humble /usr/bin/cmake /home/romeperl/ssl_robot_challenge/src/robot -DCMAKE_INSTALL_PREFIX=/home/romeperl/ssl_robot_challenge/install/robot
[0.113s] -- The C compiler identification is GNU 11.3.0
[0.224s] -- The CXX compiler identification is GNU 11.3.0
[0.232s] -- Detecting C compiler ABI info
[0.527s] -- Detecting C compiler ABI info - done
[0.584s] -- Check for working C compiler: /usr/bin/cc - skipped
[0.584s] -- Detecting C compile features
[0.584s] -- Detecting C compile features - done
[0.585s] -- Detecting CXX compiler ABI info
[0.803s] -- Detecting CXX compiler ABI info - done
[0.807s] -- Check for working CXX compiler: /usr/bin/c++ - skipped
[0.808s] -- Detecting CXX compile features
[0.809s] -- Detecting CXX compile features - done
[0.813s] -- Found ament_cmake: 1.3.4 (/opt/ros/humble/share/ament_cmake/cmake)
[1.062s] -- Found Python3: /usr/bin/python3.10 (found version "3.10.6") found components: Interpreter 
[1.143s] -- Found ament_lint_auto: 0.12.6 (/opt/ros/humble/share/ament_lint_auto/cmake)
[1.214s] -- Added test 'lint_cmake' to check CMake code style
[1.215s] -- Added test 'xmllint' to check XML markup files
[1.216s] -- Configuring done
[1.219s] -- Generating done
[1.220s] -- Build files have been written to: /home/romeperl/ssl_robot_challenge/build/robot
[1.229s] Invoked command in '/home/romeperl/ssl_robot_challenge/build/robot' returned '0': CMAKE_PREFIX_PATH=${CMAKE_PREFIX_PATH}:/home/romeperl/ssl_robot_challenge/install/launcher:/opt/ros/humble /usr/bin/cmake /home/romeperl/ssl_robot_challenge/src/robot -DCMAKE_INSTALL_PREFIX=/home/romeperl/ssl_robot_challenge/install/robot
[1.229s] Invoking command in '/home/romeperl/ssl_robot_challenge/build/robot': CMAKE_PREFIX_PATH=${CMAKE_PREFIX_PATH}:/home/romeperl/ssl_robot_challenge/install/launcher:/opt/ros/humble /usr/bin/cmake --build /home/romeperl/ssl_robot_challenge/build/robot -- -j2 -l2
[1.308s] Invoked command in '/home/romeperl/ssl_robot_challenge/build/robot' returned '0': CMAKE_PREFIX_PATH=${CMAKE_PREFIX_PATH}:/home/romeperl/ssl_robot_challenge/install/launcher:/opt/ros/humble /usr/bin/cmake --build /home/romeperl/ssl_robot_challenge/build/robot -- -j2 -l2
[1.347s] Invoking command in '/home/romeperl/ssl_robot_challenge/build/robot': CMAKE_PREFIX_PATH=${CMAKE_PREFIX_PATH}:/home/romeperl/ssl_robot_challenge/install/launcher:/opt/ros/humble /usr/bin/cmake --install /home/romeperl/ssl_robot_challenge/build/robot
[1.355s] -- Install configuration: ""
[1.355s] -- Installing: /home/romeperl/ssl_robot_challenge/install/robot/share/ament_index/resource_index/package_run_dependencies/robot
[1.359s] -- Installing: /home/romeperl/ssl_robot_challenge/install/robot/share/ament_index/resource_index/parent_prefix_path/robot
[1.359s] -- Installing: /home/romeperl/ssl_robot_challenge/install/robot/share/robot/environment/ament_prefix_path.sh
[1.359s] -- Installing: /home/romeperl/ssl_robot_challenge/install/robot/share/robot/environment/ament_prefix_path.dsv
[1.364s] -- Installing: /home/romeperl/ssl_robot_challenge/install/robot/share/robot/environment/path.sh
[1.364s] -- Installing: /home/romeperl/ssl_robot_challenge/install/robot/share/robot/environment/path.dsv
[1.364s] -- Installing: /home/romeperl/ssl_robot_challenge/install/robot/share/robot/local_setup.bash
[1.365s] -- Installing: /home/romeperl/ssl_robot_challenge/install/robot/share/robot/local_setup.sh
[1.366s] -- Installing: /home/romeperl/ssl_robot_challenge/install/robot/share/robot/local_setup.zsh
[1.367s] -- Installing: /home/romeperl/ssl_robot_challenge/install/robot/share/robot/local_setup.dsv
[1.367s] -- Installing: /home/romeperl/ssl_robot_challenge/install/robot/share/robot/package.dsv
[1.391s] -- Installing: /home/romeperl/ssl_robot_challenge/install/robot/share/ament_index/resource_index/packages/robot
[1.391s] -- Installing: /home/romeperl/ssl_robot_challenge/install/robot/share/robot/cmake/robotConfig.cmake
[1.391s] -- Installing: /home/romeperl/ssl_robot_challenge/install/robot/share/robot/cmake/robotConfig-version.cmake
[1.391s] -- Installing: /home/romeperl/ssl_robot_challenge/install/robot/share/robot/package.xml
[1.392s] Invoked command in '/home/romeperl/ssl_robot_challenge/build/robot' returned '0': CMAKE_PREFIX_PATH=${CMAKE_PREFIX_PATH}:/home/romeperl/ssl_robot_challenge/install/launcher:/opt/ros/humble /usr/bin/cmake --install /home/romeperl/ssl_robot_challenge/build/robot
