[1.728s] Invoking command in '/home/romeperl/ssl_robot_challenge/src/launcher': PYTHONPATH=/home/romeperl/ssl_robot_challenge/build/launcher/prefix_override:/home/romeperl/ssl_robot_challenge/install/launcher/lib/python3.10/site-packages:${PYTHONPATH} /usr/bin/python3 setup.py egg_info --egg-base ../../build/launcher build --build-base /home/romeperl/ssl_robot_challenge/build/launcher/build install --record /home/romeperl/ssl_robot_challenge/build/launcher/install.log --single-version-externally-managed
[2.150s] running egg_info
[2.151s] writing ../../build/launcher/launcher.egg-info/PKG-INFO
[2.151s] writing dependency_links to ../../build/launcher/launcher.egg-info/dependency_links.txt
[2.151s] writing entry points to ../../build/launcher/launcher.egg-info/entry_points.txt
[2.151s] writing requirements to ../../build/launcher/launcher.egg-info/requires.txt
[2.151s] writing top-level names to ../../build/launcher/launcher.egg-info/top_level.txt
[2.151s] reading manifest file '../../build/launcher/launcher.egg-info/SOURCES.txt'
[2.151s] writing manifest file '../../build/launcher/launcher.egg-info/SOURCES.txt'
[2.151s] running build
[2.151s] running build_py
[2.151s] copying launcher/xacro_urdf.py -> /home/romeperl/ssl_robot_challenge/build/launcher/build/lib/launcher
[2.151s] running install
[2.151s] running install_lib
[2.152s] copying /home/romeperl/ssl_robot_challenge/build/launcher/build/lib/launcher/xacro_urdf.py -> /home/romeperl/ssl_robot_challenge/install/launcher/lib/python3.10/site-packages/launcher
[2.152s] byte-compiling /home/romeperl/ssl_robot_challenge/install/launcher/lib/python3.10/site-packages/launcher/xacro_urdf.py to xacro_urdf.cpython-310.pyc
[2.152s] running install_data
[2.152s] running install_egg_info
[2.152s] removing '/home/romeperl/ssl_robot_challenge/install/launcher/lib/python3.10/site-packages/launcher-0.0.0-py3.10.egg-info' (and everything under it)
[2.152s] Copying ../../build/launcher/launcher.egg-info to /home/romeperl/ssl_robot_challenge/install/launcher/lib/python3.10/site-packages/launcher-0.0.0-py3.10.egg-info
[2.152s] running install_scripts
[2.152s] Installing xacro_urdf_viewer script to /home/romeperl/ssl_robot_challenge/install/launcher/lib/launcher
[2.162s] writing list of installed files to '/home/romeperl/ssl_robot_challenge/build/launcher/install.log'
[2.226s] Invoked command in '/home/romeperl/ssl_robot_challenge/src/launcher' returned '0': PYTHONPATH=/home/romeperl/ssl_robot_challenge/build/launcher/prefix_override:/home/romeperl/ssl_robot_challenge/install/launcher/lib/python3.10/site-packages:${PYTHONPATH} /usr/bin/python3 setup.py egg_info --egg-base ../../build/launcher build --build-base /home/romeperl/ssl_robot_challenge/build/launcher/build install --record /home/romeperl/ssl_robot_challenge/build/launcher/install.log --single-version-externally-managed
