[0.281s] DEBUG:colcon:Command line arguments: ['/usr/bin/colcon', 'build']
[0.281s] DEBUG:colcon:Parsed command line arguments: Namespace(log_base=None, log_level=None, verb_name='build', build_base='build', install_base='install', merge_install=False, symlink_install=False, test_result_base=None, continue_on_error=False, executor='parallel', parallel_workers=2, event_handlers=None, ignore_user_meta=False, metas=['./colcon.meta'], base_paths=['.'], packages_ignore=None, packages_ignore_regex=None, paths=None, packages_up_to=None, packages_up_to_regex=None, packages_above=None, packages_above_and_dependencies=None, packages_above_depth=None, packages_select_by_dep=None, packages_skip_by_dep=None, packages_skip_up_to=None, packages_select_build_failed=False, packages_skip_build_finished=False, packages_select_test_failures=False, packages_skip_test_passed=False, packages_select=None, packages_skip=None, packages_select_regex=None, packages_skip_regex=None, packages_start=None, packages_end=None, allow_overriding=[], cmake_args=None, cmake_target=None, cmake_target_skip_unavailable=False, cmake_clean_cache=False, cmake_clean_first=False, cmake_force_configure=False, ament_cmake_args=None, catkin_cmake_args=None, catkin_skip_building_tests=False, verb_parser=<colcon_defaults.argument_parser.defaults.DefaultArgumentsDecorator object at 0x7fe7677d1ae0>, verb_extension=<colcon_core.verb.build.BuildVerb object at 0x7fe7677d1570>, main=<bound method BuildVerb.main of <colcon_core.verb.build.BuildVerb object at 0x7fe7677d1570>>)
[0.303s] Level 1:colcon.colcon_core.package_discovery:discover_packages(colcon_meta) check parameters
[0.303s] Level 1:colcon.colcon_core.package_discovery:discover_packages(recursive) check parameters
[0.303s] Level 1:colcon.colcon_core.package_discovery:discover_packages(ignore) check parameters
[0.303s] Level 1:colcon.colcon_core.package_discovery:discover_packages(path) check parameters
[0.303s] Level 1:colcon.colcon_core.package_discovery:discover_packages(colcon_meta) discover
[0.303s] Level 1:colcon.colcon_core.package_discovery:discover_packages(recursive) discover
[0.303s] INFO:colcon.colcon_core.package_discovery:Crawling recursively for packages in '/home/romeperl/ssl_robot_challenge'
[0.304s] Level 1:colcon.colcon_core.package_identification:_identify(.) by extensions ['ignore', 'ignore_ament_install']
[0.304s] Level 1:colcon.colcon_core.package_identification:_identify(.) by extension 'ignore'
[0.304s] Level 1:colcon.colcon_core.package_identification:_identify(.) by extension 'ignore_ament_install'
[0.304s] Level 1:colcon.colcon_core.package_identification:_identify(.) by extensions ['colcon_pkg']
[0.304s] Level 1:colcon.colcon_core.package_identification:_identify(.) by extension 'colcon_pkg'
[0.304s] Level 1:colcon.colcon_core.package_identification:_identify(.) by extensions ['colcon_meta']
[0.304s] Level 1:colcon.colcon_core.package_identification:_identify(.) by extension 'colcon_meta'
[0.304s] Level 1:colcon.colcon_core.package_identification:_identify(.) by extensions ['ros']
[0.305s] Level 1:colcon.colcon_core.package_identification:_identify(.) by extension 'ros'
[0.314s] Level 1:colcon.colcon_core.package_identification:_identify(.) by extensions ['cmake', 'python']
[0.314s] Level 1:colcon.colcon_core.package_identification:_identify(.) by extension 'cmake'
[0.314s] Level 1:colcon.colcon_core.package_identification:_identify(.) by extension 'python'
[0.314s] Level 1:colcon.colcon_core.package_identification:_identify(.) by extensions ['python_setup_py']
[0.315s] Level 1:colcon.colcon_core.package_identification:_identify(.) by extension 'python_setup_py'
[0.315s] Level 1:colcon.colcon_core.package_identification:_identify(build) by extensions ['ignore', 'ignore_ament_install']
[0.315s] Level 1:colcon.colcon_core.package_identification:_identify(build) by extension 'ignore'
[0.315s] Level 1:colcon.colcon_core.package_identification:_identify(build) ignored
[0.316s] Level 1:colcon.colcon_core.package_identification:_identify(install) by extensions ['ignore', 'ignore_ament_install']
[0.316s] Level 1:colcon.colcon_core.package_identification:_identify(install) by extension 'ignore'
[0.316s] Level 1:colcon.colcon_core.package_identification:_identify(install) ignored
[0.316s] Level 1:colcon.colcon_core.package_identification:_identify(log) by extensions ['ignore', 'ignore_ament_install']
[0.316s] Level 1:colcon.colcon_core.package_identification:_identify(log) by extension 'ignore'
[0.316s] Level 1:colcon.colcon_core.package_identification:_identify(log) ignored
[0.316s] Level 1:colcon.colcon_core.package_identification:_identify(src) by extensions ['ignore', 'ignore_ament_install']
[0.316s] Level 1:colcon.colcon_core.package_identification:_identify(src) by extension 'ignore'
[0.316s] Level 1:colcon.colcon_core.package_identification:_identify(src) by extension 'ignore_ament_install'
[0.317s] Level 1:colcon.colcon_core.package_identification:_identify(src) by extensions ['colcon_pkg']
[0.317s] Level 1:colcon.colcon_core.package_identification:_identify(src) by extension 'colcon_pkg'
[0.317s] Level 1:colcon.colcon_core.package_identification:_identify(src) by extensions ['colcon_meta']
[0.317s] Level 1:colcon.colcon_core.package_identification:_identify(src) by extension 'colcon_meta'
[0.317s] Level 1:colcon.colcon_core.package_identification:_identify(src) by extensions ['ros']
[0.317s] Level 1:colcon.colcon_core.package_identification:_identify(src) by extension 'ros'
[0.317s] Level 1:colcon.colcon_core.package_identification:_identify(src) by extensions ['cmake', 'python']
[0.317s] Level 1:colcon.colcon_core.package_identification:_identify(src) by extension 'cmake'
[0.317s] Level 1:colcon.colcon_core.package_identification:_identify(src) by extension 'python'
[0.317s] Level 1:colcon.colcon_core.package_identification:_identify(src) by extensions ['python_setup_py']
[0.317s] Level 1:colcon.colcon_core.package_identification:_identify(src) by extension 'python_setup_py'
[0.317s] Level 1:colcon.colcon_core.package_identification:_identify(src/control) by extensions ['ignore', 'ignore_ament_install']
[0.318s] Level 1:colcon.colcon_core.package_identification:_identify(src/control) by extension 'ignore'
[0.318s] Level 1:colcon.colcon_core.package_identification:_identify(src/control) by extension 'ignore_ament_install'
[0.318s] Level 1:colcon.colcon_core.package_identification:_identify(src/control) by extensions ['colcon_pkg']
[0.318s] Level 1:colcon.colcon_core.package_identification:_identify(src/control) by extension 'colcon_pkg'
[0.318s] Level 1:colcon.colcon_core.package_identification:_identify(src/control) by extensions ['colcon_meta']
[0.318s] Level 1:colcon.colcon_core.package_identification:_identify(src/control) by extension 'colcon_meta'
[0.318s] Level 1:colcon.colcon_core.package_identification:_identify(src/control) by extensions ['ros']
[0.318s] Level 1:colcon.colcon_core.package_identification:_identify(src/control) by extension 'ros'
[0.320s] DEBUG:colcon.colcon_core.package_identification:Package 'src/control' with type 'ros.ament_cmake' and name 'control'
[0.320s] Level 1:colcon.colcon_core.package_identification:_identify(src/launcher) by extensions ['ignore', 'ignore_ament_install']
[0.321s] Level 1:colcon.colcon_core.package_identification:_identify(src/launcher) by extension 'ignore'
[0.321s] Level 1:colcon.colcon_core.package_identification:_identify(src/launcher) by extension 'ignore_ament_install'
[0.321s] Level 1:colcon.colcon_core.package_identification:_identify(src/launcher) by extensions ['colcon_pkg']
[0.321s] Level 1:colcon.colcon_core.package_identification:_identify(src/launcher) by extension 'colcon_pkg'
[0.321s] Level 1:colcon.colcon_core.package_identification:_identify(src/launcher) by extensions ['colcon_meta']
[0.321s] Level 1:colcon.colcon_core.package_identification:_identify(src/launcher) by extension 'colcon_meta'
[0.321s] Level 1:colcon.colcon_core.package_identification:_identify(src/launcher) by extensions ['ros']
[0.321s] Level 1:colcon.colcon_core.package_identification:_identify(src/launcher) by extension 'ros'
[0.322s] DEBUG:colcon.colcon_core.package_identification:Package 'src/launcher' with type 'ros.ament_python' and name 'launcher'
[0.322s] Level 1:colcon.colcon_core.package_identification:_identify(src/robot) by extensions ['ignore', 'ignore_ament_install']
[0.322s] Level 1:colcon.colcon_core.package_identification:_identify(src/robot) by extension 'ignore'
[0.322s] Level 1:colcon.colcon_core.package_identification:_identify(src/robot) by extension 'ignore_ament_install'
[0.322s] Level 1:colcon.colcon_core.package_identification:_identify(src/robot) by extensions ['colcon_pkg']
[0.322s] Level 1:colcon.colcon_core.package_identification:_identify(src/robot) by extension 'colcon_pkg'
[0.323s] Level 1:colcon.colcon_core.package_identification:_identify(src/robot) by extensions ['colcon_meta']
[0.323s] Level 1:colcon.colcon_core.package_identification:_identify(src/robot) by extension 'colcon_meta'
[0.323s] Level 1:colcon.colcon_core.package_identification:_identify(src/robot) by extensions ['ros']
[0.323s] Level 1:colcon.colcon_core.package_identification:_identify(src/robot) by extension 'ros'
[0.323s] DEBUG:colcon.colcon_core.package_identification:Package 'src/robot' with type 'ros.ament_cmake' and name 'robot'
[0.323s] Level 1:colcon.colcon_core.package_identification:_identify(src/romeo_tui) by extensions ['ignore', 'ignore_ament_install']
[0.324s] Level 1:colcon.colcon_core.package_identification:_identify(src/romeo_tui) by extension 'ignore'
[0.324s] Level 1:colcon.colcon_core.package_identification:_identify(src/romeo_tui) by extension 'ignore_ament_install'
[0.324s] Level 1:colcon.colcon_core.package_identification:_identify(src/romeo_tui) by extensions ['colcon_pkg']
[0.324s] Level 1:colcon.colcon_core.package_identification:_identify(src/romeo_tui) by extension 'colcon_pkg'
[0.324s] Level 1:colcon.colcon_core.package_identification:_identify(src/romeo_tui) by extensions ['colcon_meta']
[0.324s] Level 1:colcon.colcon_core.package_identification:_identify(src/romeo_tui) by extension 'colcon_meta'
[0.324s] Level 1:colcon.colcon_core.package_identification:_identify(src/romeo_tui) by extensions ['ros']
[0.324s] Level 1:colcon.colcon_core.package_identification:_identify(src/romeo_tui) by extension 'ros'
[0.325s] DEBUG:colcon.colcon_core.package_identification:Package 'src/romeo_tui' with type 'ros.ament_cmake' and name 'romeo_tui'
[0.325s] Level 1:colcon.colcon_core.package_discovery:discover_packages(recursive) using defaults
[0.325s] Level 1:colcon.colcon_core.package_discovery:discover_packages(ignore) discover
[0.325s] Level 1:colcon.colcon_core.package_discovery:discover_packages(ignore) using defaults
[0.325s] Level 1:colcon.colcon_core.package_discovery:discover_packages(path) discover
[0.325s] Level 1:colcon.colcon_core.package_discovery:discover_packages(path) using defaults
[0.350s] Level 1:colcon.colcon_core.package_discovery:discover_packages(prefix_path) check parameters
[0.350s] Level 1:colcon.colcon_core.package_discovery:discover_packages(prefix_path) discover
[0.352s] DEBUG:colcon.colcon_installed_package_information.package_discovery:Found 4 installed packages in /home/romeperl/ssl_robot_challenge/install
[0.353s] DEBUG:colcon.colcon_installed_package_information.package_discovery:Found 276 installed packages in /opt/ros/humble
[0.354s] Level 1:colcon.colcon_core.package_discovery:discover_packages(prefix_path) using defaults
[0.400s] Level 5:colcon.colcon_core.verb:set package 'control' build argument 'cmake_args' from command line to 'None'
[0.401s] Level 5:colcon.colcon_core.verb:set package 'control' build argument 'cmake_target' from command line to 'None'
[0.401s] Level 5:colcon.colcon_core.verb:set package 'control' build argument 'cmake_target_skip_unavailable' from command line to 'False'
[0.401s] Level 5:colcon.colcon_core.verb:set package 'control' build argument 'cmake_clean_cache' from command line to 'False'
[0.401s] Level 5:colcon.colcon_core.verb:set package 'control' build argument 'cmake_clean_first' from command line to 'False'
[0.401s] Level 5:colcon.colcon_core.verb:set package 'control' build argument 'cmake_force_configure' from command line to 'False'
[0.401s] Level 5:colcon.colcon_core.verb:set package 'control' build argument 'ament_cmake_args' from command line to 'None'
[0.401s] Level 5:colcon.colcon_core.verb:set package 'control' build argument 'catkin_cmake_args' from command line to 'None'
[0.401s] Level 5:colcon.colcon_core.verb:set package 'control' build argument 'catkin_skip_building_tests' from command line to 'False'
[0.401s] DEBUG:colcon.colcon_core.verb:Building package 'control' with the following arguments: {'ament_cmake_args': None, 'build_base': '/home/romeperl/ssl_robot_challenge/build/control', 'catkin_cmake_args': None, 'catkin_skip_building_tests': False, 'cmake_args': None, 'cmake_clean_cache': False, 'cmake_clean_first': False, 'cmake_force_configure': False, 'cmake_target': None, 'cmake_target_skip_unavailable': False, 'install_base': '/home/romeperl/ssl_robot_challenge/install/control', 'merge_install': False, 'path': '/home/romeperl/ssl_robot_challenge/src/control', 'symlink_install': False, 'test_result_base': None}
[0.402s] Level 5:colcon.colcon_core.verb:set package 'launcher' build argument 'cmake_args' from command line to 'None'
[0.402s] Level 5:colcon.colcon_core.verb:set package 'launcher' build argument 'cmake_target' from command line to 'None'
[0.402s] Level 5:colcon.colcon_core.verb:set package 'launcher' build argument 'cmake_target_skip_unavailable' from command line to 'False'
[0.402s] Level 5:colcon.colcon_core.verb:set package 'launcher' build argument 'cmake_clean_cache' from command line to 'False'
[0.402s] Level 5:colcon.colcon_core.verb:set package 'launcher' build argument 'cmake_clean_first' from command line to 'False'
[0.402s] Level 5:colcon.colcon_core.verb:set package 'launcher' build argument 'cmake_force_configure' from command line to 'False'
[0.402s] Level 5:colcon.colcon_core.verb:set package 'launcher' build argument 'ament_cmake_args' from command line to 'None'
[0.402s] Level 5:colcon.colcon_core.verb:set package 'launcher' build argument 'catkin_cmake_args' from command line to 'None'
[0.402s] Level 5:colcon.colcon_core.verb:set package 'launcher' build argument 'catkin_skip_building_tests' from command line to 'False'
[0.402s] DEBUG:colcon.colcon_core.verb:Building package 'launcher' with the following arguments: {'ament_cmake_args': None, 'build_base': '/home/romeperl/ssl_robot_challenge/build/launcher', 'catkin_cmake_args': None, 'catkin_skip_building_tests': False, 'cmake_args': None, 'cmake_clean_cache': False, 'cmake_clean_first': False, 'cmake_force_configure': False, 'cmake_target': None, 'cmake_target_skip_unavailable': False, 'install_base': '/home/romeperl/ssl_robot_challenge/install/launcher', 'merge_install': False, 'path': '/home/romeperl/ssl_robot_challenge/src/launcher', 'symlink_install': False, 'test_result_base': None}
[0.403s] Level 5:colcon.colcon_core.verb:set package 'robot' build argument 'cmake_args' from command line to 'None'
[0.403s] Level 5:colcon.colcon_core.verb:set package 'robot' build argument 'cmake_target' from command line to 'None'
[0.403s] Level 5:colcon.colcon_core.verb:set package 'robot' build argument 'cmake_target_skip_unavailable' from command line to 'False'
[0.404s] Level 5:colcon.colcon_core.verb:set package 'robot' build argument 'cmake_clean_cache' from command line to 'False'
[0.404s] Level 5:colcon.colcon_core.verb:set package 'robot' build argument 'cmake_clean_first' from command line to 'False'
[0.404s] Level 5:colcon.colcon_core.verb:set package 'robot' build argument 'cmake_force_configure' from command line to 'False'
[0.404s] Level 5:colcon.colcon_core.verb:set package 'robot' build argument 'ament_cmake_args' from command line to 'None'
[0.404s] Level 5:colcon.colcon_core.verb:set package 'robot' build argument 'catkin_cmake_args' from command line to 'None'
[0.404s] Level 5:colcon.colcon_core.verb:set package 'robot' build argument 'catkin_skip_building_tests' from command line to 'False'
[0.404s] DEBUG:colcon.colcon_core.verb:Building package 'robot' with the following arguments: {'ament_cmake_args': None, 'build_base': '/home/romeperl/ssl_robot_challenge/build/robot', 'catkin_cmake_args': None, 'catkin_skip_building_tests': False, 'cmake_args': None, 'cmake_clean_cache': False, 'cmake_clean_first': False, 'cmake_force_configure': False, 'cmake_target': None, 'cmake_target_skip_unavailable': False, 'install_base': '/home/romeperl/ssl_robot_challenge/install/robot', 'merge_install': False, 'path': '/home/romeperl/ssl_robot_challenge/src/robot', 'symlink_install': False, 'test_result_base': None}
[0.405s] Level 5:colcon.colcon_core.verb:set package 'romeo_tui' build argument 'cmake_args' from command line to 'None'
[0.405s] Level 5:colcon.colcon_core.verb:set package 'romeo_tui' build argument 'cmake_target' from command line to 'None'
[0.405s] Level 5:colcon.colcon_core.verb:set package 'romeo_tui' build argument 'cmake_target_skip_unavailable' from command line to 'False'
[0.405s] Level 5:colcon.colcon_core.verb:set package 'romeo_tui' build argument 'cmake_clean_cache' from command line to 'False'
[0.405s] Level 5:colcon.colcon_core.verb:set package 'romeo_tui' build argument 'cmake_clean_first' from command line to 'False'
[0.405s] Level 5:colcon.colcon_core.verb:set package 'romeo_tui' build argument 'cmake_force_configure' from command line to 'False'
[0.405s] Level 5:colcon.colcon_core.verb:set package 'romeo_tui' build argument 'ament_cmake_args' from command line to 'None'
[0.405s] Level 5:colcon.colcon_core.verb:set package 'romeo_tui' build argument 'catkin_cmake_args' from command line to 'None'
[0.405s] Level 5:colcon.colcon_core.verb:set package 'romeo_tui' build argument 'catkin_skip_building_tests' from command line to 'False'
[0.405s] DEBUG:colcon.colcon_core.verb:Building package 'romeo_tui' with the following arguments: {'ament_cmake_args': None, 'build_base': '/home/romeperl/ssl_robot_challenge/build/romeo_tui', 'catkin_cmake_args': None, 'catkin_skip_building_tests': False, 'cmake_args': None, 'cmake_clean_cache': False, 'cmake_clean_first': False, 'cmake_force_configure': False, 'cmake_target': None, 'cmake_target_skip_unavailable': False, 'install_base': '/home/romeperl/ssl_robot_challenge/install/romeo_tui', 'merge_install': False, 'path': '/home/romeperl/ssl_robot_challenge/src/romeo_tui', 'symlink_install': False, 'test_result_base': None}
[0.405s] INFO:colcon.colcon_core.executor:Executing jobs using 'parallel' executor
[0.408s] DEBUG:colcon.colcon_parallel_executor.executor.parallel:run_until_complete
[0.409s] INFO:colcon.colcon_ros.task.ament_cmake.build:Building ROS package in '/home/romeperl/ssl_robot_challenge/src/control' with build type 'ament_cmake'
[0.409s] INFO:colcon.colcon_cmake.task.cmake.build:Building CMake package in '/home/romeperl/ssl_robot_challenge/src/control'
[0.414s] INFO:colcon.colcon_core.plugin_system:Skipping extension 'colcon_core.shell.bat': Not used on non-Windows systems
[0.415s] INFO:colcon.colcon_core.shell:Skip shell extension 'powershell' for command environment: Not usable outside of PowerShell
[0.415s] DEBUG:colcon.colcon_core.shell:Skip shell extension 'dsv' for command environment
[0.423s] INFO:colcon.colcon_ros.task.ament_python.build:Building ROS package in '/home/romeperl/ssl_robot_challenge/src/launcher' with build type 'ament_python'
[0.424s] Level 1:colcon.colcon_core.shell:create_environment_hook('launcher', 'ament_prefix_path')
[0.425s] INFO:colcon.colcon_core.shell:Creating environment hook '/home/romeperl/ssl_robot_challenge/install/launcher/share/launcher/hook/ament_prefix_path.ps1'
[0.426s] INFO:colcon.colcon_core.shell:Creating environment descriptor '/home/romeperl/ssl_robot_challenge/install/launcher/share/launcher/hook/ament_prefix_path.dsv'
[0.427s] INFO:colcon.colcon_core.shell:Creating environment hook '/home/romeperl/ssl_robot_challenge/install/launcher/share/launcher/hook/ament_prefix_path.sh'
[0.430s] INFO:colcon.colcon_core.shell:Skip shell extension 'powershell' for command environment: Not usable outside of PowerShell
[0.444s] DEBUG:colcon.colcon_core.shell:Skip shell extension 'dsv' for command environment
[0.464s] DEBUG:colcon.colcon_core.event_handler.log_command:Invoking command in '/home/romeperl/ssl_robot_challenge/build/control': CMAKE_PREFIX_PATH=${CMAKE_PREFIX_PATH}:/home/romeperl/ssl_robot_challenge/install/launcher:/opt/ros/humble /usr/bin/cmake --build /home/romeperl/ssl_robot_challenge/build/control -- -j2 -l2
[0.668s] INFO:colcon.colcon_core.task.python.build:Building Python package in '/home/romeperl/ssl_robot_challenge/src/launcher'
[0.669s] INFO:colcon.colcon_core.shell:Skip shell extension 'powershell' for command environment: Not usable outside of PowerShell
[0.670s] DEBUG:colcon.colcon_core.shell:Skip shell extension 'dsv' for command environment
[0.723s] DEBUG:colcon.colcon_core.event_handler.log_command:Invoked command in '/home/romeperl/ssl_robot_challenge/build/control' returned '0': CMAKE_PREFIX_PATH=${CMAKE_PREFIX_PATH}:/home/romeperl/ssl_robot_challenge/install/launcher:/opt/ros/humble /usr/bin/cmake --build /home/romeperl/ssl_robot_challenge/build/control -- -j2 -l2
[0.792s] DEBUG:colcon.colcon_core.event_handler.log_command:Invoking command in '/home/romeperl/ssl_robot_challenge/build/control': CMAKE_PREFIX_PATH=${CMAKE_PREFIX_PATH}:/home/romeperl/ssl_robot_challenge/install/launcher:/opt/ros/humble /usr/bin/cmake --install /home/romeperl/ssl_robot_challenge/build/control
[0.826s] Level 1:colcon.colcon_core.environment:create_environment_scripts_only(control)
[0.831s] DEBUG:colcon.colcon_core.event_handler.log_command:Invoked command in '/home/romeperl/ssl_robot_challenge/build/control' returned '0': CMAKE_PREFIX_PATH=${CMAKE_PREFIX_PATH}:/home/romeperl/ssl_robot_challenge/install/launcher:/opt/ros/humble /usr/bin/cmake --install /home/romeperl/ssl_robot_challenge/build/control
[0.832s] Level 1:colcon.colcon_core.environment:checking '/home/romeperl/ssl_robot_challenge/install/control' for CMake module files
[0.832s] Level 1:colcon.colcon_core.environment:checking '/home/romeperl/ssl_robot_challenge/install/control' for CMake config files
[0.832s] Level 1:colcon.colcon_core.shell:create_environment_hook('control', 'cmake_prefix_path')
[0.834s] INFO:colcon.colcon_core.shell:Creating environment hook '/home/romeperl/ssl_robot_challenge/install/control/share/control/hook/cmake_prefix_path.ps1'
[0.835s] INFO:colcon.colcon_core.shell:Creating environment descriptor '/home/romeperl/ssl_robot_challenge/install/control/share/control/hook/cmake_prefix_path.dsv'
[0.836s] INFO:colcon.colcon_core.shell:Creating environment hook '/home/romeperl/ssl_robot_challenge/install/control/share/control/hook/cmake_prefix_path.sh'
[0.837s] Level 1:colcon.colcon_core.environment:checking '/home/romeperl/ssl_robot_challenge/install/control/bin'
[0.837s] Level 1:colcon.colcon_core.environment:checking '/home/romeperl/ssl_robot_challenge/install/control/lib/pkgconfig/control.pc'
[0.838s] Level 1:colcon.colcon_core.environment:checking '/home/romeperl/ssl_robot_challenge/install/control/lib/python3.10/site-packages'
[0.838s] Level 1:colcon.colcon_core.environment:checking '/home/romeperl/ssl_robot_challenge/install/control/bin'
[0.839s] INFO:colcon.colcon_core.shell:Creating package script '/home/romeperl/ssl_robot_challenge/install/control/share/control/package.ps1'
[0.840s] INFO:colcon.colcon_core.shell:Creating package descriptor '/home/romeperl/ssl_robot_challenge/install/control/share/control/package.dsv'
[0.841s] INFO:colcon.colcon_core.shell:Creating package script '/home/romeperl/ssl_robot_challenge/install/control/share/control/package.sh'
[0.842s] INFO:colcon.colcon_core.shell:Creating package script '/home/romeperl/ssl_robot_challenge/install/control/share/control/package.bash'
[0.843s] INFO:colcon.colcon_core.shell:Creating package script '/home/romeperl/ssl_robot_challenge/install/control/share/control/package.zsh'
[0.845s] Level 1:colcon.colcon_core.environment:create_file_with_runtime_dependencies(/home/romeperl/ssl_robot_challenge/install/control/share/colcon-core/packages/control)
[1.023s] Level 1:colcon.colcon_core.environment:create_environment_scripts_only(control)
[1.025s] Level 1:colcon.colcon_core.environment:checking '/home/romeperl/ssl_robot_challenge/install/control' for CMake module files
[1.025s] Level 1:colcon.colcon_core.environment:checking '/home/romeperl/ssl_robot_challenge/install/control' for CMake config files
[1.025s] Level 1:colcon.colcon_core.shell:create_environment_hook('control', 'cmake_prefix_path')
[1.026s] INFO:colcon.colcon_core.shell:Creating environment hook '/home/romeperl/ssl_robot_challenge/install/control/share/control/hook/cmake_prefix_path.ps1'
[1.027s] INFO:colcon.colcon_core.shell:Creating environment descriptor '/home/romeperl/ssl_robot_challenge/install/control/share/control/hook/cmake_prefix_path.dsv'
[1.034s] INFO:colcon.colcon_core.shell:Creating environment hook '/home/romeperl/ssl_robot_challenge/install/control/share/control/hook/cmake_prefix_path.sh'
[1.042s] Level 1:colcon.colcon_core.environment:checking '/home/romeperl/ssl_robot_challenge/install/control/bin'
[1.042s] Level 1:colcon.colcon_core.environment:checking '/home/romeperl/ssl_robot_challenge/install/control/lib/pkgconfig/control.pc'
[1.042s] Level 1:colcon.colcon_core.environment:checking '/home/romeperl/ssl_robot_challenge/install/control/lib/python3.10/site-packages'
[1.043s] Level 1:colcon.colcon_core.environment:checking '/home/romeperl/ssl_robot_challenge/install/control/bin'
[1.044s] INFO:colcon.colcon_core.shell:Creating package script '/home/romeperl/ssl_robot_challenge/install/control/share/control/package.ps1'
[1.045s] INFO:colcon.colcon_core.shell:Creating package descriptor '/home/romeperl/ssl_robot_challenge/install/control/share/control/package.dsv'
[1.050s] INFO:colcon.colcon_core.shell:Creating package script '/home/romeperl/ssl_robot_challenge/install/control/share/control/package.sh'
[1.056s] INFO:colcon.colcon_core.shell:Creating package script '/home/romeperl/ssl_robot_challenge/install/control/share/control/package.bash'
[1.057s] INFO:colcon.colcon_core.shell:Creating package script '/home/romeperl/ssl_robot_challenge/install/control/share/control/package.zsh'
[1.058s] Level 1:colcon.colcon_core.environment:create_file_with_runtime_dependencies(/home/romeperl/ssl_robot_challenge/install/control/share/colcon-core/packages/control)
[1.060s] INFO:colcon.colcon_ros.task.ament_cmake.build:Building ROS package in '/home/romeperl/ssl_robot_challenge/src/robot' with build type 'ament_cmake'
[1.060s] INFO:colcon.colcon_cmake.task.cmake.build:Building CMake package in '/home/romeperl/ssl_robot_challenge/src/robot'
[1.061s] INFO:colcon.colcon_core.shell:Skip shell extension 'powershell' for command environment: Not usable outside of PowerShell
[1.061s] DEBUG:colcon.colcon_core.shell:Skip shell extension 'dsv' for command environment
[1.080s] DEBUG:colcon.colcon_core.event_handler.log_command:Invoking command in '/home/romeperl/ssl_robot_challenge/build/robot': CMAKE_PREFIX_PATH=${CMAKE_PREFIX_PATH}:/home/romeperl/ssl_robot_challenge/install/launcher:/opt/ros/humble /usr/bin/cmake --build /home/romeperl/ssl_robot_challenge/build/robot -- -j2 -l2
[1.161s] DEBUG:colcon.colcon_core.event_handler.log_command:Invoking command in '/home/romeperl/ssl_robot_challenge/src/launcher': PYTHONPATH=/home/romeperl/ssl_robot_challenge/build/launcher/prefix_override:/home/romeperl/ssl_robot_challenge/install/launcher/lib/python3.10/site-packages:${PYTHONPATH} /usr/bin/python3 setup.py egg_info --egg-base ../../build/launcher build --build-base /home/romeperl/ssl_robot_challenge/build/launcher/build install --record /home/romeperl/ssl_robot_challenge/build/launcher/install.log --single-version-externally-managed
[1.396s] DEBUG:colcon.colcon_core.event_handler.log_command:Invoked command in '/home/romeperl/ssl_robot_challenge/build/robot' returned '0': CMAKE_PREFIX_PATH=${CMAKE_PREFIX_PATH}:/home/romeperl/ssl_robot_challenge/install/launcher:/opt/ros/humble /usr/bin/cmake --build /home/romeperl/ssl_robot_challenge/build/robot -- -j2 -l2
[1.480s] DEBUG:colcon.colcon_core.event_handler.log_command:Invoking command in '/home/romeperl/ssl_robot_challenge/build/robot': CMAKE_PREFIX_PATH=${CMAKE_PREFIX_PATH}:/home/romeperl/ssl_robot_challenge/install/launcher:/opt/ros/humble /usr/bin/cmake --install /home/romeperl/ssl_robot_challenge/build/robot
[1.492s] Level 1:colcon.colcon_core.environment:create_environment_scripts_only(robot)
[1.494s] Level 1:colcon.colcon_core.environment:checking '/home/romeperl/ssl_robot_challenge/install/robot' for CMake module files
[1.497s] Level 1:colcon.colcon_core.environment:checking '/home/romeperl/ssl_robot_challenge/install/robot' for CMake config files
[1.497s] Level 1:colcon.colcon_core.shell:create_environment_hook('robot', 'cmake_prefix_path')
[1.499s] INFO:colcon.colcon_core.shell:Creating environment hook '/home/romeperl/ssl_robot_challenge/install/robot/share/robot/hook/cmake_prefix_path.ps1'
[1.500s] INFO:colcon.colcon_core.shell:Creating environment descriptor '/home/romeperl/ssl_robot_challenge/install/robot/share/robot/hook/cmake_prefix_path.dsv'
[1.502s] INFO:colcon.colcon_core.shell:Creating environment hook '/home/romeperl/ssl_robot_challenge/install/robot/share/robot/hook/cmake_prefix_path.sh'
[1.504s] Level 1:colcon.colcon_core.environment:checking '/home/romeperl/ssl_robot_challenge/install/robot/bin'
[1.504s] Level 1:colcon.colcon_core.environment:checking '/home/romeperl/ssl_robot_challenge/install/robot/lib/pkgconfig/robot.pc'
[1.504s] Level 1:colcon.colcon_core.environment:checking '/home/romeperl/ssl_robot_challenge/install/robot/lib/python3.10/site-packages'
[1.504s] Level 1:colcon.colcon_core.environment:checking '/home/romeperl/ssl_robot_challenge/install/robot/bin'
[1.506s] INFO:colcon.colcon_core.shell:Creating package script '/home/romeperl/ssl_robot_challenge/install/robot/share/robot/package.ps1'
[1.507s] INFO:colcon.colcon_core.shell:Creating package descriptor '/home/romeperl/ssl_robot_challenge/install/robot/share/robot/package.dsv'
[1.508s] INFO:colcon.colcon_core.shell:Creating package script '/home/romeperl/ssl_robot_challenge/install/robot/share/robot/package.sh'
[1.510s] INFO:colcon.colcon_core.shell:Creating package script '/home/romeperl/ssl_robot_challenge/install/robot/share/robot/package.bash'
[1.510s] INFO:colcon.colcon_core.shell:Creating package script '/home/romeperl/ssl_robot_challenge/install/robot/share/robot/package.zsh'
[1.514s] Level 1:colcon.colcon_core.environment:create_file_with_runtime_dependencies(/home/romeperl/ssl_robot_challenge/install/robot/share/colcon-core/packages/robot)
[1.518s] DEBUG:colcon.colcon_core.event_handler.log_command:Invoked command in '/home/romeperl/ssl_robot_challenge/build/robot' returned '0': CMAKE_PREFIX_PATH=${CMAKE_PREFIX_PATH}:/home/romeperl/ssl_robot_challenge/install/launcher:/opt/ros/humble /usr/bin/cmake --install /home/romeperl/ssl_robot_challenge/build/robot
[1.538s] Level 1:colcon.colcon_core.environment:checking '/home/romeperl/ssl_robot_challenge/install/launcher' for CMake module files
[1.540s] Level 1:colcon.colcon_core.environment:checking '/home/romeperl/ssl_robot_challenge/install/launcher' for CMake config files
[1.541s] DEBUG:colcon.colcon_core.event_handler.log_command:Invoked command in '/home/romeperl/ssl_robot_challenge/src/launcher' returned '0': PYTHONPATH=/home/romeperl/ssl_robot_challenge/build/launcher/prefix_override:/home/romeperl/ssl_robot_challenge/install/launcher/lib/python3.10/site-packages:${PYTHONPATH} /usr/bin/python3 setup.py egg_info --egg-base ../../build/launcher build --build-base /home/romeperl/ssl_robot_challenge/build/launcher/build install --record /home/romeperl/ssl_robot_challenge/build/launcher/install.log --single-version-externally-managed
[1.541s] Level 1:colcon.colcon_core.environment:checking '/home/romeperl/ssl_robot_challenge/install/launcher/lib'
[1.542s] Level 1:colcon.colcon_core.environment:checking '/home/romeperl/ssl_robot_challenge/install/launcher/bin'
[1.542s] Level 1:colcon.colcon_core.environment:checking '/home/romeperl/ssl_robot_challenge/install/launcher/lib/pkgconfig/launcher.pc'
[1.542s] Level 1:colcon.colcon_core.environment:checking '/home/romeperl/ssl_robot_challenge/install/launcher/lib/python3.10/site-packages'
[1.542s] Level 1:colcon.colcon_core.shell:create_environment_hook('launcher', 'pythonpath')
[1.543s] INFO:colcon.colcon_core.shell:Creating environment hook '/home/romeperl/ssl_robot_challenge/install/launcher/share/launcher/hook/pythonpath.ps1'
[1.544s] INFO:colcon.colcon_core.shell:Creating environment descriptor '/home/romeperl/ssl_robot_challenge/install/launcher/share/launcher/hook/pythonpath.dsv'
[1.545s] INFO:colcon.colcon_core.shell:Creating environment hook '/home/romeperl/ssl_robot_challenge/install/launcher/share/launcher/hook/pythonpath.sh'
[1.547s] Level 1:colcon.colcon_core.environment:checking '/home/romeperl/ssl_robot_challenge/install/launcher/bin'
[1.548s] Level 1:colcon.colcon_core.environment:create_environment_scripts_only(launcher)
[1.549s] INFO:colcon.colcon_core.shell:Creating package script '/home/romeperl/ssl_robot_challenge/install/launcher/share/launcher/package.ps1'
[1.555s] INFO:colcon.colcon_core.shell:Creating package descriptor '/home/romeperl/ssl_robot_challenge/install/launcher/share/launcher/package.dsv'
[1.556s] INFO:colcon.colcon_core.shell:Creating package script '/home/romeperl/ssl_robot_challenge/install/launcher/share/launcher/package.sh'
[1.557s] INFO:colcon.colcon_core.shell:Creating package script '/home/romeperl/ssl_robot_challenge/install/launcher/share/launcher/package.bash'
[1.558s] INFO:colcon.colcon_core.shell:Creating package script '/home/romeperl/ssl_robot_challenge/install/launcher/share/launcher/package.zsh'
[1.558s] Level 1:colcon.colcon_core.environment:create_file_with_runtime_dependencies(/home/romeperl/ssl_robot_challenge/install/launcher/share/colcon-core/packages/launcher)
[1.560s] INFO:colcon.colcon_ros.task.ament_cmake.build:Building ROS package in '/home/romeperl/ssl_robot_challenge/src/romeo_tui' with build type 'ament_cmake'
[1.560s] INFO:colcon.colcon_cmake.task.cmake.build:Building CMake package in '/home/romeperl/ssl_robot_challenge/src/romeo_tui'
[1.561s] INFO:colcon.colcon_core.shell:Skip shell extension 'powershell' for command environment: Not usable outside of PowerShell
[1.561s] DEBUG:colcon.colcon_core.shell:Skip shell extension 'dsv' for command environment
[1.594s] DEBUG:colcon.colcon_core.event_handler.log_command:Invoking command in '/home/romeperl/ssl_robot_challenge/build/romeo_tui': CMAKE_PREFIX_PATH=${CMAKE_PREFIX_PATH}:/home/romeperl/ssl_robot_challenge/install/launcher:/opt/ros/humble /usr/bin/cmake --build /home/romeperl/ssl_robot_challenge/build/romeo_tui -- -j2 -l2
[1.613s] Level 1:colcon.colcon_core.environment:create_environment_scripts_only(robot)
[1.616s] Level 1:colcon.colcon_core.environment:checking '/home/romeperl/ssl_robot_challenge/install/robot' for CMake module files
[1.617s] Level 1:colcon.colcon_core.environment:checking '/home/romeperl/ssl_robot_challenge/install/robot' for CMake config files
[1.618s] Level 1:colcon.colcon_core.shell:create_environment_hook('robot', 'cmake_prefix_path')
[1.619s] INFO:colcon.colcon_core.shell:Creating environment hook '/home/romeperl/ssl_robot_challenge/install/robot/share/robot/hook/cmake_prefix_path.ps1'
[1.620s] INFO:colcon.colcon_core.shell:Creating environment descriptor '/home/romeperl/ssl_robot_challenge/install/robot/share/robot/hook/cmake_prefix_path.dsv'
[1.621s] INFO:colcon.colcon_core.shell:Creating environment hook '/home/romeperl/ssl_robot_challenge/install/robot/share/robot/hook/cmake_prefix_path.sh'
[1.622s] Level 1:colcon.colcon_core.environment:checking '/home/romeperl/ssl_robot_challenge/install/robot/bin'
[1.622s] Level 1:colcon.colcon_core.environment:checking '/home/romeperl/ssl_robot_challenge/install/robot/lib/pkgconfig/robot.pc'
[1.622s] Level 1:colcon.colcon_core.environment:checking '/home/romeperl/ssl_robot_challenge/install/robot/lib/python3.10/site-packages'
[1.623s] Level 1:colcon.colcon_core.environment:checking '/home/romeperl/ssl_robot_challenge/install/robot/bin'
[1.624s] INFO:colcon.colcon_core.shell:Creating package script '/home/romeperl/ssl_robot_challenge/install/robot/share/robot/package.ps1'
[1.638s] INFO:colcon.colcon_core.shell:Creating package descriptor '/home/romeperl/ssl_robot_challenge/install/robot/share/robot/package.dsv'
[1.640s] INFO:colcon.colcon_core.shell:Creating package script '/home/romeperl/ssl_robot_challenge/install/robot/share/robot/package.sh'
[1.641s] INFO:colcon.colcon_core.shell:Creating package script '/home/romeperl/ssl_robot_challenge/install/robot/share/robot/package.bash'
[1.642s] INFO:colcon.colcon_core.shell:Creating package script '/home/romeperl/ssl_robot_challenge/install/robot/share/robot/package.zsh'
[1.643s] Level 1:colcon.colcon_core.environment:create_file_with_runtime_dependencies(/home/romeperl/ssl_robot_challenge/install/robot/share/colcon-core/packages/robot)
[1.685s] DEBUG:colcon.colcon_core.event_handler.log_command:Invoked command in '/home/romeperl/ssl_robot_challenge/build/romeo_tui' returned '0': CMAKE_PREFIX_PATH=${CMAKE_PREFIX_PATH}:/home/romeperl/ssl_robot_challenge/install/launcher:/opt/ros/humble /usr/bin/cmake --build /home/romeperl/ssl_robot_challenge/build/romeo_tui -- -j2 -l2
[1.768s] DEBUG:colcon.colcon_core.event_handler.log_command:Invoking command in '/home/romeperl/ssl_robot_challenge/build/romeo_tui': CMAKE_PREFIX_PATH=${CMAKE_PREFIX_PATH}:/home/romeperl/ssl_robot_challenge/install/launcher:/opt/ros/humble /usr/bin/cmake --install /home/romeperl/ssl_robot_challenge/build/romeo_tui
[1.778s] Level 1:colcon.colcon_core.environment:create_environment_scripts_only(romeo_tui)
[1.780s] Level 1:colcon.colcon_core.environment:checking '/home/romeperl/ssl_robot_challenge/install/romeo_tui' for CMake module files
[1.781s] Level 1:colcon.colcon_core.environment:checking '/home/romeperl/ssl_robot_challenge/install/romeo_tui' for CMake config files
[1.783s] DEBUG:colcon.colcon_core.event_handler.log_command:Invoked command in '/home/romeperl/ssl_robot_challenge/build/romeo_tui' returned '0': CMAKE_PREFIX_PATH=${CMAKE_PREFIX_PATH}:/home/romeperl/ssl_robot_challenge/install/launcher:/opt/ros/humble /usr/bin/cmake --install /home/romeperl/ssl_robot_challenge/build/romeo_tui
[1.786s] Level 1:colcon.colcon_core.shell:create_environment_hook('romeo_tui', 'cmake_prefix_path')
[1.788s] INFO:colcon.colcon_core.shell:Creating environment hook '/home/romeperl/ssl_robot_challenge/install/romeo_tui/share/romeo_tui/hook/cmake_prefix_path.ps1'
[1.789s] INFO:colcon.colcon_core.shell:Creating environment descriptor '/home/romeperl/ssl_robot_challenge/install/romeo_tui/share/romeo_tui/hook/cmake_prefix_path.dsv'
[1.790s] INFO:colcon.colcon_core.shell:Creating environment hook '/home/romeperl/ssl_robot_challenge/install/romeo_tui/share/romeo_tui/hook/cmake_prefix_path.sh'
[1.791s] Level 1:colcon.colcon_core.environment:checking '/home/romeperl/ssl_robot_challenge/install/romeo_tui/bin'
[1.791s] Level 1:colcon.colcon_core.environment:checking '/home/romeperl/ssl_robot_challenge/install/romeo_tui/lib/pkgconfig/romeo_tui.pc'
[1.791s] Level 1:colcon.colcon_core.environment:checking '/home/romeperl/ssl_robot_challenge/install/romeo_tui/lib/python3.10/site-packages'
[1.792s] Level 1:colcon.colcon_core.environment:checking '/home/romeperl/ssl_robot_challenge/install/romeo_tui/bin'
[1.793s] INFO:colcon.colcon_core.shell:Creating package script '/home/romeperl/ssl_robot_challenge/install/romeo_tui/share/romeo_tui/package.ps1'
[1.793s] INFO:colcon.colcon_core.shell:Creating package descriptor '/home/romeperl/ssl_robot_challenge/install/romeo_tui/share/romeo_tui/package.dsv'
[1.794s] INFO:colcon.colcon_core.shell:Creating package script '/home/romeperl/ssl_robot_challenge/install/romeo_tui/share/romeo_tui/package.sh'
[1.795s] INFO:colcon.colcon_core.shell:Creating package script '/home/romeperl/ssl_robot_challenge/install/romeo_tui/share/romeo_tui/package.bash'
[1.796s] INFO:colcon.colcon_core.shell:Creating package script '/home/romeperl/ssl_robot_challenge/install/romeo_tui/share/romeo_tui/package.zsh'
[1.797s] Level 1:colcon.colcon_core.environment:create_file_with_runtime_dependencies(/home/romeperl/ssl_robot_challenge/install/romeo_tui/share/colcon-core/packages/romeo_tui)
[1.856s] Level 1:colcon.colcon_core.environment:create_environment_scripts_only(romeo_tui)
[1.858s] Level 1:colcon.colcon_core.environment:checking '/home/romeperl/ssl_robot_challenge/install/romeo_tui' for CMake module files
[1.858s] Level 1:colcon.colcon_core.environment:checking '/home/romeperl/ssl_robot_challenge/install/romeo_tui' for CMake config files
[1.859s] Level 1:colcon.colcon_core.shell:create_environment_hook('romeo_tui', 'cmake_prefix_path')
[1.860s] INFO:colcon.colcon_core.shell:Creating environment hook '/home/romeperl/ssl_robot_challenge/install/romeo_tui/share/romeo_tui/hook/cmake_prefix_path.ps1'
[1.860s] INFO:colcon.colcon_core.shell:Creating environment descriptor '/home/romeperl/ssl_robot_challenge/install/romeo_tui/share/romeo_tui/hook/cmake_prefix_path.dsv'
[1.861s] INFO:colcon.colcon_core.shell:Creating environment hook '/home/romeperl/ssl_robot_challenge/install/romeo_tui/share/romeo_tui/hook/cmake_prefix_path.sh'
[1.862s] Level 1:colcon.colcon_core.environment:checking '/home/romeperl/ssl_robot_challenge/install/romeo_tui/bin'
[1.862s] Level 1:colcon.colcon_core.environment:checking '/home/romeperl/ssl_robot_challenge/install/romeo_tui/lib/pkgconfig/romeo_tui.pc'
[1.863s] Level 1:colcon.colcon_core.environment:checking '/home/romeperl/ssl_robot_challenge/install/romeo_tui/lib/python3.10/site-packages'
[1.863s] Level 1:colcon.colcon_core.environment:checking '/home/romeperl/ssl_robot_challenge/install/romeo_tui/bin'
[1.865s] INFO:colcon.colcon_core.shell:Creating package script '/home/romeperl/ssl_robot_challenge/install/romeo_tui/share/romeo_tui/package.ps1'
[1.865s] INFO:colcon.colcon_core.shell:Creating package descriptor '/home/romeperl/ssl_robot_challenge/install/romeo_tui/share/romeo_tui/package.dsv'
[1.866s] INFO:colcon.colcon_core.shell:Creating package script '/home/romeperl/ssl_robot_challenge/install/romeo_tui/share/romeo_tui/package.sh'
[1.867s] INFO:colcon.colcon_core.shell:Creating package script '/home/romeperl/ssl_robot_challenge/install/romeo_tui/share/romeo_tui/package.bash'
[1.868s] INFO:colcon.colcon_core.shell:Creating package script '/home/romeperl/ssl_robot_challenge/install/romeo_tui/share/romeo_tui/package.zsh'
[1.869s] Level 1:colcon.colcon_core.environment:create_file_with_runtime_dependencies(/home/romeperl/ssl_robot_challenge/install/romeo_tui/share/colcon-core/packages/romeo_tui)
[1.869s] DEBUG:colcon.colcon_parallel_executor.executor.parallel:closing loop
[1.871s] DEBUG:colcon.colcon_parallel_executor.executor.parallel:loop closed
[1.871s] DEBUG:colcon.colcon_parallel_executor.executor.parallel:run_until_complete finished with '0'
[1.871s] DEBUG:colcon.colcon_core.event_reactor:joining thread
[1.878s] INFO:colcon.colcon_core.plugin_system:Skipping extension 'colcon_notification.desktop_notification.terminal_notifier': Not used on non-Darwin systems
[1.878s] INFO:colcon.colcon_core.plugin_system:Skipping extension 'colcon_notification.desktop_notification.win32': Not used on non-Windows systems
[1.878s] INFO:colcon.colcon_notification.desktop_notification:Sending desktop notification using 'notify2'
[1.902s] DEBUG:colcon.colcon_core.event_reactor:joined thread
[1.905s] INFO:colcon.colcon_core.shell:Creating prefix script '/home/romeperl/ssl_robot_challenge/install/local_setup.ps1'
[1.906s] INFO:colcon.colcon_core.shell:Creating prefix util module '/home/romeperl/ssl_robot_challenge/install/_local_setup_util_ps1.py'
[1.908s] INFO:colcon.colcon_core.shell:Creating prefix chain script '/home/romeperl/ssl_robot_challenge/install/setup.ps1'
[1.910s] INFO:colcon.colcon_core.shell:Creating prefix script '/home/romeperl/ssl_robot_challenge/install/local_setup.sh'
[1.911s] INFO:colcon.colcon_core.shell:Creating prefix util module '/home/romeperl/ssl_robot_challenge/install/_local_setup_util_sh.py'
[1.912s] INFO:colcon.colcon_core.shell:Creating prefix chain script '/home/romeperl/ssl_robot_challenge/install/setup.sh'
[1.914s] INFO:colcon.colcon_core.shell:Creating prefix script '/home/romeperl/ssl_robot_challenge/install/local_setup.bash'
[1.916s] INFO:colcon.colcon_core.shell:Creating prefix chain script '/home/romeperl/ssl_robot_challenge/install/setup.bash'
[1.918s] INFO:colcon.colcon_core.shell:Creating prefix script '/home/romeperl/ssl_robot_challenge/install/local_setup.zsh'
[1.919s] INFO:colcon.colcon_core.shell:Creating prefix chain script '/home/romeperl/ssl_robot_challenge/install/setup.zsh'
