-- Found ament_cmake: 1.3.4 (/opt/ros/humble/share/ament_cmake/cmake)
-- Found ament_lint_auto: 0.12.6 (/opt/ros/humble/share/ament_lint_auto/cmake)
-- Added test 'cppcheck' to perform static code analysis on C / C++ code
-- Configured cppcheck include dirs: 
-- Configured cppcheck exclude dirs and/or files: 
-- Added test 'lint_cmake' to check CMake code style
-- Added test 'uncrustify' to check C / C++ code style
-- Configured uncrustify additional arguments: 
-- Added test 'xmllint' to check XML markup files
-- Configuring done
-- Generating done
-- Build files have been written to: /home/romeperl/ssl_robot_challenge/build/control
-- Install configuration: ""
-- Installing: /home/romeperl/ssl_robot_challenge/install/control/share/ament_index/resource_index/package_run_dependencies/control
-- Installing: /home/romeperl/ssl_robot_challenge/install/control/share/ament_index/resource_index/parent_prefix_path/control
-- Up-to-date: /home/romeperl/ssl_robot_challenge/install/control/share/control/environment/ament_prefix_path.sh
-- Installing: /home/romeperl/ssl_robot_challenge/install/control/share/control/environment/ament_prefix_path.dsv
-- Up-to-date: /home/romeperl/ssl_robot_challenge/install/control/share/control/environment/path.sh
-- Installing: /home/romeperl/ssl_robot_challenge/install/control/share/control/environment/path.dsv
-- Up-to-date: /home/romeperl/ssl_robot_challenge/install/control/share/control/local_setup.bash
-- Up-to-date: /home/romeperl/ssl_robot_challenge/install/control/share/control/local_setup.sh
-- Up-to-date: /home/romeperl/ssl_robot_challenge/install/control/share/control/local_setup.zsh
-- Installing: /home/romeperl/ssl_robot_challenge/install/control/share/control/local_setup.dsv
-- Installing: /home/romeperl/ssl_robot_challenge/install/control/share/control/package.dsv
-- Up-to-date: /home/romeperl/ssl_robot_challenge/install/control/share/ament_index/resource_index/packages/control
-- Up-to-date: /home/romeperl/ssl_robot_challenge/install/control/share/control/cmake/controlConfig.cmake
-- Up-to-date: /home/romeperl/ssl_robot_challenge/install/control/share/control/cmake/controlConfig-version.cmake
-- Installing: /home/romeperl/ssl_robot_challenge/install/control/share/control/package.xml
