[0.431s] Invoking command in '/home/romeperl/ssl_robot_challenge/build/control': CMAKE_PREFIX_PATH=${CMAKE_PREFIX_PATH}:/home/romeperl/ssl_robot_challenge/install/launcher:/opt/ros/humble /usr/bin/cmake --build /home/romeperl/ssl_robot_challenge/build/control -- -j2 -l2
[0.507s] Invoked command in '/home/romeperl/ssl_robot_challenge/build/control' returned '0': CMAKE_PREFIX_PATH=${CMAKE_PREFIX_PATH}:/home/romeperl/ssl_robot_challenge/install/launcher:/opt/ros/humble /usr/bin/cmake --build /home/romeperl/ssl_robot_challenge/build/control -- -j2 -l2
[0.752s] Invoking command in '/home/romeperl/ssl_robot_challenge/build/control': CMAKE_PREFIX_PATH=${CMAKE_PREFIX_PATH}:/home/romeperl/ssl_robot_challenge/install/launcher:/opt/ros/humble /usr/bin/cmake --install /home/romeperl/ssl_robot_challenge/build/control
[0.762s] -- Install configuration: ""
[0.762s] -- Up-to-date: /home/romeperl/ssl_robot_challenge/install/control/share/ament_index/resource_index/package_run_dependencies/control
[0.763s] -- Up-to-date: /home/romeperl/ssl_robot_challenge/install/control/share/ament_index/resource_index/parent_prefix_path/control
[0.764s] -- Up-to-date: /home/romeperl/ssl_robot_challenge/install/control/share/control/environment/ament_prefix_path.sh
[0.764s] -- Up-to-date: /home/romeperl/ssl_robot_challenge/install/control/share/control/environment/ament_prefix_path.dsv
[0.767s] -- Up-to-date: /home/romeperl/ssl_robot_challenge/install/control/share/control/environment/path.sh
[0.785s] -- Up-to-date: /home/romeperl/ssl_robot_challenge/install/control/share/control/environment/path.dsv
[0.788s] -- Up-to-date: /home/romeperl/ssl_robot_challenge/install/control/share/control/local_setup.bash
[0.789s] -- Up-to-date: /home/romeperl/ssl_robot_challenge/install/control/share/control/local_setup.sh
[0.789s] -- Up-to-date: /home/romeperl/ssl_robot_challenge/install/control/share/control/local_setup.zsh
[0.790s] -- Up-to-date: /home/romeperl/ssl_robot_challenge/install/control/share/control/local_setup.dsv
[0.796s] -- Installing: /home/romeperl/ssl_robot_challenge/install/control/share/control/package.dsv
[0.805s] -- Up-to-date: /home/romeperl/ssl_robot_challenge/install/control/share/ament_index/resource_index/packages/control
[0.814s] -- Up-to-date: /home/romeperl/ssl_robot_challenge/install/control/share/control/cmake/controlConfig.cmake
[0.819s] -- Up-to-date: /home/romeperl/ssl_robot_challenge/install/control/share/control/cmake/controlConfig-version.cmake
[0.821s] -- Up-to-date: /home/romeperl/ssl_robot_challenge/install/control/share/control/package.xml
[0.823s] Invoked command in '/home/romeperl/ssl_robot_challenge/build/control' returned '0': CMAKE_PREFIX_PATH=${CMAKE_PREFIX_PATH}:/home/romeperl/ssl_robot_challenge/install/launcher:/opt/ros/humble /usr/bin/cmake --install /home/romeperl/ssl_robot_challenge/build/control
