[0.847s] Invoking command in '/home/romeperl/ssl_robot_challenge/src/launcher': PYTHONPATH=/home/romeperl/ssl_robot_challenge/build/launcher/prefix_override:/home/romeperl/ssl_robot_challenge/install/launcher/lib/python3.10/site-packages:${PYTHONPATH} /usr/bin/python3 setup.py egg_info --egg-base ../../build/launcher build --build-base /home/romeperl/ssl_robot_challenge/build/launcher/build install --record /home/romeperl/ssl_robot_challenge/build/launcher/install.log --single-version-externally-managed
[1.144s] running egg_info
[1.144s] writing ../../build/launcher/launcher.egg-info/PKG-INFO
[1.144s] writing dependency_links to ../../build/launcher/launcher.egg-info/dependency_links.txt
[1.152s] writing entry points to ../../build/launcher/launcher.egg-info/entry_points.txt
[1.153s] writing requirements to ../../build/launcher/launcher.egg-info/requires.txt
[1.153s] writing top-level names to ../../build/launcher/launcher.egg-info/top_level.txt
[1.158s] reading manifest file '../../build/launcher/launcher.egg-info/SOURCES.txt'
[1.167s] writing manifest file '../../build/launcher/launcher.egg-info/SOURCES.txt'
[1.168s] running build
[1.168s] running build_py
[1.168s] running install
[1.173s] running install_lib
[1.179s] running install_data
[1.181s] copying package.xml -> /home/romeperl/ssl_robot_challenge/install/launcher/share/launcher
[1.181s] running install_egg_info
[1.186s] removing '/home/romeperl/ssl_robot_challenge/install/launcher/lib/python3.10/site-packages/launcher-0.0.0-py3.10.egg-info' (and everything under it)
[1.200s] Copying ../../build/launcher/launcher.egg-info to /home/romeperl/ssl_robot_challenge/install/launcher/lib/python3.10/site-packages/launcher-0.0.0-py3.10.egg-info
[1.200s] running install_scripts
[1.223s] Installing xacro_urdf_viewer script to /home/romeperl/ssl_robot_challenge/install/launcher/lib/launcher
[1.227s] writing list of installed files to '/home/romeperl/ssl_robot_challenge/build/launcher/install.log'
[1.344s] Invoked command in '/home/romeperl/ssl_robot_challenge/src/launcher' returned '0': PYTHONPATH=/home/romeperl/ssl_robot_challenge/build/launcher/prefix_override:/home/romeperl/ssl_robot_challenge/install/launcher/lib/python3.10/site-packages:${PYTHONPATH} /usr/bin/python3 setup.py egg_info --egg-base ../../build/launcher build --build-base /home/romeperl/ssl_robot_challenge/build/launcher/build install --record /home/romeperl/ssl_robot_challenge/build/launcher/install.log --single-version-externally-managed
