[0.351s] DEBUG:colcon:Command line arguments: ['/usr/bin/colcon', 'build']
[0.351s] DEBUG:colcon:Parsed command line arguments: Namespace(log_base=None, log_level=None, verb_name='build', build_base='build', install_base='install', merge_install=False, symlink_install=False, test_result_base=None, continue_on_error=False, executor='parallel', parallel_workers=2, event_handlers=None, ignore_user_meta=False, metas=['./colcon.meta'], base_paths=['.'], packages_ignore=None, packages_ignore_regex=None, paths=None, packages_up_to=None, packages_up_to_regex=None, packages_above=None, packages_above_and_dependencies=None, packages_above_depth=None, packages_select_by_dep=None, packages_skip_by_dep=None, packages_skip_up_to=None, packages_select_build_failed=False, packages_skip_build_finished=False, packages_select_test_failures=False, packages_skip_test_passed=False, packages_select=None, packages_skip=None, packages_select_regex=None, packages_skip_regex=None, packages_start=None, packages_end=None, allow_overriding=[], cmake_args=None, cmake_target=None, cmake_target_skip_unavailable=False, cmake_clean_cache=False, cmake_clean_first=False, cmake_force_configure=False, ament_cmake_args=None, catkin_cmake_args=None, catkin_skip_building_tests=False, verb_parser=<colcon_defaults.argument_parser.defaults.DefaultArgumentsDecorator object at 0x7efd85d45b70>, verb_extension=<colcon_core.verb.build.BuildVerb object at 0x7efd85d45600>, main=<bound method BuildVerb.main of <colcon_core.verb.build.BuildVerb object at 0x7efd85d45600>>)
[0.374s] Level 1:colcon.colcon_core.package_discovery:discover_packages(colcon_meta) check parameters
[0.374s] Level 1:colcon.colcon_core.package_discovery:discover_packages(recursive) check parameters
[0.374s] Level 1:colcon.colcon_core.package_discovery:discover_packages(ignore) check parameters
[0.374s] Level 1:colcon.colcon_core.package_discovery:discover_packages(path) check parameters
[0.374s] Level 1:colcon.colcon_core.package_discovery:discover_packages(colcon_meta) discover
[0.374s] Level 1:colcon.colcon_core.package_discovery:discover_packages(recursive) discover
[0.374s] INFO:colcon.colcon_core.package_discovery:Crawling recursively for packages in '/home/romeperl/ssl_robot_challenge'
[0.375s] Level 1:colcon.colcon_core.package_identification:_identify(.) by extensions ['ignore', 'ignore_ament_install']
[0.375s] Level 1:colcon.colcon_core.package_identification:_identify(.) by extension 'ignore'
[0.375s] Level 1:colcon.colcon_core.package_identification:_identify(.) by extension 'ignore_ament_install'
[0.375s] Level 1:colcon.colcon_core.package_identification:_identify(.) by extensions ['colcon_pkg']
[0.375s] Level 1:colcon.colcon_core.package_identification:_identify(.) by extension 'colcon_pkg'
[0.375s] Level 1:colcon.colcon_core.package_identification:_identify(.) by extensions ['colcon_meta']
[0.375s] Level 1:colcon.colcon_core.package_identification:_identify(.) by extension 'colcon_meta'
[0.375s] Level 1:colcon.colcon_core.package_identification:_identify(.) by extensions ['ros']
[0.375s] Level 1:colcon.colcon_core.package_identification:_identify(.) by extension 'ros'
[0.384s] Level 1:colcon.colcon_core.package_identification:_identify(.) by extensions ['cmake', 'python']
[0.384s] Level 1:colcon.colcon_core.package_identification:_identify(.) by extension 'cmake'
[0.384s] Level 1:colcon.colcon_core.package_identification:_identify(.) by extension 'python'
[0.384s] Level 1:colcon.colcon_core.package_identification:_identify(.) by extensions ['python_setup_py']
[0.385s] Level 1:colcon.colcon_core.package_identification:_identify(.) by extension 'python_setup_py'
[0.385s] Level 1:colcon.colcon_core.package_identification:_identify(build) by extensions ['ignore', 'ignore_ament_install']
[0.385s] Level 1:colcon.colcon_core.package_identification:_identify(build) by extension 'ignore'
[0.385s] Level 1:colcon.colcon_core.package_identification:_identify(build) ignored
[0.385s] Level 1:colcon.colcon_core.package_identification:_identify(install) by extensions ['ignore', 'ignore_ament_install']
[0.385s] Level 1:colcon.colcon_core.package_identification:_identify(install) by extension 'ignore'
[0.385s] Level 1:colcon.colcon_core.package_identification:_identify(install) ignored
[0.385s] Level 1:colcon.colcon_core.package_identification:_identify(log) by extensions ['ignore', 'ignore_ament_install']
[0.386s] Level 1:colcon.colcon_core.package_identification:_identify(log) by extension 'ignore'
[0.386s] Level 1:colcon.colcon_core.package_identification:_identify(log) ignored
[0.386s] Level 1:colcon.colcon_core.package_identification:_identify(src) by extensions ['ignore', 'ignore_ament_install']
[0.386s] Level 1:colcon.colcon_core.package_identification:_identify(src) by extension 'ignore'
[0.386s] Level 1:colcon.colcon_core.package_identification:_identify(src) by extension 'ignore_ament_install'
[0.386s] Level 1:colcon.colcon_core.package_identification:_identify(src) by extensions ['colcon_pkg']
[0.386s] Level 1:colcon.colcon_core.package_identification:_identify(src) by extension 'colcon_pkg'
[0.386s] Level 1:colcon.colcon_core.package_identification:_identify(src) by extensions ['colcon_meta']
[0.386s] Level 1:colcon.colcon_core.package_identification:_identify(src) by extension 'colcon_meta'
[0.386s] Level 1:colcon.colcon_core.package_identification:_identify(src) by extensions ['ros']
[0.386s] Level 1:colcon.colcon_core.package_identification:_identify(src) by extension 'ros'
[0.387s] Level 1:colcon.colcon_core.package_identification:_identify(src) by extensions ['cmake', 'python']
[0.387s] Level 1:colcon.colcon_core.package_identification:_identify(src) by extension 'cmake'
[0.387s] Level 1:colcon.colcon_core.package_identification:_identify(src) by extension 'python'
[0.387s] Level 1:colcon.colcon_core.package_identification:_identify(src) by extensions ['python_setup_py']
[0.387s] Level 1:colcon.colcon_core.package_identification:_identify(src) by extension 'python_setup_py'
[0.387s] Level 1:colcon.colcon_core.package_identification:_identify(src/control) by extensions ['ignore', 'ignore_ament_install']
[0.387s] Level 1:colcon.colcon_core.package_identification:_identify(src/control) by extension 'ignore'
[0.387s] Level 1:colcon.colcon_core.package_identification:_identify(src/control) by extension 'ignore_ament_install'
[0.387s] Level 1:colcon.colcon_core.package_identification:_identify(src/control) by extensions ['colcon_pkg']
[0.387s] Level 1:colcon.colcon_core.package_identification:_identify(src/control) by extension 'colcon_pkg'
[0.388s] Level 1:colcon.colcon_core.package_identification:_identify(src/control) by extensions ['colcon_meta']
[0.388s] Level 1:colcon.colcon_core.package_identification:_identify(src/control) by extension 'colcon_meta'
[0.388s] Level 1:colcon.colcon_core.package_identification:_identify(src/control) by extensions ['ros']
[0.388s] Level 1:colcon.colcon_core.package_identification:_identify(src/control) by extension 'ros'
[0.390s] DEBUG:colcon.colcon_core.package_identification:Package 'src/control' with type 'ros.ament_cmake' and name 'control'
[0.390s] Level 1:colcon.colcon_core.package_identification:_identify(src/launcher) by extensions ['ignore', 'ignore_ament_install']
[0.390s] Level 1:colcon.colcon_core.package_identification:_identify(src/launcher) by extension 'ignore'
[0.390s] Level 1:colcon.colcon_core.package_identification:_identify(src/launcher) by extension 'ignore_ament_install'
[0.390s] Level 1:colcon.colcon_core.package_identification:_identify(src/launcher) by extensions ['colcon_pkg']
[0.390s] Level 1:colcon.colcon_core.package_identification:_identify(src/launcher) by extension 'colcon_pkg'
[0.390s] Level 1:colcon.colcon_core.package_identification:_identify(src/launcher) by extensions ['colcon_meta']
[0.390s] Level 1:colcon.colcon_core.package_identification:_identify(src/launcher) by extension 'colcon_meta'
[0.391s] Level 1:colcon.colcon_core.package_identification:_identify(src/launcher) by extensions ['ros']
[0.391s] Level 1:colcon.colcon_core.package_identification:_identify(src/launcher) by extension 'ros'
[0.391s] DEBUG:colcon.colcon_core.package_identification:Package 'src/launcher' with type 'ros.ament_python' and name 'launcher'
[0.392s] Level 1:colcon.colcon_core.package_identification:_identify(src/robot) by extensions ['ignore', 'ignore_ament_install']
[0.392s] Level 1:colcon.colcon_core.package_identification:_identify(src/robot) by extension 'ignore'
[0.392s] Level 1:colcon.colcon_core.package_identification:_identify(src/robot) by extension 'ignore_ament_install'
[0.392s] Level 1:colcon.colcon_core.package_identification:_identify(src/robot) by extensions ['colcon_pkg']
[0.392s] Level 1:colcon.colcon_core.package_identification:_identify(src/robot) by extension 'colcon_pkg'
[0.392s] Level 1:colcon.colcon_core.package_identification:_identify(src/robot) by extensions ['colcon_meta']
[0.392s] Level 1:colcon.colcon_core.package_identification:_identify(src/robot) by extension 'colcon_meta'
[0.392s] Level 1:colcon.colcon_core.package_identification:_identify(src/robot) by extensions ['ros']
[0.392s] Level 1:colcon.colcon_core.package_identification:_identify(src/robot) by extension 'ros'
[0.393s] Level 1:colcon.colcon_core.package_identification:_identify(src/robot) by extensions ['cmake', 'python']
[0.393s] Level 1:colcon.colcon_core.package_identification:_identify(src/robot) by extension 'cmake'
[0.393s] Level 1:colcon.colcon_core.package_identification:_identify(src/robot) by extension 'python'
[0.393s] Level 1:colcon.colcon_core.package_identification:_identify(src/robot) by extensions ['python_setup_py']
[0.393s] Level 1:colcon.colcon_core.package_identification:_identify(src/robot) by extension 'python_setup_py'
[0.393s] Level 1:colcon.colcon_core.package_identification:_identify(src/robot/NOTSHAFT) by extensions ['ignore', 'ignore_ament_install']
[0.393s] Level 1:colcon.colcon_core.package_identification:_identify(src/robot/NOTSHAFT) by extension 'ignore'
[0.393s] Level 1:colcon.colcon_core.package_identification:_identify(src/robot/NOTSHAFT) by extension 'ignore_ament_install'
[0.394s] Level 1:colcon.colcon_core.package_identification:_identify(src/robot/NOTSHAFT) by extensions ['colcon_pkg']
[0.394s] Level 1:colcon.colcon_core.package_identification:_identify(src/robot/NOTSHAFT) by extension 'colcon_pkg'
[0.394s] Level 1:colcon.colcon_core.package_identification:_identify(src/robot/NOTSHAFT) by extensions ['colcon_meta']
[0.394s] Level 1:colcon.colcon_core.package_identification:_identify(src/robot/NOTSHAFT) by extension 'colcon_meta'
[0.394s] Level 1:colcon.colcon_core.package_identification:_identify(src/robot/NOTSHAFT) by extensions ['ros']
[0.394s] Level 1:colcon.colcon_core.package_identification:_identify(src/robot/NOTSHAFT) by extension 'ros'
[0.394s] Level 1:colcon.colcon_core.package_identification:_identify(src/robot/NOTSHAFT) by extensions ['cmake', 'python']
[0.394s] Level 1:colcon.colcon_core.package_identification:_identify(src/robot/NOTSHAFT) by extension 'cmake'
[0.394s] Level 1:colcon.colcon_core.package_identification:_identify(src/robot/NOTSHAFT) by extension 'python'
[0.394s] Level 1:colcon.colcon_core.package_identification:_identify(src/robot/NOTSHAFT) by extensions ['python_setup_py']
[0.395s] Level 1:colcon.colcon_core.package_identification:_identify(src/robot/NOTSHAFT) by extension 'python_setup_py'
[0.395s] Level 1:colcon.colcon_core.package_identification:_identify(src/robot/SSLSHAFT) by extensions ['ignore', 'ignore_ament_install']
[0.395s] Level 1:colcon.colcon_core.package_identification:_identify(src/robot/SSLSHAFT) by extension 'ignore'
[0.395s] Level 1:colcon.colcon_core.package_identification:_identify(src/robot/SSLSHAFT) by extension 'ignore_ament_install'
[0.395s] Level 1:colcon.colcon_core.package_identification:_identify(src/robot/SSLSHAFT) by extensions ['colcon_pkg']
[0.395s] Level 1:colcon.colcon_core.package_identification:_identify(src/robot/SSLSHAFT) by extension 'colcon_pkg'
[0.395s] Level 1:colcon.colcon_core.package_identification:_identify(src/robot/SSLSHAFT) by extensions ['colcon_meta']
[0.395s] Level 1:colcon.colcon_core.package_identification:_identify(src/robot/SSLSHAFT) by extension 'colcon_meta'
[0.396s] Level 1:colcon.colcon_core.package_identification:_identify(src/robot/SSLSHAFT) by extensions ['ros']
[0.396s] Level 1:colcon.colcon_core.package_identification:_identify(src/robot/SSLSHAFT) by extension 'ros'
[0.396s] Level 1:colcon.colcon_core.package_identification:_identify(src/robot/SSLSHAFT) by extensions ['cmake', 'python']
[0.396s] Level 1:colcon.colcon_core.package_identification:_identify(src/robot/SSLSHAFT) by extension 'cmake'
[0.396s] Level 1:colcon.colcon_core.package_identification:_identify(src/robot/SSLSHAFT) by extension 'python'
[0.396s] Level 1:colcon.colcon_core.package_identification:_identify(src/robot/SSLSHAFT) by extensions ['python_setup_py']
[0.396s] Level 1:colcon.colcon_core.package_identification:_identify(src/robot/SSLSHAFT) by extension 'python_setup_py'
[0.396s] Level 1:colcon.colcon_core.package_identification:_identify(src/robot/SSLSHAFT/controls) by extensions ['ignore', 'ignore_ament_install']
[0.397s] Level 1:colcon.colcon_core.package_identification:_identify(src/robot/SSLSHAFT/controls) by extension 'ignore'
[0.397s] Level 1:colcon.colcon_core.package_identification:_identify(src/robot/SSLSHAFT/controls) by extension 'ignore_ament_install'
[0.397s] Level 1:colcon.colcon_core.package_identification:_identify(src/robot/SSLSHAFT/controls) by extensions ['colcon_pkg']
[0.397s] Level 1:colcon.colcon_core.package_identification:_identify(src/robot/SSLSHAFT/controls) by extension 'colcon_pkg'
[0.397s] Level 1:colcon.colcon_core.package_identification:_identify(src/robot/SSLSHAFT/controls) by extensions ['colcon_meta']
[0.397s] Level 1:colcon.colcon_core.package_identification:_identify(src/robot/SSLSHAFT/controls) by extension 'colcon_meta'
[0.397s] Level 1:colcon.colcon_core.package_identification:_identify(src/robot/SSLSHAFT/controls) by extensions ['ros']
[0.397s] Level 1:colcon.colcon_core.package_identification:_identify(src/robot/SSLSHAFT/controls) by extension 'ros'
[0.397s] Level 1:colcon.colcon_core.package_identification:_identify(src/robot/SSLSHAFT/controls) by extensions ['cmake', 'python']
[0.397s] Level 1:colcon.colcon_core.package_identification:_identify(src/robot/SSLSHAFT/controls) by extension 'cmake'
[0.397s] Level 1:colcon.colcon_core.package_identification:_identify(src/robot/SSLSHAFT/controls) by extension 'python'
[0.397s] Level 1:colcon.colcon_core.package_identification:_identify(src/robot/SSLSHAFT/controls) by extensions ['python_setup_py']
[0.398s] Level 1:colcon.colcon_core.package_identification:_identify(src/robot/SSLSHAFT/controls) by extension 'python_setup_py'
[0.398s] Level 1:colcon.colcon_core.package_identification:_identify(src/robot/SSLSHAFT/hardware) by extensions ['ignore', 'ignore_ament_install']
[0.398s] Level 1:colcon.colcon_core.package_identification:_identify(src/robot/SSLSHAFT/hardware) by extension 'ignore'
[0.398s] Level 1:colcon.colcon_core.package_identification:_identify(src/robot/SSLSHAFT/hardware) by extension 'ignore_ament_install'
[0.398s] Level 1:colcon.colcon_core.package_identification:_identify(src/robot/SSLSHAFT/hardware) by extensions ['colcon_pkg']
[0.398s] Level 1:colcon.colcon_core.package_identification:_identify(src/robot/SSLSHAFT/hardware) by extension 'colcon_pkg'
[0.398s] Level 1:colcon.colcon_core.package_identification:_identify(src/robot/SSLSHAFT/hardware) by extensions ['colcon_meta']
[0.398s] Level 1:colcon.colcon_core.package_identification:_identify(src/robot/SSLSHAFT/hardware) by extension 'colcon_meta'
[0.398s] Level 1:colcon.colcon_core.package_identification:_identify(src/robot/SSLSHAFT/hardware) by extensions ['ros']
[0.398s] Level 1:colcon.colcon_core.package_identification:_identify(src/robot/SSLSHAFT/hardware) by extension 'ros'
[0.398s] Level 1:colcon.colcon_core.package_identification:_identify(src/robot/SSLSHAFT/hardware) by extensions ['cmake', 'python']
[0.399s] Level 1:colcon.colcon_core.package_identification:_identify(src/robot/SSLSHAFT/hardware) by extension 'cmake'
[0.399s] Level 1:colcon.colcon_core.package_identification:_identify(src/robot/SSLSHAFT/hardware) by extension 'python'
[0.399s] Level 1:colcon.colcon_core.package_identification:_identify(src/robot/SSLSHAFT/hardware) by extensions ['python_setup_py']
[0.399s] Level 1:colcon.colcon_core.package_identification:_identify(src/robot/SSLSHAFT/hardware) by extension 'python_setup_py'
[0.399s] Level 1:colcon.colcon_core.package_identification:_identify(src/robot/SSLSHAFT/urdf) by extensions ['ignore', 'ignore_ament_install']
[0.399s] Level 1:colcon.colcon_core.package_identification:_identify(src/robot/SSLSHAFT/urdf) by extension 'ignore'
[0.399s] Level 1:colcon.colcon_core.package_identification:_identify(src/robot/SSLSHAFT/urdf) by extension 'ignore_ament_install'
[0.399s] Level 1:colcon.colcon_core.package_identification:_identify(src/robot/SSLSHAFT/urdf) by extensions ['colcon_pkg']
[0.399s] Level 1:colcon.colcon_core.package_identification:_identify(src/robot/SSLSHAFT/urdf) by extension 'colcon_pkg'
[0.399s] Level 1:colcon.colcon_core.package_identification:_identify(src/robot/SSLSHAFT/urdf) by extensions ['colcon_meta']
[0.399s] Level 1:colcon.colcon_core.package_identification:_identify(src/robot/SSLSHAFT/urdf) by extension 'colcon_meta'
[0.400s] Level 1:colcon.colcon_core.package_identification:_identify(src/robot/SSLSHAFT/urdf) by extensions ['ros']
[0.400s] Level 1:colcon.colcon_core.package_identification:_identify(src/robot/SSLSHAFT/urdf) by extension 'ros'
[0.400s] Level 1:colcon.colcon_core.package_identification:_identify(src/robot/SSLSHAFT/urdf) by extensions ['cmake', 'python']
[0.400s] Level 1:colcon.colcon_core.package_identification:_identify(src/robot/SSLSHAFT/urdf) by extension 'cmake'
[0.400s] Level 1:colcon.colcon_core.package_identification:_identify(src/robot/SSLSHAFT/urdf) by extension 'python'
[0.400s] Level 1:colcon.colcon_core.package_identification:_identify(src/robot/SSLSHAFT/urdf) by extensions ['python_setup_py']
[0.400s] Level 1:colcon.colcon_core.package_identification:_identify(src/robot/SSLSHAFT/urdf) by extension 'python_setup_py'
[0.400s] Level 1:colcon.colcon_core.package_identification:_identify(src/robot/tools) by extensions ['ignore', 'ignore_ament_install']
[0.400s] Level 1:colcon.colcon_core.package_identification:_identify(src/robot/tools) by extension 'ignore'
[0.401s] Level 1:colcon.colcon_core.package_identification:_identify(src/robot/tools) by extension 'ignore_ament_install'
[0.401s] Level 1:colcon.colcon_core.package_identification:_identify(src/robot/tools) by extensions ['colcon_pkg']
[0.401s] Level 1:colcon.colcon_core.package_identification:_identify(src/robot/tools) by extension 'colcon_pkg'
[0.401s] Level 1:colcon.colcon_core.package_identification:_identify(src/robot/tools) by extensions ['colcon_meta']
[0.401s] Level 1:colcon.colcon_core.package_identification:_identify(src/robot/tools) by extension 'colcon_meta'
[0.401s] Level 1:colcon.colcon_core.package_identification:_identify(src/robot/tools) by extensions ['ros']
[0.401s] Level 1:colcon.colcon_core.package_identification:_identify(src/robot/tools) by extension 'ros'
[0.401s] Level 1:colcon.colcon_core.package_identification:_identify(src/robot/tools) by extensions ['cmake', 'python']
[0.401s] Level 1:colcon.colcon_core.package_identification:_identify(src/robot/tools) by extension 'cmake'
[0.402s] Level 1:colcon.colcon_core.package_identification:_identify(src/robot/tools) by extension 'python'
[0.402s] Level 1:colcon.colcon_core.package_identification:_identify(src/robot/tools) by extensions ['python_setup_py']
[0.402s] Level 1:colcon.colcon_core.package_identification:_identify(src/robot/tools) by extension 'python_setup_py'
[0.402s] Level 1:colcon.colcon_core.package_identification:_identify(src/romeo_tui) by extensions ['ignore', 'ignore_ament_install']
[0.402s] Level 1:colcon.colcon_core.package_identification:_identify(src/romeo_tui) by extension 'ignore'
[0.402s] Level 1:colcon.colcon_core.package_identification:_identify(src/romeo_tui) by extension 'ignore_ament_install'
[0.402s] Level 1:colcon.colcon_core.package_identification:_identify(src/romeo_tui) by extensions ['colcon_pkg']
[0.402s] Level 1:colcon.colcon_core.package_identification:_identify(src/romeo_tui) by extension 'colcon_pkg'
[0.403s] Level 1:colcon.colcon_core.package_identification:_identify(src/romeo_tui) by extensions ['colcon_meta']
[0.403s] Level 1:colcon.colcon_core.package_identification:_identify(src/romeo_tui) by extension 'colcon_meta'
[0.403s] Level 1:colcon.colcon_core.package_identification:_identify(src/romeo_tui) by extensions ['ros']
[0.406s] Level 1:colcon.colcon_core.package_identification:_identify(src/romeo_tui) by extension 'ros'
[0.406s] DEBUG:colcon.colcon_core.package_identification:Package 'src/romeo_tui' with type 'ros.ament_cmake' and name 'romeo_tui'
[0.406s] Level 1:colcon.colcon_core.package_discovery:discover_packages(recursive) using defaults
[0.406s] Level 1:colcon.colcon_core.package_discovery:discover_packages(ignore) discover
[0.406s] Level 1:colcon.colcon_core.package_discovery:discover_packages(ignore) using defaults
[0.407s] Level 1:colcon.colcon_core.package_discovery:discover_packages(path) discover
[0.407s] Level 1:colcon.colcon_core.package_discovery:discover_packages(path) using defaults
[0.429s] Level 1:colcon.colcon_core.package_discovery:discover_packages(prefix_path) check parameters
[0.429s] Level 1:colcon.colcon_core.package_discovery:discover_packages(prefix_path) discover
[0.438s] DEBUG:colcon.colcon_installed_package_information.package_discovery:Found 4 installed packages in /home/romeperl/ssl_robot_challenge/install
[0.439s] DEBUG:colcon.colcon_installed_package_information.package_discovery:Found 276 installed packages in /opt/ros/humble
[0.440s] Level 1:colcon.colcon_core.package_discovery:discover_packages(prefix_path) using defaults
[0.492s] Level 5:colcon.colcon_core.verb:set package 'control' build argument 'cmake_args' from command line to 'None'
[0.493s] Level 5:colcon.colcon_core.verb:set package 'control' build argument 'cmake_target' from command line to 'None'
[0.493s] Level 5:colcon.colcon_core.verb:set package 'control' build argument 'cmake_target_skip_unavailable' from command line to 'False'
[0.493s] Level 5:colcon.colcon_core.verb:set package 'control' build argument 'cmake_clean_cache' from command line to 'False'
[0.493s] Level 5:colcon.colcon_core.verb:set package 'control' build argument 'cmake_clean_first' from command line to 'False'
[0.493s] Level 5:colcon.colcon_core.verb:set package 'control' build argument 'cmake_force_configure' from command line to 'False'
[0.493s] Level 5:colcon.colcon_core.verb:set package 'control' build argument 'ament_cmake_args' from command line to 'None'
[0.493s] Level 5:colcon.colcon_core.verb:set package 'control' build argument 'catkin_cmake_args' from command line to 'None'
[0.493s] Level 5:colcon.colcon_core.verb:set package 'control' build argument 'catkin_skip_building_tests' from command line to 'False'
[0.493s] DEBUG:colcon.colcon_core.verb:Building package 'control' with the following arguments: {'ament_cmake_args': None, 'build_base': '/home/romeperl/ssl_robot_challenge/build/control', 'catkin_cmake_args': None, 'catkin_skip_building_tests': False, 'cmake_args': None, 'cmake_clean_cache': False, 'cmake_clean_first': False, 'cmake_force_configure': False, 'cmake_target': None, 'cmake_target_skip_unavailable': False, 'install_base': '/home/romeperl/ssl_robot_challenge/install/control', 'merge_install': False, 'path': '/home/romeperl/ssl_robot_challenge/src/control', 'symlink_install': False, 'test_result_base': None}
[0.494s] Level 5:colcon.colcon_core.verb:set package 'launcher' build argument 'cmake_args' from command line to 'None'
[0.495s] Level 5:colcon.colcon_core.verb:set package 'launcher' build argument 'cmake_target' from command line to 'None'
[0.495s] Level 5:colcon.colcon_core.verb:set package 'launcher' build argument 'cmake_target_skip_unavailable' from command line to 'False'
[0.495s] Level 5:colcon.colcon_core.verb:set package 'launcher' build argument 'cmake_clean_cache' from command line to 'False'
[0.495s] Level 5:colcon.colcon_core.verb:set package 'launcher' build argument 'cmake_clean_first' from command line to 'False'
[0.495s] Level 5:colcon.colcon_core.verb:set package 'launcher' build argument 'cmake_force_configure' from command line to 'False'
[0.495s] Level 5:colcon.colcon_core.verb:set package 'launcher' build argument 'ament_cmake_args' from command line to 'None'
[0.495s] Level 5:colcon.colcon_core.verb:set package 'launcher' build argument 'catkin_cmake_args' from command line to 'None'
[0.495s] Level 5:colcon.colcon_core.verb:set package 'launcher' build argument 'catkin_skip_building_tests' from command line to 'False'
[0.495s] DEBUG:colcon.colcon_core.verb:Building package 'launcher' with the following arguments: {'ament_cmake_args': None, 'build_base': '/home/romeperl/ssl_robot_challenge/build/launcher', 'catkin_cmake_args': None, 'catkin_skip_building_tests': False, 'cmake_args': None, 'cmake_clean_cache': False, 'cmake_clean_first': False, 'cmake_force_configure': False, 'cmake_target': None, 'cmake_target_skip_unavailable': False, 'install_base': '/home/romeperl/ssl_robot_challenge/install/launcher', 'merge_install': False, 'path': '/home/romeperl/ssl_robot_challenge/src/launcher', 'symlink_install': False, 'test_result_base': None}
[0.496s] Level 5:colcon.colcon_core.verb:set package 'romeo_tui' build argument 'cmake_args' from command line to 'None'
[0.496s] Level 5:colcon.colcon_core.verb:set package 'romeo_tui' build argument 'cmake_target' from command line to 'None'
[0.496s] Level 5:colcon.colcon_core.verb:set package 'romeo_tui' build argument 'cmake_target_skip_unavailable' from command line to 'False'
[0.496s] Level 5:colcon.colcon_core.verb:set package 'romeo_tui' build argument 'cmake_clean_cache' from command line to 'False'
[0.496s] Level 5:colcon.colcon_core.verb:set package 'romeo_tui' build argument 'cmake_clean_first' from command line to 'False'
[0.497s] Level 5:colcon.colcon_core.verb:set package 'romeo_tui' build argument 'cmake_force_configure' from command line to 'False'
[0.497s] Level 5:colcon.colcon_core.verb:set package 'romeo_tui' build argument 'ament_cmake_args' from command line to 'None'
[0.497s] Level 5:colcon.colcon_core.verb:set package 'romeo_tui' build argument 'catkin_cmake_args' from command line to 'None'
[0.497s] Level 5:colcon.colcon_core.verb:set package 'romeo_tui' build argument 'catkin_skip_building_tests' from command line to 'False'
[0.497s] DEBUG:colcon.colcon_core.verb:Building package 'romeo_tui' with the following arguments: {'ament_cmake_args': None, 'build_base': '/home/romeperl/ssl_robot_challenge/build/romeo_tui', 'catkin_cmake_args': None, 'catkin_skip_building_tests': False, 'cmake_args': None, 'cmake_clean_cache': False, 'cmake_clean_first': False, 'cmake_force_configure': False, 'cmake_target': None, 'cmake_target_skip_unavailable': False, 'install_base': '/home/romeperl/ssl_robot_challenge/install/romeo_tui', 'merge_install': False, 'path': '/home/romeperl/ssl_robot_challenge/src/romeo_tui', 'symlink_install': False, 'test_result_base': None}
[0.497s] INFO:colcon.colcon_core.executor:Executing jobs using 'parallel' executor
[0.501s] DEBUG:colcon.colcon_parallel_executor.executor.parallel:run_until_complete
[0.501s] INFO:colcon.colcon_ros.task.ament_cmake.build:Building ROS package in '/home/romeperl/ssl_robot_challenge/src/control' with build type 'ament_cmake'
[0.502s] INFO:colcon.colcon_cmake.task.cmake.build:Building CMake package in '/home/romeperl/ssl_robot_challenge/src/control'
[0.517s] INFO:colcon.colcon_core.plugin_system:Skipping extension 'colcon_core.shell.bat': Not used on non-Windows systems
[0.517s] INFO:colcon.colcon_core.shell:Skip shell extension 'powershell' for command environment: Not usable outside of PowerShell
[0.517s] DEBUG:colcon.colcon_core.shell:Skip shell extension 'dsv' for command environment
[0.538s] INFO:colcon.colcon_ros.task.ament_python.build:Building ROS package in '/home/romeperl/ssl_robot_challenge/src/launcher' with build type 'ament_python'
[0.539s] Level 1:colcon.colcon_core.shell:create_environment_hook('launcher', 'ament_prefix_path')
[0.541s] INFO:colcon.colcon_core.shell:Creating environment hook '/home/romeperl/ssl_robot_challenge/install/launcher/share/launcher/hook/ament_prefix_path.ps1'
[0.544s] INFO:colcon.colcon_core.shell:Creating environment descriptor '/home/romeperl/ssl_robot_challenge/install/launcher/share/launcher/hook/ament_prefix_path.dsv'
[0.550s] INFO:colcon.colcon_core.shell:Creating environment hook '/home/romeperl/ssl_robot_challenge/install/launcher/share/launcher/hook/ament_prefix_path.sh'
[0.554s] INFO:colcon.colcon_core.shell:Skip shell extension 'powershell' for command environment: Not usable outside of PowerShell
[0.554s] DEBUG:colcon.colcon_core.shell:Skip shell extension 'dsv' for command environment
[0.590s] DEBUG:colcon.colcon_core.event_handler.log_command:Invoking command in '/home/romeperl/ssl_robot_challenge/build/control': CMAKE_PREFIX_PATH=${CMAKE_PREFIX_PATH}:/home/romeperl/ssl_robot_challenge/install/launcher:/opt/ros/humble /usr/bin/cmake --build /home/romeperl/ssl_robot_challenge/build/control -- -j2 -l2
[0.858s] INFO:colcon.colcon_core.task.python.build:Building Python package in '/home/romeperl/ssl_robot_challenge/src/launcher'
[0.860s] INFO:colcon.colcon_core.shell:Skip shell extension 'powershell' for command environment: Not usable outside of PowerShell
[0.860s] DEBUG:colcon.colcon_core.shell:Skip shell extension 'dsv' for command environment
[0.908s] DEBUG:colcon.colcon_core.event_handler.log_command:Invoked command in '/home/romeperl/ssl_robot_challenge/build/control' returned '0': CMAKE_PREFIX_PATH=${CMAKE_PREFIX_PATH}:/home/romeperl/ssl_robot_challenge/install/launcher:/opt/ros/humble /usr/bin/cmake --build /home/romeperl/ssl_robot_challenge/build/control -- -j2 -l2
[1.020s] DEBUG:colcon.colcon_core.event_handler.log_command:Invoking command in '/home/romeperl/ssl_robot_challenge/build/control': CMAKE_PREFIX_PATH=${CMAKE_PREFIX_PATH}:/home/romeperl/ssl_robot_challenge/install/launcher:/opt/ros/humble /usr/bin/cmake --install /home/romeperl/ssl_robot_challenge/build/control
[1.064s] Level 1:colcon.colcon_core.environment:create_environment_scripts_only(control)
[1.065s] DEBUG:colcon.colcon_core.event_handler.log_command:Invoked command in '/home/romeperl/ssl_robot_challenge/build/control' returned '0': CMAKE_PREFIX_PATH=${CMAKE_PREFIX_PATH}:/home/romeperl/ssl_robot_challenge/install/launcher:/opt/ros/humble /usr/bin/cmake --install /home/romeperl/ssl_robot_challenge/build/control
[1.092s] Level 1:colcon.colcon_core.environment:checking '/home/romeperl/ssl_robot_challenge/install/control' for CMake module files
[1.093s] Level 1:colcon.colcon_core.environment:checking '/home/romeperl/ssl_robot_challenge/install/control' for CMake config files
[1.093s] Level 1:colcon.colcon_core.shell:create_environment_hook('control', 'cmake_prefix_path')
[1.094s] INFO:colcon.colcon_core.shell:Creating environment hook '/home/romeperl/ssl_robot_challenge/install/control/share/control/hook/cmake_prefix_path.ps1'
[1.109s] INFO:colcon.colcon_core.shell:Creating environment descriptor '/home/romeperl/ssl_robot_challenge/install/control/share/control/hook/cmake_prefix_path.dsv'
[1.109s] INFO:colcon.colcon_core.shell:Creating environment hook '/home/romeperl/ssl_robot_challenge/install/control/share/control/hook/cmake_prefix_path.sh'
[1.111s] Level 1:colcon.colcon_core.environment:checking '/home/romeperl/ssl_robot_challenge/install/control/bin'
[1.111s] Level 1:colcon.colcon_core.environment:checking '/home/romeperl/ssl_robot_challenge/install/control/lib/pkgconfig/control.pc'
[1.111s] Level 1:colcon.colcon_core.environment:checking '/home/romeperl/ssl_robot_challenge/install/control/lib/python3.10/site-packages'
[1.111s] Level 1:colcon.colcon_core.environment:checking '/home/romeperl/ssl_robot_challenge/install/control/bin'
[1.112s] INFO:colcon.colcon_core.shell:Creating package script '/home/romeperl/ssl_robot_challenge/install/control/share/control/package.ps1'
[1.123s] INFO:colcon.colcon_core.shell:Creating package descriptor '/home/romeperl/ssl_robot_challenge/install/control/share/control/package.dsv'
[1.127s] INFO:colcon.colcon_core.shell:Creating package script '/home/romeperl/ssl_robot_challenge/install/control/share/control/package.sh'
[1.134s] INFO:colcon.colcon_core.shell:Creating package script '/home/romeperl/ssl_robot_challenge/install/control/share/control/package.bash'
[1.136s] INFO:colcon.colcon_core.shell:Creating package script '/home/romeperl/ssl_robot_challenge/install/control/share/control/package.zsh'
[1.138s] Level 1:colcon.colcon_core.environment:create_file_with_runtime_dependencies(/home/romeperl/ssl_robot_challenge/install/control/share/colcon-core/packages/control)
[1.195s] Level 1:colcon.colcon_core.environment:create_environment_scripts_only(control)
[1.197s] Level 1:colcon.colcon_core.environment:checking '/home/romeperl/ssl_robot_challenge/install/control' for CMake module files
[1.198s] Level 1:colcon.colcon_core.environment:checking '/home/romeperl/ssl_robot_challenge/install/control' for CMake config files
[1.198s] Level 1:colcon.colcon_core.shell:create_environment_hook('control', 'cmake_prefix_path')
[1.199s] INFO:colcon.colcon_core.shell:Creating environment hook '/home/romeperl/ssl_robot_challenge/install/control/share/control/hook/cmake_prefix_path.ps1'
[1.200s] INFO:colcon.colcon_core.shell:Creating environment descriptor '/home/romeperl/ssl_robot_challenge/install/control/share/control/hook/cmake_prefix_path.dsv'
[1.201s] INFO:colcon.colcon_core.shell:Creating environment hook '/home/romeperl/ssl_robot_challenge/install/control/share/control/hook/cmake_prefix_path.sh'
[1.220s] Level 1:colcon.colcon_core.environment:checking '/home/romeperl/ssl_robot_challenge/install/control/bin'
[1.220s] Level 1:colcon.colcon_core.environment:checking '/home/romeperl/ssl_robot_challenge/install/control/lib/pkgconfig/control.pc'
[1.221s] Level 1:colcon.colcon_core.environment:checking '/home/romeperl/ssl_robot_challenge/install/control/lib/python3.10/site-packages'
[1.221s] Level 1:colcon.colcon_core.environment:checking '/home/romeperl/ssl_robot_challenge/install/control/bin'
[1.222s] INFO:colcon.colcon_core.shell:Creating package script '/home/romeperl/ssl_robot_challenge/install/control/share/control/package.ps1'
[1.223s] INFO:colcon.colcon_core.shell:Creating package descriptor '/home/romeperl/ssl_robot_challenge/install/control/share/control/package.dsv'
[1.238s] INFO:colcon.colcon_core.shell:Creating package script '/home/romeperl/ssl_robot_challenge/install/control/share/control/package.sh'
[1.240s] INFO:colcon.colcon_core.shell:Creating package script '/home/romeperl/ssl_robot_challenge/install/control/share/control/package.bash'
[1.241s] INFO:colcon.colcon_core.shell:Creating package script '/home/romeperl/ssl_robot_challenge/install/control/share/control/package.zsh'
[1.243s] Level 1:colcon.colcon_core.environment:create_file_with_runtime_dependencies(/home/romeperl/ssl_robot_challenge/install/control/share/colcon-core/packages/control)
[1.244s] INFO:colcon.colcon_ros.task.ament_cmake.build:Building ROS package in '/home/romeperl/ssl_robot_challenge/src/romeo_tui' with build type 'ament_cmake'
[1.245s] INFO:colcon.colcon_cmake.task.cmake.build:Building CMake package in '/home/romeperl/ssl_robot_challenge/src/romeo_tui'
[1.247s] INFO:colcon.colcon_core.shell:Skip shell extension 'powershell' for command environment: Not usable outside of PowerShell
[1.258s] DEBUG:colcon.colcon_core.shell:Skip shell extension 'dsv' for command environment
[1.309s] DEBUG:colcon.colcon_core.event_handler.log_command:Invoking command in '/home/romeperl/ssl_robot_challenge/build/romeo_tui': CMAKE_PREFIX_PATH=${CMAKE_PREFIX_PATH}:/home/romeperl/ssl_robot_challenge/install/launcher:/opt/ros/humble /usr/bin/cmake --build /home/romeperl/ssl_robot_challenge/build/romeo_tui -- -j2 -l2
[1.492s] DEBUG:colcon.colcon_core.event_handler.log_command:Invoked command in '/home/romeperl/ssl_robot_challenge/build/romeo_tui' returned '0': CMAKE_PREFIX_PATH=${CMAKE_PREFIX_PATH}:/home/romeperl/ssl_robot_challenge/install/launcher:/opt/ros/humble /usr/bin/cmake --build /home/romeperl/ssl_robot_challenge/build/romeo_tui -- -j2 -l2
[1.553s] DEBUG:colcon.colcon_core.event_handler.log_command:Invoking command in '/home/romeperl/ssl_robot_challenge/build/romeo_tui': CMAKE_PREFIX_PATH=${CMAKE_PREFIX_PATH}:/home/romeperl/ssl_robot_challenge/install/launcher:/opt/ros/humble /usr/bin/cmake --install /home/romeperl/ssl_robot_challenge/build/romeo_tui
[1.595s] Level 1:colcon.colcon_core.environment:create_environment_scripts_only(romeo_tui)
[1.598s] Level 1:colcon.colcon_core.environment:checking '/home/romeperl/ssl_robot_challenge/install/romeo_tui' for CMake module files
[1.599s] Level 1:colcon.colcon_core.environment:checking '/home/romeperl/ssl_robot_challenge/install/romeo_tui' for CMake config files
[1.600s] Level 1:colcon.colcon_core.shell:create_environment_hook('romeo_tui', 'cmake_prefix_path')
[1.602s] INFO:colcon.colcon_core.shell:Creating environment hook '/home/romeperl/ssl_robot_challenge/install/romeo_tui/share/romeo_tui/hook/cmake_prefix_path.ps1'
[1.603s] INFO:colcon.colcon_core.shell:Creating environment descriptor '/home/romeperl/ssl_robot_challenge/install/romeo_tui/share/romeo_tui/hook/cmake_prefix_path.dsv'
[1.604s] INFO:colcon.colcon_core.shell:Creating environment hook '/home/romeperl/ssl_robot_challenge/install/romeo_tui/share/romeo_tui/hook/cmake_prefix_path.sh'
[1.605s] Level 1:colcon.colcon_core.environment:checking '/home/romeperl/ssl_robot_challenge/install/romeo_tui/bin'
[1.605s] Level 1:colcon.colcon_core.environment:checking '/home/romeperl/ssl_robot_challenge/install/romeo_tui/lib/pkgconfig/romeo_tui.pc'
[1.605s] Level 1:colcon.colcon_core.environment:checking '/home/romeperl/ssl_robot_challenge/install/romeo_tui/lib/python3.10/site-packages'
[1.606s] Level 1:colcon.colcon_core.environment:checking '/home/romeperl/ssl_robot_challenge/install/romeo_tui/bin'
[1.610s] INFO:colcon.colcon_core.shell:Creating package script '/home/romeperl/ssl_robot_challenge/install/romeo_tui/share/romeo_tui/package.ps1'
[1.611s] INFO:colcon.colcon_core.shell:Creating package descriptor '/home/romeperl/ssl_robot_challenge/install/romeo_tui/share/romeo_tui/package.dsv'
[1.612s] DEBUG:colcon.colcon_core.event_handler.log_command:Invoked command in '/home/romeperl/ssl_robot_challenge/build/romeo_tui' returned '0': CMAKE_PREFIX_PATH=${CMAKE_PREFIX_PATH}:/home/romeperl/ssl_robot_challenge/install/launcher:/opt/ros/humble /usr/bin/cmake --install /home/romeperl/ssl_robot_challenge/build/romeo_tui
[1.613s] INFO:colcon.colcon_core.shell:Creating package script '/home/romeperl/ssl_robot_challenge/install/romeo_tui/share/romeo_tui/package.sh'
[1.614s] INFO:colcon.colcon_core.shell:Creating package script '/home/romeperl/ssl_robot_challenge/install/romeo_tui/share/romeo_tui/package.bash'
[1.614s] INFO:colcon.colcon_core.shell:Creating package script '/home/romeperl/ssl_robot_challenge/install/romeo_tui/share/romeo_tui/package.zsh'
[1.615s] Level 1:colcon.colcon_core.environment:create_file_with_runtime_dependencies(/home/romeperl/ssl_robot_challenge/install/romeo_tui/share/colcon-core/packages/romeo_tui)
[1.660s] DEBUG:colcon.colcon_core.event_handler.log_command:Invoking command in '/home/romeperl/ssl_robot_challenge/src/launcher': PYTHONPATH=/home/romeperl/ssl_robot_challenge/build/launcher/prefix_override:/home/romeperl/ssl_robot_challenge/install/launcher/lib/python3.10/site-packages:${PYTHONPATH} /usr/bin/python3 setup.py egg_info --egg-base ../../build/launcher build --build-base /home/romeperl/ssl_robot_challenge/build/launcher/build install --record /home/romeperl/ssl_robot_challenge/build/launcher/install.log --single-version-externally-managed
[1.736s] Level 1:colcon.colcon_core.environment:create_environment_scripts_only(romeo_tui)
[1.738s] Level 1:colcon.colcon_core.environment:checking '/home/romeperl/ssl_robot_challenge/install/romeo_tui' for CMake module files
[1.738s] Level 1:colcon.colcon_core.environment:checking '/home/romeperl/ssl_robot_challenge/install/romeo_tui' for CMake config files
[1.738s] Level 1:colcon.colcon_core.shell:create_environment_hook('romeo_tui', 'cmake_prefix_path')
[1.739s] INFO:colcon.colcon_core.shell:Creating environment hook '/home/romeperl/ssl_robot_challenge/install/romeo_tui/share/romeo_tui/hook/cmake_prefix_path.ps1'
[1.740s] INFO:colcon.colcon_core.shell:Creating environment descriptor '/home/romeperl/ssl_robot_challenge/install/romeo_tui/share/romeo_tui/hook/cmake_prefix_path.dsv'
[1.742s] INFO:colcon.colcon_core.shell:Creating environment hook '/home/romeperl/ssl_robot_challenge/install/romeo_tui/share/romeo_tui/hook/cmake_prefix_path.sh'
[1.743s] Level 1:colcon.colcon_core.environment:checking '/home/romeperl/ssl_robot_challenge/install/romeo_tui/bin'
[1.743s] Level 1:colcon.colcon_core.environment:checking '/home/romeperl/ssl_robot_challenge/install/romeo_tui/lib/pkgconfig/romeo_tui.pc'
[1.743s] Level 1:colcon.colcon_core.environment:checking '/home/romeperl/ssl_robot_challenge/install/romeo_tui/lib/python3.10/site-packages'
[1.744s] Level 1:colcon.colcon_core.environment:checking '/home/romeperl/ssl_robot_challenge/install/romeo_tui/bin'
[1.745s] INFO:colcon.colcon_core.shell:Creating package script '/home/romeperl/ssl_robot_challenge/install/romeo_tui/share/romeo_tui/package.ps1'
[1.746s] INFO:colcon.colcon_core.shell:Creating package descriptor '/home/romeperl/ssl_robot_challenge/install/romeo_tui/share/romeo_tui/package.dsv'
[1.747s] INFO:colcon.colcon_core.shell:Creating package script '/home/romeperl/ssl_robot_challenge/install/romeo_tui/share/romeo_tui/package.sh'
[1.748s] INFO:colcon.colcon_core.shell:Creating package script '/home/romeperl/ssl_robot_challenge/install/romeo_tui/share/romeo_tui/package.bash'
[1.749s] INFO:colcon.colcon_core.shell:Creating package script '/home/romeperl/ssl_robot_challenge/install/romeo_tui/share/romeo_tui/package.zsh'
[1.750s] Level 1:colcon.colcon_core.environment:create_file_with_runtime_dependencies(/home/romeperl/ssl_robot_challenge/install/romeo_tui/share/colcon-core/packages/romeo_tui)
[2.032s] Level 1:colcon.colcon_core.environment:checking '/home/romeperl/ssl_robot_challenge/install/launcher' for CMake module files
[2.032s] Level 1:colcon.colcon_core.environment:checking '/home/romeperl/ssl_robot_challenge/install/launcher' for CMake config files
[2.033s] DEBUG:colcon.colcon_core.event_handler.log_command:Invoked command in '/home/romeperl/ssl_robot_challenge/src/launcher' returned '0': PYTHONPATH=/home/romeperl/ssl_robot_challenge/build/launcher/prefix_override:/home/romeperl/ssl_robot_challenge/install/launcher/lib/python3.10/site-packages:${PYTHONPATH} /usr/bin/python3 setup.py egg_info --egg-base ../../build/launcher build --build-base /home/romeperl/ssl_robot_challenge/build/launcher/build install --record /home/romeperl/ssl_robot_challenge/build/launcher/install.log --single-version-externally-managed
[2.034s] Level 1:colcon.colcon_core.environment:checking '/home/romeperl/ssl_robot_challenge/install/launcher/lib'
[2.034s] Level 1:colcon.colcon_core.environment:checking '/home/romeperl/ssl_robot_challenge/install/launcher/bin'
[2.035s] Level 1:colcon.colcon_core.environment:checking '/home/romeperl/ssl_robot_challenge/install/launcher/lib/pkgconfig/launcher.pc'
[2.035s] Level 1:colcon.colcon_core.environment:checking '/home/romeperl/ssl_robot_challenge/install/launcher/lib/python3.10/site-packages'
[2.035s] Level 1:colcon.colcon_core.shell:create_environment_hook('launcher', 'pythonpath')
[2.036s] INFO:colcon.colcon_core.shell:Creating environment hook '/home/romeperl/ssl_robot_challenge/install/launcher/share/launcher/hook/pythonpath.ps1'
[2.037s] INFO:colcon.colcon_core.shell:Creating environment descriptor '/home/romeperl/ssl_robot_challenge/install/launcher/share/launcher/hook/pythonpath.dsv'
[2.038s] INFO:colcon.colcon_core.shell:Creating environment hook '/home/romeperl/ssl_robot_challenge/install/launcher/share/launcher/hook/pythonpath.sh'
[2.039s] Level 1:colcon.colcon_core.environment:checking '/home/romeperl/ssl_robot_challenge/install/launcher/bin'
[2.039s] Level 1:colcon.colcon_core.environment:create_environment_scripts_only(launcher)
[2.040s] INFO:colcon.colcon_core.shell:Creating package script '/home/romeperl/ssl_robot_challenge/install/launcher/share/launcher/package.ps1'
[2.041s] INFO:colcon.colcon_core.shell:Creating package descriptor '/home/romeperl/ssl_robot_challenge/install/launcher/share/launcher/package.dsv'
[2.042s] INFO:colcon.colcon_core.shell:Creating package script '/home/romeperl/ssl_robot_challenge/install/launcher/share/launcher/package.sh'
[2.043s] INFO:colcon.colcon_core.shell:Creating package script '/home/romeperl/ssl_robot_challenge/install/launcher/share/launcher/package.bash'
[2.043s] INFO:colcon.colcon_core.shell:Creating package script '/home/romeperl/ssl_robot_challenge/install/launcher/share/launcher/package.zsh'
[2.044s] Level 1:colcon.colcon_core.environment:create_file_with_runtime_dependencies(/home/romeperl/ssl_robot_challenge/install/launcher/share/colcon-core/packages/launcher)
[2.045s] DEBUG:colcon.colcon_parallel_executor.executor.parallel:closing loop
[2.045s] DEBUG:colcon.colcon_parallel_executor.executor.parallel:loop closed
[2.046s] DEBUG:colcon.colcon_parallel_executor.executor.parallel:run_until_complete finished with '0'
[2.046s] DEBUG:colcon.colcon_core.event_reactor:joining thread
[2.057s] INFO:colcon.colcon_core.plugin_system:Skipping extension 'colcon_notification.desktop_notification.terminal_notifier': Not used on non-Darwin systems
[2.057s] INFO:colcon.colcon_core.plugin_system:Skipping extension 'colcon_notification.desktop_notification.win32': Not used on non-Windows systems
[2.057s] INFO:colcon.colcon_notification.desktop_notification:Sending desktop notification using 'notify2'
[2.101s] DEBUG:colcon.colcon_core.event_reactor:joined thread
[2.102s] INFO:colcon.colcon_core.shell:Creating prefix script '/home/romeperl/ssl_robot_challenge/install/local_setup.ps1'
[2.105s] INFO:colcon.colcon_core.shell:Creating prefix util module '/home/romeperl/ssl_robot_challenge/install/_local_setup_util_ps1.py'
[2.107s] INFO:colcon.colcon_core.shell:Creating prefix chain script '/home/romeperl/ssl_robot_challenge/install/setup.ps1'
[2.110s] INFO:colcon.colcon_core.shell:Creating prefix script '/home/romeperl/ssl_robot_challenge/install/local_setup.sh'
[2.112s] INFO:colcon.colcon_core.shell:Creating prefix util module '/home/romeperl/ssl_robot_challenge/install/_local_setup_util_sh.py'
[2.113s] INFO:colcon.colcon_core.shell:Creating prefix chain script '/home/romeperl/ssl_robot_challenge/install/setup.sh'
[2.128s] INFO:colcon.colcon_core.shell:Creating prefix script '/home/romeperl/ssl_robot_challenge/install/local_setup.bash'
[2.130s] INFO:colcon.colcon_core.shell:Creating prefix chain script '/home/romeperl/ssl_robot_challenge/install/setup.bash'
[2.133s] INFO:colcon.colcon_core.shell:Creating prefix script '/home/romeperl/ssl_robot_challenge/install/local_setup.zsh'
[2.135s] INFO:colcon.colcon_core.shell:Creating prefix chain script '/home/romeperl/ssl_robot_challenge/install/setup.zsh'
