[0.712s] Invoking command in '/home/romeperl/ssl_robot_challenge/src/launch': PYTHONPATH=/home/romeperl/ssl_robot_challenge/build/launch/prefix_override:/home/romeperl/ssl_robot_challenge/install/launch/lib/python3.10/site-packages:${PYTHONPATH} /usr/bin/python3 setup.py egg_info --egg-base ../../build/launch build --build-base /home/romeperl/ssl_robot_challenge/build/launch/build install --record /home/romeperl/ssl_robot_challenge/build/launch/install.log --single-version-externally-managed
[0.918s] running egg_info
[0.918s] writing ../../build/launch/launch.egg-info/PKG-INFO
[0.918s] writing dependency_links to ../../build/launch/launch.egg-info/dependency_links.txt
[0.918s] writing entry points to ../../build/launch/launch.egg-info/entry_points.txt
[0.918s] writing requirements to ../../build/launch/launch.egg-info/requires.txt
[0.919s] writing top-level names to ../../build/launch/launch.egg-info/top_level.txt
[0.919s] reading manifest file '../../build/launch/launch.egg-info/SOURCES.txt'
[0.919s] writing manifest file '../../build/launch/launch.egg-info/SOURCES.txt'
[0.919s] running build
[0.920s] running build_py
[0.920s] running install
[0.920s] running install_lib
[0.920s] running install_data
[0.921s] running install_egg_info
[0.922s] removing '/home/romeperl/ssl_robot_challenge/install/launch/lib/python3.10/site-packages/launch-0.0.0-py3.10.egg-info' (and everything under it)
[0.923s] Copying ../../build/launch/launch.egg-info to /home/romeperl/ssl_robot_challenge/install/launch/lib/python3.10/site-packages/launch-0.0.0-py3.10.egg-info
[0.924s] running install_scripts
[0.948s] writing list of installed files to '/home/romeperl/ssl_robot_challenge/build/launch/install.log'
[0.982s] Invoked command in '/home/romeperl/ssl_robot_challenge/src/launch' returned '0': PYTHONPATH=/home/romeperl/ssl_robot_challenge/build/launch/prefix_override:/home/romeperl/ssl_robot_challenge/install/launch/lib/python3.10/site-packages:${PYTHONPATH} /usr/bin/python3 setup.py egg_info --egg-base ../../build/launch build --build-base /home/romeperl/ssl_robot_challenge/build/launch/build install --record /home/romeperl/ssl_robot_challenge/build/launch/install.log --single-version-externally-managed
