[0.037s] Invoking command in '/home/romeperl/ssl_robot_challenge/build/control': CMAKE_PREFIX_PATH=${CMAKE_PREFIX_PATH}:/home/romeperl/ssl_robot_challenge/install/launcher:/opt/ros/humble /usr/bin/cmake --build /home/romeperl/ssl_robot_challenge/build/control -- -j2 -l2
[0.268s] Invoked command in '/home/romeperl/ssl_robot_challenge/build/control' returned '0': CMAKE_PREFIX_PATH=${CMAKE_PREFIX_PATH}:/home/romeperl/ssl_robot_challenge/install/launcher:/opt/ros/humble /usr/bin/cmake --build /home/romeperl/ssl_robot_challenge/build/control -- -j2 -l2
[0.352s] Invoking command in '/home/romeperl/ssl_robot_challenge/build/control': CMAKE_PREFIX_PATH=${CMAKE_PREFIX_PATH}:/home/romeperl/ssl_robot_challenge/install/launcher:/opt/ros/humble /usr/bin/cmake --install /home/romeperl/ssl_robot_challenge/build/control
[0.359s] -- Install configuration: ""
[0.359s] -- Up-to-date: /home/romeperl/ssl_robot_challenge/install/control/share/ament_index/resource_index/package_run_dependencies/control
[0.359s] -- Up-to-date: /home/romeperl/ssl_robot_challenge/install/control/share/ament_index/resource_index/parent_prefix_path/control
[0.360s] -- Up-to-date: /home/romeperl/ssl_robot_challenge/install/control/share/control/environment/ament_prefix_path.sh
[0.361s] -- Up-to-date: /home/romeperl/ssl_robot_challenge/install/control/share/control/environment/ament_prefix_path.dsv
[0.361s] -- Up-to-date: /home/romeperl/ssl_robot_challenge/install/control/share/control/environment/path.sh
[0.362s] -- Up-to-date: /home/romeperl/ssl_robot_challenge/install/control/share/control/environment/path.dsv
[0.362s] -- Up-to-date: /home/romeperl/ssl_robot_challenge/install/control/share/control/local_setup.bash
[0.362s] -- Up-to-date: /home/romeperl/ssl_robot_challenge/install/control/share/control/local_setup.sh
[0.363s] -- Up-to-date: /home/romeperl/ssl_robot_challenge/install/control/share/control/local_setup.zsh
[0.363s] -- Up-to-date: /home/romeperl/ssl_robot_challenge/install/control/share/control/local_setup.dsv
[0.364s] -- Installing: /home/romeperl/ssl_robot_challenge/install/control/share/control/package.dsv
[0.365s] -- Up-to-date: /home/romeperl/ssl_robot_challenge/install/control/share/ament_index/resource_index/packages/control
[0.365s] -- Up-to-date: /home/romeperl/ssl_robot_challenge/install/control/share/control/cmake/controlConfig.cmake
[0.366s] -- Up-to-date: /home/romeperl/ssl_robot_challenge/install/control/share/control/cmake/controlConfig-version.cmake
[0.366s] -- Up-to-date: /home/romeperl/ssl_robot_challenge/install/control/share/control/package.xml
[0.372s] Invoked command in '/home/romeperl/ssl_robot_challenge/build/control' returned '0': CMAKE_PREFIX_PATH=${CMAKE_PREFIX_PATH}:/home/romeperl/ssl_robot_challenge/install/launcher:/opt/ros/humble /usr/bin/cmake --install /home/romeperl/ssl_robot_challenge/build/control
