[0.034s] Invoking command in '/home/romeperl/ssl_robot_challenge/build/romeo_tui': CMAKE_PREFIX_PATH=${CMAKE_PREFIX_PATH}:/home/romeperl/ssl_robot_challenge/install/launcher:/opt/ros/humble /usr/bin/cmake --build /home/romeperl/ssl_robot_challenge/build/romeo_tui -- -j2 -l2
[0.095s] Invoked command in '/home/romeperl/ssl_robot_challenge/build/romeo_tui' returned '0': CMAKE_PREFIX_PATH=${CMAKE_PREFIX_PATH}:/home/romeperl/ssl_robot_challenge/install/launcher:/opt/ros/humble /usr/bin/cmake --build /home/romeperl/ssl_robot_challenge/build/romeo_tui -- -j2 -l2
[0.180s] Invoking command in '/home/romeperl/ssl_robot_challenge/build/romeo_tui': CMAKE_PREFIX_PATH=${CMAKE_PREFIX_PATH}:/home/romeperl/ssl_robot_challenge/install/launcher:/opt/ros/humble /usr/bin/cmake --install /home/romeperl/ssl_robot_challenge/build/romeo_tui
[0.193s] -- Install configuration: ""
[0.193s] -- Up-to-date: /home/romeperl/ssl_robot_challenge/install/romeo_tui/share/ament_index/resource_index/package_run_dependencies/romeo_tui
[0.193s] -- Up-to-date: /home/romeperl/ssl_robot_challenge/install/romeo_tui/share/ament_index/resource_index/parent_prefix_path/romeo_tui
[0.193s] -- Up-to-date: /home/romeperl/ssl_robot_challenge/install/romeo_tui/share/romeo_tui/environment/ament_prefix_path.sh
[0.194s] -- Up-to-date: /home/romeperl/ssl_robot_challenge/install/romeo_tui/share/romeo_tui/environment/ament_prefix_path.dsv
[0.194s] -- Up-to-date: /home/romeperl/ssl_robot_challenge/install/romeo_tui/share/romeo_tui/environment/path.sh
[0.194s] -- Up-to-date: /home/romeperl/ssl_robot_challenge/install/romeo_tui/share/romeo_tui/environment/path.dsv
[0.194s] -- Up-to-date: /home/romeperl/ssl_robot_challenge/install/romeo_tui/share/romeo_tui/local_setup.bash
[0.195s] -- Up-to-date: /home/romeperl/ssl_robot_challenge/install/romeo_tui/share/romeo_tui/local_setup.sh
[0.196s] -- Up-to-date: /home/romeperl/ssl_robot_challenge/install/romeo_tui/share/romeo_tui/local_setup.zsh
[0.196s] -- Up-to-date: /home/romeperl/ssl_robot_challenge/install/romeo_tui/share/romeo_tui/local_setup.dsv
[0.197s] -- Installing: /home/romeperl/ssl_robot_challenge/install/romeo_tui/share/romeo_tui/package.dsv
[0.198s] -- Up-to-date: /home/romeperl/ssl_robot_challenge/install/romeo_tui/share/ament_index/resource_index/packages/romeo_tui
[0.199s] -- Up-to-date: /home/romeperl/ssl_robot_challenge/install/romeo_tui/share/romeo_tui/cmake/romeo_tuiConfig.cmake
[0.200s] -- Up-to-date: /home/romeperl/ssl_robot_challenge/install/romeo_tui/share/romeo_tui/cmake/romeo_tuiConfig-version.cmake
[0.200s] -- Up-to-date: /home/romeperl/ssl_robot_challenge/install/romeo_tui/share/romeo_tui/package.xml
[0.204s] Invoked command in '/home/romeperl/ssl_robot_challenge/build/romeo_tui' returned '0': CMAKE_PREFIX_PATH=${CMAKE_PREFIX_PATH}:/home/romeperl/ssl_robot_challenge/install/launcher:/opt/ros/humble /usr/bin/cmake --install /home/romeperl/ssl_robot_challenge/build/romeo_tui
