[1.886s] DEBUG:colcon:Command line arguments: ['/usr/bin/colcon', 'list', '-p', '--base-paths', '/home/romeperl/ssl_robot_challenge']
[1.886s] DEBUG:colcon:Parsed command line arguments: Namespace(log_base=None, log_level=None, verb_name='list', build_base='build', ignore_user_meta=False, metas=['./colcon.meta'], base_paths=['/home/romeperl/ssl_robot_challenge'], packages_ignore=None, packages_ignore_regex=None, paths=None, packages_up_to=None, packages_up_to_regex=None, packages_above=None, packages_above_and_dependencies=None, packages_above_depth=None, packages_select_by_dep=None, packages_skip_by_dep=None, packages_skip_up_to=None, packages_select_build_failed=False, packages_skip_build_finished=False, packages_select_test_failures=False, packages_skip_test_passed=False, packages_select=None, packages_skip=None, packages_select_regex=None, packages_skip_regex=None, packages_start=None, packages_end=None, allow_overriding=[], topological_order=False, names_only=False, paths_only=True, topological_graph=False, topological_graph_dot=False, topological_graph_density=False, topological_graph_legend=False, topological_graph_dot_cluster=False, topological_graph_dot_include_skipped=False, verb_parser=<colcon_defaults.argument_parser.defaults.DefaultArgumentsDecorator object at 0x7f6293336b90>, verb_extension=<colcon_package_information.verb.list.ListVerb object at 0x7f62935b7130>, main=<bound method ListVerb.main of <colcon_package_information.verb.list.ListVerb object at 0x7f62935b7130>>)
[2.253s] Level 1:colcon.colcon_core.package_discovery:discover_packages(colcon_meta) check parameters
[2.253s] Level 1:colcon.colcon_core.package_discovery:discover_packages(recursive) check parameters
[2.253s] Level 1:colcon.colcon_core.package_discovery:discover_packages(ignore) check parameters
[2.253s] Level 1:colcon.colcon_core.package_discovery:discover_packages(path) check parameters
[2.253s] Level 1:colcon.colcon_core.package_discovery:discover_packages(recursive) discover
[2.253s] INFO:colcon.colcon_core.package_discovery:Crawling recursively for packages in '/home/romeperl/ssl_robot_challenge'
[2.253s] Level 1:colcon.colcon_core.package_identification:_identify(/home/romeperl/ssl_robot_challenge) by extensions ['ignore', 'ignore_ament_install']
[2.253s] Level 1:colcon.colcon_core.package_identification:_identify(/home/romeperl/ssl_robot_challenge) by extension 'ignore'
[2.253s] Level 1:colcon.colcon_core.package_identification:_identify(/home/romeperl/ssl_robot_challenge) by extension 'ignore_ament_install'
[2.253s] Level 1:colcon.colcon_core.package_identification:_identify(/home/romeperl/ssl_robot_challenge) by extensions ['colcon_pkg']
[2.254s] Level 1:colcon.colcon_core.package_identification:_identify(/home/romeperl/ssl_robot_challenge) by extension 'colcon_pkg'
[2.254s] Level 1:colcon.colcon_core.package_identification:_identify(/home/romeperl/ssl_robot_challenge) by extensions ['colcon_meta']
[2.254s] Level 1:colcon.colcon_core.package_identification:_identify(/home/romeperl/ssl_robot_challenge) by extension 'colcon_meta'
[2.254s] Level 1:colcon.colcon_core.package_identification:_identify(/home/romeperl/ssl_robot_challenge) by extensions ['ros']
[2.254s] Level 1:colcon.colcon_core.package_identification:_identify(/home/romeperl/ssl_robot_challenge) by extension 'ros'
[2.276s] Level 1:colcon.colcon_core.package_identification:_identify(/home/romeperl/ssl_robot_challenge) by extensions ['cmake', 'python']
[2.276s] Level 1:colcon.colcon_core.package_identification:_identify(/home/romeperl/ssl_robot_challenge) by extension 'cmake'
[2.276s] Level 1:colcon.colcon_core.package_identification:_identify(/home/romeperl/ssl_robot_challenge) by extension 'python'
[2.276s] Level 1:colcon.colcon_core.package_identification:_identify(/home/romeperl/ssl_robot_challenge) by extensions ['python_setup_py']
[2.276s] Level 1:colcon.colcon_core.package_identification:_identify(/home/romeperl/ssl_robot_challenge) by extension 'python_setup_py'
[2.276s] Level 1:colcon.colcon_core.package_identification:_identify(/home/romeperl/ssl_robot_challenge/build) by extensions ['ignore', 'ignore_ament_install']
[2.276s] Level 1:colcon.colcon_core.package_identification:_identify(/home/romeperl/ssl_robot_challenge/build) by extension 'ignore'
[2.276s] Level 1:colcon.colcon_core.package_identification:_identify(/home/romeperl/ssl_robot_challenge/build) ignored
[2.276s] Level 1:colcon.colcon_core.package_identification:_identify(/home/romeperl/ssl_robot_challenge/install) by extensions ['ignore', 'ignore_ament_install']
[2.276s] Level 1:colcon.colcon_core.package_identification:_identify(/home/romeperl/ssl_robot_challenge/install) by extension 'ignore'
[2.276s] Level 1:colcon.colcon_core.package_identification:_identify(/home/romeperl/ssl_robot_challenge/install) ignored
[2.277s] Level 1:colcon.colcon_core.package_identification:_identify(/home/romeperl/ssl_robot_challenge/log) by extensions ['ignore', 'ignore_ament_install']
[2.277s] Level 1:colcon.colcon_core.package_identification:_identify(/home/romeperl/ssl_robot_challenge/log) by extension 'ignore'
[2.277s] Level 1:colcon.colcon_core.package_identification:_identify(/home/romeperl/ssl_robot_challenge/log) ignored
[2.277s] Level 1:colcon.colcon_core.package_identification:_identify(/home/romeperl/ssl_robot_challenge/src) by extensions ['ignore', 'ignore_ament_install']
[2.277s] Level 1:colcon.colcon_core.package_identification:_identify(/home/romeperl/ssl_robot_challenge/src) by extension 'ignore'
[2.277s] Level 1:colcon.colcon_core.package_identification:_identify(/home/romeperl/ssl_robot_challenge/src) by extension 'ignore_ament_install'
[2.277s] Level 1:colcon.colcon_core.package_identification:_identify(/home/romeperl/ssl_robot_challenge/src) by extensions ['colcon_pkg']
[2.277s] Level 1:colcon.colcon_core.package_identification:_identify(/home/romeperl/ssl_robot_challenge/src) by extension 'colcon_pkg'
[2.277s] Level 1:colcon.colcon_core.package_identification:_identify(/home/romeperl/ssl_robot_challenge/src) by extensions ['colcon_meta']
[2.277s] Level 1:colcon.colcon_core.package_identification:_identify(/home/romeperl/ssl_robot_challenge/src) by extension 'colcon_meta'
[2.277s] Level 1:colcon.colcon_core.package_identification:_identify(/home/romeperl/ssl_robot_challenge/src) by extensions ['ros']
[2.277s] Level 1:colcon.colcon_core.package_identification:_identify(/home/romeperl/ssl_robot_challenge/src) by extension 'ros'
[2.277s] Level 1:colcon.colcon_core.package_identification:_identify(/home/romeperl/ssl_robot_challenge/src) by extensions ['cmake', 'python']
[2.277s] Level 1:colcon.colcon_core.package_identification:_identify(/home/romeperl/ssl_robot_challenge/src) by extension 'cmake'
[2.277s] Level 1:colcon.colcon_core.package_identification:_identify(/home/romeperl/ssl_robot_challenge/src) by extension 'python'
[2.277s] Level 1:colcon.colcon_core.package_identification:_identify(/home/romeperl/ssl_robot_challenge/src) by extensions ['python_setup_py']
[2.277s] Level 1:colcon.colcon_core.package_identification:_identify(/home/romeperl/ssl_robot_challenge/src) by extension 'python_setup_py'
[2.277s] Level 1:colcon.colcon_core.package_identification:_identify(/home/romeperl/ssl_robot_challenge/src/control) by extensions ['ignore', 'ignore_ament_install']
[2.277s] Level 1:colcon.colcon_core.package_identification:_identify(/home/romeperl/ssl_robot_challenge/src/control) by extension 'ignore'
[2.277s] Level 1:colcon.colcon_core.package_identification:_identify(/home/romeperl/ssl_robot_challenge/src/control) by extension 'ignore_ament_install'
[2.277s] Level 1:colcon.colcon_core.package_identification:_identify(/home/romeperl/ssl_robot_challenge/src/control) by extensions ['colcon_pkg']
[2.277s] Level 1:colcon.colcon_core.package_identification:_identify(/home/romeperl/ssl_robot_challenge/src/control) by extension 'colcon_pkg'
[2.278s] Level 1:colcon.colcon_core.package_identification:_identify(/home/romeperl/ssl_robot_challenge/src/control) by extensions ['colcon_meta']
[2.278s] Level 1:colcon.colcon_core.package_identification:_identify(/home/romeperl/ssl_robot_challenge/src/control) by extension 'colcon_meta'
[2.278s] Level 1:colcon.colcon_core.package_identification:_identify(/home/romeperl/ssl_robot_challenge/src/control) by extensions ['ros']
[2.278s] Level 1:colcon.colcon_core.package_identification:_identify(/home/romeperl/ssl_robot_challenge/src/control) by extension 'ros'
[2.282s] DEBUG:colcon.colcon_core.package_identification:Package '/home/romeperl/ssl_robot_challenge/src/control' with type 'ros.ament_cmake' and name 'control'
[2.282s] Level 1:colcon.colcon_core.package_identification:_identify(/home/romeperl/ssl_robot_challenge/src/launch) by extensions ['ignore', 'ignore_ament_install']
[2.282s] Level 1:colcon.colcon_core.package_identification:_identify(/home/romeperl/ssl_robot_challenge/src/launch) by extension 'ignore'
[2.282s] Level 1:colcon.colcon_core.package_identification:_identify(/home/romeperl/ssl_robot_challenge/src/launch) by extension 'ignore_ament_install'
[2.282s] Level 1:colcon.colcon_core.package_identification:_identify(/home/romeperl/ssl_robot_challenge/src/launch) by extensions ['colcon_pkg']
[2.282s] Level 1:colcon.colcon_core.package_identification:_identify(/home/romeperl/ssl_robot_challenge/src/launch) by extension 'colcon_pkg'
[2.282s] Level 1:colcon.colcon_core.package_identification:_identify(/home/romeperl/ssl_robot_challenge/src/launch) by extensions ['colcon_meta']
[2.282s] Level 1:colcon.colcon_core.package_identification:_identify(/home/romeperl/ssl_robot_challenge/src/launch) by extension 'colcon_meta'
[2.282s] Level 1:colcon.colcon_core.package_identification:_identify(/home/romeperl/ssl_robot_challenge/src/launch) by extensions ['ros']
[2.282s] Level 1:colcon.colcon_core.package_identification:_identify(/home/romeperl/ssl_robot_challenge/src/launch) by extension 'ros'
[2.283s] DEBUG:colcon.colcon_core.package_identification:Package '/home/romeperl/ssl_robot_challenge/src/launch' with type 'ros.ament_cmake' and name 'launch'
[2.283s] Level 1:colcon.colcon_core.package_identification:_identify(/home/romeperl/ssl_robot_challenge/src/robot) by extensions ['ignore', 'ignore_ament_install']
[2.283s] Level 1:colcon.colcon_core.package_identification:_identify(/home/romeperl/ssl_robot_challenge/src/robot) by extension 'ignore'
[2.283s] Level 1:colcon.colcon_core.package_identification:_identify(/home/romeperl/ssl_robot_challenge/src/robot) by extension 'ignore_ament_install'
[2.283s] Level 1:colcon.colcon_core.package_identification:_identify(/home/romeperl/ssl_robot_challenge/src/robot) by extensions ['colcon_pkg']
[2.283s] Level 1:colcon.colcon_core.package_identification:_identify(/home/romeperl/ssl_robot_challenge/src/robot) by extension 'colcon_pkg'
[2.283s] Level 1:colcon.colcon_core.package_identification:_identify(/home/romeperl/ssl_robot_challenge/src/robot) by extensions ['colcon_meta']
[2.283s] Level 1:colcon.colcon_core.package_identification:_identify(/home/romeperl/ssl_robot_challenge/src/robot) by extension 'colcon_meta'
[2.283s] Level 1:colcon.colcon_core.package_identification:_identify(/home/romeperl/ssl_robot_challenge/src/robot) by extensions ['ros']
[2.283s] Level 1:colcon.colcon_core.package_identification:_identify(/home/romeperl/ssl_robot_challenge/src/robot) by extension 'ros'
[2.283s] Level 1:colcon.colcon_core.package_identification:_identify(/home/romeperl/ssl_robot_challenge/src/robot) by extensions ['cmake', 'python']
[2.283s] Level 1:colcon.colcon_core.package_identification:_identify(/home/romeperl/ssl_robot_challenge/src/robot) by extension 'cmake'
[2.283s] Level 1:colcon.colcon_core.package_identification:_identify(/home/romeperl/ssl_robot_challenge/src/robot) by extension 'python'
[2.284s] Level 1:colcon.colcon_core.package_identification:_identify(/home/romeperl/ssl_robot_challenge/src/robot) by extensions ['python_setup_py']
[2.284s] Level 1:colcon.colcon_core.package_identification:_identify(/home/romeperl/ssl_robot_challenge/src/robot) by extension 'python_setup_py'
[2.284s] Level 1:colcon.colcon_core.package_identification:_identify(/home/romeperl/ssl_robot_challenge/src/robot/SSLSHAFT) by extensions ['ignore', 'ignore_ament_install']
[2.284s] Level 1:colcon.colcon_core.package_identification:_identify(/home/romeperl/ssl_robot_challenge/src/robot/SSLSHAFT) by extension 'ignore'
[2.284s] Level 1:colcon.colcon_core.package_identification:_identify(/home/romeperl/ssl_robot_challenge/src/robot/SSLSHAFT) by extension 'ignore_ament_install'
[2.284s] Level 1:colcon.colcon_core.package_identification:_identify(/home/romeperl/ssl_robot_challenge/src/robot/SSLSHAFT) by extensions ['colcon_pkg']
[2.284s] Level 1:colcon.colcon_core.package_identification:_identify(/home/romeperl/ssl_robot_challenge/src/robot/SSLSHAFT) by extension 'colcon_pkg'
[2.284s] Level 1:colcon.colcon_core.package_identification:_identify(/home/romeperl/ssl_robot_challenge/src/robot/SSLSHAFT) by extensions ['colcon_meta']
[2.284s] Level 1:colcon.colcon_core.package_identification:_identify(/home/romeperl/ssl_robot_challenge/src/robot/SSLSHAFT) by extension 'colcon_meta'
[2.284s] Level 1:colcon.colcon_core.package_identification:_identify(/home/romeperl/ssl_robot_challenge/src/robot/SSLSHAFT) by extensions ['ros']
[2.284s] Level 1:colcon.colcon_core.package_identification:_identify(/home/romeperl/ssl_robot_challenge/src/robot/SSLSHAFT) by extension 'ros'
[2.284s] Level 1:colcon.colcon_core.package_identification:_identify(/home/romeperl/ssl_robot_challenge/src/robot/SSLSHAFT) by extensions ['cmake', 'python']
[2.284s] Level 1:colcon.colcon_core.package_identification:_identify(/home/romeperl/ssl_robot_challenge/src/robot/SSLSHAFT) by extension 'cmake'
[2.284s] Level 1:colcon.colcon_core.package_identification:_identify(/home/romeperl/ssl_robot_challenge/src/robot/SSLSHAFT) by extension 'python'
[2.285s] Level 1:colcon.colcon_core.package_identification:_identify(/home/romeperl/ssl_robot_challenge/src/robot/SSLSHAFT) by extensions ['python_setup_py']
[2.285s] Level 1:colcon.colcon_core.package_identification:_identify(/home/romeperl/ssl_robot_challenge/src/robot/SSLSHAFT) by extension 'python_setup_py'
[2.285s] Level 1:colcon.colcon_core.package_identification:_identify(/home/romeperl/ssl_robot_challenge/src/robot/SSLSHAFT/controls) by extensions ['ignore', 'ignore_ament_install']
[2.285s] Level 1:colcon.colcon_core.package_identification:_identify(/home/romeperl/ssl_robot_challenge/src/robot/SSLSHAFT/controls) by extension 'ignore'
[2.285s] Level 1:colcon.colcon_core.package_identification:_identify(/home/romeperl/ssl_robot_challenge/src/robot/SSLSHAFT/controls) by extension 'ignore_ament_install'
[2.285s] Level 1:colcon.colcon_core.package_identification:_identify(/home/romeperl/ssl_robot_challenge/src/robot/SSLSHAFT/controls) by extensions ['colcon_pkg']
[2.285s] Level 1:colcon.colcon_core.package_identification:_identify(/home/romeperl/ssl_robot_challenge/src/robot/SSLSHAFT/controls) by extension 'colcon_pkg'
[2.285s] Level 1:colcon.colcon_core.package_identification:_identify(/home/romeperl/ssl_robot_challenge/src/robot/SSLSHAFT/controls) by extensions ['colcon_meta']
[2.285s] Level 1:colcon.colcon_core.package_identification:_identify(/home/romeperl/ssl_robot_challenge/src/robot/SSLSHAFT/controls) by extension 'colcon_meta'
[2.285s] Level 1:colcon.colcon_core.package_identification:_identify(/home/romeperl/ssl_robot_challenge/src/robot/SSLSHAFT/controls) by extensions ['ros']
[2.285s] Level 1:colcon.colcon_core.package_identification:_identify(/home/romeperl/ssl_robot_challenge/src/robot/SSLSHAFT/controls) by extension 'ros'
[2.285s] Level 1:colcon.colcon_core.package_identification:_identify(/home/romeperl/ssl_robot_challenge/src/robot/SSLSHAFT/controls) by extensions ['cmake', 'python']
[2.286s] Level 1:colcon.colcon_core.package_identification:_identify(/home/romeperl/ssl_robot_challenge/src/robot/SSLSHAFT/controls) by extension 'cmake'
[2.286s] Level 1:colcon.colcon_core.package_identification:_identify(/home/romeperl/ssl_robot_challenge/src/robot/SSLSHAFT/controls) by extension 'python'
[2.286s] Level 1:colcon.colcon_core.package_identification:_identify(/home/romeperl/ssl_robot_challenge/src/robot/SSLSHAFT/controls) by extensions ['python_setup_py']
[2.286s] Level 1:colcon.colcon_core.package_identification:_identify(/home/romeperl/ssl_robot_challenge/src/robot/SSLSHAFT/controls) by extension 'python_setup_py'
[2.286s] Level 1:colcon.colcon_core.package_identification:_identify(/home/romeperl/ssl_robot_challenge/src/robot/SSLSHAFT/hardware) by extensions ['ignore', 'ignore_ament_install']
[2.286s] Level 1:colcon.colcon_core.package_identification:_identify(/home/romeperl/ssl_robot_challenge/src/robot/SSLSHAFT/hardware) by extension 'ignore'
[2.286s] Level 1:colcon.colcon_core.package_identification:_identify(/home/romeperl/ssl_robot_challenge/src/robot/SSLSHAFT/hardware) by extension 'ignore_ament_install'
[2.286s] Level 1:colcon.colcon_core.package_identification:_identify(/home/romeperl/ssl_robot_challenge/src/robot/SSLSHAFT/hardware) by extensions ['colcon_pkg']
[2.286s] Level 1:colcon.colcon_core.package_identification:_identify(/home/romeperl/ssl_robot_challenge/src/robot/SSLSHAFT/hardware) by extension 'colcon_pkg'
[2.286s] Level 1:colcon.colcon_core.package_identification:_identify(/home/romeperl/ssl_robot_challenge/src/robot/SSLSHAFT/hardware) by extensions ['colcon_meta']
[2.286s] Level 1:colcon.colcon_core.package_identification:_identify(/home/romeperl/ssl_robot_challenge/src/robot/SSLSHAFT/hardware) by extension 'colcon_meta'
[2.286s] Level 1:colcon.colcon_core.package_identification:_identify(/home/romeperl/ssl_robot_challenge/src/robot/SSLSHAFT/hardware) by extensions ['ros']
[2.286s] Level 1:colcon.colcon_core.package_identification:_identify(/home/romeperl/ssl_robot_challenge/src/robot/SSLSHAFT/hardware) by extension 'ros'
[2.286s] Level 1:colcon.colcon_core.package_identification:_identify(/home/romeperl/ssl_robot_challenge/src/robot/SSLSHAFT/hardware) by extensions ['cmake', 'python']
[2.286s] Level 1:colcon.colcon_core.package_identification:_identify(/home/romeperl/ssl_robot_challenge/src/robot/SSLSHAFT/hardware) by extension 'cmake'
[2.286s] Level 1:colcon.colcon_core.package_identification:_identify(/home/romeperl/ssl_robot_challenge/src/robot/SSLSHAFT/hardware) by extension 'python'
[2.286s] Level 1:colcon.colcon_core.package_identification:_identify(/home/romeperl/ssl_robot_challenge/src/robot/SSLSHAFT/hardware) by extensions ['python_setup_py']
[2.286s] Level 1:colcon.colcon_core.package_identification:_identify(/home/romeperl/ssl_robot_challenge/src/robot/SSLSHAFT/hardware) by extension 'python_setup_py'
[2.287s] Level 1:colcon.colcon_core.package_identification:_identify(/home/romeperl/ssl_robot_challenge/src/robot/SSLSHAFT/urdf) by extensions ['ignore', 'ignore_ament_install']
[2.287s] Level 1:colcon.colcon_core.package_identification:_identify(/home/romeperl/ssl_robot_challenge/src/robot/SSLSHAFT/urdf) by extension 'ignore'
[2.287s] Level 1:colcon.colcon_core.package_identification:_identify(/home/romeperl/ssl_robot_challenge/src/robot/SSLSHAFT/urdf) by extension 'ignore_ament_install'
[2.287s] Level 1:colcon.colcon_core.package_identification:_identify(/home/romeperl/ssl_robot_challenge/src/robot/SSLSHAFT/urdf) by extensions ['colcon_pkg']
[2.287s] Level 1:colcon.colcon_core.package_identification:_identify(/home/romeperl/ssl_robot_challenge/src/robot/SSLSHAFT/urdf) by extension 'colcon_pkg'
[2.287s] Level 1:colcon.colcon_core.package_identification:_identify(/home/romeperl/ssl_robot_challenge/src/robot/SSLSHAFT/urdf) by extensions ['colcon_meta']
[2.287s] Level 1:colcon.colcon_core.package_identification:_identify(/home/romeperl/ssl_robot_challenge/src/robot/SSLSHAFT/urdf) by extension 'colcon_meta'
[2.287s] Level 1:colcon.colcon_core.package_identification:_identify(/home/romeperl/ssl_robot_challenge/src/robot/SSLSHAFT/urdf) by extensions ['ros']
[2.287s] Level 1:colcon.colcon_core.package_identification:_identify(/home/romeperl/ssl_robot_challenge/src/robot/SSLSHAFT/urdf) by extension 'ros'
[2.287s] Level 1:colcon.colcon_core.package_identification:_identify(/home/romeperl/ssl_robot_challenge/src/robot/SSLSHAFT/urdf) by extensions ['cmake', 'python']
[2.287s] Level 1:colcon.colcon_core.package_identification:_identify(/home/romeperl/ssl_robot_challenge/src/robot/SSLSHAFT/urdf) by extension 'cmake'
[2.287s] Level 1:colcon.colcon_core.package_identification:_identify(/home/romeperl/ssl_robot_challenge/src/robot/SSLSHAFT/urdf) by extension 'python'
[2.287s] Level 1:colcon.colcon_core.package_identification:_identify(/home/romeperl/ssl_robot_challenge/src/robot/SSLSHAFT/urdf) by extensions ['python_setup_py']
[2.287s] Level 1:colcon.colcon_core.package_identification:_identify(/home/romeperl/ssl_robot_challenge/src/robot/SSLSHAFT/urdf) by extension 'python_setup_py'
[2.287s] Level 1:colcon.colcon_core.package_identification:_identify(/home/romeperl/ssl_robot_challenge/src/romeo_TUI) by extensions ['ignore', 'ignore_ament_install']
[2.287s] Level 1:colcon.colcon_core.package_identification:_identify(/home/romeperl/ssl_robot_challenge/src/romeo_TUI) by extension 'ignore'
[2.287s] Level 1:colcon.colcon_core.package_identification:_identify(/home/romeperl/ssl_robot_challenge/src/romeo_TUI) by extension 'ignore_ament_install'
[2.287s] Level 1:colcon.colcon_core.package_identification:_identify(/home/romeperl/ssl_robot_challenge/src/romeo_TUI) by extensions ['colcon_pkg']
[2.287s] Level 1:colcon.colcon_core.package_identification:_identify(/home/romeperl/ssl_robot_challenge/src/romeo_TUI) by extension 'colcon_pkg'
[2.287s] Level 1:colcon.colcon_core.package_identification:_identify(/home/romeperl/ssl_robot_challenge/src/romeo_TUI) by extensions ['colcon_meta']
[2.287s] Level 1:colcon.colcon_core.package_identification:_identify(/home/romeperl/ssl_robot_challenge/src/romeo_TUI) by extension 'colcon_meta'
[2.288s] Level 1:colcon.colcon_core.package_identification:_identify(/home/romeperl/ssl_robot_challenge/src/romeo_TUI) by extensions ['ros']
[2.288s] Level 1:colcon.colcon_core.package_identification:_identify(/home/romeperl/ssl_robot_challenge/src/romeo_TUI) by extension 'ros'
[2.288s] DEBUG:colcon.colcon_core.package_identification:Package '/home/romeperl/ssl_robot_challenge/src/romeo_TUI' with type 'ros.ament_cmake' and name 'romeo_TUI'
[2.288s] Level 1:colcon.colcon_core.package_discovery:discover_packages(recursive) using defaults
