[0.033s] Invoking command in '/home/romeperl/ssl_robot_challenge/build/bitchin_n_moanin': CMAKE_PREFIX_PATH=${CMAKE_PREFIX_PATH}:/home/romeperl/ssl_robot_challenge/src/install/launcher:/opt/ros/humble /usr/bin/cmake /home/romeperl/ssl_robot_challenge/src/bitchin_n_moanin -DCMAKE_INSTALL_PREFIX=/home/romeperl/ssl_robot_challenge/install/bitchin_n_moanin
[0.341s] -- The C compiler identification is GNU 11.3.0
[0.431s] -- The CXX compiler identification is GNU 11.3.0
[0.438s] -- Detecting C compiler ABI info
[0.681s] -- Detecting C compiler ABI info - done
[0.693s] -- Check for working C compiler: /usr/bin/cc - skipped
[0.694s] -- Detecting C compile features
[0.695s] -- Detecting C compile features - done
[0.699s] -- Detecting CXX compiler ABI info
[0.875s] -- Detecting CXX compiler ABI info - done
[0.888s] -- Check for working CXX compiler: /usr/bin/c++ - skipped
[0.890s] -- Detecting CXX compile features
[0.891s] -- Detecting CXX compile features - done
[0.894s] -- Found ament_cmake: 1.3.4 (/opt/ros/humble/share/ament_cmake/cmake)
[1.134s] -- Found Python3: /usr/bin/python3.10 (found version "3.10.6") found components: Interpreter 
[1.321s] -- Found ament_lint_auto: 0.12.6 (/opt/ros/humble/share/ament_lint_auto/cmake)
[1.450s] -- Added test 'lint_cmake' to check CMake code style
[1.450s] -- Added test 'xmllint' to check XML markup files
[1.456s] -- Configuring done
[1.457s] -- Generating done
[1.457s] -- Build files have been written to: /home/romeperl/ssl_robot_challenge/build/bitchin_n_moanin
[1.465s] Invoked command in '/home/romeperl/ssl_robot_challenge/build/bitchin_n_moanin' returned '0': CMAKE_PREFIX_PATH=${CMAKE_PREFIX_PATH}:/home/romeperl/ssl_robot_challenge/src/install/launcher:/opt/ros/humble /usr/bin/cmake /home/romeperl/ssl_robot_challenge/src/bitchin_n_moanin -DCMAKE_INSTALL_PREFIX=/home/romeperl/ssl_robot_challenge/install/bitchin_n_moanin
[1.466s] Invoking command in '/home/romeperl/ssl_robot_challenge/build/bitchin_n_moanin': CMAKE_PREFIX_PATH=${CMAKE_PREFIX_PATH}:/home/romeperl/ssl_robot_challenge/src/install/launcher:/opt/ros/humble /usr/bin/cmake --build /home/romeperl/ssl_robot_challenge/build/bitchin_n_moanin -- -j2 -l2
[1.509s] Invoked command in '/home/romeperl/ssl_robot_challenge/build/bitchin_n_moanin' returned '0': CMAKE_PREFIX_PATH=${CMAKE_PREFIX_PATH}:/home/romeperl/ssl_robot_challenge/src/install/launcher:/opt/ros/humble /usr/bin/cmake --build /home/romeperl/ssl_robot_challenge/build/bitchin_n_moanin -- -j2 -l2
[1.575s] Invoking command in '/home/romeperl/ssl_robot_challenge/build/bitchin_n_moanin': CMAKE_PREFIX_PATH=${CMAKE_PREFIX_PATH}:/home/romeperl/ssl_robot_challenge/src/install/launcher:/opt/ros/humble /usr/bin/cmake --install /home/romeperl/ssl_robot_challenge/build/bitchin_n_moanin
[1.584s] -- Install configuration: ""
[1.584s] -- Installing: /home/romeperl/ssl_robot_challenge/install/bitchin_n_moanin/share/ament_index/resource_index/package_run_dependencies/bitchin_n_moanin
[1.585s] -- Installing: /home/romeperl/ssl_robot_challenge/install/bitchin_n_moanin/share/ament_index/resource_index/parent_prefix_path/bitchin_n_moanin
[1.585s] -- Installing: /home/romeperl/ssl_robot_challenge/install/bitchin_n_moanin/share/bitchin_n_moanin/environment/ament_prefix_path.sh
[1.587s] -- Installing: /home/romeperl/ssl_robot_challenge/install/bitchin_n_moanin/share/bitchin_n_moanin/environment/ament_prefix_path.dsv
[1.587s] -- Installing: /home/romeperl/ssl_robot_challenge/install/bitchin_n_moanin/share/bitchin_n_moanin/environment/path.sh
[1.587s] -- Installing: /home/romeperl/ssl_robot_challenge/install/bitchin_n_moanin/share/bitchin_n_moanin/environment/path.dsv
[1.588s] -- Installing: /home/romeperl/ssl_robot_challenge/install/bitchin_n_moanin/share/bitchin_n_moanin/local_setup.bash
[1.588s] -- Installing: /home/romeperl/ssl_robot_challenge/install/bitchin_n_moanin/share/bitchin_n_moanin/local_setup.sh
[1.588s] -- Installing: /home/romeperl/ssl_robot_challenge/install/bitchin_n_moanin/share/bitchin_n_moanin/local_setup.zsh
[1.588s] -- Installing: /home/romeperl/ssl_robot_challenge/install/bitchin_n_moanin/share/bitchin_n_moanin/local_setup.dsv
[1.588s] -- Installing: /home/romeperl/ssl_robot_challenge/install/bitchin_n_moanin/share/bitchin_n_moanin/package.dsv
[1.588s] -- Installing: /home/romeperl/ssl_robot_challenge/install/bitchin_n_moanin/share/ament_index/resource_index/packages/bitchin_n_moanin
[1.589s] -- Installing: /home/romeperl/ssl_robot_challenge/install/bitchin_n_moanin/share/bitchin_n_moanin/cmake/bitchin_n_moaninConfig.cmake
[1.589s] -- Installing: /home/romeperl/ssl_robot_challenge/install/bitchin_n_moanin/share/bitchin_n_moanin/cmake/bitchin_n_moaninConfig-version.cmake
[1.589s] -- Installing: /home/romeperl/ssl_robot_challenge/install/bitchin_n_moanin/share/bitchin_n_moanin/package.xml
[1.599s] Invoked command in '/home/romeperl/ssl_robot_challenge/build/bitchin_n_moanin' returned '0': CMAKE_PREFIX_PATH=${CMAKE_PREFIX_PATH}:/home/romeperl/ssl_robot_challenge/src/install/launcher:/opt/ros/humble /usr/bin/cmake --install /home/romeperl/ssl_robot_challenge/build/bitchin_n_moanin
