running egg_info
creating ../../build/launch/launch.egg-info
writing ../../build/launch/launch.egg-info/PKG-INFO
writing dependency_links to ../../build/launch/launch.egg-info/dependency_links.txt
writing entry points to ../../build/launch/launch.egg-info/entry_points.txt
writing requirements to ../../build/launch/launch.egg-info/requires.txt
writing top-level names to ../../build/launch/launch.egg-info/top_level.txt
writing manifest file '../../build/launch/launch.egg-info/SOURCES.txt'
reading manifest file '../../build/launch/launch.egg-info/SOURCES.txt'
writing manifest file '../../build/launch/launch.egg-info/SOURCES.txt'
running build
running build_py
creating /home/romeperl/ssl_robot_challenge/build/launch/build
creating /home/romeperl/ssl_robot_challenge/build/launch/build/lib
creating /home/romeperl/ssl_robot_challenge/build/launch/build/lib/launch
copying launch/__init__.py -> /home/romeperl/ssl_robot_challenge/build/launch/build/lib/launch
copying launch/xacro_urdf.py -> /home/romeperl/ssl_robot_challenge/build/launch/build/lib/launch
running install
running install_lib
creating /home/romeperl/ssl_robot_challenge/install/launch/lib/python3.10/site-packages/launch
copying /home/romeperl/ssl_robot_challenge/build/launch/build/lib/launch/__init__.py -> /home/romeperl/ssl_robot_challenge/install/launch/lib/python3.10/site-packages/launch
copying /home/romeperl/ssl_robot_challenge/build/launch/build/lib/launch/xacro_urdf.py -> /home/romeperl/ssl_robot_challenge/install/launch/lib/python3.10/site-packages/launch
byte-compiling /home/romeperl/ssl_robot_challenge/install/launch/lib/python3.10/site-packages/launch/__init__.py to __init__.cpython-310.pyc
byte-compiling /home/romeperl/ssl_robot_challenge/install/launch/lib/python3.10/site-packages/launch/xacro_urdf.py to xacro_urdf.cpython-310.pyc
running install_data
creating /home/romeperl/ssl_robot_challenge/install/launch/share/ament_index
creating /home/romeperl/ssl_robot_challenge/install/launch/share/ament_index/resource_index
creating /home/romeperl/ssl_robot_challenge/install/launch/share/ament_index/resource_index/packages
copying resource/launch -> /home/romeperl/ssl_robot_challenge/install/launch/share/ament_index/resource_index/packages
copying package.xml -> /home/romeperl/ssl_robot_challenge/install/launch/share/launch
running install_egg_info
Copying ../../build/launch/launch.egg-info to /home/romeperl/ssl_robot_challenge/install/launch/lib/python3.10/site-packages/launch-0.0.0-py3.10.egg-info
running install_scripts
writing list of installed files to '/home/romeperl/ssl_robot_challenge/build/launch/install.log'
