[0.604s] Invoking command in '/home/romeperl/ssl_robot_challenge/src/launcher': PYTHONPATH=/home/romeperl/ssl_robot_challenge/build/launcher/prefix_override:/home/romeperl/ssl_robot_challenge/install/launcher/lib/python3.10/site-packages:${PYTHONPATH} /usr/bin/python3 setup.py egg_info --egg-base ../../build/launcher build --build-base /home/romeperl/ssl_robot_challenge/build/launcher/build install --record /home/romeperl/ssl_robot_challenge/build/launcher/install.log --single-version-externally-managed
[0.794s] running egg_info
[0.794s] writing ../../build/launcher/launcher.egg-info/PKG-INFO
[0.795s] writing dependency_links to ../../build/launcher/launcher.egg-info/dependency_links.txt
[0.795s] writing entry points to ../../build/launcher/launcher.egg-info/entry_points.txt
[0.795s] writing requirements to ../../build/launcher/launcher.egg-info/requires.txt
[0.795s] writing top-level names to ../../build/launcher/launcher.egg-info/top_level.txt
[0.795s] reading manifest file '../../build/launcher/launcher.egg-info/SOURCES.txt'
[0.795s] writing manifest file '../../build/launcher/launcher.egg-info/SOURCES.txt'
[0.795s] running build
[0.795s] running build_py
[0.795s] copying launcher/xacro_urdf.py -> /home/romeperl/ssl_robot_challenge/build/launcher/build/lib/launcher
[0.795s] running install
[0.795s] running install_lib
[0.795s] copying /home/romeperl/ssl_robot_challenge/build/launcher/build/lib/launcher/xacro_urdf.py -> /home/romeperl/ssl_robot_challenge/install/launcher/lib/python3.10/site-packages/launcher
[0.795s] byte-compiling /home/romeperl/ssl_robot_challenge/install/launcher/lib/python3.10/site-packages/launcher/xacro_urdf.py to xacro_urdf.cpython-310.pyc
[0.795s] running install_data
[0.796s] copying package.xml -> /home/romeperl/ssl_robot_challenge/install/launcher/share/launcher
[0.796s] running install_egg_info
[0.796s] removing '/home/romeperl/ssl_robot_challenge/install/launcher/lib/python3.10/site-packages/launcher-0.0.0-py3.10.egg-info' (and everything under it)
[0.804s] Copying ../../build/launcher/launcher.egg-info to /home/romeperl/ssl_robot_challenge/install/launcher/lib/python3.10/site-packages/launcher-0.0.0-py3.10.egg-info
[0.805s] running install_scripts
[0.820s] writing list of installed files to '/home/romeperl/ssl_robot_challenge/build/launcher/install.log'
[0.845s] Invoked command in '/home/romeperl/ssl_robot_challenge/src/launcher' returned '0': PYTHONPATH=/home/romeperl/ssl_robot_challenge/build/launcher/prefix_override:/home/romeperl/ssl_robot_challenge/install/launcher/lib/python3.10/site-packages:${PYTHONPATH} /usr/bin/python3 setup.py egg_info --egg-base ../../build/launcher build --build-base /home/romeperl/ssl_robot_challenge/build/launcher/build install --record /home/romeperl/ssl_robot_challenge/build/launcher/install.log --single-version-externally-managed
