[0.027s] Invoking command in '/home/romeperl/ssl_robot_challenge/build/control': AMENT_PREFIX_PATH=/home/romeperl/ssl_robot_challenge/install/bitchin_n_moanin:${AMENT_PREFIX_PATH} CMAKE_PREFIX_PATH=/home/romeperl/ssl_robot_challenge/install/bitchin_n_moanin:/home/romeperl/ssl_robot_challenge/install/romeo_tui:/home/romeperl/ssl_robot_challenge/install/robot:/home/romeperl/ssl_robot_challenge/install/control:/home/romeperl/ssl_robot_challenge/install/launcher:/opt/ros/humble /usr/bin/cmake --build /home/romeperl/ssl_robot_challenge/build/control -- -j2 -l2
[0.152s] -- Found ament_cmake: 1.3.4 (/opt/ros/humble/share/ament_cmake/cmake)
[0.234s] -- Found rclcpp: 16.0.4 (/opt/ros/humble/share/rclcpp/cmake)
[0.346s] -- Found rosidl_generator_c: 3.1.4 (/opt/ros/humble/share/rosidl_generator_c/cmake)
[0.357s] -- Found rosidl_adapter: 3.1.4 (/opt/ros/humble/share/rosidl_adapter/cmake)
[0.413s] -- Found rosidl_generator_cpp: 3.1.4 (/opt/ros/humble/share/rosidl_generator_cpp/cmake)
[0.451s] -- Using all available rosidl_typesupport_c: rosidl_typesupport_fastrtps_c;rosidl_typesupport_introspection_c
[0.502s] -- Using all available rosidl_typesupport_cpp: rosidl_typesupport_fastrtps_cpp;rosidl_typesupport_introspection_cpp
[0.631s] -- Found rmw_implementation_cmake: 6.1.1 (/opt/ros/humble/share/rmw_implementation_cmake/cmake)
[0.637s] -- Found rmw_fastrtps_cpp: 6.2.2 (/opt/ros/humble/share/rmw_fastrtps_cpp/cmake)
[0.853s] -- Found OpenSSL: /usr/lib/x86_64-linux-gnu/libcrypto.so (found version "3.0.2")  
[0.884s] -- Found FastRTPS: /opt/ros/humble/include  
[0.926s] -- Using RMW implementation 'rmw_fastrtps_cpp' as default
[0.948s] -- Looking for pthread.h
[1.036s] -- Looking for pthread.h - found
[1.036s] -- Performing Test CMAKE_HAVE_LIBC_PTHREAD
[1.114s] -- Performing Test CMAKE_HAVE_LIBC_PTHREAD - Success
[1.114s] -- Found Threads: TRUE  
[1.344s] -- Found rclpy: 3.3.8 (/opt/ros/humble/share/rclpy/cmake)
[1.367s] -- Found urdf: 2.6.0 (/opt/ros/humble/share/urdf/cmake)
[1.444s] [31mCMake Error at CMakeLists.txt:18 (find_package):
[1.444s]   By not providing "Findros2_control.cmake" in CMAKE_MODULE_PATH this project
[1.445s]   has asked CMake to find a package configuration file provided by
[1.445s]   "ros2_control", but CMake did not find one.
[1.445s] 
[1.445s]   Could not find a package configuration file provided by "ros2_control" with
[1.446s]   any of the following names:
[1.446s] 
[1.447s]     ros2_controlConfig.cmake
[1.447s]     ros2_control-config.cmake
[1.447s] 
[1.447s]   Add the installation prefix of "ros2_control" to CMAKE_PREFIX_PATH or set
[1.448s]   "ros2_control_DIR" to a directory containing one of the above files.  If
[1.448s]   "ros2_control" provides a separate development package or SDK, be sure it
[1.448s]   has been installed.
[1.449s] 
[1.449s] [0m
[1.449s] -- Configuring incomplete, errors occurred!
[1.450s] See also "/home/romeperl/ssl_robot_challenge/build/control/CMakeFiles/CMakeOutput.log".
[1.458s] gmake: *** [Makefile:226: cmake_check_build_system] Error 1
[1.459s] Invoked command in '/home/romeperl/ssl_robot_challenge/build/control' returned '2': AMENT_PREFIX_PATH=/home/romeperl/ssl_robot_challenge/install/bitchin_n_moanin:${AMENT_PREFIX_PATH} CMAKE_PREFIX_PATH=/home/romeperl/ssl_robot_challenge/install/bitchin_n_moanin:/home/romeperl/ssl_robot_challenge/install/romeo_tui:/home/romeperl/ssl_robot_challenge/install/robot:/home/romeperl/ssl_robot_challenge/install/control:/home/romeperl/ssl_robot_challenge/install/launcher:/opt/ros/humble /usr/bin/cmake --build /home/romeperl/ssl_robot_challenge/build/control -- -j2 -l2
