[0.725s] Invoking command in '/home/romeperl/ssl_robot_challenge/src/launcher': PYTHONPATH=/home/romeperl/ssl_robot_challenge/build/launcher/prefix_override:/home/romeperl/ssl_robot_challenge/install/launcher/lib/python3.10/site-packages:${PYTHONPATH} /usr/bin/python3 setup.py egg_info --egg-base ../../build/launcher build --build-base /home/romeperl/ssl_robot_challenge/build/launcher/build install --record /home/romeperl/ssl_robot_challenge/build/launcher/install.log --single-version-externally-managed
[0.946s] running egg_info
[0.950s] writing ../../build/launcher/launcher.egg-info/PKG-INFO
[0.950s] writing dependency_links to ../../build/launcher/launcher.egg-info/dependency_links.txt
[0.950s] writing entry points to ../../build/launcher/launcher.egg-info/entry_points.txt
[0.950s] writing requirements to ../../build/launcher/launcher.egg-info/requires.txt
[0.951s] writing top-level names to ../../build/launcher/launcher.egg-info/top_level.txt
[0.953s] reading manifest file '../../build/launcher/launcher.egg-info/SOURCES.txt'
[0.955s] writing manifest file '../../build/launcher/launcher.egg-info/SOURCES.txt'
[0.955s] running build
[0.955s] running build_py
[0.956s] copying launcher/xacro_urdf.py -> /home/romeperl/ssl_robot_challenge/build/launcher/build/lib/launcher
[0.957s] running install
[0.958s] running install_lib
[0.959s] copying /home/romeperl/ssl_robot_challenge/build/launcher/build/lib/launcher/xacro_urdf.py -> /home/romeperl/ssl_robot_challenge/install/launcher/lib/python3.10/site-packages/launcher
[0.960s] byte-compiling /home/romeperl/ssl_robot_challenge/install/launcher/lib/python3.10/site-packages/launcher/xacro_urdf.py to xacro_urdf.cpython-310.pyc
[0.962s] running install_data
[0.963s] running install_egg_info
[0.964s] removing '/home/romeperl/ssl_robot_challenge/install/launcher/lib/python3.10/site-packages/launcher-0.0.0-py3.10.egg-info' (and everything under it)
[0.966s] Copying ../../build/launcher/launcher.egg-info to /home/romeperl/ssl_robot_challenge/install/launcher/lib/python3.10/site-packages/launcher-0.0.0-py3.10.egg-info
[0.969s] running install_scripts
[0.991s] Installing xacro_urdf_viewer script to /home/romeperl/ssl_robot_challenge/install/launcher/lib/launcher
[0.994s] writing list of installed files to '/home/romeperl/ssl_robot_challenge/build/launcher/install.log'
[1.024s] Invoked command in '/home/romeperl/ssl_robot_challenge/src/launcher' returned '0': PYTHONPATH=/home/romeperl/ssl_robot_challenge/build/launcher/prefix_override:/home/romeperl/ssl_robot_challenge/install/launcher/lib/python3.10/site-packages:${PYTHONPATH} /usr/bin/python3 setup.py egg_info --egg-base ../../build/launcher build --build-base /home/romeperl/ssl_robot_challenge/build/launcher/build install --record /home/romeperl/ssl_robot_challenge/build/launcher/install.log --single-version-externally-managed
