[0.025s] Invoking command in '/home/romeperl/ssl_robot_challenge/build/control': CMAKE_PREFIX_PATH=/home/romeperl/ssl_robot_challenge/install/bitchin_n_moanin:/home/romeperl/SSLROS2Control2/install/ssl_hardware_interface:/home/romeperl/SSLROS2Control2/install/ssl_controllers:/home/romeperl/SSLROS2Control2/install/ssl_server:/home/romeperl/SSLROS2Control2/install/ssl_msg_interfaces:/home/romeperl/ssl_robot_challenge/install/romeo_tui:/home/romeperl/ssl_robot_challenge/install/robot:/home/romeperl/ssl_robot_challenge/install/control:/home/romeperl/SSLROS2Control2/install/ssl_gui:/home/romeperl/SSLROS2Control2/install/ros_tcp_endpoint:/home/romeperl/SSLROS2Control2/install/launch_core:/home/romeperl/ssl_robot_challenge/install/launcher:/opt/ros/humble /usr/bin/cmake --build /home/romeperl/ssl_robot_challenge/build/control -- -j2 -l2
[0.050s] -- Found ament_cmake: 1.3.4 (/opt/ros/humble/share/ament_cmake/cmake)
[0.457s] -- Found rclcpp: 16.0.4 (/opt/ros/humble/share/rclcpp/cmake)
[0.547s] -- Found rosidl_generator_c: 3.1.4 (/opt/ros/humble/share/rosidl_generator_c/cmake)
[0.564s] -- Found rosidl_adapter: 3.1.4 (/opt/ros/humble/share/rosidl_adapter/cmake)
[0.581s] -- Found rosidl_generator_cpp: 3.1.4 (/opt/ros/humble/share/rosidl_generator_cpp/cmake)
[0.612s] -- Using all available rosidl_typesupport_c: rosidl_typesupport_fastrtps_c;rosidl_typesupport_introspection_c
[0.653s] -- Using all available rosidl_typesupport_cpp: rosidl_typesupport_fastrtps_cpp;rosidl_typesupport_introspection_cpp
[0.743s] -- Found rmw_implementation_cmake: 6.1.1 (/opt/ros/humble/share/rmw_implementation_cmake/cmake)
[0.745s] -- Found rmw_fastrtps_cpp: 6.2.2 (/opt/ros/humble/share/rmw_fastrtps_cpp/cmake)
[0.905s] -- Using RMW implementation 'rmw_fastrtps_cpp' as default
[1.053s] -- Found rclpy: 3.3.8 (/opt/ros/humble/share/rclpy/cmake)
[1.054s] -- Found urdf: 2.6.0 (/opt/ros/humble/share/urdf/cmake)
[1.085s] [31mCMake Error at CMakeLists.txt:18 (find_package):
[1.085s]   By not providing "Findros2_control.cmake" in CMAKE_MODULE_PATH this project
[1.085s]   has asked CMake to find a package configuration file provided by
[1.085s]   "ros2_control", but CMake did not find one.
[1.085s] 
[1.085s]   Could not find a package configuration file provided by "ros2_control" with
[1.085s]   any of the following names:
[1.085s] 
[1.085s]     ros2_controlConfig.cmake
[1.085s]     ros2_control-config.cmake
[1.085s] 
[1.085s]   Add the installation prefix of "ros2_control" to CMAKE_PREFIX_PATH or set
[1.085s]   "ros2_control_DIR" to a directory containing one of the above files.  If
[1.085s]   "ros2_control" provides a separate development package or SDK, be sure it
[1.085s]   has been installed.
[1.085s] 
[1.086s] [0m
[1.086s] -- Configuring incomplete, errors occurred!
[1.086s] See also "/home/romeperl/ssl_robot_challenge/build/control/CMakeFiles/CMakeOutput.log".
[1.093s] gmake: *** [Makefile:226: cmake_check_build_system] Error 1
[1.106s] Invoked command in '/home/romeperl/ssl_robot_challenge/build/control' returned '2': CMAKE_PREFIX_PATH=/home/romeperl/ssl_robot_challenge/install/bitchin_n_moanin:/home/romeperl/SSLROS2Control2/install/ssl_hardware_interface:/home/romeperl/SSLROS2Control2/install/ssl_controllers:/home/romeperl/SSLROS2Control2/install/ssl_server:/home/romeperl/SSLROS2Control2/install/ssl_msg_interfaces:/home/romeperl/ssl_robot_challenge/install/romeo_tui:/home/romeperl/ssl_robot_challenge/install/robot:/home/romeperl/ssl_robot_challenge/install/control:/home/romeperl/SSLROS2Control2/install/ssl_gui:/home/romeperl/SSLROS2Control2/install/ros_tcp_endpoint:/home/romeperl/SSLROS2Control2/install/launch_core:/home/romeperl/ssl_robot_challenge/install/launcher:/opt/ros/humble /usr/bin/cmake --build /home/romeperl/ssl_robot_challenge/build/control -- -j2 -l2
