[0.916s] Invoking command in '/home/romeperl/ssl_robot_challenge/src/launcher': PYTHONPATH=/home/romeperl/ssl_robot_challenge/build/launcher/prefix_override:/home/romeperl/ssl_robot_challenge/install/launcher/lib/python3.10/site-packages:${PYTHONPATH} /usr/bin/python3 setup.py egg_info --egg-base ../../build/launcher build --build-base /home/romeperl/ssl_robot_challenge/build/launcher/build install --record /home/romeperl/ssl_robot_challenge/build/launcher/install.log --single-version-externally-managed
[1.095s] running egg_info
[1.096s] writing ../../build/launcher/launcher.egg-info/PKG-INFO
[1.097s] writing dependency_links to ../../build/launcher/launcher.egg-info/dependency_links.txt
[1.098s] writing entry points to ../../build/launcher/launcher.egg-info/entry_points.txt
[1.098s] writing requirements to ../../build/launcher/launcher.egg-info/requires.txt
[1.099s] writing top-level names to ../../build/launcher/launcher.egg-info/top_level.txt
[1.103s] reading manifest file '../../build/launcher/launcher.egg-info/SOURCES.txt'
[1.104s] writing manifest file '../../build/launcher/launcher.egg-info/SOURCES.txt'
[1.104s] running build
[1.104s] running build_py
[1.108s] running install
[1.108s] running install_lib
[1.110s] running install_data
[1.113s] running install_egg_info
[1.114s] removing '/home/romeperl/ssl_robot_challenge/install/launcher/lib/python3.10/site-packages/launcher-0.0.0-py3.10.egg-info' (and everything under it)
[1.114s] Copying ../../build/launcher/launcher.egg-info to /home/romeperl/ssl_robot_challenge/install/launcher/lib/python3.10/site-packages/launcher-0.0.0-py3.10.egg-info
[1.116s] running install_scripts
[1.137s] Installing xacro_urdf_viewer script to /home/romeperl/ssl_robot_challenge/install/launcher/lib/launcher
[1.139s] writing list of installed files to '/home/romeperl/ssl_robot_challenge/build/launcher/install.log'
[1.166s] Invoked command in '/home/romeperl/ssl_robot_challenge/src/launcher' returned '0': PYTHONPATH=/home/romeperl/ssl_robot_challenge/build/launcher/prefix_override:/home/romeperl/ssl_robot_challenge/install/launcher/lib/python3.10/site-packages:${PYTHONPATH} /usr/bin/python3 setup.py egg_info --egg-base ../../build/launcher build --build-base /home/romeperl/ssl_robot_challenge/build/launcher/build install --record /home/romeperl/ssl_robot_challenge/build/launcher/install.log --single-version-externally-managed
