[0.032s] Invoking command in '/home/romeperl/ssl_robot_challenge/build/control': AMENT_PREFIX_PATH=/home/romeperl/ssl_robot_challenge/install/bitchin_n_moanin:${AMENT_PREFIX_PATH} CMAKE_PREFIX_PATH=/home/romeperl/ssl_robot_challenge/install/bitchin_n_moanin:/home/romeperl/ssl_robot_challenge/install/romeo_tui:/home/romeperl/ssl_robot_challenge/install/robot:/home/romeperl/ssl_robot_challenge/install/control:/home/romeperl/ssl_robot_challenge/install/launcher:/opt/ros/humble /usr/bin/cmake --build /home/romeperl/ssl_robot_challenge/build/control -- -j2 -l2
[0.057s] -- Found ament_cmake: 1.3.4 (/opt/ros/humble/share/ament_cmake/cmake)
[0.208s] -- Found ament_lint_auto: 0.12.6 (/opt/ros/humble/share/ament_lint_auto/cmake)
[0.283s] -- Added test 'cppcheck' to perform static code analysis on C / C++ code
[0.283s] -- Configured cppcheck include dirs: 
[0.283s] -- Configured cppcheck exclude dirs and/or files: 
[0.284s] -- Added test 'lint_cmake' to check CMake code style
[0.285s] -- Added test 'uncrustify' to check C / C++ code style
[0.285s] -- Configured uncrustify additional arguments: 
[0.286s] -- Added test 'xmllint' to check XML markup files
[0.291s] -- Configuring done
[0.305s] -- Generating done
[0.308s] -- Build files have been written to: /home/romeperl/ssl_robot_challenge/build/control
[0.327s] Invoked command in '/home/romeperl/ssl_robot_challenge/build/control' returned '0': AMENT_PREFIX_PATH=/home/romeperl/ssl_robot_challenge/install/bitchin_n_moanin:${AMENT_PREFIX_PATH} CMAKE_PREFIX_PATH=/home/romeperl/ssl_robot_challenge/install/bitchin_n_moanin:/home/romeperl/ssl_robot_challenge/install/romeo_tui:/home/romeperl/ssl_robot_challenge/install/robot:/home/romeperl/ssl_robot_challenge/install/control:/home/romeperl/ssl_robot_challenge/install/launcher:/opt/ros/humble /usr/bin/cmake --build /home/romeperl/ssl_robot_challenge/build/control -- -j2 -l2
[0.388s] Invoking command in '/home/romeperl/ssl_robot_challenge/build/control': AMENT_PREFIX_PATH=/home/romeperl/ssl_robot_challenge/install/bitchin_n_moanin:${AMENT_PREFIX_PATH} CMAKE_PREFIX_PATH=/home/romeperl/ssl_robot_challenge/install/bitchin_n_moanin:/home/romeperl/ssl_robot_challenge/install/romeo_tui:/home/romeperl/ssl_robot_challenge/install/robot:/home/romeperl/ssl_robot_challenge/install/control:/home/romeperl/ssl_robot_challenge/install/launcher:/opt/ros/humble /usr/bin/cmake --install /home/romeperl/ssl_robot_challenge/build/control
[0.399s] -- Install configuration: ""
[0.400s] -- Installing: /home/romeperl/ssl_robot_challenge/install/control/share/ament_index/resource_index/package_run_dependencies/control
[0.400s] -- Installing: /home/romeperl/ssl_robot_challenge/install/control/share/ament_index/resource_index/parent_prefix_path/control
[0.400s] -- Up-to-date: /home/romeperl/ssl_robot_challenge/install/control/share/control/environment/ament_prefix_path.sh
[0.401s] -- Installing: /home/romeperl/ssl_robot_challenge/install/control/share/control/environment/ament_prefix_path.dsv
[0.401s] -- Up-to-date: /home/romeperl/ssl_robot_challenge/install/control/share/control/environment/path.sh
[0.401s] -- Installing: /home/romeperl/ssl_robot_challenge/install/control/share/control/environment/path.dsv
[0.401s] -- Up-to-date: /home/romeperl/ssl_robot_challenge/install/control/share/control/local_setup.bash
[0.401s] -- Up-to-date: /home/romeperl/ssl_robot_challenge/install/control/share/control/local_setup.sh
[0.402s] -- Up-to-date: /home/romeperl/ssl_robot_challenge/install/control/share/control/local_setup.zsh
[0.402s] -- Installing: /home/romeperl/ssl_robot_challenge/install/control/share/control/local_setup.dsv
[0.403s] -- Installing: /home/romeperl/ssl_robot_challenge/install/control/share/control/package.dsv
[0.403s] -- Up-to-date: /home/romeperl/ssl_robot_challenge/install/control/share/ament_index/resource_index/packages/control
[0.404s] -- Up-to-date: /home/romeperl/ssl_robot_challenge/install/control/share/control/cmake/controlConfig.cmake
[0.404s] -- Up-to-date: /home/romeperl/ssl_robot_challenge/install/control/share/control/cmake/controlConfig-version.cmake
[0.404s] -- Installing: /home/romeperl/ssl_robot_challenge/install/control/share/control/package.xml
[0.413s] Invoked command in '/home/romeperl/ssl_robot_challenge/build/control' returned '0': AMENT_PREFIX_PATH=/home/romeperl/ssl_robot_challenge/install/bitchin_n_moanin:${AMENT_PREFIX_PATH} CMAKE_PREFIX_PATH=/home/romeperl/ssl_robot_challenge/install/bitchin_n_moanin:/home/romeperl/ssl_robot_challenge/install/romeo_tui:/home/romeperl/ssl_robot_challenge/install/robot:/home/romeperl/ssl_robot_challenge/install/control:/home/romeperl/ssl_robot_challenge/install/launcher:/opt/ros/humble /usr/bin/cmake --install /home/romeperl/ssl_robot_challenge/build/control
