[0.047s] Invoking command in '/home/romeperl/ssl_robot_challenge/build/control': CMAKE_PREFIX_PATH=/opt/ros/humble /usr/bin/cmake /home/romeperl/ssl_robot_challenge/src/control -DCMAKE_INSTALL_PREFIX=/home/romeperl/ssl_robot_challenge/install/control
[0.105s] -- The C compiler identification is GNU 11.3.0
[0.201s] -- The CXX compiler identification is GNU 11.3.0
[0.210s] -- Detecting C compiler ABI info
[0.332s] -- Detecting C compiler ABI info - done
[0.337s] -- Check for working C compiler: /usr/bin/cc - skipped
[0.338s] -- Detecting C compile features
[0.339s] -- Detecting C compile features - done
[0.342s] -- Detecting CXX compiler ABI info
[0.620s] -- Detecting CXX compiler ABI info - done
[0.666s] -- Check for working CXX compiler: /usr/bin/c++ - skipped
[0.669s] -- Detecting CXX compile features
[0.674s] -- Detecting CXX compile features - done
[0.677s] -- Found ament_cmake: 1.3.4 (/opt/ros/humble/share/ament_cmake/cmake)
[1.128s] -- Found Python3: /usr/bin/python3.10 (found version "3.10.6") found components: Interpreter 
[1.242s] -- Found ament_lint_auto: 0.12.6 (/opt/ros/humble/share/ament_lint_auto/cmake)
[1.348s] -- Added test 'lint_cmake' to check CMake code style
[1.348s] -- Added test 'xmllint' to check XML markup files
[1.351s] -- Configuring done
[1.358s] -- Generating done
[1.373s] -- Build files have been written to: /home/romeperl/ssl_robot_challenge/build/control
[1.398s] Invoked command in '/home/romeperl/ssl_robot_challenge/build/control' returned '0': CMAKE_PREFIX_PATH=/opt/ros/humble /usr/bin/cmake /home/romeperl/ssl_robot_challenge/src/control -DCMAKE_INSTALL_PREFIX=/home/romeperl/ssl_robot_challenge/install/control
[1.399s] Invoking command in '/home/romeperl/ssl_robot_challenge/build/control': CMAKE_PREFIX_PATH=/opt/ros/humble /usr/bin/cmake --build /home/romeperl/ssl_robot_challenge/build/control -- -j2 -l2
[1.436s] Invoked command in '/home/romeperl/ssl_robot_challenge/build/control' returned '0': CMAKE_PREFIX_PATH=/opt/ros/humble /usr/bin/cmake --build /home/romeperl/ssl_robot_challenge/build/control -- -j2 -l2
[1.512s] Invoking command in '/home/romeperl/ssl_robot_challenge/build/control': CMAKE_PREFIX_PATH=/opt/ros/humble /usr/bin/cmake --install /home/romeperl/ssl_robot_challenge/build/control
[1.520s] -- Install configuration: ""
[1.521s] -- Installing: /home/romeperl/ssl_robot_challenge/install/control/share/ament_index/resource_index/package_run_dependencies/control
[1.522s] -- Installing: /home/romeperl/ssl_robot_challenge/install/control/share/ament_index/resource_index/parent_prefix_path/control
[1.522s] -- Installing: /home/romeperl/ssl_robot_challenge/install/control/share/control/environment/ament_prefix_path.sh
[1.523s] -- Installing: /home/romeperl/ssl_robot_challenge/install/control/share/control/environment/ament_prefix_path.dsv
[1.524s] -- Installing: /home/romeperl/ssl_robot_challenge/install/control/share/control/environment/path.sh
[1.526s] -- Installing: /home/romeperl/ssl_robot_challenge/install/control/share/control/environment/path.dsv
[1.528s] -- Installing: /home/romeperl/ssl_robot_challenge/install/control/share/control/local_setup.bash
[1.529s] -- Installing: /home/romeperl/ssl_robot_challenge/install/control/share/control/local_setup.sh
[1.529s] -- Installing: /home/romeperl/ssl_robot_challenge/install/control/share/control/local_setup.zsh
[1.529s] -- Installing: /home/romeperl/ssl_robot_challenge/install/control/share/control/local_setup.dsv
[1.530s] -- Installing: /home/romeperl/ssl_robot_challenge/install/control/share/control/package.dsv
[1.530s] -- Installing: /home/romeperl/ssl_robot_challenge/install/control/share/ament_index/resource_index/packages/control
[1.530s] -- Installing: /home/romeperl/ssl_robot_challenge/install/control/share/control/cmake/controlConfig.cmake
[1.531s] -- Installing: /home/romeperl/ssl_robot_challenge/install/control/share/control/cmake/controlConfig-version.cmake
[1.531s] -- Installing: /home/romeperl/ssl_robot_challenge/install/control/share/control/package.xml
[1.532s] Invoked command in '/home/romeperl/ssl_robot_challenge/build/control' returned '0': CMAKE_PREFIX_PATH=/opt/ros/humble /usr/bin/cmake --install /home/romeperl/ssl_robot_challenge/build/control
