[0.811s] Invoking command in '/home/romeperl/ssl_robot_challenge/src/launcher': PYTHONPATH=/home/romeperl/ssl_robot_challenge/build/launcher/prefix_override:/home/romeperl/ssl_robot_challenge/install/launcher/lib/python3.10/site-packages:${PYTHONPATH} /usr/bin/python3 setup.py egg_info --egg-base ../../build/launcher build --build-base /home/romeperl/ssl_robot_challenge/build/launcher/build install --record /home/romeperl/ssl_robot_challenge/build/launcher/install.log --single-version-externally-managed
[1.012s] running egg_info
[1.012s] writing ../../build/launcher/launcher.egg-info/PKG-INFO
[1.012s] writing dependency_links to ../../build/launcher/launcher.egg-info/dependency_links.txt
[1.012s] writing entry points to ../../build/launcher/launcher.egg-info/entry_points.txt
[1.014s] writing requirements to ../../build/launcher/launcher.egg-info/requires.txt
[1.015s] writing top-level names to ../../build/launcher/launcher.egg-info/top_level.txt
[1.017s] reading manifest file '../../build/launcher/launcher.egg-info/SOURCES.txt'
[1.018s] writing manifest file '../../build/launcher/launcher.egg-info/SOURCES.txt'
[1.018s] running build
[1.019s] running build_py
[1.019s] copying launcher/xacro_urdf.py -> /home/romeperl/ssl_robot_challenge/build/launcher/build/lib/launcher
[1.020s] running install
[1.020s] running install_lib
[1.021s] copying /home/romeperl/ssl_robot_challenge/build/launcher/build/lib/launcher/xacro_urdf.py -> /home/romeperl/ssl_robot_challenge/install/launcher/lib/python3.10/site-packages/launcher
[1.022s] byte-compiling /home/romeperl/ssl_robot_challenge/install/launcher/lib/python3.10/site-packages/launcher/xacro_urdf.py to xacro_urdf.cpython-310.pyc
[1.023s] running install_data
[1.024s] running install_egg_info
[1.025s] removing '/home/romeperl/ssl_robot_challenge/install/launcher/lib/python3.10/site-packages/launcher-0.0.0-py3.10.egg-info' (and everything under it)
[1.025s] Copying ../../build/launcher/launcher.egg-info to /home/romeperl/ssl_robot_challenge/install/launcher/lib/python3.10/site-packages/launcher-0.0.0-py3.10.egg-info
[1.026s] running install_scripts
[1.061s] Installing xacro_urdf_viewer script to /home/romeperl/ssl_robot_challenge/install/launcher/lib/launcher
[1.062s] writing list of installed files to '/home/romeperl/ssl_robot_challenge/build/launcher/install.log'
[1.094s] Invoked command in '/home/romeperl/ssl_robot_challenge/src/launcher' returned '0': PYTHONPATH=/home/romeperl/ssl_robot_challenge/build/launcher/prefix_override:/home/romeperl/ssl_robot_challenge/install/launcher/lib/python3.10/site-packages:${PYTHONPATH} /usr/bin/python3 setup.py egg_info --egg-base ../../build/launcher build --build-base /home/romeperl/ssl_robot_challenge/build/launcher/build install --record /home/romeperl/ssl_robot_challenge/build/launcher/install.log --single-version-externally-managed
