[0.660s] Invoking command in '/home/romeperl/ssl_robot_challenge/src/launcher': PYTHONPATH=/home/romeperl/ssl_robot_challenge/build/launcher/prefix_override:/home/romeperl/ssl_robot_challenge/install/launcher/lib/python3.10/site-packages:${PYTHONPATH} /usr/bin/python3 setup.py egg_info --egg-base ../../build/launcher build --build-base /home/romeperl/ssl_robot_challenge/build/launcher/build install --record /home/romeperl/ssl_robot_challenge/build/launcher/install.log --single-version-externally-managed
[0.875s] running egg_info
[0.882s] writing ../../build/launcher/launcher.egg-info/PKG-INFO
[0.883s] writing dependency_links to ../../build/launcher/launcher.egg-info/dependency_links.txt
[0.887s] writing entry points to ../../build/launcher/launcher.egg-info/entry_points.txt
[0.888s] writing requirements to ../../build/launcher/launcher.egg-info/requires.txt
[0.901s] writing top-level names to ../../build/launcher/launcher.egg-info/top_level.txt
[0.901s] reading manifest file '../../build/launcher/launcher.egg-info/SOURCES.txt'
[0.941s] writing manifest file '../../build/launcher/launcher.egg-info/SOURCES.txt'
[0.942s] running build
[0.942s] running build_py
[0.942s] copying launcher/xacro_urdf.py -> /home/romeperl/ssl_robot_challenge/build/launcher/build/lib/launcher
[0.942s] running install
[0.942s] running install_lib
[0.942s] copying /home/romeperl/ssl_robot_challenge/build/launcher/build/lib/launcher/xacro_urdf.py -> /home/romeperl/ssl_robot_challenge/install/launcher/lib/python3.10/site-packages/launcher
[0.942s] byte-compiling /home/romeperl/ssl_robot_challenge/install/launcher/lib/python3.10/site-packages/launcher/xacro_urdf.py to xacro_urdf.cpython-310.pyc
[0.949s] running install_data
[0.958s] running install_egg_info
[0.960s] removing '/home/romeperl/ssl_robot_challenge/install/launcher/lib/python3.10/site-packages/launcher-0.0.0-py3.10.egg-info' (and everything under it)
[0.969s] Copying ../../build/launcher/launcher.egg-info to /home/romeperl/ssl_robot_challenge/install/launcher/lib/python3.10/site-packages/launcher-0.0.0-py3.10.egg-info
[0.969s] running install_scripts
[0.995s] Installing xacro_urdf_viewer script to /home/romeperl/ssl_robot_challenge/install/launcher/lib/launcher
[0.996s] writing list of installed files to '/home/romeperl/ssl_robot_challenge/build/launcher/install.log'
[1.040s] Invoked command in '/home/romeperl/ssl_robot_challenge/src/launcher' returned '0': PYTHONPATH=/home/romeperl/ssl_robot_challenge/build/launcher/prefix_override:/home/romeperl/ssl_robot_challenge/install/launcher/lib/python3.10/site-packages:${PYTHONPATH} /usr/bin/python3 setup.py egg_info --egg-base ../../build/launcher build --build-base /home/romeperl/ssl_robot_challenge/build/launcher/build install --record /home/romeperl/ssl_robot_challenge/build/launcher/install.log --single-version-externally-managed
