[0.062s] Invoking command in '/home/romeperl/ssl_robot_challenge/build/bitchin_n_moanin': CMAKE_PREFIX_PATH=${CMAKE_PREFIX_PATH}:/home/romeperl/SSLROS2Control2/install/ssl_gui:/home/romeperl/SSLROS2Control2/install/ros_tcp_endpoint:/home/romeperl/SSLROS2Control2/install/launch_core:/home/romeperl/ssl_robot_challenge/install/launcher:/opt/ros/humble /usr/bin/cmake --build /home/romeperl/ssl_robot_challenge/build/bitchin_n_moanin -- -j2 -l2
[0.392s] Invoked command in '/home/romeperl/ssl_robot_challenge/build/bitchin_n_moanin' returned '0': CMAKE_PREFIX_PATH=${CMAKE_PREFIX_PATH}:/home/romeperl/SSLROS2Control2/install/ssl_gui:/home/romeperl/SSLROS2Control2/install/ros_tcp_endpoint:/home/romeperl/SSLROS2Control2/install/launch_core:/home/romeperl/ssl_robot_challenge/install/launcher:/opt/ros/humble /usr/bin/cmake --build /home/romeperl/ssl_robot_challenge/build/bitchin_n_moanin -- -j2 -l2
[0.441s] Invoking command in '/home/romeperl/ssl_robot_challenge/build/bitchin_n_moanin': CMAKE_PREFIX_PATH=${CMAKE_PREFIX_PATH}:/home/romeperl/SSLROS2Control2/install/ssl_gui:/home/romeperl/SSLROS2Control2/install/ros_tcp_endpoint:/home/romeperl/SSLROS2Control2/install/launch_core:/home/romeperl/ssl_robot_challenge/install/launcher:/opt/ros/humble /usr/bin/cmake --install /home/romeperl/ssl_robot_challenge/build/bitchin_n_moanin
[0.481s] -- Install configuration: ""
[0.481s] -- Up-to-date: /home/romeperl/ssl_robot_challenge/install/bitchin_n_moanin/share/ament_index/resource_index/package_run_dependencies/bitchin_n_moanin
[0.481s] -- Up-to-date: /home/romeperl/ssl_robot_challenge/install/bitchin_n_moanin/share/ament_index/resource_index/parent_prefix_path/bitchin_n_moanin
[0.481s] -- Up-to-date: /home/romeperl/ssl_robot_challenge/install/bitchin_n_moanin/share/bitchin_n_moanin/environment/ament_prefix_path.sh
[0.481s] -- Up-to-date: /home/romeperl/ssl_robot_challenge/install/bitchin_n_moanin/share/bitchin_n_moanin/environment/ament_prefix_path.dsv
[0.481s] -- Up-to-date: /home/romeperl/ssl_robot_challenge/install/bitchin_n_moanin/share/bitchin_n_moanin/environment/path.sh
[0.481s] -- Up-to-date: /home/romeperl/ssl_robot_challenge/install/bitchin_n_moanin/share/bitchin_n_moanin/environment/path.dsv
[0.481s] -- Up-to-date: /home/romeperl/ssl_robot_challenge/install/bitchin_n_moanin/share/bitchin_n_moanin/local_setup.bash
[0.481s] -- Up-to-date: /home/romeperl/ssl_robot_challenge/install/bitchin_n_moanin/share/bitchin_n_moanin/local_setup.sh
[0.481s] -- Up-to-date: /home/romeperl/ssl_robot_challenge/install/bitchin_n_moanin/share/bitchin_n_moanin/local_setup.zsh
[0.481s] -- Up-to-date: /home/romeperl/ssl_robot_challenge/install/bitchin_n_moanin/share/bitchin_n_moanin/local_setup.dsv
[0.481s] -- Installing: /home/romeperl/ssl_robot_challenge/install/bitchin_n_moanin/share/bitchin_n_moanin/package.dsv
[0.481s] -- Up-to-date: /home/romeperl/ssl_robot_challenge/install/bitchin_n_moanin/share/ament_index/resource_index/packages/bitchin_n_moanin
[0.481s] -- Up-to-date: /home/romeperl/ssl_robot_challenge/install/bitchin_n_moanin/share/bitchin_n_moanin/cmake/bitchin_n_moaninConfig.cmake
[0.481s] -- Up-to-date: /home/romeperl/ssl_robot_challenge/install/bitchin_n_moanin/share/bitchin_n_moanin/cmake/bitchin_n_moaninConfig-version.cmake
[0.481s] -- Up-to-date: /home/romeperl/ssl_robot_challenge/install/bitchin_n_moanin/share/bitchin_n_moanin/package.xml
[0.481s] Invoked command in '/home/romeperl/ssl_robot_challenge/build/bitchin_n_moanin' returned '0': CMAKE_PREFIX_PATH=${CMAKE_PREFIX_PATH}:/home/romeperl/SSLROS2Control2/install/ssl_gui:/home/romeperl/SSLROS2Control2/install/ros_tcp_endpoint:/home/romeperl/SSLROS2Control2/install/launch_core:/home/romeperl/ssl_robot_challenge/install/launcher:/opt/ros/humble /usr/bin/cmake --install /home/romeperl/ssl_robot_challenge/build/bitchin_n_moanin
