-- The C compiler identification is GNU 11.3.0
-- The CXX compiler identification is GNU 11.3.0
-- Detecting C compiler ABI info
-- Detecting C compiler ABI info - done
-- Check for working C compiler: /usr/bin/cc - skipped
-- Detecting C compile features
-- Detecting C compile features - done
-- Detecting CXX compiler ABI info
-- Detecting CXX compiler ABI info - done
-- Check for working CXX compiler: /usr/bin/c++ - skipped
-- Detecting CXX compile features
-- Detecting CXX compile features - done
-- Found ament_cmake: 1.3.4 (/opt/ros/humble/share/ament_cmake/cmake)
-- Found Python3: /usr/bin/python3.10 (found version "3.10.6") found components: Interpreter 
-- Found ament_lint_auto: 0.12.6 (/opt/ros/humble/share/ament_lint_auto/cmake)
-- Added test 'lint_cmake' to check CMake code style
-- Added test 'xmllint' to check XML markup files
-- Configuring done
-- Generating done
-- Build files have been written to: /home/romeperl/ssl_robot_challenge/build/bitchin_n_moanin
-- Install configuration: ""
-- Installing: /home/romeperl/ssl_robot_challenge/install/bitchin_n_moanin/share/ament_index/resource_index/package_run_dependencies/bitchin_n_moanin
-- Installing: /home/romeperl/ssl_robot_challenge/install/bitchin_n_moanin/share/ament_index/resource_index/parent_prefix_path/bitchin_n_moanin
-- Installing: /home/romeperl/ssl_robot_challenge/install/bitchin_n_moanin/share/bitchin_n_moanin/environment/ament_prefix_path.sh
-- Installing: /home/romeperl/ssl_robot_challenge/install/bitchin_n_moanin/share/bitchin_n_moanin/environment/ament_prefix_path.dsv
-- Installing: /home/romeperl/ssl_robot_challenge/install/bitchin_n_moanin/share/bitchin_n_moanin/environment/path.sh
-- Installing: /home/romeperl/ssl_robot_challenge/install/bitchin_n_moanin/share/bitchin_n_moanin/environment/path.dsv
-- Installing: /home/romeperl/ssl_robot_challenge/install/bitchin_n_moanin/share/bitchin_n_moanin/local_setup.bash
-- Installing: /home/romeperl/ssl_robot_challenge/install/bitchin_n_moanin/share/bitchin_n_moanin/local_setup.sh
-- Installing: /home/romeperl/ssl_robot_challenge/install/bitchin_n_moanin/share/bitchin_n_moanin/local_setup.zsh
-- Installing: /home/romeperl/ssl_robot_challenge/install/bitchin_n_moanin/share/bitchin_n_moanin/local_setup.dsv
-- Installing: /home/romeperl/ssl_robot_challenge/install/bitchin_n_moanin/share/bitchin_n_moanin/package.dsv
-- Installing: /home/romeperl/ssl_robot_challenge/install/bitchin_n_moanin/share/ament_index/resource_index/packages/bitchin_n_moanin
-- Installing: /home/romeperl/ssl_robot_challenge/install/bitchin_n_moanin/share/bitchin_n_moanin/cmake/bitchin_n_moaninConfig.cmake
-- Installing: /home/romeperl/ssl_robot_challenge/install/bitchin_n_moanin/share/bitchin_n_moanin/cmake/bitchin_n_moaninConfig-version.cmake
-- Installing: /home/romeperl/ssl_robot_challenge/install/bitchin_n_moanin/share/bitchin_n_moanin/package.xml
