[0.058s] Invoking command in '/home/romeperl/ssl_robot_challenge/build/control': CMAKE_PREFIX_PATH=${CMAKE_PREFIX_PATH}:/home/romeperl/ssl_robot_challenge/install/launcher:/opt/ros/humble /usr/bin/cmake --build /home/romeperl/ssl_robot_challenge/build/control -- -j2 -l2
[0.345s] Invoked command in '/home/romeperl/ssl_robot_challenge/build/control' returned '0': CMAKE_PREFIX_PATH=${CMAKE_PREFIX_PATH}:/home/romeperl/ssl_robot_challenge/install/launcher:/opt/ros/humble /usr/bin/cmake --build /home/romeperl/ssl_robot_challenge/build/control -- -j2 -l2
[0.407s] Invoking command in '/home/romeperl/ssl_robot_challenge/build/control': CMAKE_PREFIX_PATH=${CMAKE_PREFIX_PATH}:/home/romeperl/ssl_robot_challenge/install/launcher:/opt/ros/humble /usr/bin/cmake --install /home/romeperl/ssl_robot_challenge/build/control
[0.417s] -- Install configuration: ""
[0.418s] -- Up-to-date: /home/romeperl/ssl_robot_challenge/install/control/share/ament_index/resource_index/package_run_dependencies/control
[0.418s] -- Up-to-date: /home/romeperl/ssl_robot_challenge/install/control/share/ament_index/resource_index/parent_prefix_path/control
[0.419s] -- Up-to-date: /home/romeperl/ssl_robot_challenge/install/control/share/control/environment/ament_prefix_path.sh
[0.419s] -- Up-to-date: /home/romeperl/ssl_robot_challenge/install/control/share/control/environment/ament_prefix_path.dsv
[0.420s] -- Up-to-date: /home/romeperl/ssl_robot_challenge/install/control/share/control/environment/path.sh
[0.420s] -- Up-to-date: /home/romeperl/ssl_robot_challenge/install/control/share/control/environment/path.dsv
[0.421s] -- Up-to-date: /home/romeperl/ssl_robot_challenge/install/control/share/control/local_setup.bash
[0.421s] -- Up-to-date: /home/romeperl/ssl_robot_challenge/install/control/share/control/local_setup.sh
[0.421s] -- Up-to-date: /home/romeperl/ssl_robot_challenge/install/control/share/control/local_setup.zsh
[0.422s] -- Up-to-date: /home/romeperl/ssl_robot_challenge/install/control/share/control/local_setup.dsv
[0.423s] -- Installing: /home/romeperl/ssl_robot_challenge/install/control/share/control/package.dsv
[0.424s] -- Up-to-date: /home/romeperl/ssl_robot_challenge/install/control/share/ament_index/resource_index/packages/control
[0.425s] -- Up-to-date: /home/romeperl/ssl_robot_challenge/install/control/share/control/cmake/controlConfig.cmake
[0.425s] -- Up-to-date: /home/romeperl/ssl_robot_challenge/install/control/share/control/cmake/controlConfig-version.cmake
[0.426s] -- Up-to-date: /home/romeperl/ssl_robot_challenge/install/control/share/control/package.xml
[0.430s] Invoked command in '/home/romeperl/ssl_robot_challenge/build/control' returned '0': CMAKE_PREFIX_PATH=${CMAKE_PREFIX_PATH}:/home/romeperl/ssl_robot_challenge/install/launcher:/opt/ros/humble /usr/bin/cmake --install /home/romeperl/ssl_robot_challenge/build/control
