[0.011s] Invoking command in '/home/romeperl/ssl_robot_challenge/build/control': AMENT_PREFIX_PATH=/home/romeperl/ssl_robot_challenge/install/bitchin_n_moanin:${AMENT_PREFIX_PATH} CMAKE_PREFIX_PATH=/home/romeperl/ssl_robot_challenge/install/bitchin_n_moanin:/home/romeperl/ssl_robot_challenge/src/install/bitchin_n_moanin:/home/romeperl/ssl_robot_challenge/src/install/launcher:/opt/ros/humble /usr/bin/cmake /home/romeperl/ssl_robot_challenge/src/control -DCMAKE_INSTALL_PREFIX=/home/romeperl/ssl_robot_challenge/install/control
[0.108s] -- The C compiler identification is GNU 11.3.0
[0.202s] -- The CXX compiler identification is GNU 11.3.0
[0.213s] -- Detecting C compiler ABI info
[0.332s] -- Detecting C compiler ABI info - done
[0.339s] -- Check for working C compiler: /usr/bin/cc - skipped
[0.340s] -- Detecting C compile features
[0.340s] -- Detecting C compile features - done
[0.345s] -- Detecting CXX compiler ABI info
[0.488s] -- Detecting CXX compiler ABI info - done
[0.496s] -- Check for working CXX compiler: /usr/bin/c++ - skipped
[0.496s] -- Detecting CXX compile features
[0.497s] -- Detecting CXX compile features - done
[0.499s] -- Found ament_cmake: 1.3.4 (/opt/ros/humble/share/ament_cmake/cmake)
[0.741s] -- Found Python3: /usr/bin/python3.10 (found version "3.10.6") found components: Interpreter 
[0.838s] -- Found rclcpp: 16.0.4 (/opt/ros/humble/share/rclcpp/cmake)
[0.905s] -- Found rosidl_generator_c: 3.1.4 (/opt/ros/humble/share/rosidl_generator_c/cmake)
[0.909s] -- Found rosidl_adapter: 3.1.4 (/opt/ros/humble/share/rosidl_adapter/cmake)
[0.918s] -- Found rosidl_generator_cpp: 3.1.4 (/opt/ros/humble/share/rosidl_generator_cpp/cmake)
[0.939s] -- Using all available rosidl_typesupport_c: rosidl_typesupport_fastrtps_c;rosidl_typesupport_introspection_c
[0.966s] -- Using all available rosidl_typesupport_cpp: rosidl_typesupport_fastrtps_cpp;rosidl_typesupport_introspection_cpp
[1.047s] -- Found rmw_implementation_cmake: 6.1.1 (/opt/ros/humble/share/rmw_implementation_cmake/cmake)
[1.050s] -- Found rmw_fastrtps_cpp: 6.2.2 (/opt/ros/humble/share/rmw_fastrtps_cpp/cmake)
[1.194s] -- Found OpenSSL: /usr/lib/x86_64-linux-gnu/libcrypto.so (found version "3.0.2")  
[1.221s] -- Found FastRTPS: /opt/ros/humble/include  
[1.271s] -- Using RMW implementation 'rmw_fastrtps_cpp' as default
[1.286s] -- Looking for pthread.h
[1.390s] -- Looking for pthread.h - found
[1.390s] -- Performing Test CMAKE_HAVE_LIBC_PTHREAD
[1.470s] -- Performing Test CMAKE_HAVE_LIBC_PTHREAD - Success
[1.470s] -- Found Threads: TRUE  
[1.632s] -- Found rclpy: 3.3.8 (/opt/ros/humble/share/rclpy/cmake)
[1.634s] -- Found urdf: 2.6.0 (/opt/ros/humble/share/urdf/cmake)
[1.667s] -- Found ros2_control: 2.26.0 (/opt/ros/humble/share/ros2_control/cmake)
[1.668s] -- Found ament_lint_auto: 0.12.6 (/opt/ros/humble/share/ament_lint_auto/cmake)
[1.754s] -- Added test 'cppcheck' to perform static code analysis on C / C++ code
[1.754s] -- Configured cppcheck include dirs: 
[1.754s] -- Configured cppcheck exclude dirs and/or files: 
[1.754s] -- Added test 'lint_cmake' to check CMake code style
[1.756s] -- Added test 'uncrustify' to check C / C++ code style
[1.756s] -- Configured uncrustify additional arguments: 
[1.756s] -- Added test 'xmllint' to check XML markup files
[1.761s] -- Configuring done
[1.772s] -- Generating done
[1.775s] -- Build files have been written to: /home/romeperl/ssl_robot_challenge/build/control
[1.785s] Invoked command in '/home/romeperl/ssl_robot_challenge/build/control' returned '0': AMENT_PREFIX_PATH=/home/romeperl/ssl_robot_challenge/install/bitchin_n_moanin:${AMENT_PREFIX_PATH} CMAKE_PREFIX_PATH=/home/romeperl/ssl_robot_challenge/install/bitchin_n_moanin:/home/romeperl/ssl_robot_challenge/src/install/bitchin_n_moanin:/home/romeperl/ssl_robot_challenge/src/install/launcher:/opt/ros/humble /usr/bin/cmake /home/romeperl/ssl_robot_challenge/src/control -DCMAKE_INSTALL_PREFIX=/home/romeperl/ssl_robot_challenge/install/control
[1.785s] Invoking command in '/home/romeperl/ssl_robot_challenge/build/control': AMENT_PREFIX_PATH=/home/romeperl/ssl_robot_challenge/install/bitchin_n_moanin:${AMENT_PREFIX_PATH} CMAKE_PREFIX_PATH=/home/romeperl/ssl_robot_challenge/install/bitchin_n_moanin:/home/romeperl/ssl_robot_challenge/src/install/bitchin_n_moanin:/home/romeperl/ssl_robot_challenge/src/install/launcher:/opt/ros/humble /usr/bin/cmake --build /home/romeperl/ssl_robot_challenge/build/control -- -j2 -l2
[1.833s] Invoked command in '/home/romeperl/ssl_robot_challenge/build/control' returned '0': AMENT_PREFIX_PATH=/home/romeperl/ssl_robot_challenge/install/bitchin_n_moanin:${AMENT_PREFIX_PATH} CMAKE_PREFIX_PATH=/home/romeperl/ssl_robot_challenge/install/bitchin_n_moanin:/home/romeperl/ssl_robot_challenge/src/install/bitchin_n_moanin:/home/romeperl/ssl_robot_challenge/src/install/launcher:/opt/ros/humble /usr/bin/cmake --build /home/romeperl/ssl_robot_challenge/build/control -- -j2 -l2
[1.869s] Invoking command in '/home/romeperl/ssl_robot_challenge/build/control': AMENT_PREFIX_PATH=/home/romeperl/ssl_robot_challenge/install/bitchin_n_moanin:${AMENT_PREFIX_PATH} CMAKE_PREFIX_PATH=/home/romeperl/ssl_robot_challenge/install/bitchin_n_moanin:/home/romeperl/ssl_robot_challenge/src/install/bitchin_n_moanin:/home/romeperl/ssl_robot_challenge/src/install/launcher:/opt/ros/humble /usr/bin/cmake --install /home/romeperl/ssl_robot_challenge/build/control
[1.894s] -- Install configuration: ""
[1.894s] -- Installing: /home/romeperl/ssl_robot_challenge/install/control/share/ament_index/resource_index/package_run_dependencies/control
[1.899s] -- Installing: /home/romeperl/ssl_robot_challenge/install/control/share/ament_index/resource_index/parent_prefix_path/control
[1.900s] -- Installing: /home/romeperl/ssl_robot_challenge/install/control/share/control/environment/ament_prefix_path.sh
[1.900s] -- Installing: /home/romeperl/ssl_robot_challenge/install/control/share/control/environment/ament_prefix_path.dsv
[1.900s] -- Installing: /home/romeperl/ssl_robot_challenge/install/control/share/control/environment/path.sh
[1.900s] -- Installing: /home/romeperl/ssl_robot_challenge/install/control/share/control/environment/path.dsv
[1.900s] -- Installing: /home/romeperl/ssl_robot_challenge/install/control/share/control/local_setup.bash
[1.901s] -- Installing: /home/romeperl/ssl_robot_challenge/install/control/share/control/local_setup.sh
[1.901s] -- Installing: /home/romeperl/ssl_robot_challenge/install/control/share/control/local_setup.zsh
[1.901s] -- Installing: /home/romeperl/ssl_robot_challenge/install/control/share/control/local_setup.dsv
[1.901s] -- Installing: /home/romeperl/ssl_robot_challenge/install/control/share/control/package.dsv
[1.902s] -- Installing: /home/romeperl/ssl_robot_challenge/install/control/share/ament_index/resource_index/packages/control
[1.902s] -- Installing: /home/romeperl/ssl_robot_challenge/install/control/share/control/cmake/controlConfig.cmake
[1.902s] -- Installing: /home/romeperl/ssl_robot_challenge/install/control/share/control/cmake/controlConfig-version.cmake
[1.902s] -- Installing: /home/romeperl/ssl_robot_challenge/install/control/share/control/package.xml
[1.902s] Invoked command in '/home/romeperl/ssl_robot_challenge/build/control' returned '0': AMENT_PREFIX_PATH=/home/romeperl/ssl_robot_challenge/install/bitchin_n_moanin:${AMENT_PREFIX_PATH} CMAKE_PREFIX_PATH=/home/romeperl/ssl_robot_challenge/install/bitchin_n_moanin:/home/romeperl/ssl_robot_challenge/src/install/bitchin_n_moanin:/home/romeperl/ssl_robot_challenge/src/install/launcher:/opt/ros/humble /usr/bin/cmake --install /home/romeperl/ssl_robot_challenge/build/control
