[0.815s] Invoking command in '/home/romeperl/ssl_robot_challenge/src/launcher': PYTHONPATH=/home/romeperl/ssl_robot_challenge/build/launcher/prefix_override:/home/romeperl/ssl_robot_challenge/install/launcher/lib/python3.10/site-packages:${PYTHONPATH} /usr/bin/python3 setup.py egg_info --egg-base ../../build/launcher build --build-base /home/romeperl/ssl_robot_challenge/build/launcher/build install --record /home/romeperl/ssl_robot_challenge/build/launcher/install.log --single-version-externally-managed
[1.169s] running egg_info
[1.170s] creating ../../build/launcher/launcher.egg-info
[1.170s] writing ../../build/launcher/launcher.egg-info/PKG-INFO
[1.170s] writing dependency_links to ../../build/launcher/launcher.egg-info/dependency_links.txt
[1.170s] writing entry points to ../../build/launcher/launcher.egg-info/entry_points.txt
[1.170s] writing requirements to ../../build/launcher/launcher.egg-info/requires.txt
[1.170s] writing top-level names to ../../build/launcher/launcher.egg-info/top_level.txt
[1.170s] writing manifest file '../../build/launcher/launcher.egg-info/SOURCES.txt'
[1.170s] reading manifest file '../../build/launcher/launcher.egg-info/SOURCES.txt'
[1.171s] writing manifest file '../../build/launcher/launcher.egg-info/SOURCES.txt'
[1.171s] running build
[1.171s] running build_py
[1.172s] creating /home/romeperl/ssl_robot_challenge/build/launcher/build
[1.172s] creating /home/romeperl/ssl_robot_challenge/build/launcher/build/lib
[1.172s] creating /home/romeperl/ssl_robot_challenge/build/launcher/build/lib/launcher
[1.172s] copying launcher/xacro_urdf.py -> /home/romeperl/ssl_robot_challenge/build/launcher/build/lib/launcher
[1.172s] copying launcher/__init__.py -> /home/romeperl/ssl_robot_challenge/build/launcher/build/lib/launcher
[1.172s] running install
[1.172s] running install_lib
[1.172s] creating /home/romeperl/ssl_robot_challenge/install/launcher/lib/python3.10/site-packages/launcher
[1.173s] copying /home/romeperl/ssl_robot_challenge/build/launcher/build/lib/launcher/xacro_urdf.py -> /home/romeperl/ssl_robot_challenge/install/launcher/lib/python3.10/site-packages/launcher
[1.173s] copying /home/romeperl/ssl_robot_challenge/build/launcher/build/lib/launcher/__init__.py -> /home/romeperl/ssl_robot_challenge/install/launcher/lib/python3.10/site-packages/launcher
[1.173s] byte-compiling /home/romeperl/ssl_robot_challenge/install/launcher/lib/python3.10/site-packages/launcher/xacro_urdf.py to xacro_urdf.cpython-310.pyc
[1.174s] byte-compiling /home/romeperl/ssl_robot_challenge/install/launcher/lib/python3.10/site-packages/launcher/__init__.py to __init__.cpython-310.pyc
[1.174s] running install_data
[1.175s] creating /home/romeperl/ssl_robot_challenge/install/launcher/share/ament_index
[1.176s] creating /home/romeperl/ssl_robot_challenge/install/launcher/share/ament_index/resource_index
[1.176s] creating /home/romeperl/ssl_robot_challenge/install/launcher/share/ament_index/resource_index/packages
[1.176s] copying resource/launcher -> /home/romeperl/ssl_robot_challenge/install/launcher/share/ament_index/resource_index/packages
[1.176s] copying package.xml -> /home/romeperl/ssl_robot_challenge/install/launcher/share/launcher
[1.176s] running install_egg_info
[1.179s] Copying ../../build/launcher/launcher.egg-info to /home/romeperl/ssl_robot_challenge/install/launcher/lib/python3.10/site-packages/launcher-0.0.0-py3.10.egg-info
[1.192s] running install_scripts
[1.238s] Installing xacro_urdf_viewer script to /home/romeperl/ssl_robot_challenge/install/launcher/lib/launcher
[1.238s] writing list of installed files to '/home/romeperl/ssl_robot_challenge/build/launcher/install.log'
[1.291s] Invoked command in '/home/romeperl/ssl_robot_challenge/src/launcher' returned '0': PYTHONPATH=/home/romeperl/ssl_robot_challenge/build/launcher/prefix_override:/home/romeperl/ssl_robot_challenge/install/launcher/lib/python3.10/site-packages:${PYTHONPATH} /usr/bin/python3 setup.py egg_info --egg-base ../../build/launcher build --build-base /home/romeperl/ssl_robot_challenge/build/launcher/build install --record /home/romeperl/ssl_robot_challenge/build/launcher/install.log --single-version-externally-managed
