[0.720s] Invoking command in '/home/romeperl/ssl_robot_challenge/src/launcher': PYTHONPATH=/home/romeperl/ssl_robot_challenge/build/launcher/prefix_override:/home/romeperl/ssl_robot_challenge/install/launcher/lib/python3.10/site-packages:${PYTHONPATH} /usr/bin/python3 setup.py egg_info --egg-base ../../build/launcher build --build-base /home/romeperl/ssl_robot_challenge/build/launcher/build install --record /home/romeperl/ssl_robot_challenge/build/launcher/install.log --single-version-externally-managed
[0.988s] running egg_info
[0.989s] writing ../../build/launcher/launcher.egg-info/PKG-INFO
[0.991s] writing dependency_links to ../../build/launcher/launcher.egg-info/dependency_links.txt
[0.992s] writing entry points to ../../build/launcher/launcher.egg-info/entry_points.txt
[0.992s] writing requirements to ../../build/launcher/launcher.egg-info/requires.txt
[0.994s] writing top-level names to ../../build/launcher/launcher.egg-info/top_level.txt
[0.997s] reading manifest file '../../build/launcher/launcher.egg-info/SOURCES.txt'
[0.998s] writing manifest file '../../build/launcher/launcher.egg-info/SOURCES.txt'
[0.999s] running build
[0.999s] running build_py
[1.000s] copying launcher/xacro_urdf.py -> /home/romeperl/ssl_robot_challenge/build/launcher/build/lib/launcher
[1.002s] running install
[1.002s] running install_lib
[1.003s] copying /home/romeperl/ssl_robot_challenge/build/launcher/build/lib/launcher/xacro_urdf.py -> /home/romeperl/ssl_robot_challenge/install/launcher/lib/python3.10/site-packages/launcher
[1.005s] byte-compiling /home/romeperl/ssl_robot_challenge/install/launcher/lib/python3.10/site-packages/launcher/xacro_urdf.py to xacro_urdf.cpython-310.pyc
[1.007s] running install_data
[1.008s] running install_egg_info
[1.010s] removing '/home/romeperl/ssl_robot_challenge/install/launcher/lib/python3.10/site-packages/launcher-0.0.0-py3.10.egg-info' (and everything under it)
[1.011s] Copying ../../build/launcher/launcher.egg-info to /home/romeperl/ssl_robot_challenge/install/launcher/lib/python3.10/site-packages/launcher-0.0.0-py3.10.egg-info
[1.016s] running install_scripts
[1.047s] Installing xacro_urdf_viewer script to /home/romeperl/ssl_robot_challenge/install/launcher/lib/launcher
[1.048s] writing list of installed files to '/home/romeperl/ssl_robot_challenge/build/launcher/install.log'
[1.093s] Invoked command in '/home/romeperl/ssl_robot_challenge/src/launcher' returned '0': PYTHONPATH=/home/romeperl/ssl_robot_challenge/build/launcher/prefix_override:/home/romeperl/ssl_robot_challenge/install/launcher/lib/python3.10/site-packages:${PYTHONPATH} /usr/bin/python3 setup.py egg_info --egg-base ../../build/launcher build --build-base /home/romeperl/ssl_robot_challenge/build/launcher/build install --record /home/romeperl/ssl_robot_challenge/build/launcher/install.log --single-version-externally-managed
