[0.333s] DEBUG:colcon:Command line arguments: ['/usr/bin/colcon', 'build']
[0.333s] DEBUG:colcon:Parsed command line arguments: Namespace(log_base=None, log_level=None, verb_name='build', build_base='build', install_base='install', merge_install=False, symlink_install=False, test_result_base=None, continue_on_error=False, executor='parallel', parallel_workers=2, event_handlers=None, ignore_user_meta=False, metas=['./colcon.meta'], base_paths=['.'], packages_ignore=None, packages_ignore_regex=None, paths=None, packages_up_to=None, packages_up_to_regex=None, packages_above=None, packages_above_and_dependencies=None, packages_above_depth=None, packages_select_by_dep=None, packages_skip_by_dep=None, packages_skip_up_to=None, packages_select_build_failed=False, packages_skip_build_finished=False, packages_select_test_failures=False, packages_skip_test_passed=False, packages_select=None, packages_skip=None, packages_select_regex=None, packages_skip_regex=None, packages_start=None, packages_end=None, allow_overriding=[], cmake_args=None, cmake_target=None, cmake_target_skip_unavailable=False, cmake_clean_cache=False, cmake_clean_first=False, cmake_force_configure=False, ament_cmake_args=None, catkin_cmake_args=None, catkin_skip_building_tests=False, verb_parser=<colcon_defaults.argument_parser.defaults.DefaultArgumentsDecorator object at 0x7fbcf36cda20>, verb_extension=<colcon_core.verb.build.BuildVerb object at 0x7fbcf36cd4b0>, main=<bound method BuildVerb.main of <colcon_core.verb.build.BuildVerb object at 0x7fbcf36cd4b0>>)
[0.359s] Level 1:colcon.colcon_core.package_discovery:discover_packages(colcon_meta) check parameters
[0.359s] Level 1:colcon.colcon_core.package_discovery:discover_packages(recursive) check parameters
[0.359s] Level 1:colcon.colcon_core.package_discovery:discover_packages(ignore) check parameters
[0.359s] Level 1:colcon.colcon_core.package_discovery:discover_packages(path) check parameters
[0.359s] Level 1:colcon.colcon_core.package_discovery:discover_packages(colcon_meta) discover
[0.359s] Level 1:colcon.colcon_core.package_discovery:discover_packages(recursive) discover
[0.360s] INFO:colcon.colcon_core.package_discovery:Crawling recursively for packages in '/home/romeperl/ssl_robot_challenge'
[0.360s] Level 1:colcon.colcon_core.package_identification:_identify(.) by extensions ['ignore', 'ignore_ament_install']
[0.360s] Level 1:colcon.colcon_core.package_identification:_identify(.) by extension 'ignore'
[0.360s] Level 1:colcon.colcon_core.package_identification:_identify(.) by extension 'ignore_ament_install'
[0.360s] Level 1:colcon.colcon_core.package_identification:_identify(.) by extensions ['colcon_pkg']
[0.360s] Level 1:colcon.colcon_core.package_identification:_identify(.) by extension 'colcon_pkg'
[0.360s] Level 1:colcon.colcon_core.package_identification:_identify(.) by extensions ['colcon_meta']
[0.360s] Level 1:colcon.colcon_core.package_identification:_identify(.) by extension 'colcon_meta'
[0.360s] Level 1:colcon.colcon_core.package_identification:_identify(.) by extensions ['ros']
[0.361s] Level 1:colcon.colcon_core.package_identification:_identify(.) by extension 'ros'
[0.371s] Level 1:colcon.colcon_core.package_identification:_identify(.) by extensions ['cmake', 'python']
[0.371s] Level 1:colcon.colcon_core.package_identification:_identify(.) by extension 'cmake'
[0.371s] Level 1:colcon.colcon_core.package_identification:_identify(.) by extension 'python'
[0.371s] Level 1:colcon.colcon_core.package_identification:_identify(.) by extensions ['python_setup_py']
[0.371s] Level 1:colcon.colcon_core.package_identification:_identify(.) by extension 'python_setup_py'
[0.371s] Level 1:colcon.colcon_core.package_identification:_identify(build) by extensions ['ignore', 'ignore_ament_install']
[0.372s] Level 1:colcon.colcon_core.package_identification:_identify(build) by extension 'ignore'
[0.372s] Level 1:colcon.colcon_core.package_identification:_identify(build) ignored
[0.372s] Level 1:colcon.colcon_core.package_identification:_identify(install) by extensions ['ignore', 'ignore_ament_install']
[0.372s] Level 1:colcon.colcon_core.package_identification:_identify(install) by extension 'ignore'
[0.372s] Level 1:colcon.colcon_core.package_identification:_identify(install) ignored
[0.372s] Level 1:colcon.colcon_core.package_identification:_identify(log) by extensions ['ignore', 'ignore_ament_install']
[0.372s] Level 1:colcon.colcon_core.package_identification:_identify(log) by extension 'ignore'
[0.373s] Level 1:colcon.colcon_core.package_identification:_identify(log) ignored
[0.373s] Level 1:colcon.colcon_core.package_identification:_identify(src) by extensions ['ignore', 'ignore_ament_install']
[0.373s] Level 1:colcon.colcon_core.package_identification:_identify(src) by extension 'ignore'
[0.373s] Level 1:colcon.colcon_core.package_identification:_identify(src) by extension 'ignore_ament_install'
[0.373s] Level 1:colcon.colcon_core.package_identification:_identify(src) by extensions ['colcon_pkg']
[0.373s] Level 1:colcon.colcon_core.package_identification:_identify(src) by extension 'colcon_pkg'
[0.373s] Level 1:colcon.colcon_core.package_identification:_identify(src) by extensions ['colcon_meta']
[0.373s] Level 1:colcon.colcon_core.package_identification:_identify(src) by extension 'colcon_meta'
[0.373s] Level 1:colcon.colcon_core.package_identification:_identify(src) by extensions ['ros']
[0.374s] Level 1:colcon.colcon_core.package_identification:_identify(src) by extension 'ros'
[0.374s] Level 1:colcon.colcon_core.package_identification:_identify(src) by extensions ['cmake', 'python']
[0.374s] Level 1:colcon.colcon_core.package_identification:_identify(src) by extension 'cmake'
[0.374s] Level 1:colcon.colcon_core.package_identification:_identify(src) by extension 'python'
[0.374s] Level 1:colcon.colcon_core.package_identification:_identify(src) by extensions ['python_setup_py']
[0.374s] Level 1:colcon.colcon_core.package_identification:_identify(src) by extension 'python_setup_py'
[0.374s] Level 1:colcon.colcon_core.package_identification:_identify(src/control) by extensions ['ignore', 'ignore_ament_install']
[0.374s] Level 1:colcon.colcon_core.package_identification:_identify(src/control) by extension 'ignore'
[0.374s] Level 1:colcon.colcon_core.package_identification:_identify(src/control) by extension 'ignore_ament_install'
[0.375s] Level 1:colcon.colcon_core.package_identification:_identify(src/control) by extensions ['colcon_pkg']
[0.375s] Level 1:colcon.colcon_core.package_identification:_identify(src/control) by extension 'colcon_pkg'
[0.375s] Level 1:colcon.colcon_core.package_identification:_identify(src/control) by extensions ['colcon_meta']
[0.375s] Level 1:colcon.colcon_core.package_identification:_identify(src/control) by extension 'colcon_meta'
[0.375s] Level 1:colcon.colcon_core.package_identification:_identify(src/control) by extensions ['ros']
[0.375s] Level 1:colcon.colcon_core.package_identification:_identify(src/control) by extension 'ros'
[0.377s] DEBUG:colcon.colcon_core.package_identification:Package 'src/control' with type 'ros.ament_cmake' and name 'control'
[0.378s] Level 1:colcon.colcon_core.package_identification:_identify(src/launcher) by extensions ['ignore', 'ignore_ament_install']
[0.378s] Level 1:colcon.colcon_core.package_identification:_identify(src/launcher) by extension 'ignore'
[0.378s] Level 1:colcon.colcon_core.package_identification:_identify(src/launcher) by extension 'ignore_ament_install'
[0.378s] Level 1:colcon.colcon_core.package_identification:_identify(src/launcher) by extensions ['colcon_pkg']
[0.378s] Level 1:colcon.colcon_core.package_identification:_identify(src/launcher) by extension 'colcon_pkg'
[0.378s] Level 1:colcon.colcon_core.package_identification:_identify(src/launcher) by extensions ['colcon_meta']
[0.378s] Level 1:colcon.colcon_core.package_identification:_identify(src/launcher) by extension 'colcon_meta'
[0.378s] Level 1:colcon.colcon_core.package_identification:_identify(src/launcher) by extensions ['ros']
[0.378s] Level 1:colcon.colcon_core.package_identification:_identify(src/launcher) by extension 'ros'
[0.379s] DEBUG:colcon.colcon_core.package_identification:Package 'src/launcher' with type 'ros.ament_python' and name 'launcher'
[0.380s] Level 1:colcon.colcon_core.package_identification:_identify(src/robot) by extensions ['ignore', 'ignore_ament_install']
[0.380s] Level 1:colcon.colcon_core.package_identification:_identify(src/robot) by extension 'ignore'
[0.380s] Level 1:colcon.colcon_core.package_identification:_identify(src/robot) by extension 'ignore_ament_install'
[0.380s] Level 1:colcon.colcon_core.package_identification:_identify(src/robot) by extensions ['colcon_pkg']
[0.380s] Level 1:colcon.colcon_core.package_identification:_identify(src/robot) by extension 'colcon_pkg'
[0.380s] Level 1:colcon.colcon_core.package_identification:_identify(src/robot) by extensions ['colcon_meta']
[0.380s] Level 1:colcon.colcon_core.package_identification:_identify(src/robot) by extension 'colcon_meta'
[0.380s] Level 1:colcon.colcon_core.package_identification:_identify(src/robot) by extensions ['ros']
[0.380s] Level 1:colcon.colcon_core.package_identification:_identify(src/robot) by extension 'ros'
[0.381s] DEBUG:colcon.colcon_core.package_identification:Package 'src/robot' with type 'ros.ament_cmake' and name 'robot'
[0.381s] Level 1:colcon.colcon_core.package_identification:_identify(src/romeo_tui) by extensions ['ignore', 'ignore_ament_install']
[0.381s] Level 1:colcon.colcon_core.package_identification:_identify(src/romeo_tui) by extension 'ignore'
[0.381s] Level 1:colcon.colcon_core.package_identification:_identify(src/romeo_tui) by extension 'ignore_ament_install'
[0.382s] Level 1:colcon.colcon_core.package_identification:_identify(src/romeo_tui) by extensions ['colcon_pkg']
[0.382s] Level 1:colcon.colcon_core.package_identification:_identify(src/romeo_tui) by extension 'colcon_pkg'
[0.382s] Level 1:colcon.colcon_core.package_identification:_identify(src/romeo_tui) by extensions ['colcon_meta']
[0.382s] Level 1:colcon.colcon_core.package_identification:_identify(src/romeo_tui) by extension 'colcon_meta'
[0.382s] Level 1:colcon.colcon_core.package_identification:_identify(src/romeo_tui) by extensions ['ros']
[0.382s] Level 1:colcon.colcon_core.package_identification:_identify(src/romeo_tui) by extension 'ros'
[0.382s] DEBUG:colcon.colcon_core.package_identification:Package 'src/romeo_tui' with type 'ros.ament_cmake' and name 'romeo_tui'
[0.383s] Level 1:colcon.colcon_core.package_discovery:discover_packages(recursive) using defaults
[0.383s] Level 1:colcon.colcon_core.package_discovery:discover_packages(ignore) discover
[0.383s] Level 1:colcon.colcon_core.package_discovery:discover_packages(ignore) using defaults
[0.383s] Level 1:colcon.colcon_core.package_discovery:discover_packages(path) discover
[0.383s] Level 1:colcon.colcon_core.package_discovery:discover_packages(path) using defaults
[0.405s] Level 1:colcon.colcon_core.package_discovery:discover_packages(prefix_path) check parameters
[0.405s] Level 1:colcon.colcon_core.package_discovery:discover_packages(prefix_path) discover
[0.408s] DEBUG:colcon.colcon_installed_package_information.package_discovery:Found 4 installed packages in /home/romeperl/ssl_robot_challenge/install
[0.410s] DEBUG:colcon.colcon_installed_package_information.package_discovery:Found 276 installed packages in /opt/ros/humble
[0.414s] Level 1:colcon.colcon_core.package_discovery:discover_packages(prefix_path) using defaults
[0.468s] Level 5:colcon.colcon_core.verb:set package 'control' build argument 'cmake_args' from command line to 'None'
[0.469s] Level 5:colcon.colcon_core.verb:set package 'control' build argument 'cmake_target' from command line to 'None'
[0.469s] Level 5:colcon.colcon_core.verb:set package 'control' build argument 'cmake_target_skip_unavailable' from command line to 'False'
[0.469s] Level 5:colcon.colcon_core.verb:set package 'control' build argument 'cmake_clean_cache' from command line to 'False'
[0.469s] Level 5:colcon.colcon_core.verb:set package 'control' build argument 'cmake_clean_first' from command line to 'False'
[0.469s] Level 5:colcon.colcon_core.verb:set package 'control' build argument 'cmake_force_configure' from command line to 'False'
[0.469s] Level 5:colcon.colcon_core.verb:set package 'control' build argument 'ament_cmake_args' from command line to 'None'
[0.469s] Level 5:colcon.colcon_core.verb:set package 'control' build argument 'catkin_cmake_args' from command line to 'None'
[0.469s] Level 5:colcon.colcon_core.verb:set package 'control' build argument 'catkin_skip_building_tests' from command line to 'False'
[0.469s] DEBUG:colcon.colcon_core.verb:Building package 'control' with the following arguments: {'ament_cmake_args': None, 'build_base': '/home/romeperl/ssl_robot_challenge/build/control', 'catkin_cmake_args': None, 'catkin_skip_building_tests': False, 'cmake_args': None, 'cmake_clean_cache': False, 'cmake_clean_first': False, 'cmake_force_configure': False, 'cmake_target': None, 'cmake_target_skip_unavailable': False, 'install_base': '/home/romeperl/ssl_robot_challenge/install/control', 'merge_install': False, 'path': '/home/romeperl/ssl_robot_challenge/src/control', 'symlink_install': False, 'test_result_base': None}
[0.470s] Level 5:colcon.colcon_core.verb:set package 'launcher' build argument 'cmake_args' from command line to 'None'
[0.470s] Level 5:colcon.colcon_core.verb:set package 'launcher' build argument 'cmake_target' from command line to 'None'
[0.470s] Level 5:colcon.colcon_core.verb:set package 'launcher' build argument 'cmake_target_skip_unavailable' from command line to 'False'
[0.470s] Level 5:colcon.colcon_core.verb:set package 'launcher' build argument 'cmake_clean_cache' from command line to 'False'
[0.470s] Level 5:colcon.colcon_core.verb:set package 'launcher' build argument 'cmake_clean_first' from command line to 'False'
[0.470s] Level 5:colcon.colcon_core.verb:set package 'launcher' build argument 'cmake_force_configure' from command line to 'False'
[0.470s] Level 5:colcon.colcon_core.verb:set package 'launcher' build argument 'ament_cmake_args' from command line to 'None'
[0.470s] Level 5:colcon.colcon_core.verb:set package 'launcher' build argument 'catkin_cmake_args' from command line to 'None'
[0.470s] Level 5:colcon.colcon_core.verb:set package 'launcher' build argument 'catkin_skip_building_tests' from command line to 'False'
[0.470s] DEBUG:colcon.colcon_core.verb:Building package 'launcher' with the following arguments: {'ament_cmake_args': None, 'build_base': '/home/romeperl/ssl_robot_challenge/build/launcher', 'catkin_cmake_args': None, 'catkin_skip_building_tests': False, 'cmake_args': None, 'cmake_clean_cache': False, 'cmake_clean_first': False, 'cmake_force_configure': False, 'cmake_target': None, 'cmake_target_skip_unavailable': False, 'install_base': '/home/romeperl/ssl_robot_challenge/install/launcher', 'merge_install': False, 'path': '/home/romeperl/ssl_robot_challenge/src/launcher', 'symlink_install': False, 'test_result_base': None}
[0.471s] Level 5:colcon.colcon_core.verb:set package 'robot' build argument 'cmake_args' from command line to 'None'
[0.471s] Level 5:colcon.colcon_core.verb:set package 'robot' build argument 'cmake_target' from command line to 'None'
[0.471s] Level 5:colcon.colcon_core.verb:set package 'robot' build argument 'cmake_target_skip_unavailable' from command line to 'False'
[0.471s] Level 5:colcon.colcon_core.verb:set package 'robot' build argument 'cmake_clean_cache' from command line to 'False'
[0.471s] Level 5:colcon.colcon_core.verb:set package 'robot' build argument 'cmake_clean_first' from command line to 'False'
[0.471s] Level 5:colcon.colcon_core.verb:set package 'robot' build argument 'cmake_force_configure' from command line to 'False'
[0.471s] Level 5:colcon.colcon_core.verb:set package 'robot' build argument 'ament_cmake_args' from command line to 'None'
[0.471s] Level 5:colcon.colcon_core.verb:set package 'robot' build argument 'catkin_cmake_args' from command line to 'None'
[0.471s] Level 5:colcon.colcon_core.verb:set package 'robot' build argument 'catkin_skip_building_tests' from command line to 'False'
[0.472s] DEBUG:colcon.colcon_core.verb:Building package 'robot' with the following arguments: {'ament_cmake_args': None, 'build_base': '/home/romeperl/ssl_robot_challenge/build/robot', 'catkin_cmake_args': None, 'catkin_skip_building_tests': False, 'cmake_args': None, 'cmake_clean_cache': False, 'cmake_clean_first': False, 'cmake_force_configure': False, 'cmake_target': None, 'cmake_target_skip_unavailable': False, 'install_base': '/home/romeperl/ssl_robot_challenge/install/robot', 'merge_install': False, 'path': '/home/romeperl/ssl_robot_challenge/src/robot', 'symlink_install': False, 'test_result_base': None}
[0.472s] Level 5:colcon.colcon_core.verb:set package 'romeo_tui' build argument 'cmake_args' from command line to 'None'
[0.472s] Level 5:colcon.colcon_core.verb:set package 'romeo_tui' build argument 'cmake_target' from command line to 'None'
[0.473s] Level 5:colcon.colcon_core.verb:set package 'romeo_tui' build argument 'cmake_target_skip_unavailable' from command line to 'False'
[0.473s] Level 5:colcon.colcon_core.verb:set package 'romeo_tui' build argument 'cmake_clean_cache' from command line to 'False'
[0.473s] Level 5:colcon.colcon_core.verb:set package 'romeo_tui' build argument 'cmake_clean_first' from command line to 'False'
[0.473s] Level 5:colcon.colcon_core.verb:set package 'romeo_tui' build argument 'cmake_force_configure' from command line to 'False'
[0.473s] Level 5:colcon.colcon_core.verb:set package 'romeo_tui' build argument 'ament_cmake_args' from command line to 'None'
[0.473s] Level 5:colcon.colcon_core.verb:set package 'romeo_tui' build argument 'catkin_cmake_args' from command line to 'None'
[0.473s] Level 5:colcon.colcon_core.verb:set package 'romeo_tui' build argument 'catkin_skip_building_tests' from command line to 'False'
[0.473s] DEBUG:colcon.colcon_core.verb:Building package 'romeo_tui' with the following arguments: {'ament_cmake_args': None, 'build_base': '/home/romeperl/ssl_robot_challenge/build/romeo_tui', 'catkin_cmake_args': None, 'catkin_skip_building_tests': False, 'cmake_args': None, 'cmake_clean_cache': False, 'cmake_clean_first': False, 'cmake_force_configure': False, 'cmake_target': None, 'cmake_target_skip_unavailable': False, 'install_base': '/home/romeperl/ssl_robot_challenge/install/romeo_tui', 'merge_install': False, 'path': '/home/romeperl/ssl_robot_challenge/src/romeo_tui', 'symlink_install': False, 'test_result_base': None}
[0.473s] INFO:colcon.colcon_core.executor:Executing jobs using 'parallel' executor
[0.477s] DEBUG:colcon.colcon_parallel_executor.executor.parallel:run_until_complete
[0.478s] INFO:colcon.colcon_ros.task.ament_cmake.build:Building ROS package in '/home/romeperl/ssl_robot_challenge/src/control' with build type 'ament_cmake'
[0.478s] INFO:colcon.colcon_cmake.task.cmake.build:Building CMake package in '/home/romeperl/ssl_robot_challenge/src/control'
[0.484s] INFO:colcon.colcon_core.plugin_system:Skipping extension 'colcon_core.shell.bat': Not used on non-Windows systems
[0.485s] INFO:colcon.colcon_core.shell:Skip shell extension 'powershell' for command environment: Not usable outside of PowerShell
[0.485s] DEBUG:colcon.colcon_core.shell:Skip shell extension 'dsv' for command environment
[0.492s] INFO:colcon.colcon_ros.task.ament_python.build:Building ROS package in '/home/romeperl/ssl_robot_challenge/src/launcher' with build type 'ament_python'
[0.492s] Level 1:colcon.colcon_core.shell:create_environment_hook('launcher', 'ament_prefix_path')
[0.493s] INFO:colcon.colcon_core.shell:Creating environment hook '/home/romeperl/ssl_robot_challenge/install/launcher/share/launcher/hook/ament_prefix_path.ps1'
[0.495s] INFO:colcon.colcon_core.shell:Creating environment descriptor '/home/romeperl/ssl_robot_challenge/install/launcher/share/launcher/hook/ament_prefix_path.dsv'
[0.496s] INFO:colcon.colcon_core.shell:Creating environment hook '/home/romeperl/ssl_robot_challenge/install/launcher/share/launcher/hook/ament_prefix_path.sh'
[0.498s] INFO:colcon.colcon_core.shell:Skip shell extension 'powershell' for command environment: Not usable outside of PowerShell
[0.499s] DEBUG:colcon.colcon_core.shell:Skip shell extension 'dsv' for command environment
[0.519s] DEBUG:colcon.colcon_core.event_handler.log_command:Invoking command in '/home/romeperl/ssl_robot_challenge/build/control': CMAKE_PREFIX_PATH=${CMAKE_PREFIX_PATH}:/home/romeperl/ssl_robot_challenge/install/launcher:/opt/ros/humble /usr/bin/cmake --build /home/romeperl/ssl_robot_challenge/build/control -- -j2 -l2
[0.810s] INFO:colcon.colcon_core.task.python.build:Building Python package in '/home/romeperl/ssl_robot_challenge/src/launcher'
[0.811s] INFO:colcon.colcon_core.shell:Skip shell extension 'powershell' for command environment: Not usable outside of PowerShell
[0.812s] DEBUG:colcon.colcon_core.shell:Skip shell extension 'dsv' for command environment
[0.822s] DEBUG:colcon.colcon_core.event_handler.log_command:Invoked command in '/home/romeperl/ssl_robot_challenge/build/control' returned '0': CMAKE_PREFIX_PATH=${CMAKE_PREFIX_PATH}:/home/romeperl/ssl_robot_challenge/install/launcher:/opt/ros/humble /usr/bin/cmake --build /home/romeperl/ssl_robot_challenge/build/control -- -j2 -l2
[0.895s] DEBUG:colcon.colcon_core.event_handler.log_command:Invoking command in '/home/romeperl/ssl_robot_challenge/build/control': CMAKE_PREFIX_PATH=${CMAKE_PREFIX_PATH}:/home/romeperl/ssl_robot_challenge/install/launcher:/opt/ros/humble /usr/bin/cmake --install /home/romeperl/ssl_robot_challenge/build/control
[0.919s] Level 1:colcon.colcon_core.environment:create_environment_scripts_only(control)
[0.924s] Level 1:colcon.colcon_core.environment:checking '/home/romeperl/ssl_robot_challenge/install/control' for CMake module files
[0.932s] DEBUG:colcon.colcon_core.event_handler.log_command:Invoked command in '/home/romeperl/ssl_robot_challenge/build/control' returned '0': CMAKE_PREFIX_PATH=${CMAKE_PREFIX_PATH}:/home/romeperl/ssl_robot_challenge/install/launcher:/opt/ros/humble /usr/bin/cmake --install /home/romeperl/ssl_robot_challenge/build/control
[0.933s] Level 1:colcon.colcon_core.environment:checking '/home/romeperl/ssl_robot_challenge/install/control' for CMake config files
[0.933s] Level 1:colcon.colcon_core.shell:create_environment_hook('control', 'cmake_prefix_path')
[0.935s] INFO:colcon.colcon_core.shell:Creating environment hook '/home/romeperl/ssl_robot_challenge/install/control/share/control/hook/cmake_prefix_path.ps1'
[0.935s] INFO:colcon.colcon_core.shell:Creating environment descriptor '/home/romeperl/ssl_robot_challenge/install/control/share/control/hook/cmake_prefix_path.dsv'
[0.941s] INFO:colcon.colcon_core.shell:Creating environment hook '/home/romeperl/ssl_robot_challenge/install/control/share/control/hook/cmake_prefix_path.sh'
[0.951s] Level 1:colcon.colcon_core.environment:checking '/home/romeperl/ssl_robot_challenge/install/control/bin'
[0.951s] Level 1:colcon.colcon_core.environment:checking '/home/romeperl/ssl_robot_challenge/install/control/lib/pkgconfig/control.pc'
[0.952s] Level 1:colcon.colcon_core.environment:checking '/home/romeperl/ssl_robot_challenge/install/control/lib/python3.10/site-packages'
[0.952s] Level 1:colcon.colcon_core.environment:checking '/home/romeperl/ssl_robot_challenge/install/control/bin'
[0.953s] INFO:colcon.colcon_core.shell:Creating package script '/home/romeperl/ssl_robot_challenge/install/control/share/control/package.ps1'
[0.954s] INFO:colcon.colcon_core.shell:Creating package descriptor '/home/romeperl/ssl_robot_challenge/install/control/share/control/package.dsv'
[0.966s] INFO:colcon.colcon_core.shell:Creating package script '/home/romeperl/ssl_robot_challenge/install/control/share/control/package.sh'
[0.974s] INFO:colcon.colcon_core.shell:Creating package script '/home/romeperl/ssl_robot_challenge/install/control/share/control/package.bash'
[0.975s] INFO:colcon.colcon_core.shell:Creating package script '/home/romeperl/ssl_robot_challenge/install/control/share/control/package.zsh'
[0.987s] Level 1:colcon.colcon_core.environment:create_file_with_runtime_dependencies(/home/romeperl/ssl_robot_challenge/install/control/share/colcon-core/packages/control)
[1.061s] Level 1:colcon.colcon_core.environment:create_environment_scripts_only(control)
[1.071s] Level 1:colcon.colcon_core.environment:checking '/home/romeperl/ssl_robot_challenge/install/control' for CMake module files
[1.072s] Level 1:colcon.colcon_core.environment:checking '/home/romeperl/ssl_robot_challenge/install/control' for CMake config files
[1.072s] Level 1:colcon.colcon_core.shell:create_environment_hook('control', 'cmake_prefix_path')
[1.073s] INFO:colcon.colcon_core.shell:Creating environment hook '/home/romeperl/ssl_robot_challenge/install/control/share/control/hook/cmake_prefix_path.ps1'
[1.074s] INFO:colcon.colcon_core.shell:Creating environment descriptor '/home/romeperl/ssl_robot_challenge/install/control/share/control/hook/cmake_prefix_path.dsv'
[1.074s] INFO:colcon.colcon_core.shell:Creating environment hook '/home/romeperl/ssl_robot_challenge/install/control/share/control/hook/cmake_prefix_path.sh'
[1.075s] Level 1:colcon.colcon_core.environment:checking '/home/romeperl/ssl_robot_challenge/install/control/bin'
[1.075s] Level 1:colcon.colcon_core.environment:checking '/home/romeperl/ssl_robot_challenge/install/control/lib/pkgconfig/control.pc'
[1.076s] Level 1:colcon.colcon_core.environment:checking '/home/romeperl/ssl_robot_challenge/install/control/lib/python3.10/site-packages'
[1.076s] Level 1:colcon.colcon_core.environment:checking '/home/romeperl/ssl_robot_challenge/install/control/bin'
[1.077s] INFO:colcon.colcon_core.shell:Creating package script '/home/romeperl/ssl_robot_challenge/install/control/share/control/package.ps1'
[1.101s] INFO:colcon.colcon_core.shell:Creating package descriptor '/home/romeperl/ssl_robot_challenge/install/control/share/control/package.dsv'
[1.104s] INFO:colcon.colcon_core.shell:Creating package script '/home/romeperl/ssl_robot_challenge/install/control/share/control/package.sh'
[1.111s] INFO:colcon.colcon_core.shell:Creating package script '/home/romeperl/ssl_robot_challenge/install/control/share/control/package.bash'
[1.113s] INFO:colcon.colcon_core.shell:Creating package script '/home/romeperl/ssl_robot_challenge/install/control/share/control/package.zsh'
[1.115s] Level 1:colcon.colcon_core.environment:create_file_with_runtime_dependencies(/home/romeperl/ssl_robot_challenge/install/control/share/colcon-core/packages/control)
[1.117s] INFO:colcon.colcon_ros.task.ament_cmake.build:Building ROS package in '/home/romeperl/ssl_robot_challenge/src/robot' with build type 'ament_cmake'
[1.117s] INFO:colcon.colcon_cmake.task.cmake.build:Building CMake package in '/home/romeperl/ssl_robot_challenge/src/robot'
[1.119s] INFO:colcon.colcon_core.shell:Skip shell extension 'powershell' for command environment: Not usable outside of PowerShell
[1.119s] DEBUG:colcon.colcon_core.shell:Skip shell extension 'dsv' for command environment
[1.152s] DEBUG:colcon.colcon_core.event_handler.log_command:Invoking command in '/home/romeperl/ssl_robot_challenge/build/robot': CMAKE_PREFIX_PATH=${CMAKE_PREFIX_PATH}:/home/romeperl/ssl_robot_challenge/install/launcher:/opt/ros/humble /usr/bin/cmake --build /home/romeperl/ssl_robot_challenge/build/robot -- -j2 -l2
[1.269s] DEBUG:colcon.colcon_core.event_handler.log_command:Invoked command in '/home/romeperl/ssl_robot_challenge/build/robot' returned '0': CMAKE_PREFIX_PATH=${CMAKE_PREFIX_PATH}:/home/romeperl/ssl_robot_challenge/install/launcher:/opt/ros/humble /usr/bin/cmake --build /home/romeperl/ssl_robot_challenge/build/robot -- -j2 -l2
[1.334s] DEBUG:colcon.colcon_core.event_handler.log_command:Invoking command in '/home/romeperl/ssl_robot_challenge/build/robot': CMAKE_PREFIX_PATH=${CMAKE_PREFIX_PATH}:/home/romeperl/ssl_robot_challenge/install/launcher:/opt/ros/humble /usr/bin/cmake --install /home/romeperl/ssl_robot_challenge/build/robot
[1.352s] Level 1:colcon.colcon_core.environment:create_environment_scripts_only(robot)
[1.354s] Level 1:colcon.colcon_core.environment:checking '/home/romeperl/ssl_robot_challenge/install/robot' for CMake module files
[1.355s] DEBUG:colcon.colcon_core.event_handler.log_command:Invoked command in '/home/romeperl/ssl_robot_challenge/build/robot' returned '0': CMAKE_PREFIX_PATH=${CMAKE_PREFIX_PATH}:/home/romeperl/ssl_robot_challenge/install/launcher:/opt/ros/humble /usr/bin/cmake --install /home/romeperl/ssl_robot_challenge/build/robot
[1.355s] Level 1:colcon.colcon_core.environment:checking '/home/romeperl/ssl_robot_challenge/install/robot' for CMake config files
[1.356s] Level 1:colcon.colcon_core.shell:create_environment_hook('robot', 'cmake_prefix_path')
[1.357s] INFO:colcon.colcon_core.shell:Creating environment hook '/home/romeperl/ssl_robot_challenge/install/robot/share/robot/hook/cmake_prefix_path.ps1'
[1.358s] INFO:colcon.colcon_core.shell:Creating environment descriptor '/home/romeperl/ssl_robot_challenge/install/robot/share/robot/hook/cmake_prefix_path.dsv'
[1.359s] INFO:colcon.colcon_core.shell:Creating environment hook '/home/romeperl/ssl_robot_challenge/install/robot/share/robot/hook/cmake_prefix_path.sh'
[1.359s] Level 1:colcon.colcon_core.environment:checking '/home/romeperl/ssl_robot_challenge/install/robot/bin'
[1.360s] Level 1:colcon.colcon_core.environment:checking '/home/romeperl/ssl_robot_challenge/install/robot/lib/pkgconfig/robot.pc'
[1.360s] Level 1:colcon.colcon_core.environment:checking '/home/romeperl/ssl_robot_challenge/install/robot/lib/python3.10/site-packages'
[1.360s] Level 1:colcon.colcon_core.environment:checking '/home/romeperl/ssl_robot_challenge/install/robot/bin'
[1.361s] INFO:colcon.colcon_core.shell:Creating package script '/home/romeperl/ssl_robot_challenge/install/robot/share/robot/package.ps1'
[1.362s] INFO:colcon.colcon_core.shell:Creating package descriptor '/home/romeperl/ssl_robot_challenge/install/robot/share/robot/package.dsv'
[1.363s] INFO:colcon.colcon_core.shell:Creating package script '/home/romeperl/ssl_robot_challenge/install/robot/share/robot/package.sh'
[1.364s] INFO:colcon.colcon_core.shell:Creating package script '/home/romeperl/ssl_robot_challenge/install/robot/share/robot/package.bash'
[1.365s] INFO:colcon.colcon_core.shell:Creating package script '/home/romeperl/ssl_robot_challenge/install/robot/share/robot/package.zsh'
[1.365s] Level 1:colcon.colcon_core.environment:create_file_with_runtime_dependencies(/home/romeperl/ssl_robot_challenge/install/robot/share/colcon-core/packages/robot)
[1.418s] DEBUG:colcon.colcon_core.event_handler.log_command:Invoking command in '/home/romeperl/ssl_robot_challenge/src/launcher': PYTHONPATH=/home/romeperl/ssl_robot_challenge/build/launcher/prefix_override:/home/romeperl/ssl_robot_challenge/install/launcher/lib/python3.10/site-packages:${PYTHONPATH} /usr/bin/python3 setup.py egg_info --egg-base ../../build/launcher build --build-base /home/romeperl/ssl_robot_challenge/build/launcher/build install --record /home/romeperl/ssl_robot_challenge/build/launcher/install.log --single-version-externally-managed
[1.429s] Level 1:colcon.colcon_core.environment:create_environment_scripts_only(robot)
[1.434s] Level 1:colcon.colcon_core.environment:checking '/home/romeperl/ssl_robot_challenge/install/robot' for CMake module files
[1.435s] Level 1:colcon.colcon_core.environment:checking '/home/romeperl/ssl_robot_challenge/install/robot' for CMake config files
[1.435s] Level 1:colcon.colcon_core.shell:create_environment_hook('robot', 'cmake_prefix_path')
[1.437s] INFO:colcon.colcon_core.shell:Creating environment hook '/home/romeperl/ssl_robot_challenge/install/robot/share/robot/hook/cmake_prefix_path.ps1'
[1.437s] INFO:colcon.colcon_core.shell:Creating environment descriptor '/home/romeperl/ssl_robot_challenge/install/robot/share/robot/hook/cmake_prefix_path.dsv'
[1.439s] INFO:colcon.colcon_core.shell:Creating environment hook '/home/romeperl/ssl_robot_challenge/install/robot/share/robot/hook/cmake_prefix_path.sh'
[1.440s] Level 1:colcon.colcon_core.environment:checking '/home/romeperl/ssl_robot_challenge/install/robot/bin'
[1.440s] Level 1:colcon.colcon_core.environment:checking '/home/romeperl/ssl_robot_challenge/install/robot/lib/pkgconfig/robot.pc'
[1.441s] Level 1:colcon.colcon_core.environment:checking '/home/romeperl/ssl_robot_challenge/install/robot/lib/python3.10/site-packages'
[1.441s] Level 1:colcon.colcon_core.environment:checking '/home/romeperl/ssl_robot_challenge/install/robot/bin'
[1.442s] INFO:colcon.colcon_core.shell:Creating package script '/home/romeperl/ssl_robot_challenge/install/robot/share/robot/package.ps1'
[1.444s] INFO:colcon.colcon_core.shell:Creating package descriptor '/home/romeperl/ssl_robot_challenge/install/robot/share/robot/package.dsv'
[1.445s] INFO:colcon.colcon_core.shell:Creating package script '/home/romeperl/ssl_robot_challenge/install/robot/share/robot/package.sh'
[1.447s] INFO:colcon.colcon_core.shell:Creating package script '/home/romeperl/ssl_robot_challenge/install/robot/share/robot/package.bash'
[1.448s] INFO:colcon.colcon_core.shell:Creating package script '/home/romeperl/ssl_robot_challenge/install/robot/share/robot/package.zsh'
[1.449s] Level 1:colcon.colcon_core.environment:create_file_with_runtime_dependencies(/home/romeperl/ssl_robot_challenge/install/robot/share/colcon-core/packages/robot)
[1.451s] INFO:colcon.colcon_ros.task.ament_cmake.build:Building ROS package in '/home/romeperl/ssl_robot_challenge/src/romeo_tui' with build type 'ament_cmake'
[1.452s] INFO:colcon.colcon_cmake.task.cmake.build:Building CMake package in '/home/romeperl/ssl_robot_challenge/src/romeo_tui'
[1.453s] INFO:colcon.colcon_core.shell:Skip shell extension 'powershell' for command environment: Not usable outside of PowerShell
[1.454s] DEBUG:colcon.colcon_core.shell:Skip shell extension 'dsv' for command environment
[1.491s] DEBUG:colcon.colcon_core.event_handler.log_command:Invoking command in '/home/romeperl/ssl_robot_challenge/build/romeo_tui': CMAKE_PREFIX_PATH=${CMAKE_PREFIX_PATH}:/home/romeperl/ssl_robot_challenge/install/launcher:/opt/ros/humble /usr/bin/cmake --build /home/romeperl/ssl_robot_challenge/build/romeo_tui -- -j2 -l2
[1.552s] DEBUG:colcon.colcon_core.event_handler.log_command:Invoked command in '/home/romeperl/ssl_robot_challenge/build/romeo_tui' returned '0': CMAKE_PREFIX_PATH=${CMAKE_PREFIX_PATH}:/home/romeperl/ssl_robot_challenge/install/launcher:/opt/ros/humble /usr/bin/cmake --build /home/romeperl/ssl_robot_challenge/build/romeo_tui -- -j2 -l2
[1.637s] DEBUG:colcon.colcon_core.event_handler.log_command:Invoking command in '/home/romeperl/ssl_robot_challenge/build/romeo_tui': CMAKE_PREFIX_PATH=${CMAKE_PREFIX_PATH}:/home/romeperl/ssl_robot_challenge/install/launcher:/opt/ros/humble /usr/bin/cmake --install /home/romeperl/ssl_robot_challenge/build/romeo_tui
[1.660s] Level 1:colcon.colcon_core.environment:create_environment_scripts_only(romeo_tui)
[1.661s] DEBUG:colcon.colcon_core.event_handler.log_command:Invoked command in '/home/romeperl/ssl_robot_challenge/build/romeo_tui' returned '0': CMAKE_PREFIX_PATH=${CMAKE_PREFIX_PATH}:/home/romeperl/ssl_robot_challenge/install/launcher:/opt/ros/humble /usr/bin/cmake --install /home/romeperl/ssl_robot_challenge/build/romeo_tui
[1.664s] Level 1:colcon.colcon_core.environment:checking '/home/romeperl/ssl_robot_challenge/install/romeo_tui' for CMake module files
[1.665s] Level 1:colcon.colcon_core.environment:checking '/home/romeperl/ssl_robot_challenge/install/romeo_tui' for CMake config files
[1.665s] Level 1:colcon.colcon_core.shell:create_environment_hook('romeo_tui', 'cmake_prefix_path')
[1.666s] INFO:colcon.colcon_core.shell:Creating environment hook '/home/romeperl/ssl_robot_challenge/install/romeo_tui/share/romeo_tui/hook/cmake_prefix_path.ps1'
[1.668s] INFO:colcon.colcon_core.shell:Creating environment descriptor '/home/romeperl/ssl_robot_challenge/install/romeo_tui/share/romeo_tui/hook/cmake_prefix_path.dsv'
[1.669s] INFO:colcon.colcon_core.shell:Creating environment hook '/home/romeperl/ssl_robot_challenge/install/romeo_tui/share/romeo_tui/hook/cmake_prefix_path.sh'
[1.670s] Level 1:colcon.colcon_core.environment:checking '/home/romeperl/ssl_robot_challenge/install/romeo_tui/bin'
[1.670s] Level 1:colcon.colcon_core.environment:checking '/home/romeperl/ssl_robot_challenge/install/romeo_tui/lib/pkgconfig/romeo_tui.pc'
[1.670s] Level 1:colcon.colcon_core.environment:checking '/home/romeperl/ssl_robot_challenge/install/romeo_tui/lib/python3.10/site-packages'
[1.670s] Level 1:colcon.colcon_core.environment:checking '/home/romeperl/ssl_robot_challenge/install/romeo_tui/bin'
[1.672s] INFO:colcon.colcon_core.shell:Creating package script '/home/romeperl/ssl_robot_challenge/install/romeo_tui/share/romeo_tui/package.ps1'
[1.673s] INFO:colcon.colcon_core.shell:Creating package descriptor '/home/romeperl/ssl_robot_challenge/install/romeo_tui/share/romeo_tui/package.dsv'
[1.674s] INFO:colcon.colcon_core.shell:Creating package script '/home/romeperl/ssl_robot_challenge/install/romeo_tui/share/romeo_tui/package.sh'
[1.675s] INFO:colcon.colcon_core.shell:Creating package script '/home/romeperl/ssl_robot_challenge/install/romeo_tui/share/romeo_tui/package.bash'
[1.676s] INFO:colcon.colcon_core.shell:Creating package script '/home/romeperl/ssl_robot_challenge/install/romeo_tui/share/romeo_tui/package.zsh'
[1.677s] Level 1:colcon.colcon_core.environment:create_file_with_runtime_dependencies(/home/romeperl/ssl_robot_challenge/install/romeo_tui/share/colcon-core/packages/romeo_tui)
[1.731s] Level 1:colcon.colcon_core.environment:create_environment_scripts_only(romeo_tui)
[1.733s] Level 1:colcon.colcon_core.environment:checking '/home/romeperl/ssl_robot_challenge/install/romeo_tui' for CMake module files
[1.734s] Level 1:colcon.colcon_core.environment:checking '/home/romeperl/ssl_robot_challenge/install/romeo_tui' for CMake config files
[1.734s] Level 1:colcon.colcon_core.shell:create_environment_hook('romeo_tui', 'cmake_prefix_path')
[1.735s] INFO:colcon.colcon_core.shell:Creating environment hook '/home/romeperl/ssl_robot_challenge/install/romeo_tui/share/romeo_tui/hook/cmake_prefix_path.ps1'
[1.737s] INFO:colcon.colcon_core.shell:Creating environment descriptor '/home/romeperl/ssl_robot_challenge/install/romeo_tui/share/romeo_tui/hook/cmake_prefix_path.dsv'
[1.737s] INFO:colcon.colcon_core.shell:Creating environment hook '/home/romeperl/ssl_robot_challenge/install/romeo_tui/share/romeo_tui/hook/cmake_prefix_path.sh'
[1.739s] Level 1:colcon.colcon_core.environment:checking '/home/romeperl/ssl_robot_challenge/install/romeo_tui/bin'
[1.739s] Level 1:colcon.colcon_core.environment:checking '/home/romeperl/ssl_robot_challenge/install/romeo_tui/lib/pkgconfig/romeo_tui.pc'
[1.739s] Level 1:colcon.colcon_core.environment:checking '/home/romeperl/ssl_robot_challenge/install/romeo_tui/lib/python3.10/site-packages'
[1.740s] Level 1:colcon.colcon_core.environment:checking '/home/romeperl/ssl_robot_challenge/install/romeo_tui/bin'
[1.741s] INFO:colcon.colcon_core.shell:Creating package script '/home/romeperl/ssl_robot_challenge/install/romeo_tui/share/romeo_tui/package.ps1'
[1.742s] INFO:colcon.colcon_core.shell:Creating package descriptor '/home/romeperl/ssl_robot_challenge/install/romeo_tui/share/romeo_tui/package.dsv'
[1.743s] INFO:colcon.colcon_core.shell:Creating package script '/home/romeperl/ssl_robot_challenge/install/romeo_tui/share/romeo_tui/package.sh'
[1.744s] INFO:colcon.colcon_core.shell:Creating package script '/home/romeperl/ssl_robot_challenge/install/romeo_tui/share/romeo_tui/package.bash'
[1.745s] INFO:colcon.colcon_core.shell:Creating package script '/home/romeperl/ssl_robot_challenge/install/romeo_tui/share/romeo_tui/package.zsh'
[1.747s] Level 1:colcon.colcon_core.environment:create_file_with_runtime_dependencies(/home/romeperl/ssl_robot_challenge/install/romeo_tui/share/colcon-core/packages/romeo_tui)
[1.875s] Level 1:colcon.colcon_core.environment:checking '/home/romeperl/ssl_robot_challenge/install/launcher' for CMake module files
[1.876s] DEBUG:colcon.colcon_core.event_handler.log_command:Invoked command in '/home/romeperl/ssl_robot_challenge/src/launcher' returned '0': PYTHONPATH=/home/romeperl/ssl_robot_challenge/build/launcher/prefix_override:/home/romeperl/ssl_robot_challenge/install/launcher/lib/python3.10/site-packages:${PYTHONPATH} /usr/bin/python3 setup.py egg_info --egg-base ../../build/launcher build --build-base /home/romeperl/ssl_robot_challenge/build/launcher/build install --record /home/romeperl/ssl_robot_challenge/build/launcher/install.log --single-version-externally-managed
[1.877s] Level 1:colcon.colcon_core.environment:checking '/home/romeperl/ssl_robot_challenge/install/launcher' for CMake config files
[1.877s] Level 1:colcon.colcon_core.environment:checking '/home/romeperl/ssl_robot_challenge/install/launcher/lib'
[1.878s] Level 1:colcon.colcon_core.environment:checking '/home/romeperl/ssl_robot_challenge/install/launcher/bin'
[1.878s] Level 1:colcon.colcon_core.environment:checking '/home/romeperl/ssl_robot_challenge/install/launcher/lib/pkgconfig/launcher.pc'
[1.878s] Level 1:colcon.colcon_core.environment:checking '/home/romeperl/ssl_robot_challenge/install/launcher/lib/python3.10/site-packages'
[1.878s] Level 1:colcon.colcon_core.shell:create_environment_hook('launcher', 'pythonpath')
[1.880s] INFO:colcon.colcon_core.shell:Creating environment hook '/home/romeperl/ssl_robot_challenge/install/launcher/share/launcher/hook/pythonpath.ps1'
[1.882s] INFO:colcon.colcon_core.shell:Creating environment descriptor '/home/romeperl/ssl_robot_challenge/install/launcher/share/launcher/hook/pythonpath.dsv'
[1.884s] INFO:colcon.colcon_core.shell:Creating environment hook '/home/romeperl/ssl_robot_challenge/install/launcher/share/launcher/hook/pythonpath.sh'
[1.885s] Level 1:colcon.colcon_core.environment:checking '/home/romeperl/ssl_robot_challenge/install/launcher/bin'
[1.886s] Level 1:colcon.colcon_core.environment:create_environment_scripts_only(launcher)
[1.888s] INFO:colcon.colcon_core.shell:Creating package script '/home/romeperl/ssl_robot_challenge/install/launcher/share/launcher/package.ps1'
[1.890s] INFO:colcon.colcon_core.shell:Creating package descriptor '/home/romeperl/ssl_robot_challenge/install/launcher/share/launcher/package.dsv'
[1.893s] INFO:colcon.colcon_core.shell:Creating package script '/home/romeperl/ssl_robot_challenge/install/launcher/share/launcher/package.sh'
[1.893s] INFO:colcon.colcon_core.shell:Creating package script '/home/romeperl/ssl_robot_challenge/install/launcher/share/launcher/package.bash'
[1.895s] INFO:colcon.colcon_core.shell:Creating package script '/home/romeperl/ssl_robot_challenge/install/launcher/share/launcher/package.zsh'
[1.896s] Level 1:colcon.colcon_core.environment:create_file_with_runtime_dependencies(/home/romeperl/ssl_robot_challenge/install/launcher/share/colcon-core/packages/launcher)
[1.905s] DEBUG:colcon.colcon_parallel_executor.executor.parallel:closing loop
[1.906s] DEBUG:colcon.colcon_parallel_executor.executor.parallel:loop closed
[1.906s] DEBUG:colcon.colcon_parallel_executor.executor.parallel:run_until_complete finished with '0'
[1.906s] DEBUG:colcon.colcon_core.event_reactor:joining thread
[1.923s] INFO:colcon.colcon_core.plugin_system:Skipping extension 'colcon_notification.desktop_notification.terminal_notifier': Not used on non-Darwin systems
[1.924s] INFO:colcon.colcon_core.plugin_system:Skipping extension 'colcon_notification.desktop_notification.win32': Not used on non-Windows systems
[1.924s] INFO:colcon.colcon_notification.desktop_notification:Sending desktop notification using 'notify2'
[1.950s] DEBUG:colcon.colcon_core.event_reactor:joined thread
[1.952s] INFO:colcon.colcon_core.shell:Creating prefix script '/home/romeperl/ssl_robot_challenge/install/local_setup.ps1'
[1.954s] INFO:colcon.colcon_core.shell:Creating prefix util module '/home/romeperl/ssl_robot_challenge/install/_local_setup_util_ps1.py'
[1.956s] INFO:colcon.colcon_core.shell:Creating prefix chain script '/home/romeperl/ssl_robot_challenge/install/setup.ps1'
[1.959s] INFO:colcon.colcon_core.shell:Creating prefix script '/home/romeperl/ssl_robot_challenge/install/local_setup.sh'
[1.960s] INFO:colcon.colcon_core.shell:Creating prefix util module '/home/romeperl/ssl_robot_challenge/install/_local_setup_util_sh.py'
[1.961s] INFO:colcon.colcon_core.shell:Creating prefix chain script '/home/romeperl/ssl_robot_challenge/install/setup.sh'
[1.963s] INFO:colcon.colcon_core.shell:Creating prefix script '/home/romeperl/ssl_robot_challenge/install/local_setup.bash'
[1.964s] INFO:colcon.colcon_core.shell:Creating prefix chain script '/home/romeperl/ssl_robot_challenge/install/setup.bash'
[1.966s] INFO:colcon.colcon_core.shell:Creating prefix script '/home/romeperl/ssl_robot_challenge/install/local_setup.zsh'
[1.968s] INFO:colcon.colcon_core.shell:Creating prefix chain script '/home/romeperl/ssl_robot_challenge/install/setup.zsh'
