[0.278s] DEBUG:colcon:Command line arguments: ['/usr/bin/colcon', 'build']
[0.279s] DEBUG:colcon:Parsed command line arguments: Namespace(log_base=None, log_level=None, verb_name='build', build_base='build', install_base='install', merge_install=False, symlink_install=False, test_result_base=None, continue_on_error=False, executor='parallel', parallel_workers=2, event_handlers=None, ignore_user_meta=False, metas=['./colcon.meta'], base_paths=['.'], packages_ignore=None, packages_ignore_regex=None, paths=None, packages_up_to=None, packages_up_to_regex=None, packages_above=None, packages_above_and_dependencies=None, packages_above_depth=None, packages_select_by_dep=None, packages_skip_by_dep=None, packages_skip_up_to=None, packages_select_build_failed=False, packages_skip_build_finished=False, packages_select_test_failures=False, packages_skip_test_passed=False, packages_select=None, packages_skip=None, packages_select_regex=None, packages_skip_regex=None, packages_start=None, packages_end=None, allow_overriding=[], cmake_args=None, cmake_target=None, cmake_target_skip_unavailable=False, cmake_clean_cache=False, cmake_clean_first=False, cmake_force_configure=False, ament_cmake_args=None, catkin_cmake_args=None, catkin_skip_building_tests=False, verb_parser=<colcon_defaults.argument_parser.defaults.DefaultArgumentsDecorator object at 0x7fb417641ba0>, verb_extension=<colcon_core.verb.build.BuildVerb object at 0x7fb417641630>, main=<bound method BuildVerb.main of <colcon_core.verb.build.BuildVerb object at 0x7fb417641630>>)
[0.299s] Level 1:colcon.colcon_core.package_discovery:discover_packages(colcon_meta) check parameters
[0.299s] Level 1:colcon.colcon_core.package_discovery:discover_packages(recursive) check parameters
[0.299s] Level 1:colcon.colcon_core.package_discovery:discover_packages(ignore) check parameters
[0.299s] Level 1:colcon.colcon_core.package_discovery:discover_packages(path) check parameters
[0.299s] Level 1:colcon.colcon_core.package_discovery:discover_packages(colcon_meta) discover
[0.300s] Level 1:colcon.colcon_core.package_discovery:discover_packages(recursive) discover
[0.300s] INFO:colcon.colcon_core.package_discovery:Crawling recursively for packages in '/home/romeperl/ssl_robot_challenge'
[0.300s] Level 1:colcon.colcon_core.package_identification:_identify(.) by extensions ['ignore', 'ignore_ament_install']
[0.300s] Level 1:colcon.colcon_core.package_identification:_identify(.) by extension 'ignore'
[0.300s] Level 1:colcon.colcon_core.package_identification:_identify(.) by extension 'ignore_ament_install'
[0.300s] Level 1:colcon.colcon_core.package_identification:_identify(.) by extensions ['colcon_pkg']
[0.300s] Level 1:colcon.colcon_core.package_identification:_identify(.) by extension 'colcon_pkg'
[0.300s] Level 1:colcon.colcon_core.package_identification:_identify(.) by extensions ['colcon_meta']
[0.300s] Level 1:colcon.colcon_core.package_identification:_identify(.) by extension 'colcon_meta'
[0.300s] Level 1:colcon.colcon_core.package_identification:_identify(.) by extensions ['ros']
[0.300s] Level 1:colcon.colcon_core.package_identification:_identify(.) by extension 'ros'
[0.310s] Level 1:colcon.colcon_core.package_identification:_identify(.) by extensions ['cmake', 'python']
[0.310s] Level 1:colcon.colcon_core.package_identification:_identify(.) by extension 'cmake'
[0.310s] Level 1:colcon.colcon_core.package_identification:_identify(.) by extension 'python'
[0.310s] Level 1:colcon.colcon_core.package_identification:_identify(.) by extensions ['python_setup_py']
[0.310s] Level 1:colcon.colcon_core.package_identification:_identify(.) by extension 'python_setup_py'
[0.310s] Level 1:colcon.colcon_core.package_identification:_identify(build) by extensions ['ignore', 'ignore_ament_install']
[0.310s] Level 1:colcon.colcon_core.package_identification:_identify(build) by extension 'ignore'
[0.310s] Level 1:colcon.colcon_core.package_identification:_identify(build) ignored
[0.310s] Level 1:colcon.colcon_core.package_identification:_identify(install) by extensions ['ignore', 'ignore_ament_install']
[0.311s] Level 1:colcon.colcon_core.package_identification:_identify(install) by extension 'ignore'
[0.311s] Level 1:colcon.colcon_core.package_identification:_identify(install) ignored
[0.311s] Level 1:colcon.colcon_core.package_identification:_identify(log) by extensions ['ignore', 'ignore_ament_install']
[0.311s] Level 1:colcon.colcon_core.package_identification:_identify(log) by extension 'ignore'
[0.311s] Level 1:colcon.colcon_core.package_identification:_identify(log) ignored
[0.311s] Level 1:colcon.colcon_core.package_identification:_identify(src) by extensions ['ignore', 'ignore_ament_install']
[0.311s] Level 1:colcon.colcon_core.package_identification:_identify(src) by extension 'ignore'
[0.311s] Level 1:colcon.colcon_core.package_identification:_identify(src) by extension 'ignore_ament_install'
[0.311s] Level 1:colcon.colcon_core.package_identification:_identify(src) by extensions ['colcon_pkg']
[0.311s] Level 1:colcon.colcon_core.package_identification:_identify(src) by extension 'colcon_pkg'
[0.311s] Level 1:colcon.colcon_core.package_identification:_identify(src) by extensions ['colcon_meta']
[0.311s] Level 1:colcon.colcon_core.package_identification:_identify(src) by extension 'colcon_meta'
[0.311s] Level 1:colcon.colcon_core.package_identification:_identify(src) by extensions ['ros']
[0.311s] Level 1:colcon.colcon_core.package_identification:_identify(src) by extension 'ros'
[0.311s] Level 1:colcon.colcon_core.package_identification:_identify(src) by extensions ['cmake', 'python']
[0.311s] Level 1:colcon.colcon_core.package_identification:_identify(src) by extension 'cmake'
[0.311s] Level 1:colcon.colcon_core.package_identification:_identify(src) by extension 'python'
[0.311s] Level 1:colcon.colcon_core.package_identification:_identify(src) by extensions ['python_setup_py']
[0.311s] Level 1:colcon.colcon_core.package_identification:_identify(src) by extension 'python_setup_py'
[0.312s] Level 1:colcon.colcon_core.package_identification:_identify(src/control) by extensions ['ignore', 'ignore_ament_install']
[0.312s] Level 1:colcon.colcon_core.package_identification:_identify(src/control) by extension 'ignore'
[0.312s] Level 1:colcon.colcon_core.package_identification:_identify(src/control) by extension 'ignore_ament_install'
[0.312s] Level 1:colcon.colcon_core.package_identification:_identify(src/control) by extensions ['colcon_pkg']
[0.312s] Level 1:colcon.colcon_core.package_identification:_identify(src/control) by extension 'colcon_pkg'
[0.312s] Level 1:colcon.colcon_core.package_identification:_identify(src/control) by extensions ['colcon_meta']
[0.312s] Level 1:colcon.colcon_core.package_identification:_identify(src/control) by extension 'colcon_meta'
[0.312s] Level 1:colcon.colcon_core.package_identification:_identify(src/control) by extensions ['ros']
[0.312s] Level 1:colcon.colcon_core.package_identification:_identify(src/control) by extension 'ros'
[0.314s] DEBUG:colcon.colcon_core.package_identification:Package 'src/control' with type 'ros.ament_cmake' and name 'control'
[0.314s] Level 1:colcon.colcon_core.package_identification:_identify(src/launcher) by extensions ['ignore', 'ignore_ament_install']
[0.314s] Level 1:colcon.colcon_core.package_identification:_identify(src/launcher) by extension 'ignore'
[0.314s] Level 1:colcon.colcon_core.package_identification:_identify(src/launcher) by extension 'ignore_ament_install'
[0.314s] Level 1:colcon.colcon_core.package_identification:_identify(src/launcher) by extensions ['colcon_pkg']
[0.314s] Level 1:colcon.colcon_core.package_identification:_identify(src/launcher) by extension 'colcon_pkg'
[0.314s] Level 1:colcon.colcon_core.package_identification:_identify(src/launcher) by extensions ['colcon_meta']
[0.314s] Level 1:colcon.colcon_core.package_identification:_identify(src/launcher) by extension 'colcon_meta'
[0.314s] Level 1:colcon.colcon_core.package_identification:_identify(src/launcher) by extensions ['ros']
[0.314s] Level 1:colcon.colcon_core.package_identification:_identify(src/launcher) by extension 'ros'
[0.315s] DEBUG:colcon.colcon_core.package_identification:Package 'src/launcher' with type 'ros.ament_python' and name 'launcher'
[0.316s] Level 1:colcon.colcon_core.package_identification:_identify(src/robot) by extensions ['ignore', 'ignore_ament_install']
[0.316s] Level 1:colcon.colcon_core.package_identification:_identify(src/robot) by extension 'ignore'
[0.316s] Level 1:colcon.colcon_core.package_identification:_identify(src/robot) by extension 'ignore_ament_install'
[0.316s] Level 1:colcon.colcon_core.package_identification:_identify(src/robot) by extensions ['colcon_pkg']
[0.316s] Level 1:colcon.colcon_core.package_identification:_identify(src/robot) by extension 'colcon_pkg'
[0.316s] Level 1:colcon.colcon_core.package_identification:_identify(src/robot) by extensions ['colcon_meta']
[0.316s] Level 1:colcon.colcon_core.package_identification:_identify(src/robot) by extension 'colcon_meta'
[0.316s] Level 1:colcon.colcon_core.package_identification:_identify(src/robot) by extensions ['ros']
[0.316s] Level 1:colcon.colcon_core.package_identification:_identify(src/robot) by extension 'ros'
[0.316s] Level 1:colcon.colcon_core.package_identification:_identify(src/robot) by extensions ['cmake', 'python']
[0.316s] Level 1:colcon.colcon_core.package_identification:_identify(src/robot) by extension 'cmake'
[0.316s] Level 1:colcon.colcon_core.package_identification:_identify(src/robot) by extension 'python'
[0.316s] Level 1:colcon.colcon_core.package_identification:_identify(src/robot) by extensions ['python_setup_py']
[0.316s] Level 1:colcon.colcon_core.package_identification:_identify(src/robot) by extension 'python_setup_py'
[0.316s] Level 1:colcon.colcon_core.package_identification:_identify(src/robot/NOTSHAFT) by extensions ['ignore', 'ignore_ament_install']
[0.316s] Level 1:colcon.colcon_core.package_identification:_identify(src/robot/NOTSHAFT) by extension 'ignore'
[0.317s] Level 1:colcon.colcon_core.package_identification:_identify(src/robot/NOTSHAFT) by extension 'ignore_ament_install'
[0.317s] Level 1:colcon.colcon_core.package_identification:_identify(src/robot/NOTSHAFT) by extensions ['colcon_pkg']
[0.317s] Level 1:colcon.colcon_core.package_identification:_identify(src/robot/NOTSHAFT) by extension 'colcon_pkg'
[0.317s] Level 1:colcon.colcon_core.package_identification:_identify(src/robot/NOTSHAFT) by extensions ['colcon_meta']
[0.317s] Level 1:colcon.colcon_core.package_identification:_identify(src/robot/NOTSHAFT) by extension 'colcon_meta'
[0.317s] Level 1:colcon.colcon_core.package_identification:_identify(src/robot/NOTSHAFT) by extensions ['ros']
[0.317s] Level 1:colcon.colcon_core.package_identification:_identify(src/robot/NOTSHAFT) by extension 'ros'
[0.317s] Level 1:colcon.colcon_core.package_identification:_identify(src/robot/NOTSHAFT) by extensions ['cmake', 'python']
[0.317s] Level 1:colcon.colcon_core.package_identification:_identify(src/robot/NOTSHAFT) by extension 'cmake'
[0.317s] Level 1:colcon.colcon_core.package_identification:_identify(src/robot/NOTSHAFT) by extension 'python'
[0.317s] Level 1:colcon.colcon_core.package_identification:_identify(src/robot/NOTSHAFT) by extensions ['python_setup_py']
[0.317s] Level 1:colcon.colcon_core.package_identification:_identify(src/robot/NOTSHAFT) by extension 'python_setup_py'
[0.317s] Level 1:colcon.colcon_core.package_identification:_identify(src/robot/SSLSHAFT) by extensions ['ignore', 'ignore_ament_install']
[0.317s] Level 1:colcon.colcon_core.package_identification:_identify(src/robot/SSLSHAFT) by extension 'ignore'
[0.318s] Level 1:colcon.colcon_core.package_identification:_identify(src/robot/SSLSHAFT) by extension 'ignore_ament_install'
[0.318s] Level 1:colcon.colcon_core.package_identification:_identify(src/robot/SSLSHAFT) by extensions ['colcon_pkg']
[0.318s] Level 1:colcon.colcon_core.package_identification:_identify(src/robot/SSLSHAFT) by extension 'colcon_pkg'
[0.318s] Level 1:colcon.colcon_core.package_identification:_identify(src/robot/SSLSHAFT) by extensions ['colcon_meta']
[0.318s] Level 1:colcon.colcon_core.package_identification:_identify(src/robot/SSLSHAFT) by extension 'colcon_meta'
[0.318s] Level 1:colcon.colcon_core.package_identification:_identify(src/robot/SSLSHAFT) by extensions ['ros']
[0.318s] Level 1:colcon.colcon_core.package_identification:_identify(src/robot/SSLSHAFT) by extension 'ros'
[0.318s] Level 1:colcon.colcon_core.package_identification:_identify(src/robot/SSLSHAFT) by extensions ['cmake', 'python']
[0.318s] Level 1:colcon.colcon_core.package_identification:_identify(src/robot/SSLSHAFT) by extension 'cmake'
[0.318s] Level 1:colcon.colcon_core.package_identification:_identify(src/robot/SSLSHAFT) by extension 'python'
[0.318s] Level 1:colcon.colcon_core.package_identification:_identify(src/robot/SSLSHAFT) by extensions ['python_setup_py']
[0.318s] Level 1:colcon.colcon_core.package_identification:_identify(src/robot/SSLSHAFT) by extension 'python_setup_py'
[0.318s] Level 1:colcon.colcon_core.package_identification:_identify(src/robot/SSLSHAFT/controls) by extensions ['ignore', 'ignore_ament_install']
[0.318s] Level 1:colcon.colcon_core.package_identification:_identify(src/robot/SSLSHAFT/controls) by extension 'ignore'
[0.318s] Level 1:colcon.colcon_core.package_identification:_identify(src/robot/SSLSHAFT/controls) by extension 'ignore_ament_install'
[0.318s] Level 1:colcon.colcon_core.package_identification:_identify(src/robot/SSLSHAFT/controls) by extensions ['colcon_pkg']
[0.318s] Level 1:colcon.colcon_core.package_identification:_identify(src/robot/SSLSHAFT/controls) by extension 'colcon_pkg'
[0.319s] Level 1:colcon.colcon_core.package_identification:_identify(src/robot/SSLSHAFT/controls) by extensions ['colcon_meta']
[0.319s] Level 1:colcon.colcon_core.package_identification:_identify(src/robot/SSLSHAFT/controls) by extension 'colcon_meta'
[0.319s] Level 1:colcon.colcon_core.package_identification:_identify(src/robot/SSLSHAFT/controls) by extensions ['ros']
[0.319s] Level 1:colcon.colcon_core.package_identification:_identify(src/robot/SSLSHAFT/controls) by extension 'ros'
[0.319s] Level 1:colcon.colcon_core.package_identification:_identify(src/robot/SSLSHAFT/controls) by extensions ['cmake', 'python']
[0.319s] Level 1:colcon.colcon_core.package_identification:_identify(src/robot/SSLSHAFT/controls) by extension 'cmake'
[0.319s] Level 1:colcon.colcon_core.package_identification:_identify(src/robot/SSLSHAFT/controls) by extension 'python'
[0.319s] Level 1:colcon.colcon_core.package_identification:_identify(src/robot/SSLSHAFT/controls) by extensions ['python_setup_py']
[0.319s] Level 1:colcon.colcon_core.package_identification:_identify(src/robot/SSLSHAFT/controls) by extension 'python_setup_py'
[0.319s] Level 1:colcon.colcon_core.package_identification:_identify(src/robot/SSLSHAFT/hardware) by extensions ['ignore', 'ignore_ament_install']
[0.319s] Level 1:colcon.colcon_core.package_identification:_identify(src/robot/SSLSHAFT/hardware) by extension 'ignore'
[0.319s] Level 1:colcon.colcon_core.package_identification:_identify(src/robot/SSLSHAFT/hardware) by extension 'ignore_ament_install'
[0.319s] Level 1:colcon.colcon_core.package_identification:_identify(src/robot/SSLSHAFT/hardware) by extensions ['colcon_pkg']
[0.319s] Level 1:colcon.colcon_core.package_identification:_identify(src/robot/SSLSHAFT/hardware) by extension 'colcon_pkg'
[0.319s] Level 1:colcon.colcon_core.package_identification:_identify(src/robot/SSLSHAFT/hardware) by extensions ['colcon_meta']
[0.319s] Level 1:colcon.colcon_core.package_identification:_identify(src/robot/SSLSHAFT/hardware) by extension 'colcon_meta'
[0.320s] Level 1:colcon.colcon_core.package_identification:_identify(src/robot/SSLSHAFT/hardware) by extensions ['ros']
[0.320s] Level 1:colcon.colcon_core.package_identification:_identify(src/robot/SSLSHAFT/hardware) by extension 'ros'
[0.320s] Level 1:colcon.colcon_core.package_identification:_identify(src/robot/SSLSHAFT/hardware) by extensions ['cmake', 'python']
[0.320s] Level 1:colcon.colcon_core.package_identification:_identify(src/robot/SSLSHAFT/hardware) by extension 'cmake'
[0.320s] Level 1:colcon.colcon_core.package_identification:_identify(src/robot/SSLSHAFT/hardware) by extension 'python'
[0.320s] Level 1:colcon.colcon_core.package_identification:_identify(src/robot/SSLSHAFT/hardware) by extensions ['python_setup_py']
[0.320s] Level 1:colcon.colcon_core.package_identification:_identify(src/robot/SSLSHAFT/hardware) by extension 'python_setup_py'
[0.320s] Level 1:colcon.colcon_core.package_identification:_identify(src/robot/SSLSHAFT/urdf) by extensions ['ignore', 'ignore_ament_install']
[0.320s] Level 1:colcon.colcon_core.package_identification:_identify(src/robot/SSLSHAFT/urdf) by extension 'ignore'
[0.320s] Level 1:colcon.colcon_core.package_identification:_identify(src/robot/SSLSHAFT/urdf) by extension 'ignore_ament_install'
[0.320s] Level 1:colcon.colcon_core.package_identification:_identify(src/robot/SSLSHAFT/urdf) by extensions ['colcon_pkg']
[0.320s] Level 1:colcon.colcon_core.package_identification:_identify(src/robot/SSLSHAFT/urdf) by extension 'colcon_pkg'
[0.320s] Level 1:colcon.colcon_core.package_identification:_identify(src/robot/SSLSHAFT/urdf) by extensions ['colcon_meta']
[0.320s] Level 1:colcon.colcon_core.package_identification:_identify(src/robot/SSLSHAFT/urdf) by extension 'colcon_meta'
[0.320s] Level 1:colcon.colcon_core.package_identification:_identify(src/robot/SSLSHAFT/urdf) by extensions ['ros']
[0.320s] Level 1:colcon.colcon_core.package_identification:_identify(src/robot/SSLSHAFT/urdf) by extension 'ros'
[0.320s] Level 1:colcon.colcon_core.package_identification:_identify(src/robot/SSLSHAFT/urdf) by extensions ['cmake', 'python']
[0.320s] Level 1:colcon.colcon_core.package_identification:_identify(src/robot/SSLSHAFT/urdf) by extension 'cmake'
[0.320s] Level 1:colcon.colcon_core.package_identification:_identify(src/robot/SSLSHAFT/urdf) by extension 'python'
[0.320s] Level 1:colcon.colcon_core.package_identification:_identify(src/robot/SSLSHAFT/urdf) by extensions ['python_setup_py']
[0.321s] Level 1:colcon.colcon_core.package_identification:_identify(src/robot/SSLSHAFT/urdf) by extension 'python_setup_py'
[0.321s] Level 1:colcon.colcon_core.package_identification:_identify(src/romeo_tui) by extensions ['ignore', 'ignore_ament_install']
[0.321s] Level 1:colcon.colcon_core.package_identification:_identify(src/romeo_tui) by extension 'ignore'
[0.321s] Level 1:colcon.colcon_core.package_identification:_identify(src/romeo_tui) by extension 'ignore_ament_install'
[0.321s] Level 1:colcon.colcon_core.package_identification:_identify(src/romeo_tui) by extensions ['colcon_pkg']
[0.321s] Level 1:colcon.colcon_core.package_identification:_identify(src/romeo_tui) by extension 'colcon_pkg'
[0.321s] Level 1:colcon.colcon_core.package_identification:_identify(src/romeo_tui) by extensions ['colcon_meta']
[0.321s] Level 1:colcon.colcon_core.package_identification:_identify(src/romeo_tui) by extension 'colcon_meta'
[0.321s] Level 1:colcon.colcon_core.package_identification:_identify(src/romeo_tui) by extensions ['ros']
[0.321s] Level 1:colcon.colcon_core.package_identification:_identify(src/romeo_tui) by extension 'ros'
[0.322s] DEBUG:colcon.colcon_core.package_identification:Package 'src/romeo_tui' with type 'ros.ament_cmake' and name 'romeo_tui'
[0.322s] Level 1:colcon.colcon_core.package_discovery:discover_packages(recursive) using defaults
[0.322s] Level 1:colcon.colcon_core.package_discovery:discover_packages(ignore) discover
[0.322s] Level 1:colcon.colcon_core.package_discovery:discover_packages(ignore) using defaults
[0.322s] Level 1:colcon.colcon_core.package_discovery:discover_packages(path) discover
[0.322s] Level 1:colcon.colcon_core.package_discovery:discover_packages(path) using defaults
[0.346s] Level 1:colcon.colcon_core.package_discovery:discover_packages(prefix_path) check parameters
[0.346s] Level 1:colcon.colcon_core.package_discovery:discover_packages(prefix_path) discover
[0.349s] DEBUG:colcon.colcon_installed_package_information.package_discovery:Found 275 installed packages in /opt/ros/humble
[0.351s] Level 1:colcon.colcon_core.package_discovery:discover_packages(prefix_path) using defaults
[0.399s] Level 5:colcon.colcon_core.verb:set package 'control' build argument 'cmake_args' from command line to 'None'
[0.399s] Level 5:colcon.colcon_core.verb:set package 'control' build argument 'cmake_target' from command line to 'None'
[0.399s] Level 5:colcon.colcon_core.verb:set package 'control' build argument 'cmake_target_skip_unavailable' from command line to 'False'
[0.399s] Level 5:colcon.colcon_core.verb:set package 'control' build argument 'cmake_clean_cache' from command line to 'False'
[0.399s] Level 5:colcon.colcon_core.verb:set package 'control' build argument 'cmake_clean_first' from command line to 'False'
[0.399s] Level 5:colcon.colcon_core.verb:set package 'control' build argument 'cmake_force_configure' from command line to 'False'
[0.399s] Level 5:colcon.colcon_core.verb:set package 'control' build argument 'ament_cmake_args' from command line to 'None'
[0.399s] Level 5:colcon.colcon_core.verb:set package 'control' build argument 'catkin_cmake_args' from command line to 'None'
[0.399s] Level 5:colcon.colcon_core.verb:set package 'control' build argument 'catkin_skip_building_tests' from command line to 'False'
[0.399s] DEBUG:colcon.colcon_core.verb:Building package 'control' with the following arguments: {'ament_cmake_args': None, 'build_base': '/home/romeperl/ssl_robot_challenge/build/control', 'catkin_cmake_args': None, 'catkin_skip_building_tests': False, 'cmake_args': None, 'cmake_clean_cache': False, 'cmake_clean_first': False, 'cmake_force_configure': False, 'cmake_target': None, 'cmake_target_skip_unavailable': False, 'install_base': '/home/romeperl/ssl_robot_challenge/install/control', 'merge_install': False, 'path': '/home/romeperl/ssl_robot_challenge/src/control', 'symlink_install': False, 'test_result_base': None}
[0.400s] Level 5:colcon.colcon_core.verb:set package 'launcher' build argument 'cmake_args' from command line to 'None'
[0.400s] Level 5:colcon.colcon_core.verb:set package 'launcher' build argument 'cmake_target' from command line to 'None'
[0.400s] Level 5:colcon.colcon_core.verb:set package 'launcher' build argument 'cmake_target_skip_unavailable' from command line to 'False'
[0.400s] Level 5:colcon.colcon_core.verb:set package 'launcher' build argument 'cmake_clean_cache' from command line to 'False'
[0.400s] Level 5:colcon.colcon_core.verb:set package 'launcher' build argument 'cmake_clean_first' from command line to 'False'
[0.400s] Level 5:colcon.colcon_core.verb:set package 'launcher' build argument 'cmake_force_configure' from command line to 'False'
[0.400s] Level 5:colcon.colcon_core.verb:set package 'launcher' build argument 'ament_cmake_args' from command line to 'None'
[0.400s] Level 5:colcon.colcon_core.verb:set package 'launcher' build argument 'catkin_cmake_args' from command line to 'None'
[0.400s] Level 5:colcon.colcon_core.verb:set package 'launcher' build argument 'catkin_skip_building_tests' from command line to 'False'
[0.400s] DEBUG:colcon.colcon_core.verb:Building package 'launcher' with the following arguments: {'ament_cmake_args': None, 'build_base': '/home/romeperl/ssl_robot_challenge/build/launcher', 'catkin_cmake_args': None, 'catkin_skip_building_tests': False, 'cmake_args': None, 'cmake_clean_cache': False, 'cmake_clean_first': False, 'cmake_force_configure': False, 'cmake_target': None, 'cmake_target_skip_unavailable': False, 'install_base': '/home/romeperl/ssl_robot_challenge/install/launcher', 'merge_install': False, 'path': '/home/romeperl/ssl_robot_challenge/src/launcher', 'symlink_install': False, 'test_result_base': None}
[0.401s] Level 5:colcon.colcon_core.verb:set package 'romeo_tui' build argument 'cmake_args' from command line to 'None'
[0.401s] Level 5:colcon.colcon_core.verb:set package 'romeo_tui' build argument 'cmake_target' from command line to 'None'
[0.401s] Level 5:colcon.colcon_core.verb:set package 'romeo_tui' build argument 'cmake_target_skip_unavailable' from command line to 'False'
[0.401s] Level 5:colcon.colcon_core.verb:set package 'romeo_tui' build argument 'cmake_clean_cache' from command line to 'False'
[0.401s] Level 5:colcon.colcon_core.verb:set package 'romeo_tui' build argument 'cmake_clean_first' from command line to 'False'
[0.401s] Level 5:colcon.colcon_core.verb:set package 'romeo_tui' build argument 'cmake_force_configure' from command line to 'False'
[0.401s] Level 5:colcon.colcon_core.verb:set package 'romeo_tui' build argument 'ament_cmake_args' from command line to 'None'
[0.401s] Level 5:colcon.colcon_core.verb:set package 'romeo_tui' build argument 'catkin_cmake_args' from command line to 'None'
[0.401s] Level 5:colcon.colcon_core.verb:set package 'romeo_tui' build argument 'catkin_skip_building_tests' from command line to 'False'
[0.401s] DEBUG:colcon.colcon_core.verb:Building package 'romeo_tui' with the following arguments: {'ament_cmake_args': None, 'build_base': '/home/romeperl/ssl_robot_challenge/build/romeo_tui', 'catkin_cmake_args': None, 'catkin_skip_building_tests': False, 'cmake_args': None, 'cmake_clean_cache': False, 'cmake_clean_first': False, 'cmake_force_configure': False, 'cmake_target': None, 'cmake_target_skip_unavailable': False, 'install_base': '/home/romeperl/ssl_robot_challenge/install/romeo_tui', 'merge_install': False, 'path': '/home/romeperl/ssl_robot_challenge/src/romeo_tui', 'symlink_install': False, 'test_result_base': None}
[0.402s] INFO:colcon.colcon_core.executor:Executing jobs using 'parallel' executor
[0.404s] DEBUG:colcon.colcon_parallel_executor.executor.parallel:run_until_complete
[0.405s] INFO:colcon.colcon_ros.task.ament_cmake.build:Building ROS package in '/home/romeperl/ssl_robot_challenge/src/control' with build type 'ament_cmake'
[0.405s] INFO:colcon.colcon_cmake.task.cmake.build:Building CMake package in '/home/romeperl/ssl_robot_challenge/src/control'
[0.409s] INFO:colcon.colcon_core.plugin_system:Skipping extension 'colcon_core.shell.bat': Not used on non-Windows systems
[0.409s] INFO:colcon.colcon_core.shell:Skip shell extension 'powershell' for command environment: Not usable outside of PowerShell
[0.409s] DEBUG:colcon.colcon_core.shell:Skip shell extension 'dsv' for command environment
[0.413s] INFO:colcon.colcon_ros.task.ament_python.build:Building ROS package in '/home/romeperl/ssl_robot_challenge/src/launcher' with build type 'ament_python'
[0.413s] Level 1:colcon.colcon_core.shell:create_environment_hook('launcher', 'ament_prefix_path')
[0.415s] INFO:colcon.colcon_core.shell:Creating environment hook '/home/romeperl/ssl_robot_challenge/install/launcher/share/launcher/hook/ament_prefix_path.ps1'
[0.416s] INFO:colcon.colcon_core.shell:Creating environment descriptor '/home/romeperl/ssl_robot_challenge/install/launcher/share/launcher/hook/ament_prefix_path.dsv'
[0.417s] INFO:colcon.colcon_core.shell:Creating environment hook '/home/romeperl/ssl_robot_challenge/install/launcher/share/launcher/hook/ament_prefix_path.sh'
[0.419s] INFO:colcon.colcon_core.shell:Skip shell extension 'powershell' for command environment: Not usable outside of PowerShell
[0.419s] DEBUG:colcon.colcon_core.shell:Skip shell extension 'dsv' for command environment
[0.433s] DEBUG:colcon.colcon_core.event_handler.log_command:Invoking command in '/home/romeperl/ssl_robot_challenge/build/control': CMAKE_PREFIX_PATH=/opt/ros/humble /usr/bin/cmake --build /home/romeperl/ssl_robot_challenge/build/control -- -j2 -l2
[0.696s] INFO:colcon.colcon_core.task.python.build:Building Python package in '/home/romeperl/ssl_robot_challenge/src/launcher'
[0.697s] INFO:colcon.colcon_core.shell:Skip shell extension 'powershell' for command environment: Not usable outside of PowerShell
[0.697s] DEBUG:colcon.colcon_core.shell:Skip shell extension 'dsv' for command environment
[0.702s] DEBUG:colcon.colcon_core.event_handler.log_command:Invoked command in '/home/romeperl/ssl_robot_challenge/build/control' returned '0': CMAKE_PREFIX_PATH=/opt/ros/humble /usr/bin/cmake --build /home/romeperl/ssl_robot_challenge/build/control -- -j2 -l2
[0.764s] DEBUG:colcon.colcon_core.event_handler.log_command:Invoking command in '/home/romeperl/ssl_robot_challenge/build/control': CMAKE_PREFIX_PATH=/opt/ros/humble /usr/bin/cmake --install /home/romeperl/ssl_robot_challenge/build/control
[0.775s] Level 1:colcon.colcon_core.environment:create_environment_scripts_only(control)
[0.785s] Level 1:colcon.colcon_core.environment:checking '/home/romeperl/ssl_robot_challenge/install/control' for CMake module files
[0.786s] Level 1:colcon.colcon_core.environment:checking '/home/romeperl/ssl_robot_challenge/install/control' for CMake config files
[0.786s] Level 1:colcon.colcon_core.shell:create_environment_hook('control', 'cmake_prefix_path')
[0.788s] INFO:colcon.colcon_core.shell:Creating environment hook '/home/romeperl/ssl_robot_challenge/install/control/share/control/hook/cmake_prefix_path.ps1'
[0.790s] INFO:colcon.colcon_core.shell:Creating environment descriptor '/home/romeperl/ssl_robot_challenge/install/control/share/control/hook/cmake_prefix_path.dsv'
[0.791s] INFO:colcon.colcon_core.shell:Creating environment hook '/home/romeperl/ssl_robot_challenge/install/control/share/control/hook/cmake_prefix_path.sh'
[0.795s] Level 1:colcon.colcon_core.environment:checking '/home/romeperl/ssl_robot_challenge/install/control/bin'
[0.795s] Level 1:colcon.colcon_core.environment:checking '/home/romeperl/ssl_robot_challenge/install/control/lib/pkgconfig/control.pc'
[0.796s] Level 1:colcon.colcon_core.environment:checking '/home/romeperl/ssl_robot_challenge/install/control/lib/python3.10/site-packages'
[0.796s] Level 1:colcon.colcon_core.environment:checking '/home/romeperl/ssl_robot_challenge/install/control/bin'
[0.799s] INFO:colcon.colcon_core.shell:Creating package script '/home/romeperl/ssl_robot_challenge/install/control/share/control/package.ps1'
[0.801s] INFO:colcon.colcon_core.shell:Creating package descriptor '/home/romeperl/ssl_robot_challenge/install/control/share/control/package.dsv'
[0.802s] INFO:colcon.colcon_core.shell:Creating package script '/home/romeperl/ssl_robot_challenge/install/control/share/control/package.sh'
[0.803s] INFO:colcon.colcon_core.shell:Creating package script '/home/romeperl/ssl_robot_challenge/install/control/share/control/package.bash'
[0.805s] INFO:colcon.colcon_core.shell:Creating package script '/home/romeperl/ssl_robot_challenge/install/control/share/control/package.zsh'
[0.806s] DEBUG:colcon.colcon_core.event_handler.log_command:Invoked command in '/home/romeperl/ssl_robot_challenge/build/control' returned '0': CMAKE_PREFIX_PATH=/opt/ros/humble /usr/bin/cmake --install /home/romeperl/ssl_robot_challenge/build/control
[0.806s] Level 1:colcon.colcon_core.environment:create_file_with_runtime_dependencies(/home/romeperl/ssl_robot_challenge/install/control/share/colcon-core/packages/control)
[0.878s] Level 1:colcon.colcon_core.environment:create_environment_scripts_only(control)
[0.880s] Level 1:colcon.colcon_core.environment:checking '/home/romeperl/ssl_robot_challenge/install/control' for CMake module files
[0.880s] Level 1:colcon.colcon_core.environment:checking '/home/romeperl/ssl_robot_challenge/install/control' for CMake config files
[0.880s] Level 1:colcon.colcon_core.shell:create_environment_hook('control', 'cmake_prefix_path')
[0.881s] INFO:colcon.colcon_core.shell:Creating environment hook '/home/romeperl/ssl_robot_challenge/install/control/share/control/hook/cmake_prefix_path.ps1'
[0.894s] INFO:colcon.colcon_core.shell:Creating environment descriptor '/home/romeperl/ssl_robot_challenge/install/control/share/control/hook/cmake_prefix_path.dsv'
[0.895s] INFO:colcon.colcon_core.shell:Creating environment hook '/home/romeperl/ssl_robot_challenge/install/control/share/control/hook/cmake_prefix_path.sh'
[0.902s] Level 1:colcon.colcon_core.environment:checking '/home/romeperl/ssl_robot_challenge/install/control/bin'
[0.902s] Level 1:colcon.colcon_core.environment:checking '/home/romeperl/ssl_robot_challenge/install/control/lib/pkgconfig/control.pc'
[0.903s] Level 1:colcon.colcon_core.environment:checking '/home/romeperl/ssl_robot_challenge/install/control/lib/python3.10/site-packages'
[0.903s] Level 1:colcon.colcon_core.environment:checking '/home/romeperl/ssl_robot_challenge/install/control/bin'
[0.904s] INFO:colcon.colcon_core.shell:Creating package script '/home/romeperl/ssl_robot_challenge/install/control/share/control/package.ps1'
[0.905s] INFO:colcon.colcon_core.shell:Creating package descriptor '/home/romeperl/ssl_robot_challenge/install/control/share/control/package.dsv'
[0.906s] INFO:colcon.colcon_core.shell:Creating package script '/home/romeperl/ssl_robot_challenge/install/control/share/control/package.sh'
[0.907s] INFO:colcon.colcon_core.shell:Creating package script '/home/romeperl/ssl_robot_challenge/install/control/share/control/package.bash'
[0.919s] INFO:colcon.colcon_core.shell:Creating package script '/home/romeperl/ssl_robot_challenge/install/control/share/control/package.zsh'
[0.921s] Level 1:colcon.colcon_core.environment:create_file_with_runtime_dependencies(/home/romeperl/ssl_robot_challenge/install/control/share/colcon-core/packages/control)
[0.921s] INFO:colcon.colcon_ros.task.ament_cmake.build:Building ROS package in '/home/romeperl/ssl_robot_challenge/src/romeo_tui' with build type 'ament_cmake'
[0.921s] INFO:colcon.colcon_cmake.task.cmake.build:Building CMake package in '/home/romeperl/ssl_robot_challenge/src/romeo_tui'
[0.922s] INFO:colcon.colcon_core.shell:Skip shell extension 'powershell' for command environment: Not usable outside of PowerShell
[0.923s] DEBUG:colcon.colcon_core.shell:Skip shell extension 'dsv' for command environment
[0.983s] DEBUG:colcon.colcon_core.event_handler.log_command:Invoking command in '/home/romeperl/ssl_robot_challenge/build/romeo_tui': CMAKE_PREFIX_PATH=/opt/ros/humble /usr/bin/cmake --build /home/romeperl/ssl_robot_challenge/build/romeo_tui -- -j2 -l2
[1.063s] DEBUG:colcon.colcon_core.event_handler.log_command:Invoked command in '/home/romeperl/ssl_robot_challenge/build/romeo_tui' returned '0': CMAKE_PREFIX_PATH=/opt/ros/humble /usr/bin/cmake --build /home/romeperl/ssl_robot_challenge/build/romeo_tui -- -j2 -l2
[1.120s] DEBUG:colcon.colcon_core.event_handler.log_command:Invoking command in '/home/romeperl/ssl_robot_challenge/src/launcher': PYTHONPATH=/home/romeperl/ssl_robot_challenge/build/launcher/prefix_override:/home/romeperl/ssl_robot_challenge/install/launcher/lib/python3.10/site-packages:${PYTHONPATH} /usr/bin/python3 setup.py egg_info --egg-base ../../build/launcher build --build-base /home/romeperl/ssl_robot_challenge/build/launcher/build install --record /home/romeperl/ssl_robot_challenge/build/launcher/install.log --single-version-externally-managed
[1.123s] DEBUG:colcon.colcon_core.event_handler.log_command:Invoking command in '/home/romeperl/ssl_robot_challenge/build/romeo_tui': CMAKE_PREFIX_PATH=/opt/ros/humble /usr/bin/cmake --install /home/romeperl/ssl_robot_challenge/build/romeo_tui
[1.143s] Level 1:colcon.colcon_core.environment:create_environment_scripts_only(romeo_tui)
[1.145s] Level 1:colcon.colcon_core.environment:checking '/home/romeperl/ssl_robot_challenge/install/romeo_tui' for CMake module files
[1.146s] DEBUG:colcon.colcon_core.event_handler.log_command:Invoked command in '/home/romeperl/ssl_robot_challenge/build/romeo_tui' returned '0': CMAKE_PREFIX_PATH=/opt/ros/humble /usr/bin/cmake --install /home/romeperl/ssl_robot_challenge/build/romeo_tui
[1.147s] Level 1:colcon.colcon_core.environment:checking '/home/romeperl/ssl_robot_challenge/install/romeo_tui' for CMake config files
[1.147s] Level 1:colcon.colcon_core.shell:create_environment_hook('romeo_tui', 'cmake_prefix_path')
[1.148s] INFO:colcon.colcon_core.shell:Creating environment hook '/home/romeperl/ssl_robot_challenge/install/romeo_tui/share/romeo_tui/hook/cmake_prefix_path.ps1'
[1.149s] INFO:colcon.colcon_core.shell:Creating environment descriptor '/home/romeperl/ssl_robot_challenge/install/romeo_tui/share/romeo_tui/hook/cmake_prefix_path.dsv'
[1.150s] INFO:colcon.colcon_core.shell:Creating environment hook '/home/romeperl/ssl_robot_challenge/install/romeo_tui/share/romeo_tui/hook/cmake_prefix_path.sh'
[1.151s] Level 1:colcon.colcon_core.environment:checking '/home/romeperl/ssl_robot_challenge/install/romeo_tui/bin'
[1.151s] Level 1:colcon.colcon_core.environment:checking '/home/romeperl/ssl_robot_challenge/install/romeo_tui/lib/pkgconfig/romeo_tui.pc'
[1.152s] Level 1:colcon.colcon_core.environment:checking '/home/romeperl/ssl_robot_challenge/install/romeo_tui/lib/python3.10/site-packages'
[1.152s] Level 1:colcon.colcon_core.environment:checking '/home/romeperl/ssl_robot_challenge/install/romeo_tui/bin'
[1.153s] INFO:colcon.colcon_core.shell:Creating package script '/home/romeperl/ssl_robot_challenge/install/romeo_tui/share/romeo_tui/package.ps1'
[1.154s] INFO:colcon.colcon_core.shell:Creating package descriptor '/home/romeperl/ssl_robot_challenge/install/romeo_tui/share/romeo_tui/package.dsv'
[1.154s] INFO:colcon.colcon_core.shell:Creating package script '/home/romeperl/ssl_robot_challenge/install/romeo_tui/share/romeo_tui/package.sh'
[1.155s] INFO:colcon.colcon_core.shell:Creating package script '/home/romeperl/ssl_robot_challenge/install/romeo_tui/share/romeo_tui/package.bash'
[1.155s] INFO:colcon.colcon_core.shell:Creating package script '/home/romeperl/ssl_robot_challenge/install/romeo_tui/share/romeo_tui/package.zsh'
[1.156s] Level 1:colcon.colcon_core.environment:create_file_with_runtime_dependencies(/home/romeperl/ssl_robot_challenge/install/romeo_tui/share/colcon-core/packages/romeo_tui)
[1.184s] Level 1:colcon.colcon_core.environment:create_environment_scripts_only(romeo_tui)
[1.186s] Level 1:colcon.colcon_core.environment:checking '/home/romeperl/ssl_robot_challenge/install/romeo_tui' for CMake module files
[1.187s] Level 1:colcon.colcon_core.environment:checking '/home/romeperl/ssl_robot_challenge/install/romeo_tui' for CMake config files
[1.187s] Level 1:colcon.colcon_core.shell:create_environment_hook('romeo_tui', 'cmake_prefix_path')
[1.188s] INFO:colcon.colcon_core.shell:Creating environment hook '/home/romeperl/ssl_robot_challenge/install/romeo_tui/share/romeo_tui/hook/cmake_prefix_path.ps1'
[1.190s] INFO:colcon.colcon_core.shell:Creating environment descriptor '/home/romeperl/ssl_robot_challenge/install/romeo_tui/share/romeo_tui/hook/cmake_prefix_path.dsv'
[1.191s] INFO:colcon.colcon_core.shell:Creating environment hook '/home/romeperl/ssl_robot_challenge/install/romeo_tui/share/romeo_tui/hook/cmake_prefix_path.sh'
[1.192s] Level 1:colcon.colcon_core.environment:checking '/home/romeperl/ssl_robot_challenge/install/romeo_tui/bin'
[1.192s] Level 1:colcon.colcon_core.environment:checking '/home/romeperl/ssl_robot_challenge/install/romeo_tui/lib/pkgconfig/romeo_tui.pc'
[1.192s] Level 1:colcon.colcon_core.environment:checking '/home/romeperl/ssl_robot_challenge/install/romeo_tui/lib/python3.10/site-packages'
[1.192s] Level 1:colcon.colcon_core.environment:checking '/home/romeperl/ssl_robot_challenge/install/romeo_tui/bin'
[1.194s] INFO:colcon.colcon_core.shell:Creating package script '/home/romeperl/ssl_robot_challenge/install/romeo_tui/share/romeo_tui/package.ps1'
[1.195s] INFO:colcon.colcon_core.shell:Creating package descriptor '/home/romeperl/ssl_robot_challenge/install/romeo_tui/share/romeo_tui/package.dsv'
[1.197s] INFO:colcon.colcon_core.shell:Creating package script '/home/romeperl/ssl_robot_challenge/install/romeo_tui/share/romeo_tui/package.sh'
[1.198s] INFO:colcon.colcon_core.shell:Creating package script '/home/romeperl/ssl_robot_challenge/install/romeo_tui/share/romeo_tui/package.bash'
[1.199s] INFO:colcon.colcon_core.shell:Creating package script '/home/romeperl/ssl_robot_challenge/install/romeo_tui/share/romeo_tui/package.zsh'
[1.199s] Level 1:colcon.colcon_core.environment:create_file_with_runtime_dependencies(/home/romeperl/ssl_robot_challenge/install/romeo_tui/share/colcon-core/packages/romeo_tui)
[1.414s] Level 1:colcon.colcon_core.environment:checking '/home/romeperl/ssl_robot_challenge/install/launcher' for CMake module files
[1.415s] DEBUG:colcon.colcon_core.event_handler.log_command:Invoked command in '/home/romeperl/ssl_robot_challenge/src/launcher' returned '0': PYTHONPATH=/home/romeperl/ssl_robot_challenge/build/launcher/prefix_override:/home/romeperl/ssl_robot_challenge/install/launcher/lib/python3.10/site-packages:${PYTHONPATH} /usr/bin/python3 setup.py egg_info --egg-base ../../build/launcher build --build-base /home/romeperl/ssl_robot_challenge/build/launcher/build install --record /home/romeperl/ssl_robot_challenge/build/launcher/install.log --single-version-externally-managed
[1.416s] Level 1:colcon.colcon_core.environment:checking '/home/romeperl/ssl_robot_challenge/install/launcher' for CMake config files
[1.416s] Level 1:colcon.colcon_core.environment:checking '/home/romeperl/ssl_robot_challenge/install/launcher/lib'
[1.417s] Level 1:colcon.colcon_core.environment:checking '/home/romeperl/ssl_robot_challenge/install/launcher/bin'
[1.417s] Level 1:colcon.colcon_core.environment:checking '/home/romeperl/ssl_robot_challenge/install/launcher/lib/pkgconfig/launcher.pc'
[1.417s] Level 1:colcon.colcon_core.environment:checking '/home/romeperl/ssl_robot_challenge/install/launcher/lib/python3.10/site-packages'
[1.417s] Level 1:colcon.colcon_core.shell:create_environment_hook('launcher', 'pythonpath')
[1.419s] INFO:colcon.colcon_core.shell:Creating environment hook '/home/romeperl/ssl_robot_challenge/install/launcher/share/launcher/hook/pythonpath.ps1'
[1.420s] INFO:colcon.colcon_core.shell:Creating environment descriptor '/home/romeperl/ssl_robot_challenge/install/launcher/share/launcher/hook/pythonpath.dsv'
[1.421s] INFO:colcon.colcon_core.shell:Creating environment hook '/home/romeperl/ssl_robot_challenge/install/launcher/share/launcher/hook/pythonpath.sh'
[1.422s] Level 1:colcon.colcon_core.environment:checking '/home/romeperl/ssl_robot_challenge/install/launcher/bin'
[1.422s] Level 1:colcon.colcon_core.environment:create_environment_scripts_only(launcher)
[1.423s] INFO:colcon.colcon_core.shell:Creating package script '/home/romeperl/ssl_robot_challenge/install/launcher/share/launcher/package.ps1'
[1.424s] INFO:colcon.colcon_core.shell:Creating package descriptor '/home/romeperl/ssl_robot_challenge/install/launcher/share/launcher/package.dsv'
[1.426s] INFO:colcon.colcon_core.shell:Creating package script '/home/romeperl/ssl_robot_challenge/install/launcher/share/launcher/package.sh'
[1.426s] INFO:colcon.colcon_core.shell:Creating package script '/home/romeperl/ssl_robot_challenge/install/launcher/share/launcher/package.bash'
[1.427s] INFO:colcon.colcon_core.shell:Creating package script '/home/romeperl/ssl_robot_challenge/install/launcher/share/launcher/package.zsh'
[1.428s] Level 1:colcon.colcon_core.environment:create_file_with_runtime_dependencies(/home/romeperl/ssl_robot_challenge/install/launcher/share/colcon-core/packages/launcher)
[1.431s] DEBUG:colcon.colcon_parallel_executor.executor.parallel:closing loop
[1.432s] DEBUG:colcon.colcon_parallel_executor.executor.parallel:loop closed
[1.432s] DEBUG:colcon.colcon_parallel_executor.executor.parallel:run_until_complete finished with '0'
[1.432s] DEBUG:colcon.colcon_core.event_reactor:joining thread
[1.437s] INFO:colcon.colcon_core.plugin_system:Skipping extension 'colcon_notification.desktop_notification.terminal_notifier': Not used on non-Darwin systems
[1.438s] INFO:colcon.colcon_core.plugin_system:Skipping extension 'colcon_notification.desktop_notification.win32': Not used on non-Windows systems
[1.438s] INFO:colcon.colcon_notification.desktop_notification:Sending desktop notification using 'notify2'
[1.452s] DEBUG:colcon.colcon_core.event_reactor:joined thread
[1.453s] INFO:colcon.colcon_core.shell:Creating prefix script '/home/romeperl/ssl_robot_challenge/install/local_setup.ps1'
[1.454s] INFO:colcon.colcon_core.shell:Creating prefix util module '/home/romeperl/ssl_robot_challenge/install/_local_setup_util_ps1.py'
[1.455s] INFO:colcon.colcon_core.shell:Creating prefix chain script '/home/romeperl/ssl_robot_challenge/install/setup.ps1'
[1.457s] INFO:colcon.colcon_core.shell:Creating prefix script '/home/romeperl/ssl_robot_challenge/install/local_setup.sh'
[1.458s] INFO:colcon.colcon_core.shell:Creating prefix util module '/home/romeperl/ssl_robot_challenge/install/_local_setup_util_sh.py'
[1.459s] INFO:colcon.colcon_core.shell:Creating prefix chain script '/home/romeperl/ssl_robot_challenge/install/setup.sh'
[1.461s] INFO:colcon.colcon_core.shell:Creating prefix script '/home/romeperl/ssl_robot_challenge/install/local_setup.bash'
[1.465s] INFO:colcon.colcon_core.shell:Creating prefix chain script '/home/romeperl/ssl_robot_challenge/install/setup.bash'
[1.466s] INFO:colcon.colcon_core.shell:Creating prefix script '/home/romeperl/ssl_robot_challenge/install/local_setup.zsh'
[1.467s] INFO:colcon.colcon_core.shell:Creating prefix chain script '/home/romeperl/ssl_robot_challenge/install/setup.zsh'
