[0.026s] Invoking command in '/home/romeperl/ssl_robot_challenge/build/robot': CMAKE_PREFIX_PATH=${CMAKE_PREFIX_PATH}:/home/romeperl/ssl_robot_challenge/install/launcher:/opt/ros/humble /usr/bin/cmake --build /home/romeperl/ssl_robot_challenge/build/robot -- -j2 -l2
[0.166s] Invoked command in '/home/romeperl/ssl_robot_challenge/build/robot' returned '0': CMAKE_PREFIX_PATH=${CMAKE_PREFIX_PATH}:/home/romeperl/ssl_robot_challenge/install/launcher:/opt/ros/humble /usr/bin/cmake --build /home/romeperl/ssl_robot_challenge/build/robot -- -j2 -l2
[0.196s] Invoking command in '/home/romeperl/ssl_robot_challenge/build/robot': CMAKE_PREFIX_PATH=${CMAKE_PREFIX_PATH}:/home/romeperl/ssl_robot_challenge/install/launcher:/opt/ros/humble /usr/bin/cmake --install /home/romeperl/ssl_robot_challenge/build/robot
[0.206s] -- Install configuration: ""
[0.206s] -- Up-to-date: /home/romeperl/ssl_robot_challenge/install/robot/share/ament_index/resource_index/package_run_dependencies/robot
[0.207s] -- Up-to-date: /home/romeperl/ssl_robot_challenge/install/robot/share/ament_index/resource_index/parent_prefix_path/robot
[0.207s] -- Up-to-date: /home/romeperl/ssl_robot_challenge/install/robot/share/robot/environment/ament_prefix_path.sh
[0.207s] -- Up-to-date: /home/romeperl/ssl_robot_challenge/install/robot/share/robot/environment/ament_prefix_path.dsv
[0.208s] -- Up-to-date: /home/romeperl/ssl_robot_challenge/install/robot/share/robot/environment/path.sh
[0.208s] -- Up-to-date: /home/romeperl/ssl_robot_challenge/install/robot/share/robot/environment/path.dsv
[0.209s] -- Up-to-date: /home/romeperl/ssl_robot_challenge/install/robot/share/robot/local_setup.bash
[0.210s] -- Up-to-date: /home/romeperl/ssl_robot_challenge/install/robot/share/robot/local_setup.sh
[0.211s] -- Up-to-date: /home/romeperl/ssl_robot_challenge/install/robot/share/robot/local_setup.zsh
[0.211s] -- Up-to-date: /home/romeperl/ssl_robot_challenge/install/robot/share/robot/local_setup.dsv
[0.211s] -- Installing: /home/romeperl/ssl_robot_challenge/install/robot/share/robot/package.dsv
[0.212s] -- Up-to-date: /home/romeperl/ssl_robot_challenge/install/robot/share/ament_index/resource_index/packages/robot
[0.213s] -- Up-to-date: /home/romeperl/ssl_robot_challenge/install/robot/share/robot/cmake/robotConfig.cmake
[0.213s] -- Up-to-date: /home/romeperl/ssl_robot_challenge/install/robot/share/robot/cmake/robotConfig-version.cmake
[0.213s] -- Up-to-date: /home/romeperl/ssl_robot_challenge/install/robot/share/robot/package.xml
[0.219s] Invoked command in '/home/romeperl/ssl_robot_challenge/build/robot' returned '0': CMAKE_PREFIX_PATH=${CMAKE_PREFIX_PATH}:/home/romeperl/ssl_robot_challenge/install/launcher:/opt/ros/humble /usr/bin/cmake --install /home/romeperl/ssl_robot_challenge/build/robot
