[0.048s] Invoking command in '/home/romeperl/ssl_robot_challenge/build/bitchin_n_moanin': CMAKE_PREFIX_PATH=${CMAKE_PREFIX_PATH}:/home/romeperl/ssl_robot_challenge/install/launcher:/opt/ros/humble /usr/bin/cmake /home/romeperl/ssl_robot_challenge/src/bitchin_n_moanin -DCMAKE_INSTALL_PREFIX=/home/romeperl/ssl_robot_challenge/install/bitchin_n_moanin
[0.358s] -- The C compiler identification is GNU 11.3.0
[0.537s] -- The CXX compiler identification is GNU 11.3.0
[0.588s] -- Detecting C compiler ABI info
[0.724s] -- Detecting C compiler ABI info - done
[0.731s] -- Check for working C compiler: /usr/bin/cc - skipped
[0.732s] -- Detecting C compile features
[0.734s] -- Detecting C compile features - done
[0.741s] -- Detecting CXX compiler ABI info
[0.849s] -- Detecting CXX compiler ABI info - done
[0.863s] -- Check for working CXX compiler: /usr/bin/c++ - skipped
[0.865s] -- Detecting CXX compile features
[0.866s] -- Detecting CXX compile features - done
[0.891s] -- Found ament_cmake: 1.3.4 (/opt/ros/humble/share/ament_cmake/cmake)
[1.055s] -- Found Python3: /usr/bin/python3.10 (found version "3.10.6") found components: Interpreter 
[1.307s] -- Found ament_lint_auto: 0.12.6 (/opt/ros/humble/share/ament_lint_auto/cmake)
[1.461s] -- Added test 'lint_cmake' to check CMake code style
[1.464s] -- Added test 'xmllint' to check XML markup files
[1.469s] -- Configuring done
[1.473s] -- Generating done
[1.473s] -- Build files have been written to: /home/romeperl/ssl_robot_challenge/build/bitchin_n_moanin
[1.479s] Invoked command in '/home/romeperl/ssl_robot_challenge/build/bitchin_n_moanin' returned '0': CMAKE_PREFIX_PATH=${CMAKE_PREFIX_PATH}:/home/romeperl/ssl_robot_challenge/install/launcher:/opt/ros/humble /usr/bin/cmake /home/romeperl/ssl_robot_challenge/src/bitchin_n_moanin -DCMAKE_INSTALL_PREFIX=/home/romeperl/ssl_robot_challenge/install/bitchin_n_moanin
[1.479s] Invoking command in '/home/romeperl/ssl_robot_challenge/build/bitchin_n_moanin': CMAKE_PREFIX_PATH=${CMAKE_PREFIX_PATH}:/home/romeperl/ssl_robot_challenge/install/launcher:/opt/ros/humble /usr/bin/cmake --build /home/romeperl/ssl_robot_challenge/build/bitchin_n_moanin -- -j2 -l2
[1.604s] Invoked command in '/home/romeperl/ssl_robot_challenge/build/bitchin_n_moanin' returned '0': CMAKE_PREFIX_PATH=${CMAKE_PREFIX_PATH}:/home/romeperl/ssl_robot_challenge/install/launcher:/opt/ros/humble /usr/bin/cmake --build /home/romeperl/ssl_robot_challenge/build/bitchin_n_moanin -- -j2 -l2
[1.687s] Invoking command in '/home/romeperl/ssl_robot_challenge/build/bitchin_n_moanin': CMAKE_PREFIX_PATH=${CMAKE_PREFIX_PATH}:/home/romeperl/ssl_robot_challenge/install/launcher:/opt/ros/humble /usr/bin/cmake --install /home/romeperl/ssl_robot_challenge/build/bitchin_n_moanin
[1.709s] -- Install configuration: ""
[1.710s] -- Installing: /home/romeperl/ssl_robot_challenge/install/bitchin_n_moanin/share/ament_index/resource_index/package_run_dependencies/bitchin_n_moanin
[1.712s] -- Installing: /home/romeperl/ssl_robot_challenge/install/bitchin_n_moanin/share/ament_index/resource_index/parent_prefix_path/bitchin_n_moanin
[1.713s] -- Installing: /home/romeperl/ssl_robot_challenge/install/bitchin_n_moanin/share/bitchin_n_moanin/environment/ament_prefix_path.sh
[1.714s] -- Installing: /home/romeperl/ssl_robot_challenge/install/bitchin_n_moanin/share/bitchin_n_moanin/environment/ament_prefix_path.dsv
[1.714s] -- Installing: /home/romeperl/ssl_robot_challenge/install/bitchin_n_moanin/share/bitchin_n_moanin/environment/path.sh
[1.715s] -- Installing: /home/romeperl/ssl_robot_challenge/install/bitchin_n_moanin/share/bitchin_n_moanin/environment/path.dsv
[1.715s] -- Installing: /home/romeperl/ssl_robot_challenge/install/bitchin_n_moanin/share/bitchin_n_moanin/local_setup.bash
[1.716s] -- Installing: /home/romeperl/ssl_robot_challenge/install/bitchin_n_moanin/share/bitchin_n_moanin/local_setup.sh
[1.717s] -- Installing: /home/romeperl/ssl_robot_challenge/install/bitchin_n_moanin/share/bitchin_n_moanin/local_setup.zsh
[1.718s] -- Installing: /home/romeperl/ssl_robot_challenge/install/bitchin_n_moanin/share/bitchin_n_moanin/local_setup.dsv
[1.718s] -- Installing: /home/romeperl/ssl_robot_challenge/install/bitchin_n_moanin/share/bitchin_n_moanin/package.dsv
[1.719s] -- Installing: /home/romeperl/ssl_robot_challenge/install/bitchin_n_moanin/share/ament_index/resource_index/packages/bitchin_n_moanin
[1.720s] -- Installing: /home/romeperl/ssl_robot_challenge/install/bitchin_n_moanin/share/bitchin_n_moanin/cmake/bitchin_n_moaninConfig.cmake
[1.721s] -- Installing: /home/romeperl/ssl_robot_challenge/install/bitchin_n_moanin/share/bitchin_n_moanin/cmake/bitchin_n_moaninConfig-version.cmake
[1.722s] -- Installing: /home/romeperl/ssl_robot_challenge/install/bitchin_n_moanin/share/bitchin_n_moanin/package.xml
[1.734s] Invoked command in '/home/romeperl/ssl_robot_challenge/build/bitchin_n_moanin' returned '0': CMAKE_PREFIX_PATH=${CMAKE_PREFIX_PATH}:/home/romeperl/ssl_robot_challenge/install/launcher:/opt/ros/humble /usr/bin/cmake --install /home/romeperl/ssl_robot_challenge/build/bitchin_n_moanin
