[0.038s] Invoking command in '/home/romeperl/ssl_robot_challenge/build/romeo_tui': CMAKE_PREFIX_PATH=${CMAKE_PREFIX_PATH}:/home/romeperl/ssl_robot_challenge/install/launcher:/opt/ros/humble /usr/bin/cmake --build /home/romeperl/ssl_robot_challenge/build/romeo_tui -- -j2 -l2
[0.149s] Invoked command in '/home/romeperl/ssl_robot_challenge/build/romeo_tui' returned '0': CMAKE_PREFIX_PATH=${CMAKE_PREFIX_PATH}:/home/romeperl/ssl_robot_challenge/install/launcher:/opt/ros/humble /usr/bin/cmake --build /home/romeperl/ssl_robot_challenge/build/romeo_tui -- -j2 -l2
[0.235s] Invoking command in '/home/romeperl/ssl_robot_challenge/build/romeo_tui': CMAKE_PREFIX_PATH=${CMAKE_PREFIX_PATH}:/home/romeperl/ssl_robot_challenge/install/launcher:/opt/ros/humble /usr/bin/cmake --install /home/romeperl/ssl_robot_challenge/build/romeo_tui
[0.263s] -- Install configuration: ""
[0.263s] -- Up-to-date: /home/romeperl/ssl_robot_challenge/install/romeo_tui/share/ament_index/resource_index/package_run_dependencies/romeo_tui
[0.272s] -- Up-to-date: /home/romeperl/ssl_robot_challenge/install/romeo_tui/share/ament_index/resource_index/parent_prefix_path/romeo_tui
[0.272s] -- Up-to-date: /home/romeperl/ssl_robot_challenge/install/romeo_tui/share/romeo_tui/environment/ament_prefix_path.sh
[0.272s] -- Up-to-date: /home/romeperl/ssl_robot_challenge/install/romeo_tui/share/romeo_tui/environment/ament_prefix_path.dsv
[0.272s] -- Up-to-date: /home/romeperl/ssl_robot_challenge/install/romeo_tui/share/romeo_tui/environment/path.sh
[0.272s] -- Up-to-date: /home/romeperl/ssl_robot_challenge/install/romeo_tui/share/romeo_tui/environment/path.dsv
[0.272s] -- Up-to-date: /home/romeperl/ssl_robot_challenge/install/romeo_tui/share/romeo_tui/local_setup.bash
[0.273s] -- Up-to-date: /home/romeperl/ssl_robot_challenge/install/romeo_tui/share/romeo_tui/local_setup.sh
[0.273s] -- Up-to-date: /home/romeperl/ssl_robot_challenge/install/romeo_tui/share/romeo_tui/local_setup.zsh
[0.273s] -- Up-to-date: /home/romeperl/ssl_robot_challenge/install/romeo_tui/share/romeo_tui/local_setup.dsv
[0.273s] -- Installing: /home/romeperl/ssl_robot_challenge/install/romeo_tui/share/romeo_tui/package.dsv
[0.273s] -- Up-to-date: /home/romeperl/ssl_robot_challenge/install/romeo_tui/share/ament_index/resource_index/packages/romeo_tui
[0.273s] -- Up-to-date: /home/romeperl/ssl_robot_challenge/install/romeo_tui/share/romeo_tui/cmake/romeo_tuiConfig.cmake
[0.273s] -- Up-to-date: /home/romeperl/ssl_robot_challenge/install/romeo_tui/share/romeo_tui/cmake/romeo_tuiConfig-version.cmake
[0.273s] -- Up-to-date: /home/romeperl/ssl_robot_challenge/install/romeo_tui/share/romeo_tui/package.xml
[0.279s] Invoked command in '/home/romeperl/ssl_robot_challenge/build/romeo_tui' returned '0': CMAKE_PREFIX_PATH=${CMAKE_PREFIX_PATH}:/home/romeperl/ssl_robot_challenge/install/launcher:/opt/ros/humble /usr/bin/cmake --install /home/romeperl/ssl_robot_challenge/build/romeo_tui
