[0.638s] Invoking command in '/home/romeperl/ssl_robot_challenge/src/launcher': PYTHONPATH=/home/romeperl/ssl_robot_challenge/build/launcher/prefix_override:/home/romeperl/ssl_robot_challenge/install/launcher/lib/python3.10/site-packages:${PYTHONPATH} /usr/bin/python3 setup.py egg_info --egg-base ../../build/launcher build --build-base /home/romeperl/ssl_robot_challenge/build/launcher/build install --record /home/romeperl/ssl_robot_challenge/build/launcher/install.log --single-version-externally-managed
[0.901s] running egg_info
[0.901s] writing ../../build/launcher/launcher.egg-info/PKG-INFO
[0.901s] writing dependency_links to ../../build/launcher/launcher.egg-info/dependency_links.txt
[0.902s] writing entry points to ../../build/launcher/launcher.egg-info/entry_points.txt
[0.903s] writing requirements to ../../build/launcher/launcher.egg-info/requires.txt
[0.903s] writing top-level names to ../../build/launcher/launcher.egg-info/top_level.txt
[0.903s] reading manifest file '../../build/launcher/launcher.egg-info/SOURCES.txt'
[0.904s] writing manifest file '../../build/launcher/launcher.egg-info/SOURCES.txt'
[0.904s] running build
[0.905s] running build_py
[0.908s] running install
[0.917s] running install_lib
[0.918s] running install_data
[0.918s] running install_egg_info
[0.918s] removing '/home/romeperl/ssl_robot_challenge/install/launcher/lib/python3.10/site-packages/launcher-0.0.0-py3.10.egg-info' (and everything under it)
[0.918s] Copying ../../build/launcher/launcher.egg-info to /home/romeperl/ssl_robot_challenge/install/launcher/lib/python3.10/site-packages/launcher-0.0.0-py3.10.egg-info
[0.919s] running install_scripts
[0.921s] Installing xacro_urdf_viewer script to /home/romeperl/ssl_robot_challenge/install/launcher/lib/launcher
[0.943s] writing list of installed files to '/home/romeperl/ssl_robot_challenge/build/launcher/install.log'
[0.980s] Invoked command in '/home/romeperl/ssl_robot_challenge/src/launcher' returned '0': PYTHONPATH=/home/romeperl/ssl_robot_challenge/build/launcher/prefix_override:/home/romeperl/ssl_robot_challenge/install/launcher/lib/python3.10/site-packages:${PYTHONPATH} /usr/bin/python3 setup.py egg_info --egg-base ../../build/launcher build --build-base /home/romeperl/ssl_robot_challenge/build/launcher/build install --record /home/romeperl/ssl_robot_challenge/build/launcher/install.log --single-version-externally-managed
