[0.037s] Invoking command in '/home/romeperl/ssl_robot_challenge/build/control': CMAKE_PREFIX_PATH=/opt/ros/humble /usr/bin/cmake /home/romeperl/ssl_robot_challenge/src/control -DCMAKE_INSTALL_PREFIX=/home/romeperl/ssl_robot_challenge/install/control
[0.104s] -- The C compiler identification is GNU 11.3.0
[0.224s] -- The CXX compiler identification is GNU 11.3.0
[0.241s] -- Detecting C compiler ABI info
[0.357s] -- Detecting C compiler ABI info - done
[0.364s] -- Check for working C compiler: /usr/bin/cc - skipped
[0.365s] -- Detecting C compile features
[0.365s] -- Detecting C compile features - done
[0.368s] -- Detecting CXX compiler ABI info
[0.473s] -- Detecting CXX compiler ABI info - done
[0.490s] -- Check for working CXX compiler: /usr/bin/c++ - skipped
[0.490s] -- Detecting CXX compile features
[0.490s] -- Detecting CXX compile features - done
[0.492s] -- Found ament_cmake: 1.3.4 (/opt/ros/humble/share/ament_cmake/cmake)
[0.686s] -- Found Python3: /usr/bin/python3.10 (found version "3.10.6") found components: Interpreter 
[1.047s] -- Found ament_lint_auto: 0.12.6 (/opt/ros/humble/share/ament_lint_auto/cmake)
[1.143s] -- Added test 'lint_cmake' to check CMake code style
[1.146s] -- Added test 'xmllint' to check XML markup files
[1.147s] -- Configuring done
[1.153s] -- Generating done
[1.154s] -- Build files have been written to: /home/romeperl/ssl_robot_challenge/build/control
[1.192s] Invoked command in '/home/romeperl/ssl_robot_challenge/build/control' returned '0': CMAKE_PREFIX_PATH=/opt/ros/humble /usr/bin/cmake /home/romeperl/ssl_robot_challenge/src/control -DCMAKE_INSTALL_PREFIX=/home/romeperl/ssl_robot_challenge/install/control
[1.192s] Invoking command in '/home/romeperl/ssl_robot_challenge/build/control': CMAKE_PREFIX_PATH=/opt/ros/humble /usr/bin/cmake --build /home/romeperl/ssl_robot_challenge/build/control -- -j2 -l2
[1.292s] Invoked command in '/home/romeperl/ssl_robot_challenge/build/control' returned '0': CMAKE_PREFIX_PATH=/opt/ros/humble /usr/bin/cmake --build /home/romeperl/ssl_robot_challenge/build/control -- -j2 -l2
[1.343s] Invoking command in '/home/romeperl/ssl_robot_challenge/build/control': CMAKE_PREFIX_PATH=/opt/ros/humble /usr/bin/cmake --install /home/romeperl/ssl_robot_challenge/build/control
[1.368s] -- Install configuration: ""
[1.369s] -- Installing: /home/romeperl/ssl_robot_challenge/install/control/share/ament_index/resource_index/package_run_dependencies/control
[1.370s] -- Installing: /home/romeperl/ssl_robot_challenge/install/control/share/ament_index/resource_index/parent_prefix_path/control
[1.371s] -- Installing: /home/romeperl/ssl_robot_challenge/install/control/share/control/environment/ament_prefix_path.sh
[1.372s] -- Installing: /home/romeperl/ssl_robot_challenge/install/control/share/control/environment/ament_prefix_path.dsv
[1.374s] -- Installing: /home/romeperl/ssl_robot_challenge/install/control/share/control/environment/path.sh
[1.375s] -- Installing: /home/romeperl/ssl_robot_challenge/install/control/share/control/environment/path.dsv
[1.375s] -- Installing: /home/romeperl/ssl_robot_challenge/install/control/share/control/local_setup.bash
[1.375s] -- Installing: /home/romeperl/ssl_robot_challenge/install/control/share/control/local_setup.sh
[1.375s] -- Installing: /home/romeperl/ssl_robot_challenge/install/control/share/control/local_setup.zsh
[1.376s] -- Installing: /home/romeperl/ssl_robot_challenge/install/control/share/control/local_setup.dsv
[1.376s] -- Installing: /home/romeperl/ssl_robot_challenge/install/control/share/control/package.dsv
[1.376s] -- Installing: /home/romeperl/ssl_robot_challenge/install/control/share/ament_index/resource_index/packages/control
[1.376s] -- Installing: /home/romeperl/ssl_robot_challenge/install/control/share/control/cmake/controlConfig.cmake
[1.377s] -- Installing: /home/romeperl/ssl_robot_challenge/install/control/share/control/cmake/controlConfig-version.cmake
[1.378s] -- Installing: /home/romeperl/ssl_robot_challenge/install/control/share/control/package.xml
[1.400s] Invoked command in '/home/romeperl/ssl_robot_challenge/build/control' returned '0': CMAKE_PREFIX_PATH=/opt/ros/humble /usr/bin/cmake --install /home/romeperl/ssl_robot_challenge/build/control
