[0.043s] Invoking command in '/home/romeperl/ssl_robot_challenge/build/robot': CMAKE_PREFIX_PATH=${CMAKE_PREFIX_PATH}:/home/romeperl/ssl_robot_challenge/install/launcher:/opt/ros/humble /usr/bin/cmake --build /home/romeperl/ssl_robot_challenge/build/robot -- -j2 -l2
[0.193s] Invoked command in '/home/romeperl/ssl_robot_challenge/build/robot' returned '0': CMAKE_PREFIX_PATH=${CMAKE_PREFIX_PATH}:/home/romeperl/ssl_robot_challenge/install/launcher:/opt/ros/humble /usr/bin/cmake --build /home/romeperl/ssl_robot_challenge/build/robot -- -j2 -l2
[0.289s] Invoking command in '/home/romeperl/ssl_robot_challenge/build/robot': CMAKE_PREFIX_PATH=${CMAKE_PREFIX_PATH}:/home/romeperl/ssl_robot_challenge/install/launcher:/opt/ros/humble /usr/bin/cmake --install /home/romeperl/ssl_robot_challenge/build/robot
[0.298s] -- Install configuration: ""
[0.299s] -- Up-to-date: /home/romeperl/ssl_robot_challenge/install/robot/share/ament_index/resource_index/package_run_dependencies/robot
[0.299s] -- Up-to-date: /home/romeperl/ssl_robot_challenge/install/robot/share/ament_index/resource_index/parent_prefix_path/robot
[0.300s] -- Up-to-date: /home/romeperl/ssl_robot_challenge/install/robot/share/robot/environment/ament_prefix_path.sh
[0.300s] -- Up-to-date: /home/romeperl/ssl_robot_challenge/install/robot/share/robot/environment/ament_prefix_path.dsv
[0.300s] -- Up-to-date: /home/romeperl/ssl_robot_challenge/install/robot/share/robot/environment/path.sh
[0.301s] -- Up-to-date: /home/romeperl/ssl_robot_challenge/install/robot/share/robot/environment/path.dsv
[0.301s] -- Up-to-date: /home/romeperl/ssl_robot_challenge/install/robot/share/robot/local_setup.bash
[0.302s] -- Up-to-date: /home/romeperl/ssl_robot_challenge/install/robot/share/robot/local_setup.sh
[0.302s] -- Up-to-date: /home/romeperl/ssl_robot_challenge/install/robot/share/robot/local_setup.zsh
[0.302s] -- Up-to-date: /home/romeperl/ssl_robot_challenge/install/robot/share/robot/local_setup.dsv
[0.303s] -- Installing: /home/romeperl/ssl_robot_challenge/install/robot/share/robot/package.dsv
[0.303s] -- Up-to-date: /home/romeperl/ssl_robot_challenge/install/robot/share/ament_index/resource_index/packages/robot
[0.304s] -- Up-to-date: /home/romeperl/ssl_robot_challenge/install/robot/share/robot/cmake/robotConfig.cmake
[0.304s] -- Up-to-date: /home/romeperl/ssl_robot_challenge/install/robot/share/robot/cmake/robotConfig-version.cmake
[0.304s] -- Up-to-date: /home/romeperl/ssl_robot_challenge/install/robot/share/robot/package.xml
[0.308s] Invoked command in '/home/romeperl/ssl_robot_challenge/build/robot' returned '0': CMAKE_PREFIX_PATH=${CMAKE_PREFIX_PATH}:/home/romeperl/ssl_robot_challenge/install/launcher:/opt/ros/humble /usr/bin/cmake --install /home/romeperl/ssl_robot_challenge/build/robot
