[0.242s] DEBUG:colcon:Command line arguments: ['/usr/bin/colcon', 'build']
[0.242s] DEBUG:colcon:Parsed command line arguments: Namespace(log_base=None, log_level=None, verb_name='build', build_base='build', install_base='install', merge_install=False, symlink_install=False, test_result_base=None, continue_on_error=False, executor='parallel', parallel_workers=2, event_handlers=None, ignore_user_meta=False, metas=['./colcon.meta'], base_paths=['.'], packages_ignore=None, packages_ignore_regex=None, paths=None, packages_up_to=None, packages_up_to_regex=None, packages_above=None, packages_above_and_dependencies=None, packages_above_depth=None, packages_select_by_dep=None, packages_skip_by_dep=None, packages_skip_up_to=None, packages_select_build_failed=False, packages_skip_build_finished=False, packages_select_test_failures=False, packages_skip_test_passed=False, packages_select=None, packages_skip=None, packages_select_regex=None, packages_skip_regex=None, packages_start=None, packages_end=None, allow_overriding=[], cmake_args=None, cmake_target=None, cmake_target_skip_unavailable=False, cmake_clean_cache=False, cmake_clean_first=False, cmake_force_configure=False, ament_cmake_args=None, catkin_cmake_args=None, catkin_skip_building_tests=False, verb_parser=<colcon_defaults.argument_parser.defaults.DefaultArgumentsDecorator object at 0x7fbed32d1bd0>, verb_extension=<colcon_core.verb.build.BuildVerb object at 0x7fbed32d1660>, main=<bound method BuildVerb.main of <colcon_core.verb.build.BuildVerb object at 0x7fbed32d1660>>)
[0.281s] Level 1:colcon.colcon_core.package_discovery:discover_packages(colcon_meta) check parameters
[0.281s] Level 1:colcon.colcon_core.package_discovery:discover_packages(recursive) check parameters
[0.281s] Level 1:colcon.colcon_core.package_discovery:discover_packages(ignore) check parameters
[0.281s] Level 1:colcon.colcon_core.package_discovery:discover_packages(path) check parameters
[0.281s] Level 1:colcon.colcon_core.package_discovery:discover_packages(colcon_meta) discover
[0.281s] Level 1:colcon.colcon_core.package_discovery:discover_packages(recursive) discover
[0.281s] INFO:colcon.colcon_core.package_discovery:Crawling recursively for packages in '/home/romeperl/ssl_robot_challenge'
[0.281s] Level 1:colcon.colcon_core.package_identification:_identify(.) by extensions ['ignore', 'ignore_ament_install']
[0.282s] Level 1:colcon.colcon_core.package_identification:_identify(.) by extension 'ignore'
[0.282s] Level 1:colcon.colcon_core.package_identification:_identify(.) by extension 'ignore_ament_install'
[0.282s] Level 1:colcon.colcon_core.package_identification:_identify(.) by extensions ['colcon_pkg']
[0.282s] Level 1:colcon.colcon_core.package_identification:_identify(.) by extension 'colcon_pkg'
[0.282s] Level 1:colcon.colcon_core.package_identification:_identify(.) by extensions ['colcon_meta']
[0.282s] Level 1:colcon.colcon_core.package_identification:_identify(.) by extension 'colcon_meta'
[0.282s] Level 1:colcon.colcon_core.package_identification:_identify(.) by extensions ['ros']
[0.282s] Level 1:colcon.colcon_core.package_identification:_identify(.) by extension 'ros'
[0.291s] Level 1:colcon.colcon_core.package_identification:_identify(.) by extensions ['cmake', 'python']
[0.292s] Level 1:colcon.colcon_core.package_identification:_identify(.) by extension 'cmake'
[0.292s] Level 1:colcon.colcon_core.package_identification:_identify(.) by extension 'python'
[0.292s] Level 1:colcon.colcon_core.package_identification:_identify(.) by extensions ['python_setup_py']
[0.292s] Level 1:colcon.colcon_core.package_identification:_identify(.) by extension 'python_setup_py'
[0.292s] Level 1:colcon.colcon_core.package_identification:_identify(build) by extensions ['ignore', 'ignore_ament_install']
[0.292s] Level 1:colcon.colcon_core.package_identification:_identify(build) by extension 'ignore'
[0.292s] Level 1:colcon.colcon_core.package_identification:_identify(build) ignored
[0.292s] Level 1:colcon.colcon_core.package_identification:_identify(install) by extensions ['ignore', 'ignore_ament_install']
[0.292s] Level 1:colcon.colcon_core.package_identification:_identify(install) by extension 'ignore'
[0.292s] Level 1:colcon.colcon_core.package_identification:_identify(install) ignored
[0.292s] Level 1:colcon.colcon_core.package_identification:_identify(log) by extensions ['ignore', 'ignore_ament_install']
[0.292s] Level 1:colcon.colcon_core.package_identification:_identify(log) by extension 'ignore'
[0.292s] Level 1:colcon.colcon_core.package_identification:_identify(log) ignored
[0.292s] Level 1:colcon.colcon_core.package_identification:_identify(src) by extensions ['ignore', 'ignore_ament_install']
[0.292s] Level 1:colcon.colcon_core.package_identification:_identify(src) by extension 'ignore'
[0.292s] Level 1:colcon.colcon_core.package_identification:_identify(src) by extension 'ignore_ament_install'
[0.292s] Level 1:colcon.colcon_core.package_identification:_identify(src) by extensions ['colcon_pkg']
[0.292s] Level 1:colcon.colcon_core.package_identification:_identify(src) by extension 'colcon_pkg'
[0.293s] Level 1:colcon.colcon_core.package_identification:_identify(src) by extensions ['colcon_meta']
[0.293s] Level 1:colcon.colcon_core.package_identification:_identify(src) by extension 'colcon_meta'
[0.293s] Level 1:colcon.colcon_core.package_identification:_identify(src) by extensions ['ros']
[0.293s] Level 1:colcon.colcon_core.package_identification:_identify(src) by extension 'ros'
[0.293s] Level 1:colcon.colcon_core.package_identification:_identify(src) by extensions ['cmake', 'python']
[0.293s] Level 1:colcon.colcon_core.package_identification:_identify(src) by extension 'cmake'
[0.293s] Level 1:colcon.colcon_core.package_identification:_identify(src) by extension 'python'
[0.293s] Level 1:colcon.colcon_core.package_identification:_identify(src) by extensions ['python_setup_py']
[0.293s] Level 1:colcon.colcon_core.package_identification:_identify(src) by extension 'python_setup_py'
[0.293s] Level 1:colcon.colcon_core.package_identification:_identify(src/control) by extensions ['ignore', 'ignore_ament_install']
[0.293s] Level 1:colcon.colcon_core.package_identification:_identify(src/control) by extension 'ignore'
[0.293s] Level 1:colcon.colcon_core.package_identification:_identify(src/control) by extension 'ignore_ament_install'
[0.293s] Level 1:colcon.colcon_core.package_identification:_identify(src/control) by extensions ['colcon_pkg']
[0.293s] Level 1:colcon.colcon_core.package_identification:_identify(src/control) by extension 'colcon_pkg'
[0.293s] Level 1:colcon.colcon_core.package_identification:_identify(src/control) by extensions ['colcon_meta']
[0.293s] Level 1:colcon.colcon_core.package_identification:_identify(src/control) by extension 'colcon_meta'
[0.293s] Level 1:colcon.colcon_core.package_identification:_identify(src/control) by extensions ['ros']
[0.293s] Level 1:colcon.colcon_core.package_identification:_identify(src/control) by extension 'ros'
[0.295s] DEBUG:colcon.colcon_core.package_identification:Package 'src/control' with type 'ros.ament_cmake' and name 'control'
[0.296s] Level 1:colcon.colcon_core.package_identification:_identify(src/launcher) by extensions ['ignore', 'ignore_ament_install']
[0.296s] Level 1:colcon.colcon_core.package_identification:_identify(src/launcher) by extension 'ignore'
[0.296s] Level 1:colcon.colcon_core.package_identification:_identify(src/launcher) by extension 'ignore_ament_install'
[0.296s] Level 1:colcon.colcon_core.package_identification:_identify(src/launcher) by extensions ['colcon_pkg']
[0.296s] Level 1:colcon.colcon_core.package_identification:_identify(src/launcher) by extension 'colcon_pkg'
[0.296s] Level 1:colcon.colcon_core.package_identification:_identify(src/launcher) by extensions ['colcon_meta']
[0.296s] Level 1:colcon.colcon_core.package_identification:_identify(src/launcher) by extension 'colcon_meta'
[0.296s] Level 1:colcon.colcon_core.package_identification:_identify(src/launcher) by extensions ['ros']
[0.296s] Level 1:colcon.colcon_core.package_identification:_identify(src/launcher) by extension 'ros'
[0.297s] DEBUG:colcon.colcon_core.package_identification:Package 'src/launcher' with type 'ros.ament_python' and name 'launcher'
[0.297s] Level 1:colcon.colcon_core.package_identification:_identify(src/robot) by extensions ['ignore', 'ignore_ament_install']
[0.297s] Level 1:colcon.colcon_core.package_identification:_identify(src/robot) by extension 'ignore'
[0.297s] Level 1:colcon.colcon_core.package_identification:_identify(src/robot) by extension 'ignore_ament_install'
[0.297s] Level 1:colcon.colcon_core.package_identification:_identify(src/robot) by extensions ['colcon_pkg']
[0.297s] Level 1:colcon.colcon_core.package_identification:_identify(src/robot) by extension 'colcon_pkg'
[0.297s] Level 1:colcon.colcon_core.package_identification:_identify(src/robot) by extensions ['colcon_meta']
[0.297s] Level 1:colcon.colcon_core.package_identification:_identify(src/robot) by extension 'colcon_meta'
[0.297s] Level 1:colcon.colcon_core.package_identification:_identify(src/robot) by extensions ['ros']
[0.297s] Level 1:colcon.colcon_core.package_identification:_identify(src/robot) by extension 'ros'
[0.297s] Level 1:colcon.colcon_core.package_identification:_identify(src/robot) by extensions ['cmake', 'python']
[0.297s] Level 1:colcon.colcon_core.package_identification:_identify(src/robot) by extension 'cmake'
[0.297s] Level 1:colcon.colcon_core.package_identification:_identify(src/robot) by extension 'python'
[0.297s] Level 1:colcon.colcon_core.package_identification:_identify(src/robot) by extensions ['python_setup_py']
[0.297s] Level 1:colcon.colcon_core.package_identification:_identify(src/robot) by extension 'python_setup_py'
[0.297s] Level 1:colcon.colcon_core.package_identification:_identify(src/robot/NOTSHAFT) by extensions ['ignore', 'ignore_ament_install']
[0.297s] Level 1:colcon.colcon_core.package_identification:_identify(src/robot/NOTSHAFT) by extension 'ignore'
[0.297s] Level 1:colcon.colcon_core.package_identification:_identify(src/robot/NOTSHAFT) by extension 'ignore_ament_install'
[0.297s] Level 1:colcon.colcon_core.package_identification:_identify(src/robot/NOTSHAFT) by extensions ['colcon_pkg']
[0.298s] Level 1:colcon.colcon_core.package_identification:_identify(src/robot/NOTSHAFT) by extension 'colcon_pkg'
[0.298s] Level 1:colcon.colcon_core.package_identification:_identify(src/robot/NOTSHAFT) by extensions ['colcon_meta']
[0.298s] Level 1:colcon.colcon_core.package_identification:_identify(src/robot/NOTSHAFT) by extension 'colcon_meta'
[0.298s] Level 1:colcon.colcon_core.package_identification:_identify(src/robot/NOTSHAFT) by extensions ['ros']
[0.298s] Level 1:colcon.colcon_core.package_identification:_identify(src/robot/NOTSHAFT) by extension 'ros'
[0.298s] Level 1:colcon.colcon_core.package_identification:_identify(src/robot/NOTSHAFT) by extensions ['cmake', 'python']
[0.298s] Level 1:colcon.colcon_core.package_identification:_identify(src/robot/NOTSHAFT) by extension 'cmake'
[0.298s] Level 1:colcon.colcon_core.package_identification:_identify(src/robot/NOTSHAFT) by extension 'python'
[0.298s] Level 1:colcon.colcon_core.package_identification:_identify(src/robot/NOTSHAFT) by extensions ['python_setup_py']
[0.298s] Level 1:colcon.colcon_core.package_identification:_identify(src/robot/NOTSHAFT) by extension 'python_setup_py'
[0.298s] Level 1:colcon.colcon_core.package_identification:_identify(src/robot/SSLSHAFT) by extensions ['ignore', 'ignore_ament_install']
[0.298s] Level 1:colcon.colcon_core.package_identification:_identify(src/robot/SSLSHAFT) by extension 'ignore'
[0.298s] Level 1:colcon.colcon_core.package_identification:_identify(src/robot/SSLSHAFT) by extension 'ignore_ament_install'
[0.298s] Level 1:colcon.colcon_core.package_identification:_identify(src/robot/SSLSHAFT) by extensions ['colcon_pkg']
[0.298s] Level 1:colcon.colcon_core.package_identification:_identify(src/robot/SSLSHAFT) by extension 'colcon_pkg'
[0.298s] Level 1:colcon.colcon_core.package_identification:_identify(src/robot/SSLSHAFT) by extensions ['colcon_meta']
[0.298s] Level 1:colcon.colcon_core.package_identification:_identify(src/robot/SSLSHAFT) by extension 'colcon_meta'
[0.298s] Level 1:colcon.colcon_core.package_identification:_identify(src/robot/SSLSHAFT) by extensions ['ros']
[0.298s] Level 1:colcon.colcon_core.package_identification:_identify(src/robot/SSLSHAFT) by extension 'ros'
[0.298s] Level 1:colcon.colcon_core.package_identification:_identify(src/robot/SSLSHAFT) by extensions ['cmake', 'python']
[0.298s] Level 1:colcon.colcon_core.package_identification:_identify(src/robot/SSLSHAFT) by extension 'cmake'
[0.298s] Level 1:colcon.colcon_core.package_identification:_identify(src/robot/SSLSHAFT) by extension 'python'
[0.298s] Level 1:colcon.colcon_core.package_identification:_identify(src/robot/SSLSHAFT) by extensions ['python_setup_py']
[0.298s] Level 1:colcon.colcon_core.package_identification:_identify(src/robot/SSLSHAFT) by extension 'python_setup_py'
[0.298s] Level 1:colcon.colcon_core.package_identification:_identify(src/robot/SSLSHAFT/controls) by extensions ['ignore', 'ignore_ament_install']
[0.298s] Level 1:colcon.colcon_core.package_identification:_identify(src/robot/SSLSHAFT/controls) by extension 'ignore'
[0.298s] Level 1:colcon.colcon_core.package_identification:_identify(src/robot/SSLSHAFT/controls) by extension 'ignore_ament_install'
[0.298s] Level 1:colcon.colcon_core.package_identification:_identify(src/robot/SSLSHAFT/controls) by extensions ['colcon_pkg']
[0.298s] Level 1:colcon.colcon_core.package_identification:_identify(src/robot/SSLSHAFT/controls) by extension 'colcon_pkg'
[0.299s] Level 1:colcon.colcon_core.package_identification:_identify(src/robot/SSLSHAFT/controls) by extensions ['colcon_meta']
[0.299s] Level 1:colcon.colcon_core.package_identification:_identify(src/robot/SSLSHAFT/controls) by extension 'colcon_meta'
[0.299s] Level 1:colcon.colcon_core.package_identification:_identify(src/robot/SSLSHAFT/controls) by extensions ['ros']
[0.299s] Level 1:colcon.colcon_core.package_identification:_identify(src/robot/SSLSHAFT/controls) by extension 'ros'
[0.299s] Level 1:colcon.colcon_core.package_identification:_identify(src/robot/SSLSHAFT/controls) by extensions ['cmake', 'python']
[0.299s] Level 1:colcon.colcon_core.package_identification:_identify(src/robot/SSLSHAFT/controls) by extension 'cmake'
[0.299s] Level 1:colcon.colcon_core.package_identification:_identify(src/robot/SSLSHAFT/controls) by extension 'python'
[0.299s] Level 1:colcon.colcon_core.package_identification:_identify(src/robot/SSLSHAFT/controls) by extensions ['python_setup_py']
[0.299s] Level 1:colcon.colcon_core.package_identification:_identify(src/robot/SSLSHAFT/controls) by extension 'python_setup_py'
[0.299s] Level 1:colcon.colcon_core.package_identification:_identify(src/robot/SSLSHAFT/hardware) by extensions ['ignore', 'ignore_ament_install']
[0.299s] Level 1:colcon.colcon_core.package_identification:_identify(src/robot/SSLSHAFT/hardware) by extension 'ignore'
[0.299s] Level 1:colcon.colcon_core.package_identification:_identify(src/robot/SSLSHAFT/hardware) by extension 'ignore_ament_install'
[0.299s] Level 1:colcon.colcon_core.package_identification:_identify(src/robot/SSLSHAFT/hardware) by extensions ['colcon_pkg']
[0.299s] Level 1:colcon.colcon_core.package_identification:_identify(src/robot/SSLSHAFT/hardware) by extension 'colcon_pkg'
[0.299s] Level 1:colcon.colcon_core.package_identification:_identify(src/robot/SSLSHAFT/hardware) by extensions ['colcon_meta']
[0.299s] Level 1:colcon.colcon_core.package_identification:_identify(src/robot/SSLSHAFT/hardware) by extension 'colcon_meta'
[0.299s] Level 1:colcon.colcon_core.package_identification:_identify(src/robot/SSLSHAFT/hardware) by extensions ['ros']
[0.299s] Level 1:colcon.colcon_core.package_identification:_identify(src/robot/SSLSHAFT/hardware) by extension 'ros'
[0.299s] Level 1:colcon.colcon_core.package_identification:_identify(src/robot/SSLSHAFT/hardware) by extensions ['cmake', 'python']
[0.299s] Level 1:colcon.colcon_core.package_identification:_identify(src/robot/SSLSHAFT/hardware) by extension 'cmake'
[0.299s] Level 1:colcon.colcon_core.package_identification:_identify(src/robot/SSLSHAFT/hardware) by extension 'python'
[0.299s] Level 1:colcon.colcon_core.package_identification:_identify(src/robot/SSLSHAFT/hardware) by extensions ['python_setup_py']
[0.299s] Level 1:colcon.colcon_core.package_identification:_identify(src/robot/SSLSHAFT/hardware) by extension 'python_setup_py'
[0.299s] Level 1:colcon.colcon_core.package_identification:_identify(src/robot/SSLSHAFT/urdf) by extensions ['ignore', 'ignore_ament_install']
[0.299s] Level 1:colcon.colcon_core.package_identification:_identify(src/robot/SSLSHAFT/urdf) by extension 'ignore'
[0.299s] Level 1:colcon.colcon_core.package_identification:_identify(src/robot/SSLSHAFT/urdf) by extension 'ignore_ament_install'
[0.299s] Level 1:colcon.colcon_core.package_identification:_identify(src/robot/SSLSHAFT/urdf) by extensions ['colcon_pkg']
[0.299s] Level 1:colcon.colcon_core.package_identification:_identify(src/robot/SSLSHAFT/urdf) by extension 'colcon_pkg'
[0.300s] Level 1:colcon.colcon_core.package_identification:_identify(src/robot/SSLSHAFT/urdf) by extensions ['colcon_meta']
[0.300s] Level 1:colcon.colcon_core.package_identification:_identify(src/robot/SSLSHAFT/urdf) by extension 'colcon_meta'
[0.300s] Level 1:colcon.colcon_core.package_identification:_identify(src/robot/SSLSHAFT/urdf) by extensions ['ros']
[0.300s] Level 1:colcon.colcon_core.package_identification:_identify(src/robot/SSLSHAFT/urdf) by extension 'ros'
[0.300s] Level 1:colcon.colcon_core.package_identification:_identify(src/robot/SSLSHAFT/urdf) by extensions ['cmake', 'python']
[0.300s] Level 1:colcon.colcon_core.package_identification:_identify(src/robot/SSLSHAFT/urdf) by extension 'cmake'
[0.300s] Level 1:colcon.colcon_core.package_identification:_identify(src/robot/SSLSHAFT/urdf) by extension 'python'
[0.300s] Level 1:colcon.colcon_core.package_identification:_identify(src/robot/SSLSHAFT/urdf) by extensions ['python_setup_py']
[0.300s] Level 1:colcon.colcon_core.package_identification:_identify(src/robot/SSLSHAFT/urdf) by extension 'python_setup_py'
[0.300s] Level 1:colcon.colcon_core.package_identification:_identify(src/robot/tools) by extensions ['ignore', 'ignore_ament_install']
[0.300s] Level 1:colcon.colcon_core.package_identification:_identify(src/robot/tools) by extension 'ignore'
[0.300s] Level 1:colcon.colcon_core.package_identification:_identify(src/robot/tools) by extension 'ignore_ament_install'
[0.300s] Level 1:colcon.colcon_core.package_identification:_identify(src/robot/tools) by extensions ['colcon_pkg']
[0.300s] Level 1:colcon.colcon_core.package_identification:_identify(src/robot/tools) by extension 'colcon_pkg'
[0.300s] Level 1:colcon.colcon_core.package_identification:_identify(src/robot/tools) by extensions ['colcon_meta']
[0.300s] Level 1:colcon.colcon_core.package_identification:_identify(src/robot/tools) by extension 'colcon_meta'
[0.300s] Level 1:colcon.colcon_core.package_identification:_identify(src/robot/tools) by extensions ['ros']
[0.300s] Level 1:colcon.colcon_core.package_identification:_identify(src/robot/tools) by extension 'ros'
[0.300s] Level 1:colcon.colcon_core.package_identification:_identify(src/robot/tools) by extensions ['cmake', 'python']
[0.300s] Level 1:colcon.colcon_core.package_identification:_identify(src/robot/tools) by extension 'cmake'
[0.300s] Level 1:colcon.colcon_core.package_identification:_identify(src/robot/tools) by extension 'python'
[0.300s] Level 1:colcon.colcon_core.package_identification:_identify(src/robot/tools) by extensions ['python_setup_py']
[0.300s] Level 1:colcon.colcon_core.package_identification:_identify(src/robot/tools) by extension 'python_setup_py'
[0.300s] Level 1:colcon.colcon_core.package_identification:_identify(src/romeo_tui) by extensions ['ignore', 'ignore_ament_install']
[0.300s] Level 1:colcon.colcon_core.package_identification:_identify(src/romeo_tui) by extension 'ignore'
[0.300s] Level 1:colcon.colcon_core.package_identification:_identify(src/romeo_tui) by extension 'ignore_ament_install'
[0.300s] Level 1:colcon.colcon_core.package_identification:_identify(src/romeo_tui) by extensions ['colcon_pkg']
[0.300s] Level 1:colcon.colcon_core.package_identification:_identify(src/romeo_tui) by extension 'colcon_pkg'
[0.300s] Level 1:colcon.colcon_core.package_identification:_identify(src/romeo_tui) by extensions ['colcon_meta']
[0.300s] Level 1:colcon.colcon_core.package_identification:_identify(src/romeo_tui) by extension 'colcon_meta'
[0.301s] Level 1:colcon.colcon_core.package_identification:_identify(src/romeo_tui) by extensions ['ros']
[0.301s] Level 1:colcon.colcon_core.package_identification:_identify(src/romeo_tui) by extension 'ros'
[0.301s] DEBUG:colcon.colcon_core.package_identification:Package 'src/romeo_tui' with type 'ros.ament_cmake' and name 'romeo_tui'
[0.301s] Level 1:colcon.colcon_core.package_discovery:discover_packages(recursive) using defaults
[0.301s] Level 1:colcon.colcon_core.package_discovery:discover_packages(ignore) discover
[0.301s] Level 1:colcon.colcon_core.package_discovery:discover_packages(ignore) using defaults
[0.301s] Level 1:colcon.colcon_core.package_discovery:discover_packages(path) discover
[0.301s] Level 1:colcon.colcon_core.package_discovery:discover_packages(path) using defaults
[0.323s] Level 1:colcon.colcon_core.package_discovery:discover_packages(prefix_path) check parameters
[0.323s] Level 1:colcon.colcon_core.package_discovery:discover_packages(prefix_path) discover
[0.325s] DEBUG:colcon.colcon_installed_package_information.package_discovery:Found 4 installed packages in /home/romeperl/ssl_robot_challenge/install
[0.327s] DEBUG:colcon.colcon_installed_package_information.package_discovery:Found 276 installed packages in /opt/ros/humble
[0.328s] Level 1:colcon.colcon_core.package_discovery:discover_packages(prefix_path) using defaults
[0.375s] Level 5:colcon.colcon_core.verb:set package 'control' build argument 'cmake_args' from command line to 'None'
[0.375s] Level 5:colcon.colcon_core.verb:set package 'control' build argument 'cmake_target' from command line to 'None'
[0.375s] Level 5:colcon.colcon_core.verb:set package 'control' build argument 'cmake_target_skip_unavailable' from command line to 'False'
[0.375s] Level 5:colcon.colcon_core.verb:set package 'control' build argument 'cmake_clean_cache' from command line to 'False'
[0.375s] Level 5:colcon.colcon_core.verb:set package 'control' build argument 'cmake_clean_first' from command line to 'False'
[0.375s] Level 5:colcon.colcon_core.verb:set package 'control' build argument 'cmake_force_configure' from command line to 'False'
[0.375s] Level 5:colcon.colcon_core.verb:set package 'control' build argument 'ament_cmake_args' from command line to 'None'
[0.375s] Level 5:colcon.colcon_core.verb:set package 'control' build argument 'catkin_cmake_args' from command line to 'None'
[0.375s] Level 5:colcon.colcon_core.verb:set package 'control' build argument 'catkin_skip_building_tests' from command line to 'False'
[0.375s] DEBUG:colcon.colcon_core.verb:Building package 'control' with the following arguments: {'ament_cmake_args': None, 'build_base': '/home/romeperl/ssl_robot_challenge/build/control', 'catkin_cmake_args': None, 'catkin_skip_building_tests': False, 'cmake_args': None, 'cmake_clean_cache': False, 'cmake_clean_first': False, 'cmake_force_configure': False, 'cmake_target': None, 'cmake_target_skip_unavailable': False, 'install_base': '/home/romeperl/ssl_robot_challenge/install/control', 'merge_install': False, 'path': '/home/romeperl/ssl_robot_challenge/src/control', 'symlink_install': False, 'test_result_base': None}
[0.376s] Level 5:colcon.colcon_core.verb:set package 'launcher' build argument 'cmake_args' from command line to 'None'
[0.376s] Level 5:colcon.colcon_core.verb:set package 'launcher' build argument 'cmake_target' from command line to 'None'
[0.376s] Level 5:colcon.colcon_core.verb:set package 'launcher' build argument 'cmake_target_skip_unavailable' from command line to 'False'
[0.376s] Level 5:colcon.colcon_core.verb:set package 'launcher' build argument 'cmake_clean_cache' from command line to 'False'
[0.376s] Level 5:colcon.colcon_core.verb:set package 'launcher' build argument 'cmake_clean_first' from command line to 'False'
[0.376s] Level 5:colcon.colcon_core.verb:set package 'launcher' build argument 'cmake_force_configure' from command line to 'False'
[0.376s] Level 5:colcon.colcon_core.verb:set package 'launcher' build argument 'ament_cmake_args' from command line to 'None'
[0.376s] Level 5:colcon.colcon_core.verb:set package 'launcher' build argument 'catkin_cmake_args' from command line to 'None'
[0.376s] Level 5:colcon.colcon_core.verb:set package 'launcher' build argument 'catkin_skip_building_tests' from command line to 'False'
[0.376s] DEBUG:colcon.colcon_core.verb:Building package 'launcher' with the following arguments: {'ament_cmake_args': None, 'build_base': '/home/romeperl/ssl_robot_challenge/build/launcher', 'catkin_cmake_args': None, 'catkin_skip_building_tests': False, 'cmake_args': None, 'cmake_clean_cache': False, 'cmake_clean_first': False, 'cmake_force_configure': False, 'cmake_target': None, 'cmake_target_skip_unavailable': False, 'install_base': '/home/romeperl/ssl_robot_challenge/install/launcher', 'merge_install': False, 'path': '/home/romeperl/ssl_robot_challenge/src/launcher', 'symlink_install': False, 'test_result_base': None}
[0.377s] Level 5:colcon.colcon_core.verb:set package 'romeo_tui' build argument 'cmake_args' from command line to 'None'
[0.377s] Level 5:colcon.colcon_core.verb:set package 'romeo_tui' build argument 'cmake_target' from command line to 'None'
[0.377s] Level 5:colcon.colcon_core.verb:set package 'romeo_tui' build argument 'cmake_target_skip_unavailable' from command line to 'False'
[0.377s] Level 5:colcon.colcon_core.verb:set package 'romeo_tui' build argument 'cmake_clean_cache' from command line to 'False'
[0.377s] Level 5:colcon.colcon_core.verb:set package 'romeo_tui' build argument 'cmake_clean_first' from command line to 'False'
[0.377s] Level 5:colcon.colcon_core.verb:set package 'romeo_tui' build argument 'cmake_force_configure' from command line to 'False'
[0.377s] Level 5:colcon.colcon_core.verb:set package 'romeo_tui' build argument 'ament_cmake_args' from command line to 'None'
[0.377s] Level 5:colcon.colcon_core.verb:set package 'romeo_tui' build argument 'catkin_cmake_args' from command line to 'None'
[0.377s] Level 5:colcon.colcon_core.verb:set package 'romeo_tui' build argument 'catkin_skip_building_tests' from command line to 'False'
[0.377s] DEBUG:colcon.colcon_core.verb:Building package 'romeo_tui' with the following arguments: {'ament_cmake_args': None, 'build_base': '/home/romeperl/ssl_robot_challenge/build/romeo_tui', 'catkin_cmake_args': None, 'catkin_skip_building_tests': False, 'cmake_args': None, 'cmake_clean_cache': False, 'cmake_clean_first': False, 'cmake_force_configure': False, 'cmake_target': None, 'cmake_target_skip_unavailable': False, 'install_base': '/home/romeperl/ssl_robot_challenge/install/romeo_tui', 'merge_install': False, 'path': '/home/romeperl/ssl_robot_challenge/src/romeo_tui', 'symlink_install': False, 'test_result_base': None}
[0.377s] INFO:colcon.colcon_core.executor:Executing jobs using 'parallel' executor
[0.381s] DEBUG:colcon.colcon_parallel_executor.executor.parallel:run_until_complete
[0.381s] INFO:colcon.colcon_ros.task.ament_cmake.build:Building ROS package in '/home/romeperl/ssl_robot_challenge/src/control' with build type 'ament_cmake'
[0.381s] INFO:colcon.colcon_cmake.task.cmake.build:Building CMake package in '/home/romeperl/ssl_robot_challenge/src/control'
[0.384s] INFO:colcon.colcon_core.plugin_system:Skipping extension 'colcon_core.shell.bat': Not used on non-Windows systems
[0.384s] INFO:colcon.colcon_core.shell:Skip shell extension 'powershell' for command environment: Not usable outside of PowerShell
[0.384s] DEBUG:colcon.colcon_core.shell:Skip shell extension 'dsv' for command environment
[0.391s] INFO:colcon.colcon_ros.task.ament_python.build:Building ROS package in '/home/romeperl/ssl_robot_challenge/src/launcher' with build type 'ament_python'
[0.391s] Level 1:colcon.colcon_core.shell:create_environment_hook('launcher', 'ament_prefix_path')
[0.392s] INFO:colcon.colcon_core.shell:Creating environment hook '/home/romeperl/ssl_robot_challenge/install/launcher/share/launcher/hook/ament_prefix_path.ps1'
[0.393s] INFO:colcon.colcon_core.shell:Creating environment descriptor '/home/romeperl/ssl_robot_challenge/install/launcher/share/launcher/hook/ament_prefix_path.dsv'
[0.394s] INFO:colcon.colcon_core.shell:Creating environment hook '/home/romeperl/ssl_robot_challenge/install/launcher/share/launcher/hook/ament_prefix_path.sh'
[0.396s] INFO:colcon.colcon_core.shell:Skip shell extension 'powershell' for command environment: Not usable outside of PowerShell
[0.396s] DEBUG:colcon.colcon_core.shell:Skip shell extension 'dsv' for command environment
[0.434s] DEBUG:colcon.colcon_core.event_handler.log_command:Invoking command in '/home/romeperl/ssl_robot_challenge/build/control': CMAKE_PREFIX_PATH=${CMAKE_PREFIX_PATH}:/home/romeperl/ssl_robot_challenge/install/launcher:/opt/ros/humble /usr/bin/cmake --build /home/romeperl/ssl_robot_challenge/build/control -- -j2 -l2
[0.694s] INFO:colcon.colcon_core.task.python.build:Building Python package in '/home/romeperl/ssl_robot_challenge/src/launcher'
[0.695s] INFO:colcon.colcon_core.shell:Skip shell extension 'powershell' for command environment: Not usable outside of PowerShell
[0.695s] DEBUG:colcon.colcon_core.shell:Skip shell extension 'dsv' for command environment
[0.701s] DEBUG:colcon.colcon_core.event_handler.log_command:Invoked command in '/home/romeperl/ssl_robot_challenge/build/control' returned '0': CMAKE_PREFIX_PATH=${CMAKE_PREFIX_PATH}:/home/romeperl/ssl_robot_challenge/install/launcher:/opt/ros/humble /usr/bin/cmake --build /home/romeperl/ssl_robot_challenge/build/control -- -j2 -l2
[0.744s] DEBUG:colcon.colcon_core.event_handler.log_command:Invoking command in '/home/romeperl/ssl_robot_challenge/build/control': CMAKE_PREFIX_PATH=${CMAKE_PREFIX_PATH}:/home/romeperl/ssl_robot_challenge/install/launcher:/opt/ros/humble /usr/bin/cmake --install /home/romeperl/ssl_robot_challenge/build/control
[0.758s] Level 1:colcon.colcon_core.environment:create_environment_scripts_only(control)
[0.761s] DEBUG:colcon.colcon_core.event_handler.log_command:Invoked command in '/home/romeperl/ssl_robot_challenge/build/control' returned '0': CMAKE_PREFIX_PATH=${CMAKE_PREFIX_PATH}:/home/romeperl/ssl_robot_challenge/install/launcher:/opt/ros/humble /usr/bin/cmake --install /home/romeperl/ssl_robot_challenge/build/control
[0.763s] Level 1:colcon.colcon_core.environment:checking '/home/romeperl/ssl_robot_challenge/install/control' for CMake module files
[0.764s] Level 1:colcon.colcon_core.environment:checking '/home/romeperl/ssl_robot_challenge/install/control' for CMake config files
[0.764s] Level 1:colcon.colcon_core.shell:create_environment_hook('control', 'cmake_prefix_path')
[0.765s] INFO:colcon.colcon_core.shell:Creating environment hook '/home/romeperl/ssl_robot_challenge/install/control/share/control/hook/cmake_prefix_path.ps1'
[0.766s] INFO:colcon.colcon_core.shell:Creating environment descriptor '/home/romeperl/ssl_robot_challenge/install/control/share/control/hook/cmake_prefix_path.dsv'
[0.767s] INFO:colcon.colcon_core.shell:Creating environment hook '/home/romeperl/ssl_robot_challenge/install/control/share/control/hook/cmake_prefix_path.sh'
[0.768s] Level 1:colcon.colcon_core.environment:checking '/home/romeperl/ssl_robot_challenge/install/control/bin'
[0.768s] Level 1:colcon.colcon_core.environment:checking '/home/romeperl/ssl_robot_challenge/install/control/lib/pkgconfig/control.pc'
[0.769s] Level 1:colcon.colcon_core.environment:checking '/home/romeperl/ssl_robot_challenge/install/control/lib/python3.10/site-packages'
[0.769s] Level 1:colcon.colcon_core.environment:checking '/home/romeperl/ssl_robot_challenge/install/control/bin'
[0.770s] INFO:colcon.colcon_core.shell:Creating package script '/home/romeperl/ssl_robot_challenge/install/control/share/control/package.ps1'
[0.771s] INFO:colcon.colcon_core.shell:Creating package descriptor '/home/romeperl/ssl_robot_challenge/install/control/share/control/package.dsv'
[0.772s] INFO:colcon.colcon_core.shell:Creating package script '/home/romeperl/ssl_robot_challenge/install/control/share/control/package.sh'
[0.773s] INFO:colcon.colcon_core.shell:Creating package script '/home/romeperl/ssl_robot_challenge/install/control/share/control/package.bash'
[0.775s] INFO:colcon.colcon_core.shell:Creating package script '/home/romeperl/ssl_robot_challenge/install/control/share/control/package.zsh'
[0.775s] Level 1:colcon.colcon_core.environment:create_file_with_runtime_dependencies(/home/romeperl/ssl_robot_challenge/install/control/share/colcon-core/packages/control)
[0.809s] Level 1:colcon.colcon_core.environment:create_environment_scripts_only(control)
[0.811s] Level 1:colcon.colcon_core.environment:checking '/home/romeperl/ssl_robot_challenge/install/control' for CMake module files
[0.811s] Level 1:colcon.colcon_core.environment:checking '/home/romeperl/ssl_robot_challenge/install/control' for CMake config files
[0.820s] Level 1:colcon.colcon_core.shell:create_environment_hook('control', 'cmake_prefix_path')
[0.827s] INFO:colcon.colcon_core.shell:Creating environment hook '/home/romeperl/ssl_robot_challenge/install/control/share/control/hook/cmake_prefix_path.ps1'
[0.830s] INFO:colcon.colcon_core.shell:Creating environment descriptor '/home/romeperl/ssl_robot_challenge/install/control/share/control/hook/cmake_prefix_path.dsv'
[0.831s] INFO:colcon.colcon_core.shell:Creating environment hook '/home/romeperl/ssl_robot_challenge/install/control/share/control/hook/cmake_prefix_path.sh'
[0.832s] Level 1:colcon.colcon_core.environment:checking '/home/romeperl/ssl_robot_challenge/install/control/bin'
[0.832s] Level 1:colcon.colcon_core.environment:checking '/home/romeperl/ssl_robot_challenge/install/control/lib/pkgconfig/control.pc'
[0.832s] Level 1:colcon.colcon_core.environment:checking '/home/romeperl/ssl_robot_challenge/install/control/lib/python3.10/site-packages'
[0.833s] Level 1:colcon.colcon_core.environment:checking '/home/romeperl/ssl_robot_challenge/install/control/bin'
[0.834s] INFO:colcon.colcon_core.shell:Creating package script '/home/romeperl/ssl_robot_challenge/install/control/share/control/package.ps1'
[0.835s] INFO:colcon.colcon_core.shell:Creating package descriptor '/home/romeperl/ssl_robot_challenge/install/control/share/control/package.dsv'
[0.836s] INFO:colcon.colcon_core.shell:Creating package script '/home/romeperl/ssl_robot_challenge/install/control/share/control/package.sh'
[0.837s] INFO:colcon.colcon_core.shell:Creating package script '/home/romeperl/ssl_robot_challenge/install/control/share/control/package.bash'
[0.837s] INFO:colcon.colcon_core.shell:Creating package script '/home/romeperl/ssl_robot_challenge/install/control/share/control/package.zsh'
[0.838s] Level 1:colcon.colcon_core.environment:create_file_with_runtime_dependencies(/home/romeperl/ssl_robot_challenge/install/control/share/colcon-core/packages/control)
[0.838s] INFO:colcon.colcon_ros.task.ament_cmake.build:Building ROS package in '/home/romeperl/ssl_robot_challenge/src/romeo_tui' with build type 'ament_cmake'
[0.839s] INFO:colcon.colcon_cmake.task.cmake.build:Building CMake package in '/home/romeperl/ssl_robot_challenge/src/romeo_tui'
[0.840s] INFO:colcon.colcon_core.shell:Skip shell extension 'powershell' for command environment: Not usable outside of PowerShell
[0.840s] DEBUG:colcon.colcon_core.shell:Skip shell extension 'dsv' for command environment
[0.880s] DEBUG:colcon.colcon_core.event_handler.log_command:Invoking command in '/home/romeperl/ssl_robot_challenge/build/romeo_tui': CMAKE_PREFIX_PATH=${CMAKE_PREFIX_PATH}:/home/romeperl/ssl_robot_challenge/install/launcher:/opt/ros/humble /usr/bin/cmake --build /home/romeperl/ssl_robot_challenge/build/romeo_tui -- -j2 -l2
[0.959s] DEBUG:colcon.colcon_core.event_handler.log_command:Invoked command in '/home/romeperl/ssl_robot_challenge/build/romeo_tui' returned '0': CMAKE_PREFIX_PATH=${CMAKE_PREFIX_PATH}:/home/romeperl/ssl_robot_challenge/install/launcher:/opt/ros/humble /usr/bin/cmake --build /home/romeperl/ssl_robot_challenge/build/romeo_tui -- -j2 -l2
[0.992s] DEBUG:colcon.colcon_core.event_handler.log_command:Invoking command in '/home/romeperl/ssl_robot_challenge/build/romeo_tui': CMAKE_PREFIX_PATH=${CMAKE_PREFIX_PATH}:/home/romeperl/ssl_robot_challenge/install/launcher:/opt/ros/humble /usr/bin/cmake --install /home/romeperl/ssl_robot_challenge/build/romeo_tui
[1.005s] Level 1:colcon.colcon_core.environment:create_environment_scripts_only(romeo_tui)
[1.006s] Level 1:colcon.colcon_core.environment:checking '/home/romeperl/ssl_robot_challenge/install/romeo_tui' for CMake module files
[1.007s] Level 1:colcon.colcon_core.environment:checking '/home/romeperl/ssl_robot_challenge/install/romeo_tui' for CMake config files
[1.008s] Level 1:colcon.colcon_core.shell:create_environment_hook('romeo_tui', 'cmake_prefix_path')
[1.009s] INFO:colcon.colcon_core.shell:Creating environment hook '/home/romeperl/ssl_robot_challenge/install/romeo_tui/share/romeo_tui/hook/cmake_prefix_path.ps1'
[1.010s] INFO:colcon.colcon_core.shell:Creating environment descriptor '/home/romeperl/ssl_robot_challenge/install/romeo_tui/share/romeo_tui/hook/cmake_prefix_path.dsv'
[1.040s] INFO:colcon.colcon_core.shell:Creating environment hook '/home/romeperl/ssl_robot_challenge/install/romeo_tui/share/romeo_tui/hook/cmake_prefix_path.sh'
[1.041s] Level 1:colcon.colcon_core.environment:checking '/home/romeperl/ssl_robot_challenge/install/romeo_tui/bin'
[1.041s] Level 1:colcon.colcon_core.environment:checking '/home/romeperl/ssl_robot_challenge/install/romeo_tui/lib/pkgconfig/romeo_tui.pc'
[1.041s] Level 1:colcon.colcon_core.environment:checking '/home/romeperl/ssl_robot_challenge/install/romeo_tui/lib/python3.10/site-packages'
[1.041s] Level 1:colcon.colcon_core.environment:checking '/home/romeperl/ssl_robot_challenge/install/romeo_tui/bin'
[1.042s] INFO:colcon.colcon_core.shell:Creating package script '/home/romeperl/ssl_robot_challenge/install/romeo_tui/share/romeo_tui/package.ps1'
[1.044s] INFO:colcon.colcon_core.shell:Creating package descriptor '/home/romeperl/ssl_robot_challenge/install/romeo_tui/share/romeo_tui/package.dsv'
[1.045s] INFO:colcon.colcon_core.shell:Creating package script '/home/romeperl/ssl_robot_challenge/install/romeo_tui/share/romeo_tui/package.sh'
[1.046s] INFO:colcon.colcon_core.shell:Creating package script '/home/romeperl/ssl_robot_challenge/install/romeo_tui/share/romeo_tui/package.bash'
[1.046s] INFO:colcon.colcon_core.shell:Creating package script '/home/romeperl/ssl_robot_challenge/install/romeo_tui/share/romeo_tui/package.zsh'
[1.047s] Level 1:colcon.colcon_core.environment:create_file_with_runtime_dependencies(/home/romeperl/ssl_robot_challenge/install/romeo_tui/share/colcon-core/packages/romeo_tui)
[1.050s] DEBUG:colcon.colcon_core.event_handler.log_command:Invoked command in '/home/romeperl/ssl_robot_challenge/build/romeo_tui' returned '0': CMAKE_PREFIX_PATH=${CMAKE_PREFIX_PATH}:/home/romeperl/ssl_robot_challenge/install/launcher:/opt/ros/humble /usr/bin/cmake --install /home/romeperl/ssl_robot_challenge/build/romeo_tui
[1.082s] Level 1:colcon.colcon_core.environment:create_environment_scripts_only(romeo_tui)
[1.084s] Level 1:colcon.colcon_core.environment:checking '/home/romeperl/ssl_robot_challenge/install/romeo_tui' for CMake module files
[1.084s] Level 1:colcon.colcon_core.environment:checking '/home/romeperl/ssl_robot_challenge/install/romeo_tui' for CMake config files
[1.085s] Level 1:colcon.colcon_core.shell:create_environment_hook('romeo_tui', 'cmake_prefix_path')
[1.086s] INFO:colcon.colcon_core.shell:Creating environment hook '/home/romeperl/ssl_robot_challenge/install/romeo_tui/share/romeo_tui/hook/cmake_prefix_path.ps1'
[1.087s] INFO:colcon.colcon_core.shell:Creating environment descriptor '/home/romeperl/ssl_robot_challenge/install/romeo_tui/share/romeo_tui/hook/cmake_prefix_path.dsv'
[1.088s] INFO:colcon.colcon_core.shell:Creating environment hook '/home/romeperl/ssl_robot_challenge/install/romeo_tui/share/romeo_tui/hook/cmake_prefix_path.sh'
[1.089s] Level 1:colcon.colcon_core.environment:checking '/home/romeperl/ssl_robot_challenge/install/romeo_tui/bin'
[1.090s] Level 1:colcon.colcon_core.environment:checking '/home/romeperl/ssl_robot_challenge/install/romeo_tui/lib/pkgconfig/romeo_tui.pc'
[1.090s] Level 1:colcon.colcon_core.environment:checking '/home/romeperl/ssl_robot_challenge/install/romeo_tui/lib/python3.10/site-packages'
[1.090s] Level 1:colcon.colcon_core.environment:checking '/home/romeperl/ssl_robot_challenge/install/romeo_tui/bin'
[1.091s] INFO:colcon.colcon_core.shell:Creating package script '/home/romeperl/ssl_robot_challenge/install/romeo_tui/share/romeo_tui/package.ps1'
[1.093s] INFO:colcon.colcon_core.shell:Creating package descriptor '/home/romeperl/ssl_robot_challenge/install/romeo_tui/share/romeo_tui/package.dsv'
[1.094s] INFO:colcon.colcon_core.shell:Creating package script '/home/romeperl/ssl_robot_challenge/install/romeo_tui/share/romeo_tui/package.sh'
[1.095s] INFO:colcon.colcon_core.shell:Creating package script '/home/romeperl/ssl_robot_challenge/install/romeo_tui/share/romeo_tui/package.bash'
[1.096s] INFO:colcon.colcon_core.shell:Creating package script '/home/romeperl/ssl_robot_challenge/install/romeo_tui/share/romeo_tui/package.zsh'
[1.097s] Level 1:colcon.colcon_core.environment:create_file_with_runtime_dependencies(/home/romeperl/ssl_robot_challenge/install/romeo_tui/share/colcon-core/packages/romeo_tui)
[1.115s] DEBUG:colcon.colcon_core.event_handler.log_command:Invoking command in '/home/romeperl/ssl_robot_challenge/src/launcher': PYTHONPATH=/home/romeperl/ssl_robot_challenge/build/launcher/prefix_override:/home/romeperl/ssl_robot_challenge/install/launcher/lib/python3.10/site-packages:${PYTHONPATH} /usr/bin/python3 setup.py egg_info --egg-base ../../build/launcher build --build-base /home/romeperl/ssl_robot_challenge/build/launcher/build install --record /home/romeperl/ssl_robot_challenge/build/launcher/install.log --single-version-externally-managed
[1.411s] Level 1:colcon.colcon_core.environment:checking '/home/romeperl/ssl_robot_challenge/install/launcher' for CMake module files
[1.411s] Level 1:colcon.colcon_core.environment:checking '/home/romeperl/ssl_robot_challenge/install/launcher' for CMake config files
[1.412s] Level 1:colcon.colcon_core.environment:checking '/home/romeperl/ssl_robot_challenge/install/launcher/lib'
[1.412s] Level 1:colcon.colcon_core.environment:checking '/home/romeperl/ssl_robot_challenge/install/launcher/bin'
[1.412s] Level 1:colcon.colcon_core.environment:checking '/home/romeperl/ssl_robot_challenge/install/launcher/lib/pkgconfig/launcher.pc'
[1.413s] Level 1:colcon.colcon_core.environment:checking '/home/romeperl/ssl_robot_challenge/install/launcher/lib/python3.10/site-packages'
[1.413s] Level 1:colcon.colcon_core.shell:create_environment_hook('launcher', 'pythonpath')
[1.414s] INFO:colcon.colcon_core.shell:Creating environment hook '/home/romeperl/ssl_robot_challenge/install/launcher/share/launcher/hook/pythonpath.ps1'
[1.415s] DEBUG:colcon.colcon_core.event_handler.log_command:Invoked command in '/home/romeperl/ssl_robot_challenge/src/launcher' returned '0': PYTHONPATH=/home/romeperl/ssl_robot_challenge/build/launcher/prefix_override:/home/romeperl/ssl_robot_challenge/install/launcher/lib/python3.10/site-packages:${PYTHONPATH} /usr/bin/python3 setup.py egg_info --egg-base ../../build/launcher build --build-base /home/romeperl/ssl_robot_challenge/build/launcher/build install --record /home/romeperl/ssl_robot_challenge/build/launcher/install.log --single-version-externally-managed
[1.416s] INFO:colcon.colcon_core.shell:Creating environment descriptor '/home/romeperl/ssl_robot_challenge/install/launcher/share/launcher/hook/pythonpath.dsv'
[1.416s] INFO:colcon.colcon_core.shell:Creating environment hook '/home/romeperl/ssl_robot_challenge/install/launcher/share/launcher/hook/pythonpath.sh'
[1.419s] Level 1:colcon.colcon_core.environment:checking '/home/romeperl/ssl_robot_challenge/install/launcher/bin'
[1.420s] Level 1:colcon.colcon_core.environment:create_environment_scripts_only(launcher)
[1.421s] INFO:colcon.colcon_core.shell:Creating package script '/home/romeperl/ssl_robot_challenge/install/launcher/share/launcher/package.ps1'
[1.422s] INFO:colcon.colcon_core.shell:Creating package descriptor '/home/romeperl/ssl_robot_challenge/install/launcher/share/launcher/package.dsv'
[1.422s] INFO:colcon.colcon_core.shell:Creating package script '/home/romeperl/ssl_robot_challenge/install/launcher/share/launcher/package.sh'
[1.423s] INFO:colcon.colcon_core.shell:Creating package script '/home/romeperl/ssl_robot_challenge/install/launcher/share/launcher/package.bash'
[1.423s] INFO:colcon.colcon_core.shell:Creating package script '/home/romeperl/ssl_robot_challenge/install/launcher/share/launcher/package.zsh'
[1.424s] Level 1:colcon.colcon_core.environment:create_file_with_runtime_dependencies(/home/romeperl/ssl_robot_challenge/install/launcher/share/colcon-core/packages/launcher)
[1.424s] DEBUG:colcon.colcon_parallel_executor.executor.parallel:closing loop
[1.425s] DEBUG:colcon.colcon_parallel_executor.executor.parallel:loop closed
[1.425s] DEBUG:colcon.colcon_parallel_executor.executor.parallel:run_until_complete finished with '0'
[1.425s] DEBUG:colcon.colcon_core.event_reactor:joining thread
[1.430s] INFO:colcon.colcon_core.plugin_system:Skipping extension 'colcon_notification.desktop_notification.terminal_notifier': Not used on non-Darwin systems
[1.430s] INFO:colcon.colcon_core.plugin_system:Skipping extension 'colcon_notification.desktop_notification.win32': Not used on non-Windows systems
[1.430s] INFO:colcon.colcon_notification.desktop_notification:Sending desktop notification using 'notify2'
[1.443s] DEBUG:colcon.colcon_core.event_reactor:joined thread
[1.444s] INFO:colcon.colcon_core.shell:Creating prefix script '/home/romeperl/ssl_robot_challenge/install/local_setup.ps1'
[1.446s] INFO:colcon.colcon_core.shell:Creating prefix util module '/home/romeperl/ssl_robot_challenge/install/_local_setup_util_ps1.py'
[1.447s] INFO:colcon.colcon_core.shell:Creating prefix chain script '/home/romeperl/ssl_robot_challenge/install/setup.ps1'
[1.450s] INFO:colcon.colcon_core.shell:Creating prefix script '/home/romeperl/ssl_robot_challenge/install/local_setup.sh'
[1.450s] INFO:colcon.colcon_core.shell:Creating prefix util module '/home/romeperl/ssl_robot_challenge/install/_local_setup_util_sh.py'
[1.451s] INFO:colcon.colcon_core.shell:Creating prefix chain script '/home/romeperl/ssl_robot_challenge/install/setup.sh'
[1.453s] INFO:colcon.colcon_core.shell:Creating prefix script '/home/romeperl/ssl_robot_challenge/install/local_setup.bash'
[1.454s] INFO:colcon.colcon_core.shell:Creating prefix chain script '/home/romeperl/ssl_robot_challenge/install/setup.bash'
[1.455s] INFO:colcon.colcon_core.shell:Creating prefix script '/home/romeperl/ssl_robot_challenge/install/local_setup.zsh'
[1.455s] INFO:colcon.colcon_core.shell:Creating prefix chain script '/home/romeperl/ssl_robot_challenge/install/setup.zsh'
